<testsuites id="" name="" tests="227" failures="0" skipped="227" errors="0" time="0.23910799999999996">
<testsuite name="e2e/homepage.spec.js" timestamp="2025-09-03T16:32:39.500Z" hostname="Desktop Chrome" tests="3" failures="0" skipped="3" time="0" errors="0">
<testcase name="Homepage › should load homepage when backend is available" classname="e2e/homepage.spec.js" time="0">
<skipped>
</skipped>
</testcase>
<testcase name="Homepage › should have proper viewport" classname="e2e/homepage.spec.js" time="0">
<skipped>
</skipped>
</testcase>
<testcase name="Homepage › can navigate and interact with browser" classname="e2e/homepage.spec.js" time="0">
<skipped>
</skipped>
</testcase>
</testsuite>
<testsuite name="e2e/lora-manager.spec.js" timestamp="2025-09-03T16:32:39.500Z" hostname="Desktop Chrome" tests="32" failures="0" skipped="32" time="0" errors="0">
<testcase name="LoRA Manager E2E Tests › Navigation and Layout › should display main navigation" classname="e2e/lora-manager.spec.js" time="0">
<skipped>
</skipped>
</testcase>
<testcase name="LoRA Manager E2E Tests › Navigation and Layout › should toggle mobile navigation" classname="e2e/lora-manager.spec.js" time="0">
<skipped>
</skipped>
</testcase>
<testcase name="LoRA Manager E2E Tests › Navigation and Layout › should navigate between pages" classname="e2e/lora-manager.spec.js" time="0">
<skipped>
</skipped>
</testcase>
<testcase name="LoRA Manager E2E Tests › LoRA Management › should display LoRA list" classname="e2e/lora-manager.spec.js" time="0">
<skipped>
</skipped>
</testcase>
<testcase name="LoRA Manager E2E Tests › LoRA Management › should filter LoRAs by tags" classname="e2e/lora-manager.spec.js" time="0">
<skipped>
</skipped>
</testcase>
<testcase name="LoRA Manager E2E Tests › LoRA Management › should search LoRAs" classname="e2e/lora-manager.spec.js" time="0">
<skipped>
</skipped>
</testcase>
<testcase name="LoRA Manager E2E Tests › LoRA Management › should view LoRA details" classname="e2e/lora-manager.spec.js" time="0">
<skipped>
</skipped>
</testcase>
<testcase name="LoRA Manager E2E Tests › LoRA Management › should upload new LoRA" classname="e2e/lora-manager.spec.js" time="0">
<skipped>
</skipped>
</testcase>
<testcase name="LoRA Manager E2E Tests › Recommendations › should display recommendations" classname="e2e/lora-manager.spec.js" time="0">
<skipped>
</skipped>
</testcase>
<testcase name="LoRA Manager E2E Tests › Recommendations › should provide feedback on recommendations" classname="e2e/lora-manager.spec.js" time="0">
<skipped>
</skipped>
</testcase>
<testcase name="LoRA Manager E2E Tests › Recommendations › should filter recommendations by preferences" classname="e2e/lora-manager.spec.js" time="0">
<skipped>
</skipped>
</testcase>
<testcase name="LoRA Manager E2E Tests › System Administration › should access admin panel" classname="e2e/lora-manager.spec.js" time="0">
<skipped>
</skipped>
</testcase>
<testcase name="LoRA Manager E2E Tests › System Administration › should display system overview" classname="e2e/lora-manager.spec.js" time="0">
<skipped>
</skipped>
</testcase>
<testcase name="LoRA Manager E2E Tests › System Administration › should manage workers" classname="e2e/lora-manager.spec.js" time="0">
<skipped>
</skipped>
</testcase>
<testcase name="LoRA Manager E2E Tests › System Administration › should view system logs" classname="e2e/lora-manager.spec.js" time="0">
<skipped>
</skipped>
</testcase>
<testcase name="LoRA Manager E2E Tests › Performance Analytics › should display analytics dashboard" classname="e2e/lora-manager.spec.js" time="0">
<skipped>
</skipped>
</testcase>
<testcase name="LoRA Manager E2E Tests › Performance Analytics › should change time range" classname="e2e/lora-manager.spec.js" time="0">
<skipped>
</skipped>
</testcase>
<testcase name="LoRA Manager E2E Tests › Performance Analytics › should export analytics data" classname="e2e/lora-manager.spec.js" time="0">
<skipped>
</skipped>
</testcase>
<testcase name="LoRA Manager E2E Tests › Import/Export Functionality › should access import/export interface" classname="e2e/lora-manager.spec.js" time="0">
<skipped>
</skipped>
</testcase>
<testcase name="LoRA Manager E2E Tests › Import/Export Functionality › should configure data export" classname="e2e/lora-manager.spec.js" time="0">
<skipped>
</skipped>
</testcase>
<testcase name="LoRA Manager E2E Tests › Import/Export Functionality › should handle file import" classname="e2e/lora-manager.spec.js" time="0">
<skipped>
</skipped>
</testcase>
<testcase name="LoRA Manager E2E Tests › Import/Export Functionality › should manage backups" classname="e2e/lora-manager.spec.js" time="0">
<skipped>
</skipped>
</testcase>
<testcase name="LoRA Manager E2E Tests › Responsive Design › should work on mobile devices" classname="e2e/lora-manager.spec.js" time="0">
<skipped>
</skipped>
</testcase>
<testcase name="LoRA Manager E2E Tests › Responsive Design › should work on tablet devices" classname="e2e/lora-manager.spec.js" time="0">
<skipped>
</skipped>
</testcase>
<testcase name="LoRA Manager E2E Tests › Responsive Design › should work on desktop" classname="e2e/lora-manager.spec.js" time="0">
<skipped>
</skipped>
</testcase>
<testcase name="LoRA Manager E2E Tests › Performance › should load pages quickly" classname="e2e/lora-manager.spec.js" time="0">
<skipped>
</skipped>
</testcase>
<testcase name="LoRA Manager E2E Tests › Performance › should have good Core Web Vitals" classname="e2e/lora-manager.spec.js" time="0">
<skipped>
</skipped>
</testcase>
<testcase name="LoRA Manager E2E Tests › Performance › should handle large datasets efficiently" classname="e2e/lora-manager.spec.js" time="0">
<skipped>
</skipped>
</testcase>
<testcase name="LoRA Manager E2E Tests › Accessibility › should be keyboard navigable" classname="e2e/lora-manager.spec.js" time="0">
<skipped>
</skipped>
</testcase>
<testcase name="LoRA Manager E2E Tests › Accessibility › should have proper ARIA labels" classname="e2e/lora-manager.spec.js" time="0">
<skipped>
</skipped>
</testcase>
<testcase name="LoRA Manager E2E Tests › Accessibility › should have sufficient color contrast" classname="e2e/lora-manager.spec.js" time="0">
<skipped>
</skipped>
</testcase>
<testcase name="LoRA Manager E2E Tests › Accessibility › should work with screen readers" classname="e2e/lora-manager.spec.js" time="0">
<skipped>
</skipped>
</testcase>
</testsuite>
<testsuite name="e2e/homepage.spec.js" timestamp="2025-09-03T16:32:39.500Z" hostname="Desktop Firefox" tests="3" failures="0" skipped="3" time="0" errors="0">
<testcase name="Homepage › should load homepage when backend is available" classname="e2e/homepage.spec.js" time="0">
<skipped>
</skipped>
</testcase>
<testcase name="Homepage › should have proper viewport" classname="e2e/homepage.spec.js" time="0">
<skipped>
</skipped>
</testcase>
<testcase name="Homepage › can navigate and interact with browser" classname="e2e/homepage.spec.js" time="0">
<skipped>
</skipped>
</testcase>
</testsuite>
<testsuite name="e2e/lora-manager.spec.js" timestamp="2025-09-03T16:32:39.500Z" hostname="Desktop Firefox" tests="32" failures="0" skipped="32" time="0" errors="0">
<testcase name="LoRA Manager E2E Tests › Navigation and Layout › should display main navigation" classname="e2e/lora-manager.spec.js" time="0">
<skipped>
</skipped>
</testcase>
<testcase name="LoRA Manager E2E Tests › Navigation and Layout › should toggle mobile navigation" classname="e2e/lora-manager.spec.js" time="0">
<skipped>
</skipped>
</testcase>
<testcase name="LoRA Manager E2E Tests › Navigation and Layout › should navigate between pages" classname="e2e/lora-manager.spec.js" time="0">
<skipped>
</skipped>
</testcase>
<testcase name="LoRA Manager E2E Tests › LoRA Management › should display LoRA list" classname="e2e/lora-manager.spec.js" time="0">
<skipped>
</skipped>
</testcase>
<testcase name="LoRA Manager E2E Tests › LoRA Management › should filter LoRAs by tags" classname="e2e/lora-manager.spec.js" time="0">
<skipped>
</skipped>
</testcase>
<testcase name="LoRA Manager E2E Tests › LoRA Management › should search LoRAs" classname="e2e/lora-manager.spec.js" time="0">
<skipped>
</skipped>
</testcase>
<testcase name="LoRA Manager E2E Tests › LoRA Management › should view LoRA details" classname="e2e/lora-manager.spec.js" time="0">
<skipped>
</skipped>
</testcase>
<testcase name="LoRA Manager E2E Tests › LoRA Management › should upload new LoRA" classname="e2e/lora-manager.spec.js" time="0">
<skipped>
</skipped>
</testcase>
<testcase name="LoRA Manager E2E Tests › Recommendations › should display recommendations" classname="e2e/lora-manager.spec.js" time="0">
<skipped>
</skipped>
</testcase>
<testcase name="LoRA Manager E2E Tests › Recommendations › should provide feedback on recommendations" classname="e2e/lora-manager.spec.js" time="0">
<skipped>
</skipped>
</testcase>
<testcase name="LoRA Manager E2E Tests › Recommendations › should filter recommendations by preferences" classname="e2e/lora-manager.spec.js" time="0">
<skipped>
</skipped>
</testcase>
<testcase name="LoRA Manager E2E Tests › System Administration › should access admin panel" classname="e2e/lora-manager.spec.js" time="0">
<skipped>
</skipped>
</testcase>
<testcase name="LoRA Manager E2E Tests › System Administration › should display system overview" classname="e2e/lora-manager.spec.js" time="0">
<skipped>
</skipped>
</testcase>
<testcase name="LoRA Manager E2E Tests › System Administration › should manage workers" classname="e2e/lora-manager.spec.js" time="0">
<skipped>
</skipped>
</testcase>
<testcase name="LoRA Manager E2E Tests › System Administration › should view system logs" classname="e2e/lora-manager.spec.js" time="0">
<skipped>
</skipped>
</testcase>
<testcase name="LoRA Manager E2E Tests › Performance Analytics › should display analytics dashboard" classname="e2e/lora-manager.spec.js" time="0">
<skipped>
</skipped>
</testcase>
<testcase name="LoRA Manager E2E Tests › Performance Analytics › should change time range" classname="e2e/lora-manager.spec.js" time="0">
<skipped>
</skipped>
</testcase>
<testcase name="LoRA Manager E2E Tests › Performance Analytics › should export analytics data" classname="e2e/lora-manager.spec.js" time="0">
<skipped>
</skipped>
</testcase>
<testcase name="LoRA Manager E2E Tests › Import/Export Functionality › should access import/export interface" classname="e2e/lora-manager.spec.js" time="0">
<skipped>
</skipped>
</testcase>
<testcase name="LoRA Manager E2E Tests › Import/Export Functionality › should configure data export" classname="e2e/lora-manager.spec.js" time="0">
<skipped>
</skipped>
</testcase>
<testcase name="LoRA Manager E2E Tests › Import/Export Functionality › should handle file import" classname="e2e/lora-manager.spec.js" time="0">
<skipped>
</skipped>
</testcase>
<testcase name="LoRA Manager E2E Tests › Import/Export Functionality › should manage backups" classname="e2e/lora-manager.spec.js" time="0">
<skipped>
</skipped>
</testcase>
<testcase name="LoRA Manager E2E Tests › Responsive Design › should work on mobile devices" classname="e2e/lora-manager.spec.js" time="0">
<skipped>
</skipped>
</testcase>
<testcase name="LoRA Manager E2E Tests › Responsive Design › should work on tablet devices" classname="e2e/lora-manager.spec.js" time="0">
<skipped>
</skipped>
</testcase>
<testcase name="LoRA Manager E2E Tests › Responsive Design › should work on desktop" classname="e2e/lora-manager.spec.js" time="0">
<skipped>
</skipped>
</testcase>
<testcase name="LoRA Manager E2E Tests › Performance › should load pages quickly" classname="e2e/lora-manager.spec.js" time="0">
<skipped>
</skipped>
</testcase>
<testcase name="LoRA Manager E2E Tests › Performance › should have good Core Web Vitals" classname="e2e/lora-manager.spec.js" time="0">
<skipped>
</skipped>
</testcase>
<testcase name="LoRA Manager E2E Tests › Performance › should handle large datasets efficiently" classname="e2e/lora-manager.spec.js" time="0">
<skipped>
</skipped>
</testcase>
<testcase name="LoRA Manager E2E Tests › Accessibility › should be keyboard navigable" classname="e2e/lora-manager.spec.js" time="0">
<skipped>
</skipped>
</testcase>
<testcase name="LoRA Manager E2E Tests › Accessibility › should have proper ARIA labels" classname="e2e/lora-manager.spec.js" time="0">
<skipped>
</skipped>
</testcase>
<testcase name="LoRA Manager E2E Tests › Accessibility › should have sufficient color contrast" classname="e2e/lora-manager.spec.js" time="0">
<skipped>
</skipped>
</testcase>
<testcase name="LoRA Manager E2E Tests › Accessibility › should work with screen readers" classname="e2e/lora-manager.spec.js" time="0">
<skipped>
</skipped>
</testcase>
</testsuite>
<testsuite name="e2e/homepage.spec.js" timestamp="2025-09-03T16:32:39.500Z" hostname="Desktop Safari" tests="3" failures="0" skipped="3" time="0" errors="0">
<testcase name="Homepage › should load homepage when backend is available" classname="e2e/homepage.spec.js" time="0">
<skipped>
</skipped>
</testcase>
<testcase name="Homepage › should have proper viewport" classname="e2e/homepage.spec.js" time="0">
<skipped>
</skipped>
</testcase>
<testcase name="Homepage › can navigate and interact with browser" classname="e2e/homepage.spec.js" time="0">
<skipped>
</skipped>
</testcase>
</testsuite>
<testsuite name="e2e/lora-manager.spec.js" timestamp="2025-09-03T16:32:39.500Z" hostname="Desktop Safari" tests="32" failures="0" skipped="32" time="0" errors="0">
<testcase name="LoRA Manager E2E Tests › Navigation and Layout › should display main navigation" classname="e2e/lora-manager.spec.js" time="0">
<skipped>
</skipped>
</testcase>
<testcase name="LoRA Manager E2E Tests › Navigation and Layout › should toggle mobile navigation" classname="e2e/lora-manager.spec.js" time="0">
<skipped>
</skipped>
</testcase>
<testcase name="LoRA Manager E2E Tests › Navigation and Layout › should navigate between pages" classname="e2e/lora-manager.spec.js" time="0">
<skipped>
</skipped>
</testcase>
<testcase name="LoRA Manager E2E Tests › LoRA Management › should display LoRA list" classname="e2e/lora-manager.spec.js" time="0">
<skipped>
</skipped>
</testcase>
<testcase name="LoRA Manager E2E Tests › LoRA Management › should filter LoRAs by tags" classname="e2e/lora-manager.spec.js" time="0">
<skipped>
</skipped>
</testcase>
<testcase name="LoRA Manager E2E Tests › LoRA Management › should search LoRAs" classname="e2e/lora-manager.spec.js" time="0">
<skipped>
</skipped>
</testcase>
<testcase name="LoRA Manager E2E Tests › LoRA Management › should view LoRA details" classname="e2e/lora-manager.spec.js" time="0">
<skipped>
</skipped>
</testcase>
<testcase name="LoRA Manager E2E Tests › LoRA Management › should upload new LoRA" classname="e2e/lora-manager.spec.js" time="0">
<skipped>
</skipped>
</testcase>
<testcase name="LoRA Manager E2E Tests › Recommendations › should display recommendations" classname="e2e/lora-manager.spec.js" time="0">
<skipped>
</skipped>
</testcase>
<testcase name="LoRA Manager E2E Tests › Recommendations › should provide feedback on recommendations" classname="e2e/lora-manager.spec.js" time="0">
<skipped>
</skipped>
</testcase>
<testcase name="LoRA Manager E2E Tests › Recommendations › should filter recommendations by preferences" classname="e2e/lora-manager.spec.js" time="0">
<skipped>
</skipped>
</testcase>
<testcase name="LoRA Manager E2E Tests › System Administration › should access admin panel" classname="e2e/lora-manager.spec.js" time="0">
<skipped>
</skipped>
</testcase>
<testcase name="LoRA Manager E2E Tests › System Administration › should display system overview" classname="e2e/lora-manager.spec.js" time="0">
<skipped>
</skipped>
</testcase>
<testcase name="LoRA Manager E2E Tests › System Administration › should manage workers" classname="e2e/lora-manager.spec.js" time="0">
<skipped>
</skipped>
</testcase>
<testcase name="LoRA Manager E2E Tests › System Administration › should view system logs" classname="e2e/lora-manager.spec.js" time="0">
<skipped>
</skipped>
</testcase>
<testcase name="LoRA Manager E2E Tests › Performance Analytics › should display analytics dashboard" classname="e2e/lora-manager.spec.js" time="0">
<skipped>
</skipped>
</testcase>
<testcase name="LoRA Manager E2E Tests › Performance Analytics › should change time range" classname="e2e/lora-manager.spec.js" time="0">
<skipped>
</skipped>
</testcase>
<testcase name="LoRA Manager E2E Tests › Performance Analytics › should export analytics data" classname="e2e/lora-manager.spec.js" time="0">
<skipped>
</skipped>
</testcase>
<testcase name="LoRA Manager E2E Tests › Import/Export Functionality › should access import/export interface" classname="e2e/lora-manager.spec.js" time="0">
<skipped>
</skipped>
</testcase>
<testcase name="LoRA Manager E2E Tests › Import/Export Functionality › should configure data export" classname="e2e/lora-manager.spec.js" time="0">
<skipped>
</skipped>
</testcase>
<testcase name="LoRA Manager E2E Tests › Import/Export Functionality › should handle file import" classname="e2e/lora-manager.spec.js" time="0">
<skipped>
</skipped>
</testcase>
<testcase name="LoRA Manager E2E Tests › Import/Export Functionality › should manage backups" classname="e2e/lora-manager.spec.js" time="0">
<skipped>
</skipped>
</testcase>
<testcase name="LoRA Manager E2E Tests › Responsive Design › should work on mobile devices" classname="e2e/lora-manager.spec.js" time="0">
<skipped>
</skipped>
</testcase>
<testcase name="LoRA Manager E2E Tests › Responsive Design › should work on tablet devices" classname="e2e/lora-manager.spec.js" time="0">
<skipped>
</skipped>
</testcase>
<testcase name="LoRA Manager E2E Tests › Responsive Design › should work on desktop" classname="e2e/lora-manager.spec.js" time="0">
<skipped>
</skipped>
</testcase>
<testcase name="LoRA Manager E2E Tests › Performance › should load pages quickly" classname="e2e/lora-manager.spec.js" time="0">
<skipped>
</skipped>
</testcase>
<testcase name="LoRA Manager E2E Tests › Performance › should have good Core Web Vitals" classname="e2e/lora-manager.spec.js" time="0">
<skipped>
</skipped>
</testcase>
<testcase name="LoRA Manager E2E Tests › Performance › should handle large datasets efficiently" classname="e2e/lora-manager.spec.js" time="0">
<skipped>
</skipped>
</testcase>
<testcase name="LoRA Manager E2E Tests › Accessibility › should be keyboard navigable" classname="e2e/lora-manager.spec.js" time="0">
<skipped>
</skipped>
</testcase>
<testcase name="LoRA Manager E2E Tests › Accessibility › should have proper ARIA labels" classname="e2e/lora-manager.spec.js" time="0">
<skipped>
</skipped>
</testcase>
<testcase name="LoRA Manager E2E Tests › Accessibility › should have sufficient color contrast" classname="e2e/lora-manager.spec.js" time="0">
<skipped>
</skipped>
</testcase>
<testcase name="LoRA Manager E2E Tests › Accessibility › should work with screen readers" classname="e2e/lora-manager.spec.js" time="0">
<skipped>
</skipped>
</testcase>
</testsuite>
<testsuite name="e2e/homepage.spec.js" timestamp="2025-09-03T16:32:39.500Z" hostname="Mobile Chrome" tests="3" failures="0" skipped="3" time="0" errors="0">
<testcase name="Homepage › should load homepage when backend is available" classname="e2e/homepage.spec.js" time="0">
<skipped>
</skipped>
</testcase>
<testcase name="Homepage › should have proper viewport" classname="e2e/homepage.spec.js" time="0">
<skipped>
</skipped>
</testcase>
<testcase name="Homepage › can navigate and interact with browser" classname="e2e/homepage.spec.js" time="0">
<skipped>
</skipped>
</testcase>
</testsuite>
<testsuite name="e2e/lora-manager.spec.js" timestamp="2025-09-03T16:32:39.500Z" hostname="Mobile Chrome" tests="32" failures="0" skipped="32" time="0" errors="0">
<testcase name="LoRA Manager E2E Tests › Navigation and Layout › should display main navigation" classname="e2e/lora-manager.spec.js" time="0">
<skipped>
</skipped>
</testcase>
<testcase name="LoRA Manager E2E Tests › Navigation and Layout › should toggle mobile navigation" classname="e2e/lora-manager.spec.js" time="0">
<skipped>
</skipped>
</testcase>
<testcase name="LoRA Manager E2E Tests › Navigation and Layout › should navigate between pages" classname="e2e/lora-manager.spec.js" time="0">
<skipped>
</skipped>
</testcase>
<testcase name="LoRA Manager E2E Tests › LoRA Management › should display LoRA list" classname="e2e/lora-manager.spec.js" time="0">
<skipped>
</skipped>
</testcase>
<testcase name="LoRA Manager E2E Tests › LoRA Management › should filter LoRAs by tags" classname="e2e/lora-manager.spec.js" time="0">
<skipped>
</skipped>
</testcase>
<testcase name="LoRA Manager E2E Tests › LoRA Management › should search LoRAs" classname="e2e/lora-manager.spec.js" time="0">
<skipped>
</skipped>
</testcase>
<testcase name="LoRA Manager E2E Tests › LoRA Management › should view LoRA details" classname="e2e/lora-manager.spec.js" time="0">
<skipped>
</skipped>
</testcase>
<testcase name="LoRA Manager E2E Tests › LoRA Management › should upload new LoRA" classname="e2e/lora-manager.spec.js" time="0">
<skipped>
</skipped>
</testcase>
<testcase name="LoRA Manager E2E Tests › Recommendations › should display recommendations" classname="e2e/lora-manager.spec.js" time="0">
<skipped>
</skipped>
</testcase>
<testcase name="LoRA Manager E2E Tests › Recommendations › should provide feedback on recommendations" classname="e2e/lora-manager.spec.js" time="0">
<skipped>
</skipped>
</testcase>
<testcase name="LoRA Manager E2E Tests › Recommendations › should filter recommendations by preferences" classname="e2e/lora-manager.spec.js" time="0">
<skipped>
</skipped>
</testcase>
<testcase name="LoRA Manager E2E Tests › System Administration › should access admin panel" classname="e2e/lora-manager.spec.js" time="0">
<skipped>
</skipped>
</testcase>
<testcase name="LoRA Manager E2E Tests › System Administration › should display system overview" classname="e2e/lora-manager.spec.js" time="0">
<skipped>
</skipped>
</testcase>
<testcase name="LoRA Manager E2E Tests › System Administration › should manage workers" classname="e2e/lora-manager.spec.js" time="0">
<skipped>
</skipped>
</testcase>
<testcase name="LoRA Manager E2E Tests › System Administration › should view system logs" classname="e2e/lora-manager.spec.js" time="0">
<skipped>
</skipped>
</testcase>
<testcase name="LoRA Manager E2E Tests › Performance Analytics › should display analytics dashboard" classname="e2e/lora-manager.spec.js" time="0">
<skipped>
</skipped>
</testcase>
<testcase name="LoRA Manager E2E Tests › Performance Analytics › should change time range" classname="e2e/lora-manager.spec.js" time="0">
<skipped>
</skipped>
</testcase>
<testcase name="LoRA Manager E2E Tests › Performance Analytics › should export analytics data" classname="e2e/lora-manager.spec.js" time="0">
<skipped>
</skipped>
</testcase>
<testcase name="LoRA Manager E2E Tests › Import/Export Functionality › should access import/export interface" classname="e2e/lora-manager.spec.js" time="0">
<skipped>
</skipped>
</testcase>
<testcase name="LoRA Manager E2E Tests › Import/Export Functionality › should configure data export" classname="e2e/lora-manager.spec.js" time="0">
<skipped>
</skipped>
</testcase>
<testcase name="LoRA Manager E2E Tests › Import/Export Functionality › should handle file import" classname="e2e/lora-manager.spec.js" time="0">
<skipped>
</skipped>
</testcase>
<testcase name="LoRA Manager E2E Tests › Import/Export Functionality › should manage backups" classname="e2e/lora-manager.spec.js" time="0">
<skipped>
</skipped>
</testcase>
<testcase name="LoRA Manager E2E Tests › Responsive Design › should work on mobile devices" classname="e2e/lora-manager.spec.js" time="0">
<skipped>
</skipped>
</testcase>
<testcase name="LoRA Manager E2E Tests › Responsive Design › should work on tablet devices" classname="e2e/lora-manager.spec.js" time="0">
<skipped>
</skipped>
</testcase>
<testcase name="LoRA Manager E2E Tests › Responsive Design › should work on desktop" classname="e2e/lora-manager.spec.js" time="0">
<skipped>
</skipped>
</testcase>
<testcase name="LoRA Manager E2E Tests › Performance › should load pages quickly" classname="e2e/lora-manager.spec.js" time="0">
<skipped>
</skipped>
</testcase>
<testcase name="LoRA Manager E2E Tests › Performance › should have good Core Web Vitals" classname="e2e/lora-manager.spec.js" time="0">
<skipped>
</skipped>
</testcase>
<testcase name="LoRA Manager E2E Tests › Performance › should handle large datasets efficiently" classname="e2e/lora-manager.spec.js" time="0">
<skipped>
</skipped>
</testcase>
<testcase name="LoRA Manager E2E Tests › Accessibility › should be keyboard navigable" classname="e2e/lora-manager.spec.js" time="0">
<skipped>
</skipped>
</testcase>
<testcase name="LoRA Manager E2E Tests › Accessibility › should have proper ARIA labels" classname="e2e/lora-manager.spec.js" time="0">
<skipped>
</skipped>
</testcase>
<testcase name="LoRA Manager E2E Tests › Accessibility › should have sufficient color contrast" classname="e2e/lora-manager.spec.js" time="0">
<skipped>
</skipped>
</testcase>
<testcase name="LoRA Manager E2E Tests › Accessibility › should work with screen readers" classname="e2e/lora-manager.spec.js" time="0">
<skipped>
</skipped>
</testcase>
</testsuite>
<testsuite name="e2e/homepage.spec.js" timestamp="2025-09-03T16:32:39.500Z" hostname="Mobile Safari" tests="3" failures="0" skipped="3" time="0" errors="0">
<testcase name="Homepage › should load homepage when backend is available" classname="e2e/homepage.spec.js" time="0">
<skipped>
</skipped>
</testcase>
<testcase name="Homepage › should have proper viewport" classname="e2e/homepage.spec.js" time="0">
<skipped>
</skipped>
</testcase>
<testcase name="Homepage › can navigate and interact with browser" classname="e2e/homepage.spec.js" time="0">
<skipped>
</skipped>
</testcase>
</testsuite>
<testsuite name="e2e/lora-manager.spec.js" timestamp="2025-09-03T16:32:39.500Z" hostname="Mobile Safari" tests="32" failures="0" skipped="32" time="0" errors="0">
<testcase name="LoRA Manager E2E Tests › Navigation and Layout › should display main navigation" classname="e2e/lora-manager.spec.js" time="0">
<skipped>
</skipped>
</testcase>
<testcase name="LoRA Manager E2E Tests › Navigation and Layout › should toggle mobile navigation" classname="e2e/lora-manager.spec.js" time="0">
<skipped>
</skipped>
</testcase>
<testcase name="LoRA Manager E2E Tests › Navigation and Layout › should navigate between pages" classname="e2e/lora-manager.spec.js" time="0">
<skipped>
</skipped>
</testcase>
<testcase name="LoRA Manager E2E Tests › LoRA Management › should display LoRA list" classname="e2e/lora-manager.spec.js" time="0">
<skipped>
</skipped>
</testcase>
<testcase name="LoRA Manager E2E Tests › LoRA Management › should filter LoRAs by tags" classname="e2e/lora-manager.spec.js" time="0">
<skipped>
</skipped>
</testcase>
<testcase name="LoRA Manager E2E Tests › LoRA Management › should search LoRAs" classname="e2e/lora-manager.spec.js" time="0">
<skipped>
</skipped>
</testcase>
<testcase name="LoRA Manager E2E Tests › LoRA Management › should view LoRA details" classname="e2e/lora-manager.spec.js" time="0">
<skipped>
</skipped>
</testcase>
<testcase name="LoRA Manager E2E Tests › LoRA Management › should upload new LoRA" classname="e2e/lora-manager.spec.js" time="0">
<skipped>
</skipped>
</testcase>
<testcase name="LoRA Manager E2E Tests › Recommendations › should display recommendations" classname="e2e/lora-manager.spec.js" time="0">
<skipped>
</skipped>
</testcase>
<testcase name="LoRA Manager E2E Tests › Recommendations › should provide feedback on recommendations" classname="e2e/lora-manager.spec.js" time="0">
<skipped>
</skipped>
</testcase>
<testcase name="LoRA Manager E2E Tests › Recommendations › should filter recommendations by preferences" classname="e2e/lora-manager.spec.js" time="0">
<skipped>
</skipped>
</testcase>
<testcase name="LoRA Manager E2E Tests › System Administration › should access admin panel" classname="e2e/lora-manager.spec.js" time="0">
<skipped>
</skipped>
</testcase>
<testcase name="LoRA Manager E2E Tests › System Administration › should display system overview" classname="e2e/lora-manager.spec.js" time="0">
<skipped>
</skipped>
</testcase>
<testcase name="LoRA Manager E2E Tests › System Administration › should manage workers" classname="e2e/lora-manager.spec.js" time="0">
<skipped>
</skipped>
</testcase>
<testcase name="LoRA Manager E2E Tests › System Administration › should view system logs" classname="e2e/lora-manager.spec.js" time="0">
<skipped>
</skipped>
</testcase>
<testcase name="LoRA Manager E2E Tests › Performance Analytics › should display analytics dashboard" classname="e2e/lora-manager.spec.js" time="0">
<skipped>
</skipped>
</testcase>
<testcase name="LoRA Manager E2E Tests › Performance Analytics › should change time range" classname="e2e/lora-manager.spec.js" time="0">
<skipped>
</skipped>
</testcase>
<testcase name="LoRA Manager E2E Tests › Performance Analytics › should export analytics data" classname="e2e/lora-manager.spec.js" time="0">
<skipped>
</skipped>
</testcase>
<testcase name="LoRA Manager E2E Tests › Import/Export Functionality › should access import/export interface" classname="e2e/lora-manager.spec.js" time="0">
<skipped>
</skipped>
</testcase>
<testcase name="LoRA Manager E2E Tests › Import/Export Functionality › should configure data export" classname="e2e/lora-manager.spec.js" time="0">
<skipped>
</skipped>
</testcase>
<testcase name="LoRA Manager E2E Tests › Import/Export Functionality › should handle file import" classname="e2e/lora-manager.spec.js" time="0">
<skipped>
</skipped>
</testcase>
<testcase name="LoRA Manager E2E Tests › Import/Export Functionality › should manage backups" classname="e2e/lora-manager.spec.js" time="0">
<skipped>
</skipped>
</testcase>
<testcase name="LoRA Manager E2E Tests › Responsive Design › should work on mobile devices" classname="e2e/lora-manager.spec.js" time="0">
<skipped>
</skipped>
</testcase>
<testcase name="LoRA Manager E2E Tests › Responsive Design › should work on tablet devices" classname="e2e/lora-manager.spec.js" time="0">
<skipped>
</skipped>
</testcase>
<testcase name="LoRA Manager E2E Tests › Responsive Design › should work on desktop" classname="e2e/lora-manager.spec.js" time="0">
<skipped>
</skipped>
</testcase>
<testcase name="LoRA Manager E2E Tests › Performance › should load pages quickly" classname="e2e/lora-manager.spec.js" time="0">
<skipped>
</skipped>
</testcase>
<testcase name="LoRA Manager E2E Tests › Performance › should have good Core Web Vitals" classname="e2e/lora-manager.spec.js" time="0">
<skipped>
</skipped>
</testcase>
<testcase name="LoRA Manager E2E Tests › Performance › should handle large datasets efficiently" classname="e2e/lora-manager.spec.js" time="0">
<skipped>
</skipped>
</testcase>
<testcase name="LoRA Manager E2E Tests › Accessibility › should be keyboard navigable" classname="e2e/lora-manager.spec.js" time="0">
<skipped>
</skipped>
</testcase>
<testcase name="LoRA Manager E2E Tests › Accessibility › should have proper ARIA labels" classname="e2e/lora-manager.spec.js" time="0">
<skipped>
</skipped>
</testcase>
<testcase name="LoRA Manager E2E Tests › Accessibility › should have sufficient color contrast" classname="e2e/lora-manager.spec.js" time="0">
<skipped>
</skipped>
</testcase>
<testcase name="LoRA Manager E2E Tests › Accessibility › should work with screen readers" classname="e2e/lora-manager.spec.js" time="0">
<skipped>
</skipped>
</testcase>
</testsuite>
<testsuite name="e2e/homepage.spec.js" timestamp="2025-09-03T16:32:39.500Z" hostname="Tablet" tests="3" failures="0" skipped="3" time="0" errors="0">
<testcase name="Homepage › should load homepage when backend is available" classname="e2e/homepage.spec.js" time="0">
<skipped>
</skipped>
</testcase>
<testcase name="Homepage › should have proper viewport" classname="e2e/homepage.spec.js" time="0">
<skipped>
</skipped>
</testcase>
<testcase name="Homepage › can navigate and interact with browser" classname="e2e/homepage.spec.js" time="0">
<skipped>
</skipped>
</testcase>
</testsuite>
<testsuite name="e2e/lora-manager.spec.js" timestamp="2025-09-03T16:32:39.500Z" hostname="Tablet" tests="32" failures="0" skipped="32" time="0" errors="0">
<testcase name="LoRA Manager E2E Tests › Navigation and Layout › should display main navigation" classname="e2e/lora-manager.spec.js" time="0">
<skipped>
</skipped>
</testcase>
<testcase name="LoRA Manager E2E Tests › Navigation and Layout › should toggle mobile navigation" classname="e2e/lora-manager.spec.js" time="0">
<skipped>
</skipped>
</testcase>
<testcase name="LoRA Manager E2E Tests › Navigation and Layout › should navigate between pages" classname="e2e/lora-manager.spec.js" time="0">
<skipped>
</skipped>
</testcase>
<testcase name="LoRA Manager E2E Tests › LoRA Management › should display LoRA list" classname="e2e/lora-manager.spec.js" time="0">
<skipped>
</skipped>
</testcase>
<testcase name="LoRA Manager E2E Tests › LoRA Management › should filter LoRAs by tags" classname="e2e/lora-manager.spec.js" time="0">
<skipped>
</skipped>
</testcase>
<testcase name="LoRA Manager E2E Tests › LoRA Management › should search LoRAs" classname="e2e/lora-manager.spec.js" time="0">
<skipped>
</skipped>
</testcase>
<testcase name="LoRA Manager E2E Tests › LoRA Management › should view LoRA details" classname="e2e/lora-manager.spec.js" time="0">
<skipped>
</skipped>
</testcase>
<testcase name="LoRA Manager E2E Tests › LoRA Management › should upload new LoRA" classname="e2e/lora-manager.spec.js" time="0">
<skipped>
</skipped>
</testcase>
<testcase name="LoRA Manager E2E Tests › Recommendations › should display recommendations" classname="e2e/lora-manager.spec.js" time="0">
<skipped>
</skipped>
</testcase>
<testcase name="LoRA Manager E2E Tests › Recommendations › should provide feedback on recommendations" classname="e2e/lora-manager.spec.js" time="0">
<skipped>
</skipped>
</testcase>
<testcase name="LoRA Manager E2E Tests › Recommendations › should filter recommendations by preferences" classname="e2e/lora-manager.spec.js" time="0">
<skipped>
</skipped>
</testcase>
<testcase name="LoRA Manager E2E Tests › System Administration › should access admin panel" classname="e2e/lora-manager.spec.js" time="0">
<skipped>
</skipped>
</testcase>
<testcase name="LoRA Manager E2E Tests › System Administration › should display system overview" classname="e2e/lora-manager.spec.js" time="0">
<skipped>
</skipped>
</testcase>
<testcase name="LoRA Manager E2E Tests › System Administration › should manage workers" classname="e2e/lora-manager.spec.js" time="0">
<skipped>
</skipped>
</testcase>
<testcase name="LoRA Manager E2E Tests › System Administration › should view system logs" classname="e2e/lora-manager.spec.js" time="0">
<skipped>
</skipped>
</testcase>
<testcase name="LoRA Manager E2E Tests › Performance Analytics › should display analytics dashboard" classname="e2e/lora-manager.spec.js" time="0">
<skipped>
</skipped>
</testcase>
<testcase name="LoRA Manager E2E Tests › Performance Analytics › should change time range" classname="e2e/lora-manager.spec.js" time="0">
<skipped>
</skipped>
</testcase>
<testcase name="LoRA Manager E2E Tests › Performance Analytics › should export analytics data" classname="e2e/lora-manager.spec.js" time="0">
<skipped>
</skipped>
</testcase>
<testcase name="LoRA Manager E2E Tests › Import/Export Functionality › should access import/export interface" classname="e2e/lora-manager.spec.js" time="0">
<skipped>
</skipped>
</testcase>
<testcase name="LoRA Manager E2E Tests › Import/Export Functionality › should configure data export" classname="e2e/lora-manager.spec.js" time="0">
<skipped>
</skipped>
</testcase>
<testcase name="LoRA Manager E2E Tests › Import/Export Functionality › should handle file import" classname="e2e/lora-manager.spec.js" time="0">
<skipped>
</skipped>
</testcase>
<testcase name="LoRA Manager E2E Tests › Import/Export Functionality › should manage backups" classname="e2e/lora-manager.spec.js" time="0">
<skipped>
</skipped>
</testcase>
<testcase name="LoRA Manager E2E Tests › Responsive Design › should work on mobile devices" classname="e2e/lora-manager.spec.js" time="0">
<skipped>
</skipped>
</testcase>
<testcase name="LoRA Manager E2E Tests › Responsive Design › should work on tablet devices" classname="e2e/lora-manager.spec.js" time="0">
<skipped>
</skipped>
</testcase>
<testcase name="LoRA Manager E2E Tests › Responsive Design › should work on desktop" classname="e2e/lora-manager.spec.js" time="0">
<skipped>
</skipped>
</testcase>
<testcase name="LoRA Manager E2E Tests › Performance › should load pages quickly" classname="e2e/lora-manager.spec.js" time="0">
<skipped>
</skipped>
</testcase>
<testcase name="LoRA Manager E2E Tests › Performance › should have good Core Web Vitals" classname="e2e/lora-manager.spec.js" time="0">
<skipped>
</skipped>
</testcase>
<testcase name="LoRA Manager E2E Tests › Performance › should handle large datasets efficiently" classname="e2e/lora-manager.spec.js" time="0">
<skipped>
</skipped>
</testcase>
<testcase name="LoRA Manager E2E Tests › Accessibility › should be keyboard navigable" classname="e2e/lora-manager.spec.js" time="0">
<skipped>
</skipped>
</testcase>
<testcase name="LoRA Manager E2E Tests › Accessibility › should have proper ARIA labels" classname="e2e/lora-manager.spec.js" time="0">
<skipped>
</skipped>
</testcase>
<testcase name="LoRA Manager E2E Tests › Accessibility › should have sufficient color contrast" classname="e2e/lora-manager.spec.js" time="0">
<skipped>
</skipped>
</testcase>
<testcase name="LoRA Manager E2E Tests › Accessibility › should work with screen readers" classname="e2e/lora-manager.spec.js" time="0">
<skipped>
</skipped>
</testcase>
</testsuite>
<testsuite name="performance/performance.spec.js" timestamp="2025-09-03T16:32:39.500Z" hostname="Performance Tests" tests="17" failures="0" skipped="17" time="0" errors="0">
<testcase name="Performance Tests › Page Load Performance › should load home page within performance budget" classname="performance/performance.spec.js" time="0">
<skipped>
</skipped>
</testcase>
<testcase name="Performance Tests › Page Load Performance › should load LoRA list efficiently with pagination" classname="performance/performance.spec.js" time="0">
<skipped>
</skipped>
</testcase>
<testcase name="Performance Tests › Page Load Performance › should handle search results efficiently" classname="performance/performance.spec.js" time="0">
<skipped>
</skipped>
</testcase>
<testcase name="Performance Tests › Resource Loading › should optimize image loading" classname="performance/performance.spec.js" time="0">
<skipped>
</skipped>
</testcase>
<testcase name="Performance Tests › Resource Loading › should minimize bundle sizes" classname="performance/performance.spec.js" time="0">
<skipped>
</skipped>
</testcase>
<testcase name="Performance Tests › Resource Loading › should use efficient caching strategies" classname="performance/performance.spec.js" time="0">
<skipped>
</skipped>
</testcase>
<testcase name="Performance Tests › Runtime Performance › should handle large datasets without blocking UI" classname="performance/performance.spec.js" time="0">
<skipped>
</skipped>
</testcase>
<testcase name="Performance Tests › Runtime Performance › should efficiently update charts and visualizations" classname="performance/performance.spec.js" time="0">
<skipped>
</skipped>
</testcase>
<testcase name="Performance Tests › Runtime Performance › should manage memory efficiently" classname="performance/performance.spec.js" time="0">
<skipped>
</skipped>
</testcase>
<testcase name="Performance Tests › API Performance › should handle concurrent API requests efficiently" classname="performance/performance.spec.js" time="0">
<skipped>
</skipped>
</testcase>
<testcase name="Performance Tests › API Performance › should implement efficient data fetching strategies" classname="performance/performance.spec.js" time="0">
<skipped>
</skipped>
</testcase>
<testcase name="Performance Tests › Mobile Performance › should perform well on mobile devices" classname="performance/performance.spec.js" time="0">
<skipped>
</skipped>
</testcase>
<testcase name="Performance Tests › Mobile Performance › should handle touch interactions efficiently" classname="performance/performance.spec.js" time="0">
<skipped>
</skipped>
</testcase>
<testcase name="Performance Tests › Stress Testing › should handle rapid navigation" classname="performance/performance.spec.js" time="0">
<skipped>
</skipped>
</testcase>
<testcase name="Performance Tests › Stress Testing › should handle large form submissions" classname="performance/performance.spec.js" time="0">
<skipped>
</skipped>
</testcase>
<testcase name="Performance Tests › Stress Testing › should handle multiple websocket connections" classname="performance/performance.spec.js" time="0">
<skipped>
</skipped>
</testcase>
<testcase name="Performance Tests › Performance Regression Detection › should maintain performance baselines" classname="performance/performance.spec.js" time="0">
<skipped>
</skipped>
</testcase>
</testsuite>
</testsuites>