{"/home/anxilinux/DeepVault/models/Lora/lora-manager/app/frontend/static/js/alpine-config.js": {"path":"/home/anxilinux/DeepVault/models/Lora/lora-manager/app/frontend/static/js/alpine-config.js","statementMap":{"0":{"start":{"line":4,"column":0},"end":{"line":156,"column":3}},"1":{"start":{"line":6,"column":4},"end":{"line":68,"column":7}},"2":{"start":{"line":16,"column":12},"end":{"line":16,"column":32}},"3":{"start":{"line":17,"column":12},"end":{"line":26,"column":13}},"4":{"start":{"line":18,"column":33},"end":{"line":18,"column":64}},"5":{"start":{"line":19,"column":16},"end":{"line":21,"column":17}},"6":{"start":{"line":20,"column":20},"end":{"line":20,"column":55}},"7":{"start":{"line":23,"column":16},"end":{"line":23,"column":62}},"8":{"start":{"line":25,"column":16},"end":{"line":25,"column":37}},"9":{"start":{"line":30,"column":25},"end":{"line":30,"column":62}},"10":{"start":{"line":30,"column":46},"end":{"line":30,"column":61}},"11":{"start":{"line":31,"column":12},"end":{"line":31,"column":30}},"12":{"start":{"line":31,"column":23},"end":{"line":31,"column":30}},"13":{"start":{"line":33,"column":29},"end":{"line":33,"column":68}},"14":{"start":{"line":35,"column":12},"end":{"line":47,"column":13}},"15":{"start":{"line":36,"column":33},"end":{"line":38,"column":18}},"16":{"start":{"line":40,"column":16},"end":{"line":43,"column":17}},"17":{"start":{"line":41,"column":20},"end":{"line":41,"column":47}},"18":{"start":{"line":42,"column":20},"end":{"line":42,"column":106}},"19":{"start":{"line":45,"column":16},"end":{"line":45,"column":63}},"20":{"start":{"line":46,"column":16},"end":{"line":46,"column":72}},"21":{"start":{"line":51,"column":12},"end":{"line":58,"column":13}},"22":{"start":{"line":52,"column":33},"end":{"line":52,"column":89}},"23":{"start":{"line":53,"column":16},"end":{"line":55,"column":17}},"24":{"start":{"line":54,"column":20},"end":{"line":54,"column":49}},"25":{"start":{"line":57,"column":16},"end":{"line":57,"column":71}},"26":{"start":{"line":59,"column":12},"end":{"line":59,"column":22}},"27":{"start":{"line":64,"column":12},"end":{"line":66,"column":16}},"28":{"start":{"line":71,"column":4},"end":{"line":90,"column":7}},"29":{"start":{"line":75,"column":23},"end":{"line":75,"column":33}},"30":{"start":{"line":76,"column":12},"end":{"line":76,"column":51}},"31":{"start":{"line":78,"column":12},"end":{"line":80,"column":13}},"32":{"start":{"line":79,"column":16},"end":{"line":79,"column":60}},"33":{"start":{"line":79,"column":33},"end":{"line":79,"column":48}},"34":{"start":{"line":84,"column":12},"end":{"line":84,"column":67}},"35":{"start":{"line":84,"column":51},"end":{"line":84,"column":65}},"36":{"start":{"line":88,"column":12},"end":{"line":88,"column":28}},"37":{"start":{"line":93,"column":4},"end":{"line":155,"column":7}},"38":{"start":{"line":100,"column":12},"end":{"line":100,"column":40}},"39":{"start":{"line":100,"column":33},"end":{"line":100,"column":40}},"40":{"start":{"line":102,"column":29},"end":{"line":102,"column":83}},"41":{"start":{"line":103,"column":26},"end":{"line":103,"column":80}},"42":{"start":{"line":105,"column":12},"end":{"line":105,"column":51}},"43":{"start":{"line":107,"column":12},"end":{"line":111,"column":14}},"44":{"start":{"line":108,"column":16},"end":{"line":108,"column":38}},"45":{"start":{"line":109,"column":16},"end":{"line":109,"column":43}},"46":{"start":{"line":110,"column":16},"end":{"line":110,"column":51}},"47":{"start":{"line":113,"column":12},"end":{"line":116,"column":14}},"48":{"start":{"line":114,"column":29},"end":{"line":114,"column":51}},"49":{"start":{"line":115,"column":16},"end":{"line":115,"column":41}},"50":{"start":{"line":118,"column":12},"end":{"line":122,"column":14}},"51":{"start":{"line":119,"column":16},"end":{"line":119,"column":39}},"52":{"start":{"line":120,"column":16},"end":{"line":120,"column":39}},"53":{"start":{"line":121,"column":16},"end":{"line":121,"column":40}},"54":{"start":{"line":124,"column":12},"end":{"line":126,"column":14}},"55":{"start":{"line":125,"column":16},"end":{"line":125,"column":57}},"56":{"start":{"line":130,"column":12},"end":{"line":134,"column":13}},"57":{"start":{"line":131,"column":16},"end":{"line":131,"column":40}},"58":{"start":{"line":132,"column":16},"end":{"line":132,"column":39}},"59":{"start":{"line":133,"column":16},"end":{"line":133,"column":39}},"60":{"start":{"line":138,"column":12},"end":{"line":144,"column":13}},"61":{"start":{"line":139,"column":16},"end":{"line":139,"column":41}},"62":{"start":{"line":140,"column":16},"end":{"line":143,"column":50}},"63":{"start":{"line":141,"column":20},"end":{"line":141,"column":126}},"64":{"start":{"line":142,"column":20},"end":{"line":142,"column":35}},"65":{"start":{"line":149,"column":12},"end":{"line":153,"column":13}},"66":{"start":{"line":150,"column":16},"end":{"line":150,"column":97}},"67":{"start":{"line":151,"column":19},"end":{"line":153,"column":13}},"68":{"start":{"line":152,"column":16},"end":{"line":152,"column":90}},"69":{"start":{"line":159,"column":0},"end":{"line":183,"column":4}},"70":{"start":{"line":159,"column":35},"end":{"line":183,"column":1}},"71":{"start":{"line":164,"column":8},"end":{"line":164,"column":28}},"72":{"start":{"line":165,"column":8},"end":{"line":165,"column":65}},"73":{"start":{"line":166,"column":8},"end":{"line":166,"column":29}},"74":{"start":{"line":170,"column":32},"end":{"line":170,"column":90}},"75":{"start":{"line":172,"column":8},"end":{"line":174,"column":12}},"76":{"start":{"line":179,"column":8},"end":{"line":181,"column":12}},"77":{"start":{"line":185,"column":0},"end":{"line":221,"column":4}},"78":{"start":{"line":185,"column":35},"end":{"line":221,"column":1}},"79":{"start":{"line":196,"column":8},"end":{"line":196,"column":33}},"80":{"start":{"line":200,"column":8},"end":{"line":207,"column":9}},"81":{"start":{"line":201,"column":29},"end":{"line":201,"column":65}},"82":{"start":{"line":202,"column":12},"end":{"line":204,"column":13}},"83":{"start":{"line":203,"column":16},"end":{"line":203,"column":59}},"84":{"start":{"line":206,"column":12},"end":{"line":206,"column":57}},"85":{"start":{"line":211,"column":8},"end":{"line":213,"column":12}},"86":{"start":{"line":217,"column":8},"end":{"line":219,"column":12}},"87":{"start":{"line":223,"column":0},"end":{"line":267,"column":4}},"88":{"start":{"line":223,"column":40},"end":{"line":267,"column":1}},"89":{"start":{"line":227,"column":8},"end":{"line":227,"column":32}},"90":{"start":{"line":228,"column":8},"end":{"line":228,"column":30}},"91":{"start":{"line":232,"column":8},"end":{"line":232,"column":44}},"92":{"start":{"line":235,"column":8},"end":{"line":237,"column":11}},"93":{"start":{"line":236,"column":12},"end":{"line":236,"column":49}},"94":{"start":{"line":239,"column":8},"end":{"line":241,"column":11}},"95":{"start":{"line":240,"column":12},"end":{"line":240,"column":49}},"96":{"start":{"line":245,"column":8},"end":{"line":252,"column":9}},"97":{"start":{"line":246,"column":29},"end":{"line":246,"column":85}},"98":{"start":{"line":247,"column":12},"end":{"line":249,"column":13}},"99":{"start":{"line":248,"column":16},"end":{"line":248,"column":56}},"100":{"start":{"line":251,"column":12},"end":{"line":251,"column":64}},"101":{"start":{"line":256,"column":20},"end":{"line":256,"column":67}},"102":{"start":{"line":256,"column":46},"end":{"line":256,"column":66}},"103":{"start":{"line":257,"column":8},"end":{"line":260,"column":9}},"104":{"start":{"line":258,"column":12},"end":{"line":258,"column":41}},"105":{"start":{"line":259,"column":12},"end":{"line":259,"column":37}},"106":{"start":{"line":264,"column":8},"end":{"line":264,"column":76}},"107":{"start":{"line":264,"column":54},"end":{"line":264,"column":74}},"108":{"start":{"line":265,"column":8},"end":{"line":265,"column":85}},"109":{"start":{"line":270,"column":0},"end":{"line":304,"column":2}},"110":{"start":{"line":273,"column":22},"end":{"line":273,"column":49}},"111":{"start":{"line":274,"column":8},"end":{"line":274,"column":42}},"112":{"start":{"line":274,"column":25},"end":{"line":274,"column":42}},"113":{"start":{"line":275,"column":18},"end":{"line":275,"column":62}},"114":{"start":{"line":276,"column":8},"end":{"line":276,"column":82}},"115":{"start":{"line":281,"column":8},"end":{"line":281,"column":52}},"116":{"start":{"line":286,"column":8},"end":{"line":292,"column":9}},"117":{"start":{"line":287,"column":12},"end":{"line":287,"column":54}},"118":{"start":{"line":288,"column":12},"end":{"line":288,"column":80}},"119":{"start":{"line":290,"column":12},"end":{"line":290,"column":52}},"120":{"start":{"line":291,"column":12},"end":{"line":291,"column":73}},"121":{"start":{"line":297,"column":18},"end":{"line":297,"column":45}},"122":{"start":{"line":298,"column":8},"end":{"line":298,"column":21}},"123":{"start":{"line":299,"column":8},"end":{"line":299,"column":30}},"124":{"start":{"line":300,"column":8},"end":{"line":300,"column":37}},"125":{"start":{"line":301,"column":8},"end":{"line":301,"column":18}},"126":{"start":{"line":302,"column":8},"end":{"line":302,"column":37}},"127":{"start":{"line":307,"column":0},"end":{"line":310,"column":3}},"128":{"start":{"line":308,"column":30},"end":{"line":308,"column":42}},"129":{"start":{"line":309,"column":4},"end":{"line":309,"column":53}}},"fnMap":{"0":{"name":"(anonymous_0)","decl":{"start":{"line":4,"column":41},"end":{"line":4,"column":42}},"loc":{"start":{"line":4,"column":47},"end":{"line":156,"column":1}},"line":4},"1":{"name":"(anonymous_1)","decl":{"start":{"line":15,"column":8},"end":{"line":15,"column":9}},"loc":{"start":{"line":15,"column":26},"end":{"line":27,"column":9}},"line":15},"2":{"name":"(anonymous_2)","decl":{"start":{"line":29,"column":8},"end":{"line":29,"column":9}},"loc":{"start":{"line":29,"column":39},"end":{"line":48,"column":9}},"line":29},"3":{"name":"(anonymous_3)","decl":{"start":{"line":30,"column":41},"end":{"line":30,"column":42}},"loc":{"start":{"line":30,"column":46},"end":{"line":30,"column":61}},"line":30},"4":{"name":"(anonymous_4)","decl":{"start":{"line":50,"column":8},"end":{"line":50,"column":9}},"loc":{"start":{"line":50,"column":41},"end":{"line":60,"column":9}},"line":50},"5":{"name":"(anonymous_5)","decl":{"start":{"line":62,"column":8},"end":{"line":62,"column":9}},"loc":{"start":{"line":62,"column":49},"end":{"line":67,"column":9}},"line":62},"6":{"name":"(anonymous_6)","decl":{"start":{"line":74,"column":8},"end":{"line":74,"column":9}},"loc":{"start":{"line":74,"column":53},"end":{"line":81,"column":9}},"line":74},"7":{"name":"(anonymous_7)","decl":{"start":{"line":79,"column":27},"end":{"line":79,"column":28}},"loc":{"start":{"line":79,"column":33},"end":{"line":79,"column":48}},"line":79},"8":{"name":"(anonymous_8)","decl":{"start":{"line":83,"column":8},"end":{"line":83,"column":9}},"loc":{"start":{"line":83,"column":19},"end":{"line":85,"column":9}},"line":83},"9":{"name":"(anonymous_9)","decl":{"start":{"line":84,"column":43},"end":{"line":84,"column":44}},"loc":{"start":{"line":84,"column":51},"end":{"line":84,"column":65}},"line":84},"10":{"name":"(anonymous_10)","decl":{"start":{"line":87,"column":8},"end":{"line":87,"column":9}},"loc":{"start":{"line":87,"column":16},"end":{"line":89,"column":9}},"line":87},"11":{"name":"(anonymous_11)","decl":{"start":{"line":99,"column":8},"end":{"line":99,"column":9}},"loc":{"start":{"line":99,"column":18},"end":{"line":127,"column":9}},"line":99},"12":{"name":"(anonymous_12)","decl":{"start":{"line":107,"column":37},"end":{"line":107,"column":38}},"loc":{"start":{"line":107,"column":43},"end":{"line":111,"column":13}},"line":107},"13":{"name":"(anonymous_13)","decl":{"start":{"line":113,"column":40},"end":{"line":113,"column":41}},"loc":{"start":{"line":113,"column":51},"end":{"line":116,"column":13}},"line":113},"14":{"name":"(anonymous_14)","decl":{"start":{"line":118,"column":38},"end":{"line":118,"column":39}},"loc":{"start":{"line":118,"column":44},"end":{"line":122,"column":13}},"line":118},"15":{"name":"(anonymous_15)","decl":{"start":{"line":124,"column":38},"end":{"line":124,"column":39}},"loc":{"start":{"line":124,"column":49},"end":{"line":126,"column":13}},"line":124},"16":{"name":"(anonymous_16)","decl":{"start":{"line":129,"column":8},"end":{"line":129,"column":9}},"loc":{"start":{"line":129,"column":21},"end":{"line":135,"column":9}},"line":129},"17":{"name":"(anonymous_17)","decl":{"start":{"line":137,"column":8},"end":{"line":137,"column":9}},"loc":{"start":{"line":137,"column":27},"end":{"line":145,"column":9}},"line":137},"18":{"name":"(anonymous_18)","decl":{"start":{"line":140,"column":27},"end":{"line":140,"column":28}},"loc":{"start":{"line":140,"column":33},"end":{"line":143,"column":17}},"line":140},"19":{"name":"(anonymous_19)","decl":{"start":{"line":147,"column":8},"end":{"line":147,"column":9}},"loc":{"start":{"line":147,"column":28},"end":{"line":154,"column":9}},"line":147},"20":{"name":"(anonymous_20)","decl":{"start":{"line":159,"column":24},"end":{"line":159,"column":25}},"loc":{"start":{"line":159,"column":35},"end":{"line":183,"column":1}},"line":159},"21":{"name":"(anonymous_21)","decl":{"start":{"line":163,"column":4},"end":{"line":163,"column":5}},"loc":{"start":{"line":163,"column":25},"end":{"line":167,"column":5}},"line":163},"22":{"name":"(anonymous_22)","decl":{"start":{"line":169,"column":4},"end":{"line":169,"column":5}},"loc":{"start":{"line":169,"column":31},"end":{"line":175,"column":5}},"line":169},"23":{"name":"(anonymous_23)","decl":{"start":{"line":177,"column":4},"end":{"line":177,"column":5}},"loc":{"start":{"line":177,"column":28},"end":{"line":182,"column":5}},"line":177},"24":{"name":"(anonymous_24)","decl":{"start":{"line":185,"column":28},"end":{"line":185,"column":29}},"loc":{"start":{"line":185,"column":35},"end":{"line":221,"column":1}},"line":185},"25":{"name":"(anonymous_25)","decl":{"start":{"line":195,"column":4},"end":{"line":195,"column":5}},"loc":{"start":{"line":195,"column":11},"end":{"line":197,"column":5}},"line":195},"26":{"name":"(anonymous_26)","decl":{"start":{"line":199,"column":4},"end":{"line":199,"column":5}},"loc":{"start":{"line":199,"column":30},"end":{"line":208,"column":5}},"line":199},"27":{"name":"(anonymous_27)","decl":{"start":{"line":210,"column":4},"end":{"line":210,"column":5}},"loc":{"start":{"line":210,"column":13},"end":{"line":214,"column":5}},"line":210},"28":{"name":"(anonymous_28)","decl":{"start":{"line":216,"column":4},"end":{"line":216,"column":5}},"loc":{"start":{"line":216,"column":19},"end":{"line":220,"column":5}},"line":216},"29":{"name":"(anonymous_29)","decl":{"start":{"line":223,"column":33},"end":{"line":223,"column":34}},"loc":{"start":{"line":223,"column":40},"end":{"line":267,"column":1}},"line":223},"30":{"name":"(anonymous_30)","decl":{"start":{"line":226,"column":4},"end":{"line":226,"column":5}},"loc":{"start":{"line":226,"column":11},"end":{"line":229,"column":5}},"line":226},"31":{"name":"(anonymous_31)","decl":{"start":{"line":231,"column":4},"end":{"line":231,"column":5}},"loc":{"start":{"line":231,"column":23},"end":{"line":242,"column":5}},"line":231},"32":{"name":"(anonymous_32)","decl":{"start":{"line":235,"column":57},"end":{"line":235,"column":58}},"loc":{"start":{"line":235,"column":68},"end":{"line":237,"column":9}},"line":235},"33":{"name":"(anonymous_33)","decl":{"start":{"line":239,"column":50},"end":{"line":239,"column":51}},"loc":{"start":{"line":239,"column":61},"end":{"line":241,"column":9}},"line":239},"34":{"name":"(anonymous_34)","decl":{"start":{"line":244,"column":4},"end":{"line":244,"column":5}},"loc":{"start":{"line":244,"column":27},"end":{"line":253,"column":5}},"line":244},"35":{"name":"(anonymous_35)","decl":{"start":{"line":255,"column":4},"end":{"line":255,"column":5}},"loc":{"start":{"line":255,"column":28},"end":{"line":261,"column":5}},"line":255},"36":{"name":"(anonymous_36)","decl":{"start":{"line":256,"column":41},"end":{"line":256,"column":42}},"loc":{"start":{"line":256,"column":46},"end":{"line":256,"column":66}},"line":256},"37":{"name":"(anonymous_37)","decl":{"start":{"line":263,"column":4},"end":{"line":263,"column":5}},"loc":{"start":{"line":263,"column":28},"end":{"line":266,"column":5}},"line":263},"38":{"name":"(anonymous_38)","decl":{"start":{"line":264,"column":49},"end":{"line":264,"column":50}},"loc":{"start":{"line":264,"column":54},"end":{"line":264,"column":74}},"line":264},"39":{"name":"(anonymous_39)","decl":{"start":{"line":272,"column":4},"end":{"line":272,"column":5}},"loc":{"start":{"line":272,"column":26},"end":{"line":277,"column":5}},"line":272},"40":{"name":"(anonymous_40)","decl":{"start":{"line":280,"column":4},"end":{"line":280,"column":5}},"loc":{"start":{"line":280,"column":31},"end":{"line":282,"column":5}},"line":280},"41":{"name":"(anonymous_41)","decl":{"start":{"line":285,"column":4},"end":{"line":285,"column":5}},"loc":{"start":{"line":285,"column":32},"end":{"line":293,"column":5}},"line":285},"42":{"name":"(anonymous_42)","decl":{"start":{"line":296,"column":4},"end":{"line":296,"column":5}},"loc":{"start":{"line":296,"column":32},"end":{"line":303,"column":5}},"line":296},"43":{"name":"(anonymous_43)","decl":{"start":{"line":307,"column":47},"end":{"line":307,"column":48}},"loc":{"start":{"line":307,"column":58},"end":{"line":310,"column":1}},"line":307}},"branchMap":{"0":{"loc":{"start":{"line":19,"column":16},"end":{"line":21,"column":17}},"type":"if","locations":[{"start":{"line":19,"column":16},"end":{"line":21,"column":17}},{"start":{},"end":{}}],"line":19},"1":{"loc":{"start":{"line":31,"column":12},"end":{"line":31,"column":30}},"type":"if","locations":[{"start":{"line":31,"column":12},"end":{"line":31,"column":30}},{"start":{},"end":{}}],"line":31},"2":{"loc":{"start":{"line":33,"column":29},"end":{"line":33,"column":68}},"type":"cond-expr","locations":[{"start":{"line":33,"column":43},"end":{"line":33,"column":55}},{"start":{"line":33,"column":58},"end":{"line":33,"column":68}}],"line":33},"3":{"loc":{"start":{"line":40,"column":16},"end":{"line":43,"column":17}},"type":"if","locations":[{"start":{"line":40,"column":16},"end":{"line":43,"column":17}},{"start":{},"end":{}}],"line":40},"4":{"loc":{"start":{"line":42,"column":50},"end":{"line":42,"column":91}},"type":"cond-expr","locations":[{"start":{"line":42,"column":64},"end":{"line":42,"column":75}},{"start":{"line":42,"column":78},"end":{"line":42,"column":91}}],"line":42},"5":{"loc":{"start":{"line":53,"column":16},"end":{"line":55,"column":17}},"type":"if","locations":[{"start":{"line":53,"column":16},"end":{"line":55,"column":17}},{"start":{},"end":{}}],"line":53},"6":{"loc":{"start":{"line":62,"column":34},"end":{"line":62,"column":47}},"type":"default-arg","locations":[{"start":{"line":62,"column":41},"end":{"line":62,"column":47}}],"line":62},"7":{"loc":{"start":{"line":74,"column":21},"end":{"line":74,"column":34}},"type":"default-arg","locations":[{"start":{"line":74,"column":28},"end":{"line":74,"column":34}}],"line":74},"8":{"loc":{"start":{"line":74,"column":36},"end":{"line":74,"column":51}},"type":"default-arg","locations":[{"start":{"line":74,"column":47},"end":{"line":74,"column":51}}],"line":74},"9":{"loc":{"start":{"line":78,"column":12},"end":{"line":80,"column":13}},"type":"if","locations":[{"start":{"line":78,"column":12},"end":{"line":80,"column":13}},{"start":{},"end":{}}],"line":78},"10":{"loc":{"start":{"line":100,"column":12},"end":{"line":100,"column":40}},"type":"if","locations":[{"start":{"line":100,"column":12},"end":{"line":100,"column":40}},{"start":{},"end":{}}],"line":100},"11":{"loc":{"start":{"line":102,"column":29},"end":{"line":102,"column":83}},"type":"cond-expr","locations":[{"start":{"line":102,"column":69},"end":{"line":102,"column":75}},{"start":{"line":102,"column":78},"end":{"line":102,"column":83}}],"line":102},"12":{"loc":{"start":{"line":130,"column":12},"end":{"line":134,"column":13}},"type":"if","locations":[{"start":{"line":130,"column":12},"end":{"line":134,"column":13}},{"start":{},"end":{}}],"line":130},"13":{"loc":{"start":{"line":138,"column":12},"end":{"line":144,"column":13}},"type":"if","locations":[{"start":{"line":138,"column":12},"end":{"line":144,"column":13}},{"start":{},"end":{}}],"line":138},"14":{"loc":{"start":{"line":149,"column":12},"end":{"line":153,"column":13}},"type":"if","locations":[{"start":{"line":149,"column":12},"end":{"line":153,"column":13}},{"start":{"line":151,"column":19},"end":{"line":153,"column":13}}],"line":149},"15":{"loc":{"start":{"line":151,"column":19},"end":{"line":153,"column":13}},"type":"if","locations":[{"start":{"line":151,"column":19},"end":{"line":153,"column":13}},{"start":{},"end":{}}],"line":151},"16":{"loc":{"start":{"line":202,"column":12},"end":{"line":204,"column":13}},"type":"if","locations":[{"start":{"line":202,"column":12},"end":{"line":204,"column":13}},{"start":{},"end":{}}],"line":202},"17":{"loc":{"start":{"line":247,"column":12},"end":{"line":249,"column":13}},"type":"if","locations":[{"start":{"line":247,"column":12},"end":{"line":249,"column":13}},{"start":{},"end":{}}],"line":247},"18":{"loc":{"start":{"line":257,"column":8},"end":{"line":260,"column":9}},"type":"if","locations":[{"start":{"line":257,"column":8},"end":{"line":260,"column":9}},{"start":{},"end":{}}],"line":257},"19":{"loc":{"start":{"line":274,"column":8},"end":{"line":274,"column":42}},"type":"if","locations":[{"start":{"line":274,"column":8},"end":{"line":274,"column":42}},{"start":{},"end":{}}],"line":274}},"s":{"0":0,"1":0,"2":0,"3":0,"4":0,"5":0,"6":0,"7":0,"8":0,"9":0,"10":0,"11":0,"12":0,"13":0,"14":0,"15":0,"16":0,"17":0,"18":0,"19":0,"20":0,"21":0,"22":0,"23":0,"24":0,"25":0,"26":0,"27":0,"28":0,"29":0,"30":0,"31":0,"32":0,"33":0,"34":0,"35":0,"36":0,"37":0,"38":0,"39":0,"40":0,"41":0,"42":0,"43":0,"44":0,"45":0,"46":0,"47":0,"48":0,"49":0,"50":0,"51":0,"52":0,"53":0,"54":0,"55":0,"56":0,"57":0,"58":0,"59":0,"60":0,"61":0,"62":0,"63":0,"64":0,"65":0,"66":0,"67":0,"68":0,"69":0,"70":0,"71":0,"72":0,"73":0,"74":0,"75":0,"76":0,"77":0,"78":0,"79":0,"80":0,"81":0,"82":0,"83":0,"84":0,"85":0,"86":0,"87":0,"88":0,"89":0,"90":0,"91":0,"92":0,"93":0,"94":0,"95":0,"96":0,"97":0,"98":0,"99":0,"100":0,"101":0,"102":0,"103":0,"104":0,"105":0,"106":0,"107":0,"108":0,"109":0,"110":0,"111":0,"112":0,"113":0,"114":0,"115":0,"116":0,"117":0,"118":0,"119":0,"120":0,"121":0,"122":0,"123":0,"124":0,"125":0,"126":0,"127":0,"128":0,"129":0},"f":{"0":0,"1":0,"2":0,"3":0,"4":0,"5":0,"6":0,"7":0,"8":0,"9":0,"10":0,"11":0,"12":0,"13":0,"14":0,"15":0,"16":0,"17":0,"18":0,"19":0,"20":0,"21":0,"22":0,"23":0,"24":0,"25":0,"26":0,"27":0,"28":0,"29":0,"30":0,"31":0,"32":0,"33":0,"34":0,"35":0,"36":0,"37":0,"38":0,"39":0,"40":0,"41":0,"42":0,"43":0},"b":{"0":[0,0],"1":[0,0],"2":[0,0],"3":[0,0],"4":[0,0],"5":[0,0],"6":[0],"7":[0],"8":[0],"9":[0,0],"10":[0,0],"11":[0,0],"12":[0,0],"13":[0,0],"14":[0,0],"15":[0,0],"16":[0,0],"17":[0,0],"18":[0,0],"19":[0,0]}}
,"/home/anxilinux/DeepVault/models/Lora/lora-manager/app/frontend/static/js/common.js": {"path":"/home/anxilinux/DeepVault/models/Lora/lora-manager/app/frontend/static/js/common.js","statementMap":{"0":{"start":{"line":11,"column":0},"end":{"line":95,"column":2}},"1":{"start":{"line":17,"column":8},"end":{"line":17,"column":50}},"2":{"start":{"line":27,"column":8},"end":{"line":52,"column":9}},"3":{"start":{"line":28,"column":29},"end":{"line":28,"column":65}},"4":{"start":{"line":29,"column":29},"end":{"line":34,"column":14}},"5":{"start":{"line":36,"column":12},"end":{"line":47,"column":13}},"6":{"start":{"line":38,"column":30},"end":{"line":40,"column":18}},"7":{"start":{"line":41,"column":16},"end":{"line":41,"column":51}},"8":{"start":{"line":42,"column":16},"end":{"line":42,"column":28}},"9":{"start":{"line":44,"column":16},"end":{"line":44,"column":80}},"10":{"start":{"line":45,"column":16},"end":{"line":45,"column":63}},"11":{"start":{"line":46,"column":16},"end":{"line":46,"column":29}},"12":{"start":{"line":49,"column":12},"end":{"line":49,"column":64}},"13":{"start":{"line":50,"column":12},"end":{"line":50,"column":54}},"14":{"start":{"line":51,"column":12},"end":{"line":51,"column":25}},"15":{"start":{"line":62,"column":28},"end":{"line":62,"column":65}},"16":{"start":{"line":63,"column":8},"end":{"line":72,"column":9}},"17":{"start":{"line":64,"column":34},"end":{"line":64,"column":58}},"18":{"start":{"line":65,"column":28},"end":{"line":65,"column":52}},"19":{"start":{"line":68,"column":12},"end":{"line":71,"column":13}},"20":{"start":{"line":69,"column":16},"end":{"line":69,"column":92}},"21":{"start":{"line":70,"column":16},"end":{"line":70,"column":81}},"22":{"start":{"line":75,"column":8},"end":{"line":75,"column":45}},"23":{"start":{"line":84,"column":8},"end":{"line":84,"column":23}},"24":{"start":{"line":93,"column":8},"end":{"line":93,"column":41}},"25":{"start":{"line":100,"column":0},"end":{"line":142,"column":2}},"26":{"start":{"line":107,"column":8},"end":{"line":107,"column":76}},"27":{"start":{"line":115,"column":24},"end":{"line":115,"column":56}},"28":{"start":{"line":116,"column":8},"end":{"line":118,"column":9}},"29":{"start":{"line":117,"column":12},"end":{"line":117,"column":45}},"30":{"start":{"line":126,"column":24},"end":{"line":126,"column":56}},"31":{"start":{"line":127,"column":8},"end":{"line":129,"column":9}},"32":{"start":{"line":128,"column":12},"end":{"line":128,"column":50}},"33":{"start":{"line":137,"column":24},"end":{"line":137,"column":56}},"34":{"start":{"line":138,"column":8},"end":{"line":140,"column":9}},"35":{"start":{"line":139,"column":12},"end":{"line":139,"column":53}},"36":{"start":{"line":147,"column":0},"end":{"line":221,"column":2}},"37":{"start":{"line":155,"column":22},"end":{"line":155,"column":77}},"38":{"start":{"line":157,"column":8},"end":{"line":163,"column":9}},"39":{"start":{"line":158,"column":27},"end":{"line":158,"column":38}},"40":{"start":{"line":159,"column":27},"end":{"line":159,"column":77}},"41":{"start":{"line":159,"column":60},"end":{"line":159,"column":76}},"42":{"start":{"line":160,"column":12},"end":{"line":162,"column":15}},"43":{"start":{"line":161,"column":16},"end":{"line":161,"column":82}},"44":{"start":{"line":166,"column":25},"end":{"line":166,"column":80}},"45":{"start":{"line":167,"column":8},"end":{"line":172,"column":9}},"46":{"start":{"line":168,"column":27},"end":{"line":168,"column":41}},"47":{"start":{"line":169,"column":12},"end":{"line":169,"column":39}},"48":{"start":{"line":170,"column":12},"end":{"line":170,"column":39}},"49":{"start":{"line":171,"column":12},"end":{"line":171,"column":40}},"50":{"start":{"line":175,"column":8},"end":{"line":175,"column":66}},"51":{"start":{"line":176,"column":8},"end":{"line":176,"column":66}},"52":{"start":{"line":177,"column":8},"end":{"line":177,"column":68}},"53":{"start":{"line":179,"column":8},"end":{"line":179,"column":23}},"54":{"start":{"line":190,"column":8},"end":{"line":197,"column":10}},"55":{"start":{"line":191,"column":26},"end":{"line":194,"column":13}},"56":{"start":{"line":192,"column":16},"end":{"line":192,"column":38}},"57":{"start":{"line":193,"column":16},"end":{"line":193,"column":30}},"58":{"start":{"line":195,"column":12},"end":{"line":195,"column":34}},"59":{"start":{"line":196,"column":12},"end":{"line":196,"column":46}},"60":{"start":{"line":206,"column":8},"end":{"line":206,"column":42}},"61":{"start":{"line":206,"column":25},"end":{"line":206,"column":42}},"62":{"start":{"line":207,"column":18},"end":{"line":207,"column":22}},"63":{"start":{"line":208,"column":22},"end":{"line":208,"column":49}},"64":{"start":{"line":209,"column":18},"end":{"line":209,"column":59}},"65":{"start":{"line":210,"column":8},"end":{"line":210,"column":80}},"66":{"start":{"line":219,"column":8},"end":{"line":219,"column":52}},"67":{"start":{"line":226,"column":0},"end":{"line":252,"column":3}},"68":{"start":{"line":228,"column":4},"end":{"line":230,"column":7}},"69":{"start":{"line":229,"column":8},"end":{"line":229,"column":53}},"70":{"start":{"line":232,"column":4},"end":{"line":239,"column":7}},"71":{"start":{"line":233,"column":8},"end":{"line":233,"column":53}},"72":{"start":{"line":236,"column":8},"end":{"line":238,"column":9}},"73":{"start":{"line":237,"column":12},"end":{"line":237,"column":92}},"74":{"start":{"line":242,"column":4},"end":{"line":251,"column":7}},"75":{"start":{"line":244,"column":8},"end":{"line":250,"column":9}},"76":{"start":{"line":245,"column":12},"end":{"line":245,"column":35}},"77":{"start":{"line":246,"column":32},"end":{"line":246,"column":110}},"78":{"start":{"line":247,"column":12},"end":{"line":249,"column":13}},"79":{"start":{"line":248,"column":16},"end":{"line":248,"column":36}},"80":{"start":{"line":257,"column":0},"end":{"line":257,"column":60}},"81":{"start":{"line":258,"column":0},"end":{"line":258,"column":62}},"82":{"start":{"line":259,"column":0},"end":{"line":259,"column":56}}},"fnMap":{"0":{"name":"(anonymous_0)","decl":{"start":{"line":16,"column":4},"end":{"line":16,"column":5}},"loc":{"start":{"line":16,"column":28},"end":{"line":18,"column":5}},"line":16},"1":{"name":"(anonymous_1)","decl":{"start":{"line":26,"column":4},"end":{"line":26,"column":5}},"loc":{"start":{"line":26,"column":45},"end":{"line":53,"column":5}},"line":26},"2":{"name":"(anonymous_2)","decl":{"start":{"line":61,"column":4},"end":{"line":61,"column":5}},"loc":{"start":{"line":61,"column":69},"end":{"line":76,"column":5}},"line":61},"3":{"name":"(anonymous_3)","decl":{"start":{"line":82,"column":4},"end":{"line":82,"column":5}},"loc":{"start":{"line":82,"column":23},"end":{"line":85,"column":5}},"line":82},"4":{"name":"(anonymous_4)","decl":{"start":{"line":91,"column":4},"end":{"line":91,"column":5}},"loc":{"start":{"line":91,"column":25},"end":{"line":94,"column":5}},"line":91},"5":{"name":"(anonymous_5)","decl":{"start":{"line":106,"column":4},"end":{"line":106,"column":5}},"loc":{"start":{"line":106,"column":41},"end":{"line":108,"column":5}},"line":106},"6":{"name":"(anonymous_6)","decl":{"start":{"line":114,"column":4},"end":{"line":114,"column":5}},"loc":{"start":{"line":114,"column":29},"end":{"line":119,"column":5}},"line":114},"7":{"name":"(anonymous_7)","decl":{"start":{"line":125,"column":4},"end":{"line":125,"column":5}},"loc":{"start":{"line":125,"column":26},"end":{"line":130,"column":5}},"line":125},"8":{"name":"(anonymous_8)","decl":{"start":{"line":136,"column":4},"end":{"line":136,"column":5}},"loc":{"start":{"line":136,"column":26},"end":{"line":141,"column":5}},"line":136},"9":{"name":"(anonymous_9)","decl":{"start":{"line":154,"column":4},"end":{"line":154,"column":5}},"loc":{"start":{"line":154,"column":42},"end":{"line":180,"column":5}},"line":154},"10":{"name":"(anonymous_10)","decl":{"start":{"line":159,"column":55},"end":{"line":159,"column":56}},"loc":{"start":{"line":159,"column":60},"end":{"line":159,"column":76}},"line":159},"11":{"name":"(anonymous_11)","decl":{"start":{"line":160,"column":27},"end":{"line":160,"column":28}},"loc":{"start":{"line":160,"column":34},"end":{"line":162,"column":13}},"line":160},"12":{"name":"(anonymous_12)","decl":{"start":{"line":188,"column":4},"end":{"line":188,"column":5}},"loc":{"start":{"line":188,"column":25},"end":{"line":198,"column":5}},"line":188},"13":{"name":"executedFunction","decl":{"start":{"line":190,"column":24},"end":{"line":190,"column":40}},"loc":{"start":{"line":190,"column":50},"end":{"line":197,"column":9}},"line":190},"14":{"name":"(anonymous_14)","decl":{"start":{"line":191,"column":26},"end":{"line":191,"column":27}},"loc":{"start":{"line":191,"column":32},"end":{"line":194,"column":13}},"line":191},"15":{"name":"(anonymous_15)","decl":{"start":{"line":205,"column":4},"end":{"line":205,"column":5}},"loc":{"start":{"line":205,"column":26},"end":{"line":211,"column":5}},"line":205},"16":{"name":"(anonymous_16)","decl":{"start":{"line":218,"column":4},"end":{"line":218,"column":5}},"loc":{"start":{"line":218,"column":31},"end":{"line":220,"column":5}},"line":218},"17":{"name":"(anonymous_17)","decl":{"start":{"line":226,"column":46},"end":{"line":226,"column":47}},"loc":{"start":{"line":226,"column":57},"end":{"line":252,"column":1}},"line":226},"18":{"name":"(anonymous_18)","decl":{"start":{"line":228,"column":57},"end":{"line":228,"column":58}},"loc":{"start":{"line":228,"column":73},"end":{"line":230,"column":5}},"line":228},"19":{"name":"(anonymous_19)","decl":{"start":{"line":232,"column":56},"end":{"line":232,"column":57}},"loc":{"start":{"line":232,"column":72},"end":{"line":239,"column":5}},"line":232},"20":{"name":"(anonymous_20)","decl":{"start":{"line":242,"column":41},"end":{"line":242,"column":42}},"loc":{"start":{"line":242,"column":57},"end":{"line":251,"column":5}},"line":242}},"branchMap":{"0":{"loc":{"start":{"line":28,"column":29},"end":{"line":28,"column":65}},"type":"cond-expr","locations":[{"start":{"line":28,"column":40},"end":{"line":28,"column":52}},{"start":{"line":28,"column":55},"end":{"line":28,"column":65}}],"line":28},"1":{"loc":{"start":{"line":36,"column":12},"end":{"line":47,"column":13}},"type":"if","locations":[{"start":{"line":36,"column":12},"end":{"line":47,"column":13}},{"start":{"line":43,"column":19},"end":{"line":47,"column":13}}],"line":36},"2":{"loc":{"start":{"line":61,"column":36},"end":{"line":61,"column":67}},"type":"default-arg","locations":[{"start":{"line":61,"column":52},"end":{"line":61,"column":67}}],"line":61},"3":{"loc":{"start":{"line":63,"column":8},"end":{"line":72,"column":9}},"type":"if","locations":[{"start":{"line":63,"column":8},"end":{"line":72,"column":9}},{"start":{},"end":{}}],"line":63},"4":{"loc":{"start":{"line":68,"column":12},"end":{"line":71,"column":13}},"type":"if","locations":[{"start":{"line":68,"column":12},"end":{"line":71,"column":13}},{"start":{},"end":{}}],"line":68},"5":{"loc":{"start":{"line":69,"column":36},"end":{"line":69,"column":91}},"type":"cond-expr","locations":[{"start":{"line":69,"column":52},"end":{"line":69,"column":81}},{"start":{"line":69,"column":84},"end":{"line":69,"column":91}}],"line":69},"6":{"loc":{"start":{"line":106,"column":28},"end":{"line":106,"column":39}},"type":"default-arg","locations":[{"start":{"line":106,"column":37},"end":{"line":106,"column":39}}],"line":106},"7":{"loc":{"start":{"line":116,"column":8},"end":{"line":118,"column":9}},"type":"if","locations":[{"start":{"line":116,"column":8},"end":{"line":118,"column":9}},{"start":{},"end":{}}],"line":116},"8":{"loc":{"start":{"line":116,"column":12},"end":{"line":116,"column":53}},"type":"binary-expr","locations":[{"start":{"line":116,"column":12},"end":{"line":116,"column":19}},{"start":{"line":116,"column":23},"end":{"line":116,"column":53}}],"line":116},"9":{"loc":{"start":{"line":127,"column":8},"end":{"line":129,"column":9}},"type":"if","locations":[{"start":{"line":127,"column":8},"end":{"line":129,"column":9}},{"start":{},"end":{}}],"line":127},"10":{"loc":{"start":{"line":138,"column":8},"end":{"line":140,"column":9}},"type":"if","locations":[{"start":{"line":138,"column":8},"end":{"line":140,"column":9}},{"start":{},"end":{}}],"line":138},"11":{"loc":{"start":{"line":157,"column":8},"end":{"line":163,"column":9}},"type":"if","locations":[{"start":{"line":157,"column":8},"end":{"line":163,"column":9}},{"start":{},"end":{}}],"line":157},"12":{"loc":{"start":{"line":167,"column":8},"end":{"line":172,"column":9}},"type":"if","locations":[{"start":{"line":167,"column":8},"end":{"line":172,"column":9}},{"start":{},"end":{}}],"line":167},"13":{"loc":{"start":{"line":206,"column":8},"end":{"line":206,"column":42}},"type":"if","locations":[{"start":{"line":206,"column":8},"end":{"line":206,"column":42}},{"start":{},"end":{}}],"line":206},"14":{"loc":{"start":{"line":236,"column":8},"end":{"line":238,"column":9}},"type":"if","locations":[{"start":{"line":236,"column":8},"end":{"line":238,"column":9}},{"start":{},"end":{}}],"line":236},"15":{"loc":{"start":{"line":244,"column":8},"end":{"line":250,"column":9}},"type":"if","locations":[{"start":{"line":244,"column":8},"end":{"line":250,"column":9}},{"start":{},"end":{}}],"line":244},"16":{"loc":{"start":{"line":244,"column":12},"end":{"line":244,"column":65}},"type":"binary-expr","locations":[{"start":{"line":244,"column":13},"end":{"line":244,"column":26}},{"start":{"line":244,"column":30},"end":{"line":244,"column":43}},{"start":{"line":244,"column":48},"end":{"line":244,"column":65}}],"line":244},"17":{"loc":{"start":{"line":247,"column":12},"end":{"line":249,"column":13}},"type":"if","locations":[{"start":{"line":247,"column":12},"end":{"line":249,"column":13}},{"start":{},"end":{}}],"line":247}},"s":{"0":0,"1":0,"2":0,"3":0,"4":0,"5":0,"6":0,"7":0,"8":0,"9":0,"10":0,"11":0,"12":0,"13":0,"14":0,"15":0,"16":0,"17":0,"18":0,"19":0,"20":0,"21":0,"22":0,"23":0,"24":0,"25":0,"26":0,"27":0,"28":0,"29":0,"30":0,"31":0,"32":0,"33":0,"34":0,"35":0,"36":0,"37":0,"38":0,"39":0,"40":0,"41":0,"42":0,"43":0,"44":0,"45":0,"46":0,"47":0,"48":0,"49":0,"50":0,"51":0,"52":0,"53":0,"54":0,"55":0,"56":0,"57":0,"58":0,"59":0,"60":0,"61":0,"62":0,"63":0,"64":0,"65":0,"66":0,"67":0,"68":0,"69":0,"70":0,"71":0,"72":0,"73":0,"74":0,"75":0,"76":0,"77":0,"78":0,"79":0,"80":0,"81":0,"82":0},"f":{"0":0,"1":0,"2":0,"3":0,"4":0,"5":0,"6":0,"7":0,"8":0,"9":0,"10":0,"11":0,"12":0,"13":0,"14":0,"15":0,"16":0,"17":0,"18":0,"19":0,"20":0},"b":{"0":[0,0],"1":[0,0],"2":[0],"3":[0,0],"4":[0,0],"5":[0,0],"6":[0],"7":[0,0],"8":[0,0],"9":[0,0],"10":[0,0],"11":[0,0],"12":[0,0],"13":[0,0],"14":[0,0],"15":[0,0],"16":[0,0,0],"17":[0,0]}}
,"/home/anxilinux/DeepVault/models/Lora/lora-manager/app/frontend/static/js/htmx-config.js": {"path":"/home/anxilinux/DeepVault/models/Lora/lora-manager/app/frontend/static/js/htmx-config.js","statementMap":{"0":{"start":{"line":4,"column":0},"end":{"line":106,"column":3}},"1":{"start":{"line":6,"column":4},"end":{"line":6,"column":46}},"2":{"start":{"line":7,"column":4},"end":{"line":7,"column":42}},"3":{"start":{"line":8,"column":4},"end":{"line":8,"column":48}},"4":{"start":{"line":9,"column":4},"end":{"line":9,"column":48}},"5":{"start":{"line":10,"column":4},"end":{"line":10,"column":34}},"6":{"start":{"line":11,"column":4},"end":{"line":11,"column":40}},"7":{"start":{"line":12,"column":4},"end":{"line":12,"column":38}},"8":{"start":{"line":13,"column":4},"end":{"line":13,"column":45}},"9":{"start":{"line":14,"column":4},"end":{"line":14,"column":47}},"10":{"start":{"line":15,"column":4},"end":{"line":15,"column":32}},"11":{"start":{"line":18,"column":4},"end":{"line":29,"column":7}},"12":{"start":{"line":20,"column":23},"end":{"line":20,"column":67}},"13":{"start":{"line":21,"column":8},"end":{"line":23,"column":9}},"14":{"start":{"line":22,"column":12},"end":{"line":22,"column":53}},"15":{"start":{"line":26,"column":8},"end":{"line":28,"column":9}},"16":{"start":{"line":27,"column":12},"end":{"line":27,"column":68}},"17":{"start":{"line":31,"column":4},"end":{"line":34,"column":7}},"18":{"start":{"line":33,"column":8},"end":{"line":33,"column":76}},"19":{"start":{"line":36,"column":4},"end":{"line":51,"column":7}},"20":{"start":{"line":38,"column":8},"end":{"line":38,"column":70}},"21":{"start":{"line":40,"column":8},"end":{"line":50,"column":9}},"22":{"start":{"line":41,"column":12},"end":{"line":41,"column":102}},"23":{"start":{"line":44,"column":12},"end":{"line":49,"column":13}},"24":{"start":{"line":45,"column":16},"end":{"line":48,"column":18}},"25":{"start":{"line":53,"column":4},"end":{"line":62,"column":7}},"26":{"start":{"line":54,"column":8},"end":{"line":54,"column":58}},"27":{"start":{"line":56,"column":8},"end":{"line":61,"column":9}},"28":{"start":{"line":57,"column":12},"end":{"line":60,"column":14}},"29":{"start":{"line":64,"column":4},"end":{"line":73,"column":7}},"30":{"start":{"line":65,"column":8},"end":{"line":65,"column":59}},"31":{"start":{"line":67,"column":8},"end":{"line":72,"column":9}},"32":{"start":{"line":68,"column":12},"end":{"line":71,"column":14}},"33":{"start":{"line":76,"column":4},"end":{"line":87,"column":7}},"34":{"start":{"line":78,"column":12},"end":{"line":80,"column":13}},"35":{"start":{"line":79,"column":16},"end":{"line":79,"column":72}},"36":{"start":{"line":84,"column":12},"end":{"line":84,"column":53}},"37":{"start":{"line":85,"column":12},"end":{"line":85,"column":46}},"38":{"start":{"line":90,"column":4},"end":{"line":105,"column":7}},"39":{"start":{"line":92,"column":12},"end":{"line":92,"column":48}},"40":{"start":{"line":96,"column":12},"end":{"line":102,"column":13}},"41":{"start":{"line":97,"column":16},"end":{"line":101,"column":17}},"42":{"start":{"line":99,"column":20},"end":{"line":99,"column":69}},"43":{"start":{"line":100,"column":20},"end":{"line":100,"column":32}},"44":{"start":{"line":103,"column":12},"end":{"line":103,"column":25}},"45":{"start":{"line":109,"column":0},"end":{"line":146,"column":2}},"46":{"start":{"line":112,"column":8},"end":{"line":112,"column":46}},"47":{"start":{"line":117,"column":8},"end":{"line":117,"column":30}},"48":{"start":{"line":122,"column":8},"end":{"line":122,"column":29}},"49":{"start":{"line":127,"column":8},"end":{"line":133,"column":9}},"50":{"start":{"line":128,"column":28},"end":{"line":128,"column":57}},"51":{"start":{"line":129,"column":12},"end":{"line":129,"column":40}},"52":{"start":{"line":130,"column":12},"end":{"line":130,"column":60}},"53":{"start":{"line":132,"column":12},"end":{"line":132,"column":39}},"54":{"start":{"line":139,"column":8},"end":{"line":144,"column":11}},"55":{"start":{"line":140,"column":12},"end":{"line":140,"column":48}},"56":{"start":{"line":141,"column":12},"end":{"line":143,"column":22}},"57":{"start":{"line":142,"column":16},"end":{"line":142,"column":54}},"58":{"start":{"line":149,"column":0},"end":{"line":186,"column":2}},"59":{"start":{"line":152,"column":8},"end":{"line":152,"column":77}},"60":{"start":{"line":156,"column":8},"end":{"line":156,"column":75}},"61":{"start":{"line":161,"column":8},"end":{"line":163,"column":9}},"62":{"start":{"line":162,"column":12},"end":{"line":162,"column":23}},"63":{"start":{"line":168,"column":8},"end":{"line":168,"column":50}},"64":{"start":{"line":173,"column":24},"end":{"line":173,"column":56}},"65":{"start":{"line":174,"column":8},"end":{"line":176,"column":9}},"66":{"start":{"line":175,"column":12},"end":{"line":175,"column":47}},"67":{"start":{"line":181,"column":24},"end":{"line":181,"column":56}},"68":{"start":{"line":182,"column":8},"end":{"line":184,"column":9}},"69":{"start":{"line":183,"column":12},"end":{"line":183,"column":59}},"70":{"start":{"line":189,"column":0},"end":{"line":214,"column":3}},"71":{"start":{"line":191,"column":4},"end":{"line":193,"column":7}},"72":{"start":{"line":192,"column":8},"end":{"line":192,"column":55}},"73":{"start":{"line":196,"column":4},"end":{"line":213,"column":7}},"74":{"start":{"line":198,"column":8},"end":{"line":204,"column":9}},"75":{"start":{"line":199,"column":12},"end":{"line":199,"column":31}},"76":{"start":{"line":200,"column":32},"end":{"line":200,"column":78}},"77":{"start":{"line":201,"column":12},"end":{"line":203,"column":13}},"78":{"start":{"line":202,"column":16},"end":{"line":202,"column":36}},"79":{"start":{"line":207,"column":8},"end":{"line":212,"column":9}},"80":{"start":{"line":208,"column":26},"end":{"line":208,"column":79}},"81":{"start":{"line":209,"column":12},"end":{"line":211,"column":13}},"82":{"start":{"line":210,"column":16},"end":{"line":210,"column":46}}},"fnMap":{"0":{"name":"(anonymous_0)","decl":{"start":{"line":4,"column":46},"end":{"line":4,"column":47}},"loc":{"start":{"line":4,"column":57},"end":{"line":106,"column":1}},"line":4},"1":{"name":"(anonymous_1)","decl":{"start":{"line":18,"column":57},"end":{"line":18,"column":58}},"loc":{"start":{"line":18,"column":71},"end":{"line":29,"column":5}},"line":18},"2":{"name":"(anonymous_2)","decl":{"start":{"line":31,"column":57},"end":{"line":31,"column":58}},"loc":{"start":{"line":31,"column":71},"end":{"line":34,"column":5}},"line":31},"3":{"name":"(anonymous_3)","decl":{"start":{"line":36,"column":56},"end":{"line":36,"column":57}},"loc":{"start":{"line":36,"column":70},"end":{"line":51,"column":5}},"line":36},"4":{"name":"(anonymous_4)","decl":{"start":{"line":53,"column":57},"end":{"line":53,"column":58}},"loc":{"start":{"line":53,"column":71},"end":{"line":62,"column":5}},"line":53},"5":{"name":"(anonymous_5)","decl":{"start":{"line":64,"column":51},"end":{"line":64,"column":52}},"loc":{"start":{"line":64,"column":65},"end":{"line":73,"column":5}},"line":64},"6":{"name":"(anonymous_6)","decl":{"start":{"line":77,"column":17},"end":{"line":77,"column":18}},"loc":{"start":{"line":77,"column":37},"end":{"line":81,"column":9}},"line":77},"7":{"name":"(anonymous_7)","decl":{"start":{"line":83,"column":26},"end":{"line":83,"column":27}},"loc":{"start":{"line":83,"column":57},"end":{"line":86,"column":9}},"line":83},"8":{"name":"(anonymous_8)","decl":{"start":{"line":91,"column":22},"end":{"line":91,"column":23}},"loc":{"start":{"line":91,"column":42},"end":{"line":93,"column":9}},"line":91},"9":{"name":"(anonymous_9)","decl":{"start":{"line":95,"column":20},"end":{"line":95,"column":21}},"loc":{"start":{"line":95,"column":58},"end":{"line":104,"column":9}},"line":95},"10":{"name":"(anonymous_10)","decl":{"start":{"line":111,"column":4},"end":{"line":111,"column":5}},"loc":{"start":{"line":111,"column":42},"end":{"line":113,"column":5}},"line":111},"11":{"name":"(anonymous_11)","decl":{"start":{"line":116,"column":4},"end":{"line":116,"column":5}},"loc":{"start":{"line":116,"column":21},"end":{"line":118,"column":5}},"line":116},"12":{"name":"(anonymous_12)","decl":{"start":{"line":121,"column":4},"end":{"line":121,"column":5}},"loc":{"start":{"line":121,"column":20},"end":{"line":123,"column":5}},"line":121},"13":{"name":"(anonymous_13)","decl":{"start":{"line":126,"column":4},"end":{"line":126,"column":5}},"loc":{"start":{"line":126,"column":36},"end":{"line":134,"column":5}},"line":126},"14":{"name":"(anonymous_14)","decl":{"start":{"line":138,"column":4},"end":{"line":138,"column":5}},"loc":{"start":{"line":138,"column":47},"end":{"line":145,"column":5}},"line":138},"15":{"name":"(anonymous_15)","decl":{"start":{"line":139,"column":42},"end":{"line":139,"column":43}},"loc":{"start":{"line":139,"column":49},"end":{"line":144,"column":9}},"line":139},"16":{"name":"(anonymous_16)","decl":{"start":{"line":141,"column":47},"end":{"line":141,"column":48}},"loc":{"start":{"line":141,"column":53},"end":{"line":143,"column":13}},"line":141},"17":{"name":"(anonymous_17)","decl":{"start":{"line":151,"column":4},"end":{"line":151,"column":5}},"loc":{"start":{"line":151,"column":26},"end":{"line":153,"column":5}},"line":151},"18":{"name":"(anonymous_18)","decl":{"start":{"line":155,"column":4},"end":{"line":155,"column":5}},"loc":{"start":{"line":155,"column":31},"end":{"line":157,"column":5}},"line":155},"19":{"name":"(anonymous_19)","decl":{"start":{"line":160,"column":4},"end":{"line":160,"column":5}},"loc":{"start":{"line":160,"column":37},"end":{"line":164,"column":5}},"line":160},"20":{"name":"(anonymous_20)","decl":{"start":{"line":167,"column":4},"end":{"line":167,"column":5}},"loc":{"start":{"line":167,"column":26},"end":{"line":169,"column":5}},"line":167},"21":{"name":"(anonymous_21)","decl":{"start":{"line":172,"column":4},"end":{"line":172,"column":5}},"loc":{"start":{"line":172,"column":28},"end":{"line":177,"column":5}},"line":172},"22":{"name":"(anonymous_22)","decl":{"start":{"line":180,"column":4},"end":{"line":180,"column":5}},"loc":{"start":{"line":180,"column":30},"end":{"line":185,"column":5}},"line":180},"23":{"name":"(anonymous_23)","decl":{"start":{"line":189,"column":46},"end":{"line":189,"column":47}},"loc":{"start":{"line":189,"column":57},"end":{"line":214,"column":1}},"line":189},"24":{"name":"(anonymous_24)","decl":{"start":{"line":191,"column":61},"end":{"line":191,"column":62}},"loc":{"start":{"line":191,"column":70},"end":{"line":193,"column":5}},"line":191},"25":{"name":"(anonymous_25)","decl":{"start":{"line":196,"column":41},"end":{"line":196,"column":42}},"loc":{"start":{"line":196,"column":53},"end":{"line":213,"column":5}},"line":196}},"branchMap":{"0":{"loc":{"start":{"line":21,"column":8},"end":{"line":23,"column":9}},"type":"if","locations":[{"start":{"line":21,"column":8},"end":{"line":23,"column":9}},{"start":{},"end":{}}],"line":21},"1":{"loc":{"start":{"line":26,"column":8},"end":{"line":28,"column":9}},"type":"if","locations":[{"start":{"line":26,"column":8},"end":{"line":28,"column":9}},{"start":{},"end":{}}],"line":26},"2":{"loc":{"start":{"line":40,"column":8},"end":{"line":50,"column":9}},"type":"if","locations":[{"start":{"line":40,"column":8},"end":{"line":50,"column":9}},{"start":{},"end":{}}],"line":40},"3":{"loc":{"start":{"line":44,"column":12},"end":{"line":49,"column":13}},"type":"if","locations":[{"start":{"line":44,"column":12},"end":{"line":49,"column":13}},{"start":{},"end":{}}],"line":44},"4":{"loc":{"start":{"line":56,"column":8},"end":{"line":61,"column":9}},"type":"if","locations":[{"start":{"line":56,"column":8},"end":{"line":61,"column":9}},{"start":{},"end":{}}],"line":56},"5":{"loc":{"start":{"line":67,"column":8},"end":{"line":72,"column":9}},"type":"if","locations":[{"start":{"line":67,"column":8},"end":{"line":72,"column":9}},{"start":{},"end":{}}],"line":67},"6":{"loc":{"start":{"line":78,"column":12},"end":{"line":80,"column":13}},"type":"if","locations":[{"start":{"line":78,"column":12},"end":{"line":80,"column":13}},{"start":{},"end":{}}],"line":78},"7":{"loc":{"start":{"line":96,"column":12},"end":{"line":102,"column":13}},"type":"if","locations":[{"start":{"line":96,"column":12},"end":{"line":102,"column":13}},{"start":{},"end":{}}],"line":96},"8":{"loc":{"start":{"line":97,"column":16},"end":{"line":101,"column":17}},"type":"if","locations":[{"start":{"line":97,"column":16},"end":{"line":101,"column":17}},{"start":{},"end":{}}],"line":97},"9":{"loc":{"start":{"line":111,"column":28},"end":{"line":111,"column":40}},"type":"default-arg","locations":[{"start":{"line":111,"column":38},"end":{"line":111,"column":40}}],"line":111},"10":{"loc":{"start":{"line":127,"column":8},"end":{"line":133,"column":9}},"type":"if","locations":[{"start":{"line":127,"column":8},"end":{"line":133,"column":9}},{"start":{"line":131,"column":15},"end":{"line":133,"column":9}}],"line":127},"11":{"loc":{"start":{"line":138,"column":34},"end":{"line":138,"column":45}},"type":"default-arg","locations":[{"start":{"line":138,"column":42},"end":{"line":138,"column":45}}],"line":138},"12":{"loc":{"start":{"line":152,"column":15},"end":{"line":152,"column":76}},"type":"binary-expr","locations":[{"start":{"line":152,"column":15},"end":{"line":152,"column":56}},{"start":{"line":152,"column":60},"end":{"line":152,"column":76}}],"line":152},"13":{"loc":{"start":{"line":156,"column":15},"end":{"line":156,"column":74}},"type":"binary-expr","locations":[{"start":{"line":156,"column":15},"end":{"line":156,"column":61}},{"start":{"line":156,"column":65},"end":{"line":156,"column":74}}],"line":156},"14":{"loc":{"start":{"line":161,"column":8},"end":{"line":163,"column":9}},"type":"if","locations":[{"start":{"line":161,"column":8},"end":{"line":163,"column":9}},{"start":{},"end":{}}],"line":161},"15":{"loc":{"start":{"line":174,"column":8},"end":{"line":176,"column":9}},"type":"if","locations":[{"start":{"line":174,"column":8},"end":{"line":176,"column":9}},{"start":{},"end":{}}],"line":174},"16":{"loc":{"start":{"line":182,"column":8},"end":{"line":184,"column":9}},"type":"if","locations":[{"start":{"line":182,"column":8},"end":{"line":184,"column":9}},{"start":{},"end":{}}],"line":182},"17":{"loc":{"start":{"line":198,"column":8},"end":{"line":204,"column":9}},"type":"if","locations":[{"start":{"line":198,"column":8},"end":{"line":204,"column":9}},{"start":{},"end":{}}],"line":198},"18":{"loc":{"start":{"line":198,"column":12},"end":{"line":198,"column":53}},"type":"binary-expr","locations":[{"start":{"line":198,"column":13},"end":{"line":198,"column":22}},{"start":{"line":198,"column":26},"end":{"line":198,"column":35}},{"start":{"line":198,"column":40},"end":{"line":198,"column":53}}],"line":198},"19":{"loc":{"start":{"line":201,"column":12},"end":{"line":203,"column":13}},"type":"if","locations":[{"start":{"line":201,"column":12},"end":{"line":203,"column":13}},{"start":{},"end":{}}],"line":201},"20":{"loc":{"start":{"line":207,"column":8},"end":{"line":212,"column":9}},"type":"if","locations":[{"start":{"line":207,"column":8},"end":{"line":212,"column":9}},{"start":{},"end":{}}],"line":207},"21":{"loc":{"start":{"line":209,"column":12},"end":{"line":211,"column":13}},"type":"if","locations":[{"start":{"line":209,"column":12},"end":{"line":211,"column":13}},{"start":{},"end":{}}],"line":209}},"s":{"0":0,"1":0,"2":0,"3":0,"4":0,"5":0,"6":0,"7":0,"8":0,"9":0,"10":0,"11":0,"12":0,"13":0,"14":0,"15":0,"16":0,"17":0,"18":0,"19":0,"20":0,"21":0,"22":0,"23":0,"24":0,"25":0,"26":0,"27":0,"28":0,"29":0,"30":0,"31":0,"32":0,"33":0,"34":0,"35":0,"36":0,"37":0,"38":0,"39":0,"40":0,"41":0,"42":0,"43":0,"44":0,"45":0,"46":0,"47":0,"48":0,"49":0,"50":0,"51":0,"52":0,"53":0,"54":0,"55":0,"56":0,"57":0,"58":0,"59":0,"60":0,"61":0,"62":0,"63":0,"64":0,"65":0,"66":0,"67":0,"68":0,"69":0,"70":0,"71":0,"72":0,"73":0,"74":0,"75":0,"76":0,"77":0,"78":0,"79":0,"80":0,"81":0,"82":0},"f":{"0":0,"1":0,"2":0,"3":0,"4":0,"5":0,"6":0,"7":0,"8":0,"9":0,"10":0,"11":0,"12":0,"13":0,"14":0,"15":0,"16":0,"17":0,"18":0,"19":0,"20":0,"21":0,"22":0,"23":0,"24":0,"25":0},"b":{"0":[0,0],"1":[0,0],"2":[0,0],"3":[0,0],"4":[0,0],"5":[0,0],"6":[0,0],"7":[0,0],"8":[0,0],"9":[0],"10":[0,0],"11":[0],"12":[0,0],"13":[0,0],"14":[0,0],"15":[0,0],"16":[0,0],"17":[0,0],"18":[0,0,0],"19":[0,0],"20":[0,0],"21":[0,0]}}
,"/home/anxilinux/DeepVault/models/Lora/lora-manager/app/frontend/static/js/mobile-nav.js": {"path":"/home/anxilinux/DeepVault/models/Lora/lora-manager/app/frontend/static/js/mobile-nav.js","statementMap":{"0":{"start":{"line":7,"column":4},"end":{"line":53,"column":6}},"1":{"start":{"line":12,"column":12},"end":{"line":16,"column":15}},"2":{"start":{"line":13,"column":16},"end":{"line":15,"column":17}},"3":{"start":{"line":14,"column":20},"end":{"line":14,"column":37}},"4":{"start":{"line":19,"column":12},"end":{"line":23,"column":15}},"5":{"start":{"line":20,"column":16},"end":{"line":22,"column":24}},"6":{"start":{"line":21,"column":20},"end":{"line":21,"column":37}},"7":{"start":{"line":26,"column":12},"end":{"line":30,"column":15}},"8":{"start":{"line":27,"column":16},"end":{"line":29,"column":17}},"9":{"start":{"line":28,"column":20},"end":{"line":28,"column":37}},"10":{"start":{"line":33,"column":12},"end":{"line":39,"column":15}},"11":{"start":{"line":34,"column":16},"end":{"line":38,"column":17}},"12":{"start":{"line":35,"column":20},"end":{"line":35,"column":60}},"13":{"start":{"line":37,"column":20},"end":{"line":37,"column":54}},"14":{"start":{"line":43,"column":12},"end":{"line":43,"column":39}},"15":{"start":{"line":47,"column":12},"end":{"line":47,"column":32}},"16":{"start":{"line":51,"column":12},"end":{"line":51,"column":31}},"17":{"start":{"line":61,"column":8},"end":{"line":61,"column":29}},"18":{"start":{"line":62,"column":8},"end":{"line":62,"column":29}},"19":{"start":{"line":63,"column":8},"end":{"line":63,"column":33}},"20":{"start":{"line":64,"column":8},"end":{"line":64,"column":33}},"21":{"start":{"line":66,"column":8},"end":{"line":66,"column":20}},"22":{"start":{"line":71,"column":8},"end":{"line":71,"column":101}},"23":{"start":{"line":72,"column":8},"end":{"line":72,"column":100}},"24":{"start":{"line":73,"column":8},"end":{"line":73,"column":97}},"25":{"start":{"line":76,"column":8},"end":{"line":76,"column":33}},"26":{"start":{"line":79,"column":8},"end":{"line":79,"column":34}},"27":{"start":{"line":83,"column":8},"end":{"line":83,"column":48}},"28":{"start":{"line":84,"column":8},"end":{"line":84,"column":48}},"29":{"start":{"line":85,"column":8},"end":{"line":85,"column":33}},"30":{"start":{"line":89,"column":8},"end":{"line":89,"column":59}},"31":{"start":{"line":89,"column":52},"end":{"line":89,"column":59}},"32":{"start":{"line":91,"column":23},"end":{"line":91,"column":43}},"33":{"start":{"line":92,"column":23},"end":{"line":92,"column":43}},"34":{"start":{"line":94,"column":22},"end":{"line":94,"column":47}},"35":{"start":{"line":95,"column":22},"end":{"line":95,"column":47}},"36":{"start":{"line":98,"column":8},"end":{"line":100,"column":9}},"37":{"start":{"line":99,"column":12},"end":{"line":99,"column":36}},"38":{"start":{"line":103,"column":8},"end":{"line":111,"column":9}},"39":{"start":{"line":105,"column":12},"end":{"line":110,"column":13}},"40":{"start":{"line":106,"column":43},"end":{"line":106,"column":70}},"41":{"start":{"line":107,"column":16},"end":{"line":109,"column":17}},"42":{"start":{"line":108,"column":20},"end":{"line":108,"column":50}},"43":{"start":{"line":115,"column":8},"end":{"line":115,"column":29}},"44":{"start":{"line":116,"column":8},"end":{"line":116,"column":29}},"45":{"start":{"line":117,"column":8},"end":{"line":117,"column":33}},"46":{"start":{"line":121,"column":21},"end":{"line":121,"column":22}},"47":{"start":{"line":122,"column":23},"end":{"line":122,"column":24}},"48":{"start":{"line":123,"column":24},"end":{"line":123,"column":29}},"49":{"start":{"line":124,"column":31},"end":{"line":124,"column":36}},"50":{"start":{"line":126,"column":30},"end":{"line":126,"column":32}},"51":{"start":{"line":128,"column":8},"end":{"line":134,"column":30}},"52":{"start":{"line":129,"column":12},"end":{"line":133,"column":13}},"53":{"start":{"line":130,"column":16},"end":{"line":130,"column":46}},"54":{"start":{"line":131,"column":16},"end":{"line":131,"column":33}},"55":{"start":{"line":132,"column":16},"end":{"line":132,"column":41}},"56":{"start":{"line":136,"column":8},"end":{"line":157,"column":31}},"57":{"start":{"line":137,"column":12},"end":{"line":137,"column":35}},"58":{"start":{"line":137,"column":28},"end":{"line":137,"column":35}},"59":{"start":{"line":139,"column":12},"end":{"line":139,"column":44}},"60":{"start":{"line":140,"column":33},"end":{"line":140,"column":50}},"61":{"start":{"line":142,"column":12},"end":{"line":156,"column":13}},"62":{"start":{"line":143,"column":16},"end":{"line":143,"column":35}},"63":{"start":{"line":145,"column":34},"end":{"line":145,"column":83}},"64":{"start":{"line":146,"column":16},"end":{"line":155,"column":17}},"65":{"start":{"line":147,"column":20},"end":{"line":154,"column":21}},"66":{"start":{"line":148,"column":24},"end":{"line":148,"column":58}},"67":{"start":{"line":149,"column":24},"end":{"line":149,"column":41}},"68":{"start":{"line":150,"column":24},"end":{"line":150,"column":48}},"69":{"start":{"line":151,"column":27},"end":{"line":154,"column":21}},"70":{"start":{"line":152,"column":24},"end":{"line":152,"column":61}},"71":{"start":{"line":153,"column":24},"end":{"line":153,"column":49}},"72":{"start":{"line":159,"column":8},"end":{"line":171,"column":30}},"73":{"start":{"line":160,"column":12},"end":{"line":162,"column":13}},"74":{"start":{"line":161,"column":16},"end":{"line":161,"column":38}},"75":{"start":{"line":164,"column":12},"end":{"line":164,"column":30}},"76":{"start":{"line":165,"column":12},"end":{"line":165,"column":37}},"77":{"start":{"line":167,"column":30},"end":{"line":167,"column":79}},"78":{"start":{"line":168,"column":12},"end":{"line":170,"column":13}},"79":{"start":{"line":169,"column":16},"end":{"line":169,"column":53}},"80":{"start":{"line":176,"column":36},"end":{"line":182,"column":9}},"81":{"start":{"line":177,"column":12},"end":{"line":181,"column":15}},"82":{"start":{"line":178,"column":16},"end":{"line":180,"column":17}},"83":{"start":{"line":179,"column":20},"end":{"line":179,"column":96}},"84":{"start":{"line":184,"column":8},"end":{"line":184,"column":45}},"85":{"start":{"line":185,"column":8},"end":{"line":185,"column":57}},"86":{"start":{"line":186,"column":8},"end":{"line":186,"column":58}},"87":{"start":{"line":187,"column":8},"end":{"line":187,"column":53}},"88":{"start":{"line":191,"column":8},"end":{"line":193,"column":9}},"89":{"start":{"line":192,"column":12},"end":{"line":192,"column":40}},"90":{"start":{"line":198,"column":29},"end":{"line":200,"column":10}},"91":{"start":{"line":201,"column":8},"end":{"line":201,"column":45}},"92":{"start":{"line":204,"column":8},"end":{"line":204,"column":34}},"93":{"start":{"line":208,"column":26},"end":{"line":208,"column":75}},"94":{"start":{"line":209,"column":8},"end":{"line":225,"column":9}},"95":{"start":{"line":210,"column":12},"end":{"line":215,"column":14}},"96":{"start":{"line":218,"column":12},"end":{"line":224,"column":21}},"97":{"start":{"line":219,"column":16},"end":{"line":223,"column":18}},"98":{"start":{"line":234,"column":8},"end":{"line":234,"column":20}},"99":{"start":{"line":239,"column":8},"end":{"line":239,"column":31}},"100":{"start":{"line":242,"column":8},"end":{"line":242,"column":34}},"101":{"start":{"line":245,"column":8},"end":{"line":245,"column":33}},"102":{"start":{"line":248,"column":8},"end":{"line":248,"column":40}},"103":{"start":{"line":252,"column":8},"end":{"line":267,"column":9}},"104":{"start":{"line":253,"column":34},"end":{"line":262,"column":14}},"105":{"start":{"line":254,"column":16},"end":{"line":261,"column":19}},"106":{"start":{"line":255,"column":20},"end":{"line":260,"column":21}},"107":{"start":{"line":256,"column":36},"end":{"line":256,"column":48}},"108":{"start":{"line":257,"column":24},"end":{"line":257,"column":50}},"109":{"start":{"line":258,"column":24},"end":{"line":258,"column":53}},"110":{"start":{"line":259,"column":24},"end":{"line":259,"column":48}},"111":{"start":{"line":264,"column":12},"end":{"line":266,"column":15}},"112":{"start":{"line":265,"column":16},"end":{"line":265,"column":43}},"113":{"start":{"line":272,"column":8},"end":{"line":274,"column":9}},"114":{"start":{"line":273,"column":12},"end":{"line":273,"column":68}},"115":{"start":{"line":277,"column":8},"end":{"line":286,"column":11}},"116":{"start":{"line":278,"column":31},"end":{"line":278,"column":89}},"117":{"start":{"line":279,"column":12},"end":{"line":285,"column":15}},"118":{"start":{"line":280,"column":16},"end":{"line":284,"column":17}},"119":{"start":{"line":281,"column":20},"end":{"line":281,"column":59}},"120":{"start":{"line":283,"column":20},"end":{"line":283,"column":60}},"121":{"start":{"line":291,"column":22},"end":{"line":294,"column":9}},"122":{"start":{"line":292,"column":23},"end":{"line":292,"column":48}},"123":{"start":{"line":293,"column":12},"end":{"line":293,"column":74}},"124":{"start":{"line":296,"column":8},"end":{"line":296,"column":16}},"125":{"start":{"line":297,"column":8},"end":{"line":297,"column":49}},"126":{"start":{"line":298,"column":8},"end":{"line":300,"column":11}},"127":{"start":{"line":299,"column":12},"end":{"line":299,"column":35}},"128":{"start":{"line":305,"column":31},"end":{"line":308,"column":9}},"129":{"start":{"line":310,"column":8},"end":{"line":316,"column":11}},"130":{"start":{"line":311,"column":25},"end":{"line":311,"column":55}},"131":{"start":{"line":312,"column":12},"end":{"line":312,"column":33}},"132":{"start":{"line":313,"column":12},"end":{"line":313,"column":30}},"133":{"start":{"line":314,"column":12},"end":{"line":314,"column":28}},"134":{"start":{"line":315,"column":12},"end":{"line":315,"column":44}},"135":{"start":{"line":325,"column":8},"end":{"line":325,"column":20}},"136":{"start":{"line":330,"column":8},"end":{"line":330,"column":35}},"137":{"start":{"line":333,"column":8},"end":{"line":333,"column":39}},"138":{"start":{"line":336,"column":8},"end":{"line":336,"column":38}},"139":{"start":{"line":341,"column":8},"end":{"line":346,"column":11}},"140":{"start":{"line":342,"column":30},"end":{"line":342,"column":72}},"141":{"start":{"line":343,"column":12},"end":{"line":345,"column":13}},"142":{"start":{"line":344,"column":16},"end":{"line":344,"column":34}},"143":{"start":{"line":349,"column":8},"end":{"line":369,"column":11}},"144":{"start":{"line":350,"column":12},"end":{"line":368,"column":13}},"145":{"start":{"line":351,"column":35},"end":{"line":351,"column":82}},"146":{"start":{"line":352,"column":16},"end":{"line":367,"column":17}},"147":{"start":{"line":353,"column":46},"end":{"line":355,"column":21}},"148":{"start":{"line":357,"column":41},"end":{"line":357,"column":61}},"149":{"start":{"line":358,"column":40},"end":{"line":358,"column":87}},"150":{"start":{"line":360,"column":20},"end":{"line":366,"column":21}},"151":{"start":{"line":361,"column":24},"end":{"line":361,"column":43}},"152":{"start":{"line":362,"column":24},"end":{"line":362,"column":44}},"153":{"start":{"line":363,"column":27},"end":{"line":366,"column":21}},"154":{"start":{"line":364,"column":24},"end":{"line":364,"column":43}},"155":{"start":{"line":365,"column":24},"end":{"line":365,"column":45}},"156":{"start":{"line":374,"column":27},"end":{"line":374,"column":56}},"157":{"start":{"line":375,"column":8},"end":{"line":375,"column":55}},"158":{"start":{"line":376,"column":8},"end":{"line":376,"column":55}},"159":{"start":{"line":377,"column":8},"end":{"line":377,"column":41}},"160":{"start":{"line":378,"column":8},"end":{"line":378,"column":47}},"161":{"start":{"line":379,"column":8},"end":{"line":379,"column":46}},"162":{"start":{"line":382,"column":8},"end":{"line":387,"column":10}},"163":{"start":{"line":383,"column":12},"end":{"line":383,"column":45}},"164":{"start":{"line":384,"column":12},"end":{"line":386,"column":21}},"165":{"start":{"line":385,"column":16},"end":{"line":385,"column":44}},"166":{"start":{"line":392,"column":8},"end":{"line":401,"column":11}},"167":{"start":{"line":394,"column":12},"end":{"line":400,"column":13}},"168":{"start":{"line":395,"column":16},"end":{"line":395,"column":35}},"169":{"start":{"line":396,"column":43},"end":{"line":396,"column":70}},"170":{"start":{"line":397,"column":16},"end":{"line":399,"column":17}},"171":{"start":{"line":398,"column":20},"end":{"line":398,"column":52}},"172":{"start":{"line":406,"column":0},"end":{"line":410,"column":3}},"173":{"start":{"line":407,"column":4},"end":{"line":407,"column":22}},"174":{"start":{"line":408,"column":4},"end":{"line":408,"column":28}},"175":{"start":{"line":409,"column":4},"end":{"line":409,"column":30}},"176":{"start":{"line":413,"column":0},"end":{"line":415,"column":1}},"177":{"start":{"line":414,"column":4},"end":{"line":414,"column":88}}},"fnMap":{"0":{"name":"mobileNav","decl":{"start":{"line":6,"column":9},"end":{"line":6,"column":18}},"loc":{"start":{"line":6,"column":21},"end":{"line":54,"column":1}},"line":6},"1":{"name":"(anonymous_1)","decl":{"start":{"line":10,"column":8},"end":{"line":10,"column":9}},"loc":{"start":{"line":10,"column":15},"end":{"line":40,"column":9}},"line":10},"2":{"name":"(anonymous_2)","decl":{"start":{"line":12,"column":49},"end":{"line":12,"column":50}},"loc":{"start":{"line":12,"column":56},"end":{"line":16,"column":13}},"line":12},"3":{"name":"(anonymous_3)","decl":{"start":{"line":19,"column":57},"end":{"line":19,"column":58}},"loc":{"start":{"line":19,"column":63},"end":{"line":23,"column":13}},"line":19},"4":{"name":"(anonymous_4)","decl":{"start":{"line":20,"column":27},"end":{"line":20,"column":28}},"loc":{"start":{"line":20,"column":33},"end":{"line":22,"column":17}},"line":20},"5":{"name":"(anonymous_5)","decl":{"start":{"line":26,"column":46},"end":{"line":26,"column":47}},"loc":{"start":{"line":26,"column":52},"end":{"line":30,"column":13}},"line":26},"6":{"name":"(anonymous_6)","decl":{"start":{"line":33,"column":34},"end":{"line":33,"column":35}},"loc":{"start":{"line":33,"column":46},"end":{"line":39,"column":13}},"line":33},"7":{"name":"(anonymous_7)","decl":{"start":{"line":42,"column":8},"end":{"line":42,"column":9}},"loc":{"start":{"line":42,"column":21},"end":{"line":44,"column":9}},"line":42},"8":{"name":"(anonymous_8)","decl":{"start":{"line":46,"column":8},"end":{"line":46,"column":9}},"loc":{"start":{"line":46,"column":20},"end":{"line":48,"column":9}},"line":46},"9":{"name":"(anonymous_9)","decl":{"start":{"line":50,"column":8},"end":{"line":50,"column":9}},"loc":{"start":{"line":50,"column":19},"end":{"line":52,"column":9}},"line":50},"10":{"name":"(anonymous_10)","decl":{"start":{"line":60,"column":4},"end":{"line":60,"column":5}},"loc":{"start":{"line":60,"column":18},"end":{"line":67,"column":5}},"line":60},"11":{"name":"(anonymous_11)","decl":{"start":{"line":69,"column":4},"end":{"line":69,"column":5}},"loc":{"start":{"line":69,"column":11},"end":{"line":80,"column":5}},"line":69},"12":{"name":"(anonymous_12)","decl":{"start":{"line":82,"column":4},"end":{"line":82,"column":5}},"loc":{"start":{"line":82,"column":24},"end":{"line":86,"column":5}},"line":82},"13":{"name":"(anonymous_13)","decl":{"start":{"line":88,"column":4},"end":{"line":88,"column":5}},"loc":{"start":{"line":88,"column":23},"end":{"line":112,"column":5}},"line":88},"14":{"name":"(anonymous_14)","decl":{"start":{"line":114,"column":4},"end":{"line":114,"column":5}},"loc":{"start":{"line":114,"column":22},"end":{"line":118,"column":5}},"line":114},"15":{"name":"(anonymous_15)","decl":{"start":{"line":120,"column":4},"end":{"line":120,"column":5}},"loc":{"start":{"line":120,"column":24},"end":{"line":172,"column":5}},"line":120},"16":{"name":"(anonymous_16)","decl":{"start":{"line":128,"column":48},"end":{"line":128,"column":49}},"loc":{"start":{"line":128,"column":55},"end":{"line":134,"column":9}},"line":128},"17":{"name":"(anonymous_17)","decl":{"start":{"line":136,"column":47},"end":{"line":136,"column":48}},"loc":{"start":{"line":136,"column":54},"end":{"line":157,"column":9}},"line":136},"18":{"name":"(anonymous_18)","decl":{"start":{"line":159,"column":46},"end":{"line":159,"column":47}},"loc":{"start":{"line":159,"column":52},"end":{"line":171,"column":9}},"line":159},"19":{"name":"(anonymous_19)","decl":{"start":{"line":174,"column":4},"end":{"line":174,"column":5}},"loc":{"start":{"line":174,"column":25},"end":{"line":188,"column":5}},"line":174},"20":{"name":"(anonymous_20)","decl":{"start":{"line":176,"column":36},"end":{"line":176,"column":37}},"loc":{"start":{"line":176,"column":71},"end":{"line":182,"column":9}},"line":176},"21":{"name":"(anonymous_21)","decl":{"start":{"line":177,"column":47},"end":{"line":177,"column":48}},"loc":{"start":{"line":177,"column":54},"end":{"line":181,"column":13}},"line":177},"22":{"name":"(anonymous_22)","decl":{"start":{"line":190,"column":4},"end":{"line":190,"column":5}},"loc":{"start":{"line":190,"column":22},"end":{"line":194,"column":5}},"line":190},"23":{"name":"(anonymous_23)","decl":{"start":{"line":196,"column":4},"end":{"line":196,"column":5}},"loc":{"start":{"line":196,"column":21},"end":{"line":205,"column":5}},"line":196},"24":{"name":"(anonymous_24)","decl":{"start":{"line":207,"column":4},"end":{"line":207,"column":5}},"loc":{"start":{"line":207,"column":25},"end":{"line":226,"column":5}},"line":207},"25":{"name":"(anonymous_25)","decl":{"start":{"line":218,"column":23},"end":{"line":218,"column":24}},"loc":{"start":{"line":218,"column":29},"end":{"line":224,"column":13}},"line":218},"26":{"name":"(anonymous_26)","decl":{"start":{"line":233,"column":4},"end":{"line":233,"column":5}},"loc":{"start":{"line":233,"column":18},"end":{"line":235,"column":5}},"line":233},"27":{"name":"(anonymous_27)","decl":{"start":{"line":237,"column":4},"end":{"line":237,"column":5}},"loc":{"start":{"line":237,"column":11},"end":{"line":249,"column":5}},"line":237},"28":{"name":"(anonymous_28)","decl":{"start":{"line":251,"column":4},"end":{"line":251,"column":5}},"loc":{"start":{"line":251,"column":22},"end":{"line":268,"column":5}},"line":251},"29":{"name":"(anonymous_29)","decl":{"start":{"line":253,"column":59},"end":{"line":253,"column":60}},"loc":{"start":{"line":253,"column":82},"end":{"line":262,"column":13}},"line":253},"30":{"name":"(anonymous_30)","decl":{"start":{"line":254,"column":32},"end":{"line":254,"column":33}},"loc":{"start":{"line":254,"column":41},"end":{"line":261,"column":17}},"line":254},"31":{"name":"(anonymous_31)","decl":{"start":{"line":264,"column":63},"end":{"line":264,"column":64}},"loc":{"start":{"line":264,"column":70},"end":{"line":266,"column":13}},"line":264},"32":{"name":"(anonymous_32)","decl":{"start":{"line":270,"column":4},"end":{"line":270,"column":5}},"loc":{"start":{"line":270,"column":25},"end":{"line":287,"column":5}},"line":270},"33":{"name":"(anonymous_33)","decl":{"start":{"line":277,"column":54},"end":{"line":277,"column":55}},"loc":{"start":{"line":277,"column":60},"end":{"line":286,"column":9}},"line":277},"34":{"name":"(anonymous_34)","decl":{"start":{"line":279,"column":31},"end":{"line":279,"column":32}},"loc":{"start":{"line":279,"column":37},"end":{"line":285,"column":13}},"line":279},"35":{"name":"(anonymous_35)","decl":{"start":{"line":289,"column":4},"end":{"line":289,"column":5}},"loc":{"start":{"line":289,"column":24},"end":{"line":301,"column":5}},"line":289},"36":{"name":"(anonymous_36)","decl":{"start":{"line":291,"column":22},"end":{"line":291,"column":23}},"loc":{"start":{"line":291,"column":28},"end":{"line":294,"column":9}},"line":291},"37":{"name":"(anonymous_37)","decl":{"start":{"line":298,"column":53},"end":{"line":298,"column":54}},"loc":{"start":{"line":298,"column":59},"end":{"line":300,"column":9}},"line":298},"38":{"name":"(anonymous_38)","decl":{"start":{"line":303,"column":4},"end":{"line":303,"column":5}},"loc":{"start":{"line":303,"column":31},"end":{"line":317,"column":5}},"line":303},"39":{"name":"(anonymous_39)","decl":{"start":{"line":310,"column":31},"end":{"line":310,"column":32}},"loc":{"start":{"line":310,"column":38},"end":{"line":316,"column":9}},"line":310},"40":{"name":"(anonymous_40)","decl":{"start":{"line":324,"column":4},"end":{"line":324,"column":5}},"loc":{"start":{"line":324,"column":18},"end":{"line":326,"column":5}},"line":324},"41":{"name":"(anonymous_41)","decl":{"start":{"line":328,"column":4},"end":{"line":328,"column":5}},"loc":{"start":{"line":328,"column":11},"end":{"line":337,"column":5}},"line":328},"42":{"name":"(anonymous_42)","decl":{"start":{"line":339,"column":4},"end":{"line":339,"column":5}},"loc":{"start":{"line":339,"column":26},"end":{"line":370,"column":5}},"line":339},"43":{"name":"(anonymous_43)","decl":{"start":{"line":341,"column":66},"end":{"line":341,"column":67}},"loc":{"start":{"line":341,"column":72},"end":{"line":346,"column":9}},"line":341},"44":{"name":"(anonymous_44)","decl":{"start":{"line":349,"column":45},"end":{"line":349,"column":46}},"loc":{"start":{"line":349,"column":52},"end":{"line":369,"column":9}},"line":349},"45":{"name":"(anonymous_45)","decl":{"start":{"line":372,"column":4},"end":{"line":372,"column":5}},"loc":{"start":{"line":372,"column":30},"end":{"line":388,"column":5}},"line":372},"46":{"name":"(anonymous_46)","decl":{"start":{"line":382,"column":32},"end":{"line":382,"column":33}},"loc":{"start":{"line":382,"column":45},"end":{"line":387,"column":9}},"line":382},"47":{"name":"(anonymous_47)","decl":{"start":{"line":384,"column":23},"end":{"line":384,"column":24}},"loc":{"start":{"line":384,"column":29},"end":{"line":386,"column":13}},"line":384},"48":{"name":"(anonymous_48)","decl":{"start":{"line":390,"column":4},"end":{"line":390,"column":5}},"loc":{"start":{"line":390,"column":29},"end":{"line":402,"column":5}},"line":390},"49":{"name":"(anonymous_49)","decl":{"start":{"line":392,"column":45},"end":{"line":392,"column":46}},"loc":{"start":{"line":392,"column":52},"end":{"line":401,"column":9}},"line":392},"50":{"name":"(anonymous_50)","decl":{"start":{"line":406,"column":46},"end":{"line":406,"column":47}},"loc":{"start":{"line":406,"column":52},"end":{"line":410,"column":1}},"line":406}},"branchMap":{"0":{"loc":{"start":{"line":13,"column":16},"end":{"line":15,"column":17}},"type":"if","locations":[{"start":{"line":13,"column":16},"end":{"line":15,"column":17}},{"start":{},"end":{}}],"line":13},"1":{"loc":{"start":{"line":13,"column":20},"end":{"line":13,"column":53}},"type":"binary-expr","locations":[{"start":{"line":13,"column":20},"end":{"line":13,"column":38}},{"start":{"line":13,"column":42},"end":{"line":13,"column":53}}],"line":13},"2":{"loc":{"start":{"line":27,"column":16},"end":{"line":29,"column":17}},"type":"if","locations":[{"start":{"line":27,"column":16},"end":{"line":29,"column":17}},{"start":{},"end":{}}],"line":27},"3":{"loc":{"start":{"line":34,"column":16},"end":{"line":38,"column":17}},"type":"if","locations":[{"start":{"line":34,"column":16},"end":{"line":38,"column":17}},{"start":{"line":36,"column":23},"end":{"line":38,"column":17}}],"line":34},"4":{"loc":{"start":{"line":89,"column":8},"end":{"line":89,"column":59}},"type":"if","locations":[{"start":{"line":89,"column":8},"end":{"line":89,"column":59}},{"start":{},"end":{}}],"line":89},"5":{"loc":{"start":{"line":89,"column":12},"end":{"line":89,"column":50}},"type":"binary-expr","locations":[{"start":{"line":89,"column":12},"end":{"line":89,"column":29}},{"start":{"line":89,"column":33},"end":{"line":89,"column":50}}],"line":89},"6":{"loc":{"start":{"line":98,"column":8},"end":{"line":100,"column":9}},"type":"if","locations":[{"start":{"line":98,"column":8},"end":{"line":100,"column":9}},{"start":{},"end":{}}],"line":98},"7":{"loc":{"start":{"line":103,"column":8},"end":{"line":111,"column":9}},"type":"if","locations":[{"start":{"line":103,"column":8},"end":{"line":111,"column":9}},{"start":{},"end":{}}],"line":103},"8":{"loc":{"start":{"line":103,"column":12},"end":{"line":103,"column":86}},"type":"binary-expr","locations":[{"start":{"line":103,"column":12},"end":{"line":103,"column":29}},{"start":{"line":103,"column":33},"end":{"line":103,"column":61}},{"start":{"line":103,"column":65},"end":{"line":103,"column":86}}],"line":103},"9":{"loc":{"start":{"line":105,"column":12},"end":{"line":110,"column":13}},"type":"if","locations":[{"start":{"line":105,"column":12},"end":{"line":110,"column":13}},{"start":{},"end":{}}],"line":105},"10":{"loc":{"start":{"line":107,"column":16},"end":{"line":109,"column":17}},"type":"if","locations":[{"start":{"line":107,"column":16},"end":{"line":109,"column":17}},{"start":{},"end":{}}],"line":107},"11":{"loc":{"start":{"line":107,"column":20},"end":{"line":107,"column":69}},"type":"binary-expr","locations":[{"start":{"line":107,"column":20},"end":{"line":107,"column":38}},{"start":{"line":107,"column":42},"end":{"line":107,"column":69}}],"line":107},"12":{"loc":{"start":{"line":129,"column":12},"end":{"line":133,"column":13}},"type":"if","locations":[{"start":{"line":129,"column":12},"end":{"line":133,"column":13}},{"start":{},"end":{}}],"line":129},"13":{"loc":{"start":{"line":137,"column":12},"end":{"line":137,"column":35}},"type":"if","locations":[{"start":{"line":137,"column":12},"end":{"line":137,"column":35}},{"start":{},"end":{}}],"line":137},"14":{"loc":{"start":{"line":142,"column":12},"end":{"line":156,"column":13}},"type":"if","locations":[{"start":{"line":142,"column":12},"end":{"line":156,"column":13}},{"start":{},"end":{}}],"line":142},"15":{"loc":{"start":{"line":142,"column":16},"end":{"line":142,"column":56}},"type":"binary-expr","locations":[{"start":{"line":142,"column":16},"end":{"line":142,"column":32}},{"start":{"line":142,"column":36},"end":{"line":142,"column":56}}],"line":142},"16":{"loc":{"start":{"line":146,"column":16},"end":{"line":155,"column":17}},"type":"if","locations":[{"start":{"line":146,"column":16},"end":{"line":155,"column":17}},{"start":{},"end":{}}],"line":146},"17":{"loc":{"start":{"line":147,"column":20},"end":{"line":154,"column
[...]
mn":8},"end":{"line":232,"column":9}},"loc":{"start":{"line":232,"column":34},"end":{"line":244,"column":9}},"line":232},"14":{"name":"(anonymous_14)","decl":{"start":{"line":249,"column":8},"end":{"line":249,"column":9}},"loc":{"start":{"line":249,"column":34},"end":{"line":261,"column":9}},"line":249},"15":{"name":"(anonymous_15)","decl":{"start":{"line":266,"column":8},"end":{"line":266,"column":9}},"loc":{"start":{"line":266,"column":25},"end":{"line":279,"column":9}},"line":266},"16":{"name":"(anonymous_16)","decl":{"start":{"line":284,"column":8},"end":{"line":284,"column":9}},"loc":{"start":{"line":284,"column":34},"end":{"line":296,"column":9}},"line":284},"17":{"name":"(anonymous_17)","decl":{"start":{"line":301,"column":8},"end":{"line":301,"column":9}},"loc":{"start":{"line":301,"column":31},"end":{"line":311,"column":9}},"line":301},"18":{"name":"(anonymous_18)","decl":{"start":{"line":316,"column":8},"end":{"line":316,"column":9}},"loc":{"start":{"line":316,"column":38},"end":{"line":332,"column":9}},"line":316},"19":{"name":"(anonymous_19)","decl":{"start":{"line":337,"column":8},"end":{"line":337,"column":9}},"loc":{"start":{"line":337,"column":34},"end":{"line":356,"column":9}},"line":337},"20":{"name":"(anonymous_20)","decl":{"start":{"line":361,"column":8},"end":{"line":361,"column":9}},"loc":{"start":{"line":361,"column":38},"end":{"line":376,"column":9}},"line":361},"21":{"name":"(anonymous_21)","decl":{"start":{"line":381,"column":8},"end":{"line":381,"column":9}},"loc":{"start":{"line":381,"column":35},"end":{"line":400,"column":9}},"line":381},"22":{"name":"(anonymous_22)","decl":{"start":{"line":405,"column":8},"end":{"line":405,"column":9}},"loc":{"start":{"line":405,"column":29},"end":{"line":424,"column":9}},"line":405},"23":{"name":"(anonymous_23)","decl":{"start":{"line":429,"column":8},"end":{"line":429,"column":9}},"loc":{"start":{"line":429,"column":38},"end":{"line":457,"column":9}},"line":429},"24":{"name":"(anonymous_24)","decl":{"start":{"line":462,"column":8},"end":{"line":462,"column":9}},"loc":{"start":{"line":462,"column":39},"end":{"line":483,"column":9}},"line":462},"25":{"name":"(anonymous_25)","decl":{"start":{"line":488,"column":8},"end":{"line":488,"column":9}},"loc":{"start":{"line":488,"column":37},"end":{"line":507,"column":9}},"line":488},"26":{"name":"(anonymous_26)","decl":{"start":{"line":512,"column":8},"end":{"line":512,"column":9}},"loc":{"start":{"line":512,"column":33},"end":{"line":530,"column":9}},"line":512},"27":{"name":"(anonymous_27)","decl":{"start":{"line":535,"column":8},"end":{"line":535,"column":9}},"loc":{"start":{"line":535,"column":31},"end":{"line":549,"column":9}},"line":535},"28":{"name":"(anonymous_28)","decl":{"start":{"line":554,"column":8},"end":{"line":554,"column":9}},"loc":{"start":{"line":554,"column":32},"end":{"line":573,"column":9}},"line":554},"29":{"name":"(anonymous_29)","decl":{"start":{"line":578,"column":8},"end":{"line":578,"column":9}},"loc":{"start":{"line":578,"column":29},"end":{"line":597,"column":9}},"line":578},"30":{"name":"(anonymous_30)","decl":{"start":{"line":602,"column":8},"end":{"line":602,"column":9}},"loc":{"start":{"line":602,"column":34},"end":{"line":620,"column":9}},"line":602},"31":{"name":"(anonymous_31)","decl":{"start":{"line":625,"column":8},"end":{"line":625,"column":9}},"loc":{"start":{"line":625,"column":35},"end":{"line":644,"column":9}},"line":625},"32":{"name":"(anonymous_32)","decl":{"start":{"line":649,"column":8},"end":{"line":649,"column":9}},"loc":{"start":{"line":649,"column":21},"end":{"line":665,"column":9}},"line":649},"33":{"name":"(anonymous_33)","decl":{"start":{"line":656,"column":43},"end":{"line":656,"column":44}},"loc":{"start":{"line":656,"column":50},"end":{"line":656,"column":89}},"line":656},"34":{"name":"(anonymous_34)","decl":{"start":{"line":661,"column":43},"end":{"line":661,"column":44}},"loc":{"start":{"line":661,"column":50},"end":{"line":661,"column":79}},"line":661},"35":{"name":"(anonymous_35)","decl":{"start":{"line":670,"column":8},"end":{"line":670,"column":9}},"loc":{"start":{"line":670,"column":28},"end":{"line":681,"column":9}},"line":670},"36":{"name":"(anonymous_36)","decl":{"start":{"line":672,"column":54},"end":{"line":672,"column":55}},"loc":{"start":{"line":672,"column":60},"end":{"line":674,"column":17}},"line":672},"37":{"name":"(anonymous_37)","decl":{"start":{"line":686,"column":8},"end":{"line":686,"column":9}},"loc":{"start":{"line":686,"column":28},"end":{"line":689,"column":9}},"line":686},"38":{"name":"(anonymous_38)","decl":{"start":{"line":694,"column":8},"end":{"line":694,"column":9}},"loc":{"start":{"line":694,"column":26},"end":{"line":714,"column":9}},"line":694},"39":{"name":"(anonymous_39)","decl":{"start":{"line":719,"column":8},"end":{"line":719,"column":9}},"loc":{"start":{"line":719,"column":29},"end":{"line":745,"column":9}},"line":719},"40":{"name":"(anonymous_40)","decl":{"start":{"line":750,"column":8},"end":{"line":750,"column":9}},"loc":{"start":{"line":750,"column":38},"end":{"line":772,"column":9}},"line":750},"41":{"name":"(anonymous_41)","decl":{"start":{"line":777,"column":8},"end":{"line":777,"column":9}},"loc":{"start":{"line":777,"column":26},"end":{"line":785,"column":9}},"line":777},"42":{"name":"(anonymous_42)","decl":{"start":{"line":790,"column":8},"end":{"line":790,"column":9}},"loc":{"start":{"line":790,"column":31},"end":{"line":792,"column":9}},"line":790},"43":{"name":"(anonymous_43)","decl":{"start":{"line":797,"column":8},"end":{"line":797,"column":9}},"loc":{"start":{"line":797,"column":33},"end":{"line":800,"column":9}},"line":797},"44":{"name":"(anonymous_44)","decl":{"start":{"line":805,"column":8},"end":{"line":805,"column":9}},"loc":{"start":{"line":805,"column":52},"end":{"line":813,"column":9}},"line":805},"45":{"name":"(anonymous_45)","decl":{"start":{"line":810,"column":23},"end":{"line":810,"column":24}},"loc":{"start":{"line":810,"column":29},"end":{"line":812,"column":13}},"line":810}},"branchMap":{"0":{"loc":{"start":{"line":130,"column":16},"end":{"line":130,"column":82}},"type":"if","locations":[{"start":{"line":130,"column":16},"end":{"line":130,"column":82}},{"start":{},"end":{}}],"line":130},"1":{"loc":{"start":{"line":147,"column":16},"end":{"line":147,"column":81}},"type":"if","locations":[{"start":{"line":147,"column":16},"end":{"line":147,"column":81}},{"start":{},"end":{}}],"line":147},"2":{"loc":{"start":{"line":164,"column":16},"end":{"line":164,"column":83}},"type":"if","locations":[{"start":{"line":164,"column":16},"end":{"line":164,"column":83}},{"start":{},"end":{}}],"line":164},"3":{"loc":{"start":{"line":184,"column":12},"end":{"line":187,"column":13}},"type":"if","locations":[{"start":{"line":184,"column":12},"end":{"line":187,"column":13}},{"start":{},"end":{}}],"line":184},"4":{"loc":{"start":{"line":184,"column":16},"end":{"line":184,"column":76}},"type":"binary-expr","locations":[{"start":{"line":184,"column":16},"end":{"line":184,"column":32}},{"start":{"line":184,"column":36},"end":{"line":184,"column":55}},{"start":{"line":184,"column":59},"end":{"line":184,"column":76}}],"line":184},"5":{"loc":{"start":{"line":190,"column":47},"end":{"line":190,"column":94}},"type":"binary-expr","locations":[{"start":{"line":190,"column":47},"end":{"line":190,"column":67}},{"start":{"line":190,"column":71},"end":{"line":190,"column":94}}],"line":190},"6":{"loc":{"start":{"line":191,"column":12},"end":{"line":194,"column":13}},"type":"if","locations":[{"start":{"line":191,"column":12},"end":{"line":194,"column":13}},{"start":{},"end":{}}],"line":191},"7":{"loc":{"start":{"line":197,"column":12},"end":{"line":200,"column":13}},"type":"if","locations":[{"start":{"line":197,"column":12},"end":{"line":200,"column":13}},{"start":{},"end":{}}],"line":197},"8":{"loc":{"start":{"line":197,"column":16},"end":{"line":197,"column":76}},"type":"binary-expr","locations":[{"start":{"line":197,"column":16},"end":{"line":197,"column":32}},{"start":{"line":197,"column":36},"end":{"line":197,"column":55}},{"start":{"line":197,"column":59},"end":{"line":197,"column":76}}],"line":197},"9":{"loc":{"start":{"line":203,"column":49},"end":{"line":203,"column":96}},"type":"binary-expr","locations":[{"start":{"line":203,"column":49},"end":{"line":203,"column":69}},{"start":{"line":203,"column":73},"end":{"line":203,"column":96}}],"line":203},"10":{"loc":{"start":{"line":204,"column":12},"end":{"line":207,"column":13}},"type":"if","locations":[{"start":{"line":204,"column":12},"end":{"line":207,"column":13}},{"start":{},"end":{}}],"line":204},"11":{"loc":{"start":{"line":218,"column":16},"end":{"line":218,"column":76}},"type":"if","locations":[{"start":{"line":218,"column":16},"end":{"line":218,"column":76}},{"start":{},"end":{}}],"line":218},"12":{"loc":{"start":{"line":235,"column":16},"end":{"line":235,"column":83}},"type":"if","locations":[{"start":{"line":235,"column":16},"end":{"line":235,"column":83}},{"start":{},"end":{}}],"line":235},"13":{"loc":{"start":{"line":252,"column":16},"end":{"line":252,"column":82}},"type":"if","locations":[{"start":{"line":252,"column":16},"end":{"line":252,"column":82}},{"start":{},"end":{}}],"line":252},"14":{"loc":{"start":{"line":269,"column":16},"end":{"line":269,"column":73}},"type":"if","locations":[{"start":{"line":269,"column":16},"end":{"line":269,"column":73}},{"start":{},"end":{}}],"line":269},"15":{"loc":{"start":{"line":287,"column":16},"end":{"line":287,"column":76}},"type":"if","locations":[{"start":{"line":287,"column":16},"end":{"line":287,"column":76}},{"start":{},"end":{}}],"line":287},"16":{"loc":{"start":{"line":318,"column":33},"end":{"line":318,"column":70}},"type":"cond-expr","locations":[{"start":{"line":318,"column":54},"end":{"line":318,"column":59}},{"start":{"line":318,"column":62},"end":{"line":318,"column":70}}],"line":318},"17":{"loc":{"start":{"line":323,"column":16},"end":{"line":323,"column":82}},"type":"if","locations":[{"start":{"line":323,"column":16},"end":{"line":323,"column":82}},{"start":{},"end":{}}],"line":323},"18":{"loc":{"start":{"line":326,"column":48},"end":{"line":326,"column":88}},"type":"cond-expr","locations":[{"start":{"line":326,"column":69},"end":{"line":326,"column":76}},{"start":{"line":326,"column":79},"end":{"line":326,"column":88}}],"line":326},"19":{"loc":{"start":{"line":338,"column":12},"end":{"line":340,"column":13}},"type":"if","locations":[{"start":{"line":338,"column":12},"end":{"line":340,"column":13}},{"start":{},"end":{}}],"line":338},"20":{"loc":{"start":{"line":347,"column":16},"end":{"line":347,"column":79}},"type":"if","locations":[{"start":{"line":347,"column":16},"end":{"line":347,"column":79}},{"start":{},"end":{}}],"line":347},"21":{"loc":{"start":{"line":367,"column":16},"end":{"line":367,"column":78}},"type":"if","locations":[{"start":{"line":367,"column":16},"end":{"line":367,"column":78}},{"start":{},"end":{}}],"line":367},"22":{"loc":{"start":{"line":382,"column":12},"end":{"line":384,"column":13}},"type":"if","locations":[{"start":{"line":382,"column":12},"end":{"line":384,"column":13}},{"start":{},"end":{}}],"line":382},"23":{"loc":{"start":{"line":391,"column":16},"end":{"line":391,"column":75}},"type":"if","locations":[{"start":{"line":391,"column":16},"end":{"line":391,"column":75}},{"start":{},"end":{}}],"line":391},"24":{"loc":{"start":{"line":412,"column":16},"end":{"line":412,"column":77}},"type":"if","locations":[{"start":{"line":412,"column":16},"end":{"line":412,"column":77}},{"start":{},"end":{}}],"line":412},"25":{"loc":{"start":{"line":431,"column":12},"end":{"line":431,"column":30}},"type":"if","locations":[{"start":{"line":431,"column":12},"end":{"line":431,"column":30}},{"start":{},"end":{}}],"line":431},"26":{"loc":{"start":{"line":433,"column":12},"end":{"line":436,"column":13}},"type":"if","locations":[{"start":{"line":433,"column":12},"end":{"line":436,"column":13}},{"start":{},"end":{}}],"line":433},"27":{"loc":{"start":{"line":447,"column":16},"end":{"line":447,"column":78}},"type":"if","locations":[{"start":{"line":447,"column":16},"end":{"line":447,"column":78}},{"start":{},"end":{}}],"line":447},"28":{"loc":{"start":{"line":465,"column":16},"end":{"line":465,"column":79}},"type":"if","locations":[{"start":{"line":465,"column":16},"end":{"line":465,"column":79}},{"start":{},"end":{}}],"line":465},"29":{"loc":{"start":{"line":489,"column":12},"end":{"line":491,"column":13}},"type":"if","locations":[{"start":{"line":489,"column":12},"end":{"line":491,"column":13}},{"start":{},"end":{}}],"line":489},"30":{"loc":{"start":{"line":498,"column":16},"end":{"line":498,"column":77}},"type":"if","locations":[{"start":{"line":498,"column":16},"end":{"line":498,"column":77}},{"start":{},"end":{}}],"line":498},"31":{"loc":{"start":{"line":519,"column":16},"end":{"line":519,"column":81}},"type":"if","locations":[{"start":{"line":519,"column":16},"end":{"line":519,"column":81}},{"start":{},"end":{}}],"line":519},"32":{"loc":{"start":{"line":541,"column":16},"end":{"line":541,"column":79}},"type":"if","locations":[{"start":{"line":541,"column":16},"end":{"line":541,"column":79}},{"start":{},"end":{}}],"line":541},"33":{"loc":{"start":{"line":555,"column":12},"end":{"line":557,"column":13}},"type":"if","locations":[{"start":{"line":555,"column":12},"end":{"line":557,"column":13}},{"start":{},"end":{}}],"line":555},"34":{"loc":{"start":{"line":564,"column":16},"end":{"line":564,"column":86}},"type":"if","locations":[{"start":{"line":564,"column":16},"end":{"line":564,"column":86}},{"start":{},"end":{}}],"line":564},"35":{"loc":{"start":{"line":584,"column":16},"end":{"line":584,"column":77}},"type":"if","locations":[{"start":{"line":584,"column":16},"end":{"line":584,"column":77}},{"start":{},"end":{}}],"line":584},"36":{"loc":{"start":{"line":587,"column":16},"end":{"line":591,"column":17}},"type":"if","locations":[{"start":{"line":587,"column":16},"end":{"line":591,"column":17}},{"start":{"line":589,"column":23},"end":{"line":591,"column":17}}],"line":587},"37":{"loc":{"start":{"line":612,"column":16},"end":{"line":612,"column":82}},"type":"if","locations":[{"start":{"line":612,"column":16},"end":{"line":612,"column":82}},{"start":{},"end":{}}],"line":612},"38":{"loc":{"start":{"line":626,"column":12},"end":{"line":628,"column":13}},"type":"if","locations":[{"start":{"line":626,"column":12},"end":{"line":628,"column":13}},{"start":{},"end":{}}],"line":626},"39":{"loc":{"start":{"line":635,"column":16},"end":{"line":635,"column":83}},"type":"if","locations":[{"start":{"line":635,"column":16},"end":{"line":635,"column":83}},{"start":{},"end":{}}],"line":635},"40":{"loc":{"start":{"line":653,"column":12},"end":{"line":657,"column":13}},"type":"if","locations":[{"start":{"line":653,"column":12},"end":{"line":657,"column":13}},{"start":{},"end":{}}],"line":653},"41":{"loc":{"start":{"line":660,"column":12},"end":{"line":662,"column":13}},"type":"if","locations":[{"start":{"line":660,"column":12},"end":{"line":662,"column":13}},{"start":{},"end":{}}],"line":660},"42":{"loc":{"start":{"line":671,"column":12},"end":{"line":680,"column":13}},"type":"if","locations":[{"start":{"line":671,"column":12},"end":{"line":680,"column":13}},{"start":{"line":675,"column":19},"end":{"line":680,"column":13}}],"line":671},"43":{"loc":{"start":{"line":676,"column":16},"end":{"line":679,"column":17}},"type":"if","locations":[{"start":{"line":676,"column":16},"end":{"line":679,"column":17}},{"start":{},"end":{}}],"line":676},"44":{"loc":{"start":{"line":695,"column":12},"end":{"line":697,"column":13}},"type":"if","locations":[{"start":{"line":695,"column":12},"end":{"line":697,"column":13}},{"start":{},"end":{}}],"line":695},"45":{"loc":{"start":{"line":704,"column":16},"end":{"line":704,"column":74}},"type":"if","locations":[{"start":{"line":704,"column":16},"end":{"line":704,"column":74}},{"start":{},"end":{}}],"line":704},"46":{"loc":{"start":{"line":727,"column":16},"end":{"line":727,"column":77}},"type":"if","locations":[{"start":{"line":727,"column":16},"end":{"line":727,"column":77}},{"start":{},"end":{}}],"line":727},"47":{"loc":{"start":{"line":763,"column":16},"end":{"line":763,"column":87}},"type":"if","locations":[{"start":{"line":763,"column":16},"end":{"line":763,"column":87}},{"start":{},"end":{}}],"line":763},"48":{"loc":{"start":{"line":778,"column":12},"end":{"line":778,"column":46}},"type":"if","locations":[{"start":{"line":778,"column":12},"end":{"line":778,"column":46}},{"start":{},"end":{}}],"line":778},"49":{"loc":{"start":{"line":805,"column":34},"end":{"line":805,"column":50}},"type":"default-arg","locations":[{"start":{"line":805,"column":41},"end":{"line":805,"column":50}}],"line":805}},"s":{"0":0,"1":0,"2":0,"3":0,"4":0,"5":0,"6":0,"7":0,"8":0,"9":0,"10":0,"11":0,"12":0,"13":0,"14":0,"15":0,"16":0,"17":0,"18":0,"19":0,"20":0,"21":0,"22":0,"23":0,"24":0,"25":0,"26":0,"27":0,"28":0,"29":0,"30":0,"31":0,"32":0,"33":0,"34":0,"35":0,"36":0,"37":0,"38":0,"39":0,"40":0,"41":0,"42":0,"43":0,"44":0,"45":0,"46":0,"47":0,"48":0,"49":0,"50":0,"51":0,"52":0,"53":0,"54":0,"55":0,"56":0,"57":0,"58":0,"59":0,"60":0,"61":0,"62":0,"63":0,"64":0,"65":0,"66":0,"67":0,"68":0,"69":0,"70":0,"71":0,"72":0,"73":0,"74":0,"75":0,"76":0,"77":0,"78":0,"79":0,"80":0,"81":0,"82":0,"83":0,"84":0,"85":0,"86":0,"87":0,"88":0,"89":0,"90":0,"91":0,"92":0,"93":0,"94":0,"95":0,"96":0,"97":0,"98":0,"99":0,"100":0,"101":0,"102":0,"103":0,"104":0,"105":0,"106":0,"107":0,"108":0,"109":0,"110":0,"111":0,"112":0,"113":0,"114":0,"115":0,"116":0,"117":0,"118":0,"119":0,"120":0,"121":0,"122":0,"123":0,"124":0,"125":0,"126":0,"127":0,"128":0,"129":0,"130":0,"131":0,"132":0,"133":0,"134":0,"135":0,"136":0,"137":0,"138":0,"139":0,"140":0,"141":0,"142":0,"143":0,"144":0,"145":0,"146":0,"147":0,"148":0,"149":0,"150":0,"151":0,"152":0,"153":0,"154":0,"155":0,"156":0,"157":0,"158":0,"159":0,"160":0,"161":0,"162":0,"163":0,"164":0,"165":0,"166":0,"167":0,"168":0,"169":0,"170":0,"171":0,"172":0,"173":0,"174":0,"175":0,"176":0,"177":0,"178":0,"179":0,"180":0,"181":0,"182":0,"183":0,"184":0,"185":0,"186":0,"187":0,"188":0,"189":0,"190":0,"191":0,"192":0,"193":0,"194":0,"195":0,"196":0,"197":0,"198":0,"199":0,"200":0,"201":0,"202":0,"203":0,"204":0,"205":0,"206":0,"207":0,"208":0,"209":0,"210":0,"211":0,"212":0,"213":0,"214":0,"215":0,"216":0,"217":0,"218":0,"219":0,"220":0,"221":0,"222":0,"223":0,"224":0,"225":0,"226":0,"227":0,"228":0,"229":0,"230":0,"231":0,"232":0,"233":0,"234":0,"235":0,"236":0,"237":0,"238":0,"239":0,"240":0,"241":0,"242":0,"243":0,"244":0,"245":0,"246":0,"247":0,"248":0,"249":0,"250":0,"251":0,"252":0,"253":0,"254":0,"255":0,"256":0,"257":0,"258":0,"259":0,"260":0,"261":0,"262":0,"263":0,"264":0,"265":0,"266":0,"267":0,"268":0,"269":0,"270":0,"271":0,"272":0,"273":0,"274":0,"275":0,"276":0,"277":0,"278":0,"279":0,"280":0,"281":0,"282":0,"283":0,"284":0,"285":0,"286":0,"287":0,"288":0,"289":0,"290":0,"291":0,"292":0,"293":0,"294":0,"295":0,"296":0,"297":0,"298":0,"299":0,"300":0,"301":0,"302":0,"303":0,"304":0,"305":0,"306":0,"307":0,"308":0,"309":0,"310":0},"f":{"0":0,"1":0,"2":0,"3":0,"4":0,"5":0,"6":0,"7":0,"8":0,"9":0,"10":0,"11":0,"12":0,"13":0,"14":0,"15":0,"16":0,"17":0,"18":0,"19":0,"20":0,"21":0,"22":0,"23":0,"24":0,"25":0,"26":0,"27":0,"28":0,"29":0,"30":0,"31":0,"32":0,"33":0,"34":0,"35":0,"36":0,"37":0,"38":0,"39":0,"40":0,"41":0,"42":0,"43":0,"44":0,"45":0},"b":{"0":[0,0],"1":[0,0],"2":[0,0],"3":[0,0],"4":[0,0,0],"5":[0,0],"6":[0,0],"7":[0,0],"8":[0,0,0],"9":[0,0],"10":[0,0],"11":[0,0],"12":[0,0],"13":[0,0],"14":[0,0],"15":[0,0],"16":[0,0],"17":[0,0],"18":[0,0],"19":[0,0],"20":[0,0],"21":[0,0],"22":[0,0],"23":[0,0],"24":[0,0],"25":[0,0],"26":[0,0],"27":[0,0],"28":[0,0],"29":[0,0],"30":[0,0],"31":[0,0],"32":[0,0],"33":[0,0],"34":[0,0],"35":[0,0],"36":[0,0],"37":[0,0],"38":[0,0],"39":[0,0],"40":[0,0],"41":[0,0],"42":[0,0],"43":[0,0],"44":[0,0],"45":[0,0],"46":[0,0],"47":[0,0],"48":[0,0],"49":[0]}}
}
