{"total": {"lines":{"total":1778,"covered":0,"skipped":0,"pct":0},"statements":{"total":1897,"covered":0,"skipped":0,"pct":0},"functions":{"total":441,"covered":0,"skipped":0,"pct":0},"branches":{"total":756,"covered":0,"skipped":0,"pct":0},"branchesTrue":{"total":0,"covered":0,"skipped":0,"pct":100}}
,"/home/anxilinux/DeepVault/models/Lora/lora-manager/app/frontend/static/js/alpine-config.js": {"lines":{"total":119,"covered":0,"skipped":0,"pct":0},"functions":{"total":44,"covered":0,"skipped":0,"pct":0},"statements":{"total":130,"covered":0,"skipped":0,"pct":0},"branches":{"total":37,"covered":0,"skipped":0,"pct":0}}
,"/home/anxilinux/DeepVault/models/Lora/lora-manager/app/frontend/static/js/common.js": {"lines":{"total":81,"covered":0,"skipped":0,"pct":0},"functions":{"total":21,"covered":0,"skipped":0,"pct":0},"statements":{"total":83,"covered":0,"skipped":0,"pct":0},"branches":{"total":35,"covered":0,"skipped":0,"pct":0}}
,"/home/anxilinux/DeepVault/models/Lora/lora-manager/app/frontend/static/js/htmx-config.js": {"lines":{"total":83,"covered":0,"skipped":0,"pct":0},"functions":{"total":26,"covered":0,"skipped":0,"pct":0},"statements":{"total":83,"covered":0,"skipped":0,"pct":0},"branches":{"total":43,"covered":0,"skipped":0,"pct":0}}
,"/home/anxilinux/DeepVault/models/Lora/lora-manager/app/frontend/static/js/mobile-nav.js": {"lines":{"total":176,"covered":0,"skipped":0,"pct":0},"functions":{"total":51,"covered":0,"skipped":0,"pct":0},"statements":{"total":178,"covered":0,"skipped":0,"pct":0},"branches":{"total":96,"covered":0,"skipped":0,"pct":0}}
,"/home/anxilinux/DeepVault/models/Lora/lora-manager/app/frontend/static/js/pwa-manager.js": {"lines":{"total":168,"covered":0,"skipped":0,"pct":0},"functions":{"total":45,"covered":0,"skipped":0,"pct":0},"statements":{"total":174,"covered":0,"skipped":0,"pct":0},"branches":{"total":77,"covered":0,"skipped":0,"pct":0}}
,"/home/anxilinux/DeepVault/models/Lora/lora-manager/app/frontend/static/js/components/generation-history.js": {"lines":{"total":204,"covered":0,"skipped":0,"pct":0},"functions":{"total":39,"covered":0,"skipped":0,"pct":0},"statements":{"total":218,"covered":0,"skipped":0,"pct":0},"branches":{"total":98,"covered":0,"skipped":0,"pct":0}}
,"/home/anxilinux/DeepVault/models/Lora/lora-manager/app/frontend/static/js/components/generation-studio.js": {"lines":{"total":163,"covered":0,"skipped":0,"pct":0},"functions":{"total":39,"covered":0,"skipped":0,"pct":0},"statements":{"total":172,"covered":0,"skipped":0,"pct":0},"branches":{"total":66,"covered":0,"skipped":0,"pct":0}}
,"/home/anxilinux/DeepVault/models/Lora/lora-manager/app/frontend/static/js/components/import-export.js": {"lines":{"total":204,"covered":0,"skipped":0,"pct":0},"functions":{"total":53,"covered":0,"skipped":0,"pct":0},"statements":{"total":216,"covered":0,"skipped":0,"pct":0},"branches":{"total":81,"covered":0,"skipped":0,"pct":0}}
,"/home/anxilinux/DeepVault/models/Lora/lora-manager/app/frontend/static/js/components/performance-analytics.js": {"lines":{"total":150,"covered":0,"skipped":0,"pct":0},"functions":{"total":36,"covered":0,"skipped":0,"pct":0},"statements":{"total":166,"covered":0,"skipped":0,"pct":0},"branches":{"total":53,"covered":0,"skipped":0,"pct":0}}
,"/home/anxilinux/DeepVault/models/Lora/lora-manager/app/frontend/static/js/components/prompt-composer.js": {"lines":{"total":150,"covered":0,"skipped":0,"pct":0},"functions":{"total":41,"covered":0,"skipped":0,"pct":0},"statements":{"total":166,"covered":0,"skipped":0,"pct":0},"branches":{"total":69,"covered":0,"skipped":0,"pct":0}}
,"/home/anxilinux/DeepVault/models/Lora/lora-manager/app/frontend/static/js/components/system-admin.js": {"lines":{"total":280,"covered":0,"skipped":0,"pct":0},"functions":{"total":46,"covered":0,"skipped":0,"pct":0},"statements":{"total":311,"covered":0,"skipped":0,"pct":0},"branches":{"total":101,"covered":0,"skipped":0,"pct":0}}
}
