TN:
SF:app/frontend/static/js/alpine-config.js
FN:4,(anonymous_0)
FN:15,(anonymous_1)
FN:29,(anonymous_2)
FN:30,(anonymous_3)
FN:50,(anonymous_4)
FN:62,(anonymous_5)
FN:74,(anonymous_6)
FN:79,(anonymous_7)
FN:83,(anonymous_8)
FN:84,(anonymous_9)
FN:87,(anonymous_10)
FN:99,(anonymous_11)
FN:107,(anonymous_12)
FN:113,(anonymous_13)
FN:118,(anonymous_14)
FN:124,(anonymous_15)
FN:129,(anonymous_16)
FN:137,(anonymous_17)
FN:140,(anonymous_18)
FN:147,(anonymous_19)
FN:159,(anonymous_20)
FN:163,(anonymous_21)
FN:169,(anonymous_22)
FN:177,(anonymous_23)
FN:185,(anonymous_24)
FN:195,(anonymous_25)
FN:199,(anonymous_26)
FN:210,(anonymous_27)
FN:216,(anonymous_28)
FN:223,(anonymous_29)
FN:226,(anonymous_30)
FN:231,(anonymous_31)
FN:235,(anonymous_32)
FN:239,(anonymous_33)
FN:244,(anonymous_34)
FN:255,(anonymous_35)
FN:256,(anonymous_36)
FN:263,(anonymous_37)
FN:264,(anonymous_38)
FN:272,(anonymous_39)
FN:280,(anonymous_40)
FN:285,(anonymous_41)
FN:296,(anonymous_42)
FN:307,(anonymous_43)
FNF:44
FNH:0
FNDA:0,(anonymous_0)
FNDA:0,(anonymous_1)
FNDA:0,(anonymous_2)
FNDA:0,(anonymous_3)
FNDA:0,(anonymous_4)
FNDA:0,(anonymous_5)
FNDA:0,(anonymous_6)
FNDA:0,(anonymous_7)
FNDA:0,(anonymous_8)
FNDA:0,(anonymous_9)
FNDA:0,(anonymous_10)
FNDA:0,(anonymous_11)
FNDA:0,(anonymous_12)
FNDA:0,(anonymous_13)
FNDA:0,(anonymous_14)
FNDA:0,(anonymous_15)
FNDA:0,(anonymous_16)
FNDA:0,(anonymous_17)
FNDA:0,(anonymous_18)
FNDA:0,(anonymous_19)
FNDA:0,(anonymous_20)
FNDA:0,(anonymous_21)
FNDA:0,(anonymous_22)
FNDA:0,(anonymous_23)
FNDA:0,(anonymous_24)
FNDA:0,(anonymous_25)
FNDA:0,(anonymous_26)
FNDA:0,(anonymous_27)
FNDA:0,(anonymous_28)
FNDA:0,(anonymous_29)
FNDA:0,(anonymous_30)
FNDA:0,(anonymous_31)
FNDA:0,(anonymous_32)
FNDA:0,(anonymous_33)
FNDA:0,(anonymous_34)
FNDA:0,(anonymous_35)
FNDA:0,(anonymous_36)
FNDA:0,(anonymous_37)
FNDA:0,(anonymous_38)
FNDA:0,(anonymous_39)
FNDA:0,(anonymous_40)
FNDA:0,(anonymous_41)
FNDA:0,(anonymous_42)
FNDA:0,(anonymous_43)
DA:4,0
DA:6,0
DA:16,0
DA:17,0
DA:18,0
DA:19,0
DA:20,0
DA:23,0
DA:25,0
DA:30,0
DA:31,0
DA:33,0
DA:35,0
DA:36,0
DA:40,0
DA:41,0
DA:42,0
DA:45,0
DA:46,0
DA:51,0
DA:52,0
DA:53,0
DA:54,0
DA:57,0
DA:59,0
DA:64,0
DA:71,0
DA:75,0
DA:76,0
DA:78,0
DA:79,0
DA:84,0
DA:88,0
DA:93,0
DA:100,0
DA:102,0
DA:103,0
DA:105,0
DA:107,0
DA:108,0
DA:109,0
DA:110,0
DA:113,0
DA:114,0
DA:115,0
DA:118,0
DA:119,0
DA:120,0
DA:121,0
DA:124,0
DA:125,0
DA:130,0
DA:131,0
DA:132,0
DA:133,0
DA:138,0
DA:139,0
DA:140,0
DA:141,0
DA:142,0
DA:149,0
DA:150,0
DA:151,0
DA:152,0
DA:159,0
DA:164,0
DA:165,0
DA:166,0
DA:170,0
DA:172,0
DA:179,0
DA:185,0
DA:196,0
DA:200,0
DA:201,0
DA:202,0
DA:203,0
DA:206,0
DA:211,0
DA:217,0
DA:223,0
DA:227,0
DA:228,0
DA:232,0
DA:235,0
DA:236,0
DA:239,0
DA:240,0
DA:245,0
DA:246,0
DA:247,0
DA:248,0
DA:251,0
DA:256,0
DA:257,0
DA:258,0
DA:259,0
DA:264,0
DA:265,0
DA:270,0
DA:273,0
DA:274,0
DA:275,0
DA:276,0
DA:281,0
DA:286,0
DA:287,0
DA:288,0
DA:290,0
DA:291,0
DA:297,0
DA:298,0
DA:299,0
DA:300,0
DA:301,0
DA:302,0
DA:307,0
DA:308,0
DA:309,0
LF:119
LH:0
BRDA:19,0,0,0
BRDA:19,0,1,0
BRDA:31,1,0,0
BRDA:31,1,1,0
BRDA:33,2,0,0
BRDA:33,2,1,0
BRDA:40,3,0,0
BRDA:40,3,1,0
BRDA:42,4,0,0
BRDA:42,4,1,0
BRDA:53,5,0,0
BRDA:53,5,1,0
BRDA:62,6,0,0
BRDA:74,7,0,0
BRDA:74,8,0,0
BRDA:78,9,0,0
BRDA:78,9,1,0
BRDA:100,10,0,0
BRDA:100,10,1,0
BRDA:102,11,0,0
BRDA:102,11,1,0
BRDA:130,12,0,0
BRDA:130,12,1,0
BRDA:138,13,0,0
BRDA:138,13,1,0
BRDA:149,14,0,0
BRDA:149,14,1,0
BRDA:151,15,0,0
BRDA:151,15,1,0
BRDA:202,16,0,0
BRDA:202,16,1,0
BRDA:247,17,0,0
BRDA:247,17,1,0
BRDA:257,18,0,0
BRDA:257,18,1,0
BRDA:274,19,0,0
BRDA:274,19,1,0
BRF:37
BRH:0
end_of_record
TN:
SF:app/frontend/static/js/common.js
FN:16,(anonymous_0)
FN:26,(anonymous_1)
FN:61,(anonymous_2)
FN:82,(anonymous_3)
FN:91,(anonymous_4)
FN:106,(anonymous_5)
FN:114,(anonymous_6)
FN:125,(anonymous_7)
FN:136,(anonymous_8)
FN:154,(anonymous_9)
FN:159,(anonymous_10)
FN:160,(anonymous_11)
FN:188,(anonymous_12)
FN:190,executedFunction
FN:191,(anonymous_14)
FN:205,(anonymous_15)
FN:218,(anonymous_16)
FN:226,(anonymous_17)
FN:228,(anonymous_18)
FN:232,(anonymous_19)
FN:242,(anonymous_20)
FNF:21
FNH:0
FNDA:0,(anonymous_0)
FNDA:0,(anonymous_1)
FNDA:0,(anonymous_2)
FNDA:0,(anonymous_3)
FNDA:0,(anonymous_4)
FNDA:0,(anonymous_5)
FNDA:0,(anonymous_6)
FNDA:0,(anonymous_7)
FNDA:0,(anonymous_8)
FNDA:0,(anonymous_9)
FNDA:0,(anonymous_10)
FNDA:0,(anonymous_11)
FNDA:0,(anonymous_12)
FNDA:0,executedFunction
FNDA:0,(anonymous_14)
FNDA:0,(anonymous_15)
FNDA:0,(anonymous_16)
FNDA:0,(anonymous_17)
FNDA:0,(anonymous_18)
FNDA:0,(anonymous_19)
FNDA:0,(anonymous_20)
DA:11,0
DA:17,0
DA:27,0
DA:28,0
DA:29,0
DA:36,0
DA:38,0
DA:41,0
DA:42,0
DA:44,0
DA:45,0
DA:46,0
DA:49,0
DA:50,0
DA:51,0
DA:62,0
DA:63,0
DA:64,0
DA:65,0
DA:68,0
DA:69,0
DA:70,0
DA:75,0
DA:84,0
DA:93,0
DA:100,0
DA:107,0
DA:115,0
DA:116,0
DA:117,0
DA:126,0
DA:127,0
DA:128,0
DA:137,0
DA:138,0
DA:139,0
DA:147,0
DA:155,0
DA:157,0
DA:158,0
DA:159,0
DA:160,0
DA:161,0
DA:166,0
DA:167,0
DA:168,0
DA:169,0
DA:170,0
DA:171,0
DA:175,0
DA:176,0
DA:177,0
DA:179,0
DA:190,0
DA:191,0
DA:192,0
DA:193,0
DA:195,0
DA:196,0
DA:206,0
DA:207,0
DA:208,0
DA:209,0
DA:210,0
DA:219,0
DA:226,0
DA:228,0
DA:229,0
DA:232,0
DA:233,0
DA:236,0
DA:237,0
DA:242,0
DA:244,0
DA:245,0
DA:246,0
DA:247,0
DA:248,0
DA:257,0
DA:258,0
DA:259,0
LF:81
LH:0
BRDA:28,0,0,0
BRDA:28,0,1,0
BRDA:36,1,0,0
BRDA:36,1,1,0
BRDA:61,2,0,0
BRDA:63,3,0,0
BRDA:63,3,1,0
BRDA:68,4,0,0
BRDA:68,4,1,0
BRDA:69,5,0,0
BRDA:69,5,1,0
BRDA:106,6,0,0
BRDA:116,7,0,0
BRDA:116,7,1,0
BRDA:116,8,0,0
BRDA:116,8,1,0
BRDA:127,9,0,0
BRDA:127,9,1,0
BRDA:138,10,0,0
BRDA:138,10,1,0
BRDA:157,11,0,0
BRDA:157,11,1,0
BRDA:167,12,0,0
BRDA:167,12,1,0
BRDA:206,13,0,0
BRDA:206,13,1,0
BRDA:236,14,0,0
BRDA:236,14,1,0
BRDA:244,15,0,0
BRDA:244,15,1,0
BRDA:244,16,0,0
BRDA:244,16,1,0
BRDA:244,16,2,0
BRDA:247,17,0,0
BRDA:247,17,1,0
BRF:35
BRH:0
end_of_record
TN:
SF:app/frontend/static/js/htmx-config.js
FN:4,(anonymous_0)
FN:18,(anonymous_1)
FN:31,(anonymous_2)
FN:36,(anonymous_3)
FN:53,(anonymous_4)
FN:64,(anonymous_5)
FN:77,(anonymous_6)
FN:83,(anonymous_7)
FN:91,(anonymous_8)
FN:95,(anonymous_9)
FN:111,(anonymous_10)
FN:116,(anonymous_11)
FN:121,(anonymous_12)
FN:126,(anonymous_13)
FN:138,(anonymous_14)
FN:139,(anonymous_15)
FN:141,(anonymous_16)
FN:151,(anonymous_17)
FN:155,(anonymous_18)
FN:160,(anonymous_19)
FN:167,(anonymous_20)
FN:172,(anonymous_21)
FN:180,(anonymous_22)
FN:189,(anonymous_23)
FN:191,(anonymous_24)
FN:196,(anonymous_25)
FNF:26
FNH:0
FNDA:0,(anonymous_0)
FNDA:0,(anonymous_1)
FNDA:0,(anonymous_2)
FNDA:0,(anonymous_3)
FNDA:0,(anonymous_4)
FNDA:0,(anonymous_5)
FNDA:0,(anonymous_6)
FNDA:0,(anonymous_7)
FNDA:0,(anonymous_8)
FNDA:0,(anonymous_9)
FNDA:0,(anonymous_10)
FNDA:0,(anonymous_11)
FNDA:0,(anonymous_12)
FNDA:0,(anonymous_13)
FNDA:0,(anonymous_14)
FNDA:0,(anonymous_15)
FNDA:0,(anonymous_16)
FNDA:0,(anonymous_17)
FNDA:0,(anonymous_18)
FNDA:0,(anonymous_19)
FNDA:0,(anonymous_20)
FNDA:0,(anonymous_21)
FNDA:0,(anonymous_22)
FNDA:0,(anonymous_23)
FNDA:0,(anonymous_24)
FNDA:0,(anonymous_25)
DA:4,0
DA:6,0
DA:7,0
DA:8,0
DA:9,0
DA:10,0
DA:11,0
DA:12,0
DA:13,0
DA:14,0
DA:15,0
DA:18,0
DA:20,0
DA:21,0
DA:22,0
DA:26,0
DA:27,0
DA:31,0
DA:33,0
DA:36,0
DA:38,0
DA:40,0
DA:41,0
DA:44,0
DA:45,0
DA:53,0
DA:54,0
DA:56,0
DA:57,0
DA:64,0
DA:65,0
DA:67,0
DA:68,0
DA:76,0
DA:78,0
DA:79,0
DA:84,0
DA:85,0
DA:90,0
DA:92,0
DA:96,0
DA:97,0
DA:99,0
DA:100,0
DA:103,0
DA:109,0
DA:112,0
DA:117,0
DA:122,0
DA:127,0
DA:128,0
DA:129,0
DA:130,0
DA:132,0
DA:139,0
DA:140,0
DA:141,0
DA:142,0
DA:149,0
DA:152,0
DA:156,0
DA:161,0
DA:162,0
DA:168,0
DA:173,0
DA:174,0
DA:175,0
DA:181,0
DA:182,0
DA:183,0
DA:189,0
DA:191,0
DA:192,0
DA:196,0
DA:198,0
DA:199,0
DA:200,0
DA:201,0
DA:202,0
DA:207,0
DA:208,0
DA:209,0
DA:210,0
LF:83
LH:0
BRDA:21,0,0,0
BRDA:21,0,1,0
BRDA:26,1,0,0
BRDA:26,1,1,0
BRDA:40,2,0,0
BRDA:40,2,1,0
BRDA:44,3,0,0
BRDA:44,3,1,0
BRDA:56,4,0,0
BRDA:56,4,1,0
BRDA:67,5,0,0
BRDA:67,5,1,0
BRDA:78,6,0,0
BRDA:78,6,1,0
BRDA:96,7,0,0
BRDA:96,7,1,0
BRDA:97,8,0,0
BRDA:97,8,1,0
BRDA:111,9,0,0
BRDA:127,10,0,0
BRDA:127,10,1,0
BRDA:138,11,0,0
BRDA:152,12,0,0
BRDA:152,12,1,0
BRDA:156,13,0,0
BRDA:156,13,1,0
BRDA:161,14,0,0
BRDA:161,14,1,0
BRDA:174,15,0,0
BRDA:174,15,1,0
BRDA:182,16,0,0
BRDA:182,16,1,0
BRDA:198,17,0,0
BRDA:198,17,1,0
BRDA:198,18,0,0
BRDA:198,18,1,0
BRDA:198,18,2,0
BRDA:201,19,0,0
BRDA:201,19,1,0
BRDA:207,20,0,0
BRDA:207,20,1,0
BRDA:209,21,0,0
BRDA:209,21,1,0
BRF:43
BRH:0
end_of_record
TN:
SF:app/frontend/static/js/mobile-nav.js
FN:6,mobileNav
FN:10,(anonymous_1)
FN:12,(anonymous_2)
FN:19,(anonymous_3)
FN:20,(anonymous_4)
FN:26,(anonymous_5)
FN:33,(anonymous_6)
FN:42,(anonymous_7)
FN:46,(anonymous_8)
FN:50,(anonymous_9)
FN:60,(anonymous_10)
FN:69,(anonymous_11)
FN:82,(anonymous_12)
FN:88,(anonymous_13)
FN:114,(anonymous_14)
FN:120,(anonymous_15)
FN:128,(anonymous_16)
FN:136,(anonymous_17)
FN:159,(anonymous_18)
FN:174,(anonymous_19)
FN:176,(anonymous_20)
FN:177,(anonymous_21)
FN:190,(anonymous_22)
FN:196,(anonymous_23)
FN:207,(anonymous_24)
FN:218,(anonymous_25)
FN:233,(anonymous_26)
FN:237,(anonymous_27)
FN:251,(anonymous_28)
FN:253,(anonymous_29)
FN:254,(anonymous_30)
FN:264,(anonymous_31)
FN:270,(anonymous_32)
FN:277,(anonymous_33)
FN:279,(anonymous_34)
FN:289,(anonymous_35)
FN:291,(anonymous_36)
FN:298,(anonymous_37)
FN:303,(anonymous_38)
FN:310,(anonymous_39)
FN:324,(anonymous_40)
FN:328,(anonymous_41)
FN:339,(anonymous_42)
FN:341,(anonymous_43)
FN:349,(anonymous_44)
FN:372,(anonymous_45)
FN:382,(anonymous_46)
FN:384,(anonymous_47)
FN:390,(anonymous_48)
FN:392,(anonymous_49)
FN:406,(anonymous_50)
FNF:51
FNH:0
FNDA:0,mobileNav
FNDA:0,(anonymous_1)
FNDA:0,(anonymous_2)
FNDA:0,(anonymous_3)
FNDA:0,(anonymous_4)
FNDA:0,(anonymous_5)
FNDA:0,(anonymous_6)
FNDA:0,(anonymous_7)
FNDA:0,(anonymous_8)
FNDA:0,(anonymous_9)
FNDA:0,(anonymous_10)
FNDA:0,(anonymous_11)
FNDA:0,(anonymous_12)
FNDA:0,(anonymous_13)
FNDA:0,(anonymous_14)
FNDA:0,(anonymous_15)
FNDA:0,(anonymous_16)
FNDA:0,(anonymous_17)
FNDA:0,(anonymous_18)
FNDA:0,(anonymous_19)
FNDA:0,(anonymous_20)
FNDA:0,(anonymous_21)
FNDA:0,(anonymous_22)
FNDA:0,(anonymous_23)
FNDA:0,(anonymous_24)
FNDA:0,(anonymous_25)
FNDA:0,(anonymous_26)
FNDA:0,(anonymous_27)
FNDA:0,(anonymous_28)
FNDA:0,(anonymous_29)
FNDA:0,(anonymous_30)
FNDA:0,(anonymous_31)
FNDA:0,(anonymous_32)
FNDA:0,(anonymous_33)
FNDA:0,(anonymous_34)
FNDA:0,(anonymous_35)
FNDA:0,(anonymous_36)
FNDA:0,(anonymous_37)
FNDA:0,(anonymous_38)
FNDA:0,(anonymous_39)
FNDA:0,(anonymous_40)
FNDA:0,(anonymous_41)
FNDA:0,(anonymous_42)
FNDA:0,(anonymous_43)
FNDA:0,(anonymous_44)
FNDA:0,(anonymous_45)
FNDA:0,(anonymous_46)
FNDA:0,(anonymous_47)
FNDA:0,(anonymous_48)
FNDA:0,(anonymous_49)
FNDA:0,(anonymous_50)
DA:7,0
DA:12,0
DA:13,0
DA:14,0
DA:19,0
DA:20,0
DA:21,0
DA:26,0
DA:27,0
DA:28,0
DA:33,0
DA:34,0
DA:35,0
DA:37,0
DA:43,0
DA:47,0
DA:51,0
DA:61,0
DA:62,0
DA:63,0
DA:64,0
DA:66,0
DA:71,0
DA:72,0
DA:73,0
DA:76,0
DA:79,0
DA:83,0
DA:84,0
DA:85,0
DA:89,0
DA:91,0
DA:92,0
DA:94,0
DA:95,0
DA:98,0
DA:99,0
DA:103,0
DA:105,0
DA:106,0
DA:107,0
DA:108,0
DA:115,0
DA:116,0
DA:117,0
DA:121,0
DA:122,0
DA:123,0
DA:124,0
DA:126,0
DA:128,0
DA:129,0
DA:130,0
DA:131,0
DA:132,0
DA:136,0
DA:137,0
DA:139,0
DA:140,0
DA:142,0
DA:143,0
DA:145,0
DA:146,0
DA:147,0
DA:148,0
DA:149,0
DA:150,0
DA:151,0
DA:152,0
DA:153,0
DA:159,0
DA:160,0
DA:161,0
DA:164,0
DA:165,0
DA:167,0
DA:168,0
DA:169,0
DA:176,0
DA:177,0
DA:178,0
DA:179,0
DA:184,0
DA:185,0
DA:186,0
DA:187,0
DA:191,0
DA:192,0
DA:198,0
DA:201,0
DA:204,0
DA:208,0
DA:209,0
DA:210,0
DA:218,0
DA:219,0
DA:234,0
DA:239,0
DA:242,0
DA:245,0
DA:248,0
DA:252,0
DA:253,0
DA:254,0
DA:255,0
DA:256,0
DA:257,0
DA:258,0
DA:259,0
DA:264,0
DA:265,0
DA:272,0
DA:273,0
DA:277,0
DA:278,0
DA:279,0
DA:280,0
DA:281,0
DA:283,0
DA:291,0
DA:292,0
DA:293,0
DA:296,0
DA:297,0
DA:298,0
DA:299,0
DA:305,0
DA:310,0
DA:311,0
DA:312,0
DA:313,0
DA:314,0
DA:315,0
DA:325,0
DA:330,0
DA:333,0
DA:336,0
DA:341,0
DA:342,0
DA:343,0
DA:344,0
DA:349,0
DA:350,0
DA:351,0
DA:352,0
DA:353,0
DA:357,0
DA:358,0
DA:360,0
DA:361,0
DA:362,0
DA:363,0
DA:364,0
DA:365,0
DA:374,0
DA:375,0
DA:376,0
DA:377,0
DA:378,0
DA:379,0
DA:382,0
DA:383,0
DA:384,0
DA:385,0
DA:392,0
DA:394,0
DA:395,0
DA:396,0
DA:397,0
DA:398,0
DA:406,0
DA:407,0
DA:408,0
DA:409,0
DA:413,0
DA:414,0
LF:176
LH:0
BRDA:13,0,0,0
BRDA:13,0,1,0
BRDA:13,1,0,0
BRDA:13,1,1,0
BRDA:27,2,0,0
BRDA:27,2,1,0
BRDA:34,3,0,0
BRDA:34,3,1,0
BRDA:89,4,0,0
BRDA:89,4,1,0
BRDA:89,5,0,0
BRDA:89,5,1,0
BRDA:98,6,0,0
BRDA:98,6,1,0
BRDA:103,7,0,0
BRDA:103,7,1,0
BRDA:103,8,0,0
BRDA:103,8,1,0
BRDA:103,8,2,0
BRDA:105,9,0,0
BRDA:105,9,1,0
BRDA:107,10,0,0
BRDA:107,10,1,0
BRDA:107,11,0,0
BRDA:107,11,1,0
BRDA:129,12,0,0
BRDA:129,12,1,0
BRDA:137,13,0,0
BRDA:137,13,1,0
BRDA:142,14,0,0
BRDA:142,14,1,0
BRDA:142,15,0,0
BRDA:142,15,1,0
BRDA:146,16,0,0
BRDA:146,16,1,0
BRDA:147,17,0,0
BRDA:147,17,1,0
BRDA:147,18,0,0
BRDA:147,18,1,0
BRDA:151,19,0,0
BRDA:151,19,1,0
BRDA:151,20,0,0
BRDA:151,20,1,0
BRDA:160,21,0,0
BRDA:160,21,1,0
BRDA:160,22,0,0
BRDA:160,22,1,0
BRDA:168,23,0,0
BRDA:168,23,1,0
BRDA:176,24,0,0
BRDA:178,25,0,0
BRDA:178,25,1,0
BRDA:179,26,0,0
BRDA:179,26,1,0
BRDA:179,27,0,0
BRDA:179,27,1,0
BRDA:191,28,0,0
BRDA:191,28,1,0
BRDA:209,29,0,0
BRDA:209,29,1,0
BRDA:252,30,0,0
BRDA:252,30,1,0
BRDA:255,31,0,0
BRDA:255,31,1,0
BRDA:272,32,0,0
BRDA:272,32,1,0
BRDA:272,33,0,0
BRDA:272,33,1,0
BRDA:280,34,0,0
BRDA:280,34,1,0
BRDA:343,35,0,0
BRDA:343,35,1,0
BRDA:350,36,0,0
BRDA:350,36,1,0
BRDA:352,37,0,0
BRDA:352,37,1,0
BRDA:360,38,0,0
BRDA:360,38,1,0
BRDA:360,39,0,0
BRDA:360,39,1,0
BRDA:363,40,0,0
BRDA:363,40,1,0
BRDA:363,41,0,0
BRDA:363,41,1,0
BRDA:394,42,0,0
BRDA:394,42,1,0
BRDA:394,43,0,0
BRDA:394,43,1,0
BRDA:397,44,0,0
BRDA:397,44,1,0
BRDA:397,45,0,0
BRDA:397,45,1,0
BRDA:413,46,0,0
BRDA:413,46,1,0
BRDA:413,47,0,0
BRDA:413,47,1,0
BRF:96
BRH:0
end_of_record
TN:
SF:app/frontend/static/js/components/generation-history.js
FN:6,generationHistory
FN:41,(anonymous_1)
FN:55,(anonymous_2)
FN:91,(anonymous_3)
FN:101,(anonymous_4)
FN:107,(anonymous_5)
FN:130,(anonymous_6)
FN:137,(anonymous_7)
FN:145,(anonymous_8)
FN:160,(anonymous_9)
FN:163,(anonymous_10)
FN:166,(anonymous_11)
FN:169,(anonymous_12)
FN:172,(anonymous_13)
FN:180,(anonymous_14)
FN:185,(anonymous_15)
FN:189,(anonymous_16)
FN:203,(anonymous_17)
FN:215,(anonymous_18)
FN:223,(anonymous_19)
FN:231,(anonymous_20)
FN:260,(anonymous_21)
FN:290,(anonymous_22)
FN:312,(anonymous_23)
FN:337,(anonymous_24)
FN:352,(anonymous_25)
FN:366,(anonymous_26)
FN:388,(anonymous_27)
FN:403,(anonymous_28)
FN:423,(anonymous_29)
FN:441,(anonymous_30)
FN:478,(anonymous_31)
FN:485,(anonymous_32)
FN:505,(anonymous_33)
FN:518,(anonymous_34)
FN:522,(anonymous_35)
FN:530,(anonymous_36)
FN:541,(anonymous_37)
FN:548,(anonymous_38)
FNF:39
FNH:0
FNDA:0,generationHistory
FNDA:0,(anonymous_1)
FNDA:0,(anonymous_2)
FNDA:0,(anonymous_3)
FNDA:0,(anonymous_4)
FNDA:0,(anonymous_5)
FNDA:0,(anonymous_6)
FNDA:0,(anonymous_7)
FNDA:0,(anonymous_8)
FNDA:0,(anonymous_9)
FNDA:0,(anonymous_10)
FNDA:0,(anonymous_11)
FNDA:0,(anonymous_12)
FNDA:0,(anonymous_13)
FNDA:0,(anonymous_14)
FNDA:0,(anonymous_15)
FNDA:0,(anonymous_16)
FNDA:0,(anonymous_17)
FNDA:0,(anonymous_18)
FNDA:0,(anonymous_19)
FNDA:0,(anonymous_20)
FNDA:0,(anonymous_21)
FNDA:0,(anonymous_22)
FNDA:0,(anonymous_23)
FNDA:0,(anonymous_24)
FNDA:0,(anonymous_25)
FNDA:0,(anonymous_26)
FNDA:0,(anonymous_27)
FNDA:0,(anonymous_28)
FNDA:0,(anonymous_29)
FNDA:0,(anonymous_30)
FNDA:0,(anonymous_31)
FNDA:0,(anonymous_32)
FNDA:0,(anonymous_33)
FNDA:0,(anonymous_34)
FNDA:0,(anonymous_35)
FNDA:0,(anonymous_36)
FNDA:0,(anonymous_37)
FNDA:0,(anonymous_38)
DA:7,0
DA:42,0
DA:43,0
DA:46,0
DA:47,0
DA:48,0
DA:56,0
DA:57,0
DA:59,0
DA:64,0
DA:65,0
DA:66,0
DA:69,0
DA:71,0
DA:72,0
DA:74,0
DA:77,0
DA:78,0
DA:81,0
DA:82,0
DA:84,0
DA:92,0
DA:94,0
DA:95,0
DA:102,0
DA:105,0
DA:106,0
DA:107,0
DA:108,0
DA:114,0
DA:115,0
DA:116,0
DA:118,0
DA:120,0
DA:121,0
DA:123,0
DA:124,0
DA:126,0
DA:127,0
DA:130,0
DA:131,0
DA:136,0
DA:137,0
DA:138,0
DA:143,0
DA:144,0
DA:145,0
DA:146,0
DA:151,0
DA:153,0
DA:154,0
DA:161,0
DA:163,0
DA:164,0
DA:166,0
DA:167,0
DA:169,0
DA:170,0
DA:172,0
DA:173,0
DA:181,0
DA:183,0
DA:185,0
DA:186,0
DA:189,0
DA:192,0
DA:194,0
DA:195,0
DA:196,0
DA:204,0
DA:205,0
DA:206,0
DA:207,0
DA:208,0
DA:209,0
DA:216,0
DA:217,0
DA:224,0
DA:225,0
DA:232,0
DA:233,0
DA:241,0
DA:242,0
DA:246,0
DA:247,0
DA:249,0
DA:252,0
DA:253,0
DA:261,0
DA:262,0
DA:270,0
DA:271,0
DA:275,0
DA:276,0
DA:278,0
DA:279,0
DA:282,0
DA:283,0
DA:292,0
DA:303,0
DA:306,0
DA:313,0
DA:314,0
DA:315,0
DA:317,0
DA:318,0
DA:319,0
DA:320,0
DA:321,0
DA:322,0
DA:323,0
DA:324,0
DA:326,0
DA:329,0
DA:330,0
DA:338,0
DA:339,0
DA:342,0
DA:343,0
DA:347,0
DA:348,0
DA:352,0
DA:353,0
DA:355,0
DA:358,0
DA:359,0
DA:367,0
DA:369,0
DA:370,0
DA:371,0
DA:374,0
DA:375,0
DA:383,0
DA:384,0
DA:388,0
DA:389,0
DA:390,0
DA:392,0
DA:395,0
DA:396,0
DA:404,0
DA:406,0
DA:407,0
DA:418,0
DA:419,0
DA:423,0
DA:424,0
DA:425,0
DA:429,0
DA:430,0
DA:433,0
DA:434,0
DA:442,0
DA:444,0
DA:445,0
DA:453,0
DA:454,0
DA:457,0
DA:458,0
DA:459,0
DA:460,0
DA:461,0
DA:462,0
DA:463,0
DA:464,0
DA:465,0
DA:467,0
DA:470,0
DA:471,0
DA:479,0
DA:486,0
DA:487,0
DA:488,0
DA:489,0
DA:491,0
DA:492,0
DA:493,0
DA:494,0
DA:495,0
DA:496,0
DA:498,0
DA:506,0
DA:508,0
DA:509,0
DA:510,0
DA:512,0
DA:519,0
DA:520,0
DA:522,0
DA:523,0
DA:531,0
DA:532,0
DA:533,0
DA:534,0
DA:535,0
DA:537,0
DA:538,0
DA:539,0
DA:540,0
DA:541,0
DA:548,0
DA:549,0
DA:550,0
DA:551,0
LF:204
LH:0
BRDA:47,0,0,0
BRDA:47,0,1,0
BRDA:65,1,0,0
BRDA:65,1,1,0
BRDA:71,2,0,0
BRDA:71,2,1,0
BRDA:92,3,0,0
BRDA:92,3,1,0
BRDA:92,4,0,0
BRDA:92,4,1,0
BRDA:105,5,0,0
BRDA:105,5,1,0
BRDA:108,6,0,0
BRDA:108,6,1,0
BRDA:108,6,2,0
BRDA:114,7,0,0
BRDA:114,7,1,0
BRDA:118,8,0,0
BRDA:118,8,1,0
BRDA:118,8,2,0
BRDA:136,9,0,0
BRDA:136,9,1,0
BRDA:138,10,0,0
BRDA:138,10,1,0
BRDA:143,11,0,0
BRDA:143,11,1,0
BRDA:146,12,0,0
BRDA:146,12,1,0
BRDA:161,13,0,0
BRDA:161,13,1,0
BRDA:161,13,2,0
BRDA:161,13,3,0
BRDA:172,14,0,0
BRDA:172,14,1,0
BRDA:172,15,0,0
BRDA:172,15,1,0
BRDA:183,16,0,0
BRDA:183,16,1,0
BRDA:185,17,0,0
BRDA:185,17,1,0
BRDA:241,18,0,0
BRDA:241,18,1,0
BRDA:270,19,0,0
BRDA:270,19,1,0
BRDA:278,20,0,0
BRDA:278,20,1,0
BRDA:294,21,0,0
BRDA:294,21,1,0
BRDA:300,22,0,0
BRDA:300,22,1,0
BRDA:338,23,0,0
BRDA:338,23,1,0
BRDA:347,24,0,0
BRDA:347,24,1,0
BRDA:367,25,0,0
BRDA:367,25,1,0
BRDA:370,26,0,0
BRDA:370,26,1,0
BRDA:383,27,0,0
BRDA:383,27,1,0
BRDA:404,28,0,0
BRDA:404,28,1,0
BRDA:418,29,0,0
BRDA:418,29,1,0
BRDA:424,30,0,0
BRDA:424,30,1,0
BRDA:442,31,0,0
BRDA:442,31,1,0
BRDA:453,32,0,0
BRDA:453,32,1,0
BRDA:491,33,0,0
BRDA:491,33,1,0
BRDA:493,34,0,0
BRDA:493,34,1,0
BRDA:495,35,0,0
BRDA:495,35,1,0
BRDA:506,36,0,0
BRDA:506,36,1,0
BRDA:518,37,0,0
BRDA:531,38,0,0
BRDA:531,38,1,0
BRDA:532,39,0,0
BRDA:532,39,1,0
BRDA:534,40,0,0
BRDA:534,40,1,0
BRDA:537,41,0,0
BRDA:537,41,1,0
BRDA:537,42,0,0
BRDA:537,42,1,0
BRDA:539,43,0,0
BRDA:539,43,1,0
BRDA:539,44,0,0
BRDA:539,44,1,0
BRDA:539,44,2,0
BRDA:550,45,0,0
BRDA:550,45,1,0
BRDA:550,46,0,0
BRDA:550,46,1,0
BRF:98
BRH:0
end_of_record
TN:
SF:app/frontend/static/js/components/generation-studio.js
FN:6,generationStudio
FN:37,(anonymous_1)
FN:56,(anonymous_2)
FN:63,(anonymous_3)
FN:67,(anonymous_4)
FN:72,(anonymous_5)
FN:75,(anonymous_6)
FN:78,(anonymous_7)
FN:86,(anonymous_8)
FN:106,(anonymous_9)
FN:107,(anonymous_10)
FN:115,(anonymous_11)
FN:123,(anonymous_12)
FN:134,(anonymous_13)
FN:145,(anonymous_14)
FN:158,(anonymous_15)
FN:209,(anonymous_16)
FN:216,(anonymous_17)
FN:227,(anonymous_18)
FN:231,(anonymous_19)
FN:240,(anonymous_20)
FN:241,(anonymous_21)
FN:260,(anonymous_22)
FN:262,(anonymous_23)
FN:281,(anonymous_24)
FN:283,(anonymous_25)
FN:289,(anonymous_26)
FN:294,(anonymous_27)
FN:306,(anonymous_28)
FN:315,(anonymous_29)
FN:326,(anonymous_30)
FN:332,(anonymous_31)
FN:343,(anonymous_32)
FN:359,(anonymous_33)
FN:382,(anonymous_34)
FN:396,(anonymous_35)
FN:411,(anonymous_36)
FN:415,(anonymous_37)
FN:421,(anonymous_38)
FNF:39
FNH:0
FNDA:0,generationStudio
FNDA:0,(anonymous_1)
FNDA:0,(anonymous_2)
FNDA:0,(anonymous_3)
FNDA:0,(anonymous_4)
FNDA:0,(anonymous_5)
FNDA:0,(anonymous_6)
FNDA:0,(anonymous_7)
FNDA:0,(anonymous_8)
FNDA:0,(anonymous_9)
FNDA:0,(anonymous_10)
FNDA:0,(anonymous_11)
FNDA:0,(anonymous_12)
FNDA:0,(anonymous_13)
FNDA:0,(anonymous_14)
FNDA:0,(anonymous_15)
FNDA:0,(anonymous_16)
FNDA:0,(anonymous_17)
FNDA:0,(anonymous_18)
FNDA:0,(anonymous_19)
FNDA:0,(anonymous_20)
FNDA:0,(anonymous_21)
FNDA:0,(anonymous_22)
FNDA:0,(anonymous_23)
FNDA:0,(anonymous_24)
FNDA:0,(anonymous_25)
FNDA:0,(anonymous_26)
FNDA:0,(anonymous_27)
FNDA:0,(anonymous_28)
FNDA:0,(anonymous_29)
FNDA:0,(anonymous_30)
FNDA:0,(anonymous_31)
FNDA:0,(anonymous_32)
FNDA:0,(anonymous_33)
FNDA:0,(anonymous_34)
FNDA:0,(anonymous_35)
FNDA:0,(anonymous_36)
FNDA:0,(anonymous_37)
FNDA:0,(anonymous_38)
DA:7,0
DA:38,0
DA:41,0
DA:42,0
DA:43,0
DA:46,0
DA:49,0
DA:52,0
DA:57,0
DA:58,0
DA:59,0
DA:61,0
DA:63,0
DA:64,0
DA:67,0
DA:68,0
DA:69,0
DA:72,0
DA:73,0
DA:75,0
DA:78,0
DA:79,0
DA:82,0
DA:87,0
DA:89,0
DA:90,0
DA:92,0
DA:93,0
DA:95,0
DA:96,0
DA:98,0
DA:99,0
DA:101,0
DA:107,0
DA:108,0
DA:109,0
DA:111,0
DA:116,0
DA:117,0
DA:118,0
DA:124,0
DA:125,0
DA:126,0
DA:127,0
DA:130,0
DA:135,0
DA:136,0
DA:137,0
DA:138,0
DA:141,0
DA:146,0
DA:147,0
DA:148,0
DA:149,0
DA:150,0
DA:153,0
DA:159,0
DA:160,0
DA:161,0
DA:164,0
DA:166,0
DA:167,0
DA:175,0
DA:176,0
DA:178,0
DA:180,0
DA:193,0
DA:194,0
DA:197,0
DA:198,0
DA:199,0
DA:202,0
DA:203,0
DA:205,0
DA:210,0
DA:211,0
DA:215,0
DA:216,0
DA:217,0
DA:219,0
DA:222,0
DA:223,0
DA:228,0
DA:230,0
DA:231,0
DA:232,0
DA:233,0
DA:241,0
DA:242,0
DA:243,0
DA:244,0
DA:246,0
DA:247,0
DA:250,0
DA:251,0
DA:252,0
DA:253,0
DA:254,0
DA:262,0
DA:265,0
DA:278,0
DA:283,0
DA:285,0
DA:290,0
DA:291,0
DA:295,0
DA:296,0
DA:297,0
DA:298,0
DA:299,0
DA:300,0
DA:301,0
DA:303,0
DA:307,0
DA:309,0
DA:310,0
DA:314,0
DA:315,0
DA:316,0
DA:318,0
DA:321,0
DA:322,0
DA:327,0
DA:328,0
DA:334,0
DA:335,0
DA:336,0
DA:337,0
DA:339,0
DA:344,0
DA:355,0
DA:356,0
DA:360,0
DA:361,0
DA:363,0
DA:369,0
DA:370,0
DA:371,0
DA:372,0
DA:374,0
DA:376,0
DA:377,0
DA:383,0
DA:385,0
DA:386,0
DA:388,0
DA:390,0
DA:397,0
DA:398,0
DA:399,0
DA:400,0
DA:401,0
DA:402,0
DA:404,0
DA:405,0
DA:406,0
DA:412,0
DA:413,0
DA:415,0
DA:416,0
DA:422,0
DA:423,0
DA:425,0
LF:163
LH:0
BRDA:58,0,0,0
BRDA:58,0,1,0
BRDA:87,1,0,0
BRDA:87,1,1,0
BRDA:87,1,2,0
BRDA:87,1,3,0
BRDA:87,1,4,0
BRDA:108,2,0,0
BRDA:108,2,1,0
BRDA:116,3,0,0
BRDA:116,3,1,0
BRDA:126,4,0,0
BRDA:126,4,1,0
BRDA:137,5,0,0
BRDA:137,5,1,0
BRDA:147,6,0,0
BRDA:147,6,1,0
BRDA:149,7,0,0
BRDA:149,7,1,0
BRDA:159,8,0,0
BRDA:159,8,1,0
BRDA:175,9,0,0
BRDA:175,9,1,0
BRDA:178,10,0,0
BRDA:178,10,1,0
BRDA:215,11,0,0
BRDA:215,11,1,0
BRDA:228,12,0,0
BRDA:228,12,1,0
BRDA:230,13,0,0
BRDA:230,13,1,0
BRDA:232,14,0,0
BRDA:232,14,1,0
BRDA:242,15,0,0
BRDA:242,15,1,0
BRDA:246,16,0,0
BRDA:246,16,1,0
BRDA:246,17,0,0
BRDA:246,17,1,0
BRDA:250,18,0,0
BRDA:250,18,1,0
BRDA:250,19,0,0
BRDA:250,19,1,0
BRDA:296,20,0,0
BRDA:296,20,1,0
BRDA:307,21,0,0
BRDA:307,21,1,0
BRDA:314,22,0,0
BRDA:314,22,1,0
BRDA:335,23,0,0
BRDA:335,23,1,0
BRDA:361,24,0,0
BRDA:361,24,1,0
BRDA:370,25,0,0
BRDA:370,25,1,0
BRDA:385,26,0,0
BRDA:385,26,1,0
BRDA:388,27,0,0
BRDA:388,27,1,0
BRDA:397,28,0,0
BRDA:397,28,1,0
BRDA:399,29,0,0
BRDA:399,29,1,0
BRDA:411,30,0,0
BRDA:422,31,0,0
BRDA:422,31,1,0
BRF:66
BRH:0
end_of_record
TN:
SF:app/frontend/static/js/components/import-export.js
FN:1,importExport
FN:76,(anonymous_1)
FN:82,(anonymous_2)
FN:132,(anonymous_3)
FN:140,(anonymous_4)
FN:171,(anonymous_5)
FN:177,(anonymous_6)
FN:193,(anonymous_7)
FN:209,(anonymous_8)
FN:216,(anonymous_9)
FN:234,(anonymous_10)
FN:239,(anonymous_11)
FN:244,(anonymous_12)
FN:245,(anonymous_13)
FN:247,(anonymous_14)
FN:251,(anonymous_15)
FN:260,(anonymous_16)
FN:261,(anonymous_17)
FN:265,(anonymous_18)
FN:271,(anonymous_19)
FN:277,(anonymous_20)
FN:299,(anonymous_21)
FN:308,(anonymous_22)
FN:318,(anonymous_23)
FN:337,(anonymous_24)
FN:347,(anonymous_25)
FN:374,(anonymous_26)
FN:385,(anonymous_27)
FN:393,(anonymous_28)
FN:397,(anonymous_29)
FN:404,(anonymous_30)
FN:411,(anonymous_31)
FN:414,(anonymous_32)
FN:419,(anonymous_33)
FN:436,(anonymous_34)
FN:442,(anonymous_35)
FN:447,(anonymous_36)
FN:452,(anonymous_37)
FN:473,(anonymous_38)
FN:499,(anonymous_39)
FN:503,(anonymous_40)
FN:526,(anonymous_41)
FN:531,(anonymous_42)
FN:540,(anonymous_43)
FN:543,(anonymous_44)
FN:555,(anonymous_45)
FN:572,(anonymous_46)
FN:579,(anonymous_47)
FN:589,(anonymous_48)
FN:599,(anonymous_49)
FN:604,(anonymous_50)
FN:609,(anonymous_51)
FN:616,(anonymous_52)
FNF:53
FNH:0
FNDA:0,importExport
FNDA:0,(anonymous_1)
FNDA:0,(anonymous_2)
FNDA:0,(anonymous_3)
FNDA:0,(anonymous_4)
FNDA:0,(anonymous_5)
FNDA:0,(anonymous_6)
FNDA:0,(anonymous_7)
FNDA:0,(anonymous_8)
FNDA:0,(anonymous_9)
FNDA:0,(anonymous_10)
FNDA:0,(anonymous_11)
FNDA:0,(anonymous_12)
FNDA:0,(anonymous_13)
FNDA:0,(anonymous_14)
FNDA:0,(anonymous_15)
FNDA:0,(anonymous_16)
FNDA:0,(anonymous_17)
FNDA:0,(anonymous_18)
FNDA:0,(anonymous_19)
FNDA:0,(anonymous_20)
FNDA:0,(anonymous_21)
FNDA:0,(anonymous_22)
FNDA:0,(anonymous_23)
FNDA:0,(anonymous_24)
FNDA:0,(anonymous_25)
FNDA:0,(anonymous_26)
FNDA:0,(anonymous_27)
FNDA:0,(anonymous_28)
FNDA:0,(anonymous_29)
FNDA:0,(anonymous_30)
FNDA:0,(anonymous_31)
FNDA:0,(anonymous_32)
FNDA:0,(anonymous_33)
FNDA:0,(anonymous_34)
FNDA:0,(anonymous_35)
FNDA:0,(anonymous_36)
FNDA:0,(anonymous_37)
FNDA:0,(anonymous_38)
FNDA:0,(anonymous_39)
FNDA:0,(anonymous_40)
FNDA:0,(anonymous_41)
FNDA:0,(anonymous_42)
FNDA:0,(anonymous_43)
FNDA:0,(anonymous_44)
FNDA:0,(anonymous_45)
FNDA:0,(anonymous_46)
FNDA:0,(anonymous_47)
FNDA:0,(anonymous_48)
FNDA:0,(anonymous_49)
FNDA:0,(anonymous_50)
FNDA:0,(anonymous_51)
FNDA:0,(anonymous_52)
DA:2,0
DA:77,0
DA:78,0
DA:83,0
DA:84,0
DA:86,0
DA:87,0
DA:88,0
DA:89,0
DA:90,0
DA:93,0
DA:94,0
DA:95,0
DA:96,0
DA:98,0
DA:99,0
DA:103,0
DA:104,0
DA:105,0
DA:108,0
DA:109,0
DA:110,0
DA:113,0
DA:114,0
DA:115,0
DA:119,0
DA:126,0
DA:128,0
DA:129,0
DA:133,0
DA:141,0
DA:143,0
DA:144,0
DA:147,0
DA:150,0
DA:153,0
DA:154,0
DA:157,0
DA:159,0
DA:162,0
DA:163,0
DA:164,0
DA:167,0
DA:168,0
DA:172,0
DA:174,0
DA:177,0
DA:178,0
DA:188,0
DA:189,0
DA:194,0
DA:196,0
DA:197,0
DA:198,0
DA:199,0
DA:200,0
DA:201,0
DA:203,0
DA:210,0
DA:211,0
DA:212,0
DA:217,0
DA:229,0
DA:230,0
DA:235,0
DA:236,0
DA:240,0
DA:241,0
DA:245,0
DA:246,0
DA:247,0
DA:250,0
DA:251,0
DA:252,0
DA:255,0
DA:256,0
DA:261,0
DA:262,0
DA:266,0
DA:268,0
DA:271,0
DA:272,0
DA:273,0
DA:278,0
DA:279,0
DA:280,0
DA:281,0
DA:283,0
DA:284,0
DA:285,0
DA:287,0
DA:296,0
DA:300,0
DA:301,0
DA:302,0
DA:305,0
DA:308,0
DA:309,0
DA:310,0
DA:311,0
DA:313,0
DA:319,0
DA:321,0
DA:322,0
DA:323,0
DA:324,0
DA:325,0
DA:326,0
DA:328,0
DA:337,0
DA:338,0
DA:339,0
DA:340,0
DA:341,0
DA:342,0
DA:349,0
DA:375,0
DA:386,0
DA:394,0
DA:398,0
DA:399,0
DA:400,0
DA:401,0
DA:402,0
DA:404,0
DA:405,0
DA:406,0
DA:407,0
DA:412,0
DA:414,0
DA:415,0
DA:420,0
DA:421,0
DA:424,0
DA:425,0
DA:426,0
DA:427,0
DA:428,0
DA:430,0
DA:437,0
DA:438,0
DA:443,0
DA:444,0
DA:447,0
DA:448,0
DA:453,0
DA:462,0
DA:474,0
DA:475,0
DA:476,0
DA:479,0
DA:488,0
DA:500,0
DA:501,0
DA:503,0
DA:504,0
DA:505,0
DA:506,0
DA:508,0
DA:514,0
DA:515,0
DA:516,0
DA:517,0
DA:518,0
DA:519,0
DA:523,0
DA:527,0
DA:528,0
DA:532,0
DA:533,0
DA:534,0
DA:535,0
DA:541,0
DA:543,0
DA:544,0
DA:545,0
DA:546,0
DA:547,0
DA:549,0
DA:555,0
DA:556,0
DA:557,0
DA:558,0
DA:562,0
DA:563,0
DA:565,0
DA:569,0
DA:573,0
DA:574,0
DA:575,0
DA:576,0
DA:580,0
DA:582,0
DA:583,0
DA:584,0
DA:586,0
DA:590,0
DA:600,0
DA:601,0
DA:602,0
DA:604,0
DA:605,0
DA:610,0
DA:617,0
LF:204
LH:0
BRDA:86,0,0,0
BRDA:86,0,1,0
BRDA:87,1,0,0
BRDA:87,1,1,0
BRDA:88,2,0,0
BRDA:88,2,1,0
BRDA:89,3,0,0
BRDA:89,3,1,0
BRDA:93,4,0,0
BRDA:93,4,1,0
BRDA:94,5,0,0
BRDA:94,5,1,0
BRDA:103,6,0,0
BRDA:103,6,1,0
BRDA:108,7,0,0
BRDA:108,7,1,0
BRDA:113,8,0,0
BRDA:113,8,1,0
BRDA:133,9,0,0
BRDA:133,9,1,0
BRDA:133,9,2,0
BRDA:133,9,3,0
BRDA:133,9,4,0
BRDA:143,10,0,0
BRDA:143,10,1,0
BRDA:147,11,0,0
BRDA:147,11,1,0
BRDA:147,12,0,0
BRDA:147,12,1,0
BRDA:147,12,2,0
BRDA:147,12,3,0
BRDA:153,13,0,0
BRDA:153,13,1,0
BRDA:153,14,0,0
BRDA:153,14,1,0
BRDA:157,15,0,0
BRDA:157,15,1,0
BRDA:157,16,0,0
BRDA:157,16,1,0
BRDA:157,16,2,0
BRDA:162,17,0,0
BRDA:162,17,1,0
BRDA:172,18,0,0
BRDA:172,18,1,0
BRDA:194,19,0,0
BRDA:194,19,1,0
BRDA:252,20,0,0
BRDA:252,20,1,0
BRDA:255,21,0,0
BRDA:255,21,1,0
BRDA:266,22,0,0
BRDA:266,22,1,0
BRDA:292,23,0,0
BRDA:292,23,1,0
BRDA:300,24,0,0
BRDA:300,24,1,0
BRDA:310,25,0,0
BRDA:310,25,1,0
BRDA:319,26,0,0
BRDA:319,26,1,0
BRDA:420,27,0,0
BRDA:420,27,1,0
BRDA:443,28,0,0
BRDA:443,28,1,0
BRDA:474,29,0,0
BRDA:474,29,1,0
BRDA:504,30,0,0
BRDA:504,30,1,0
BRDA:504,31,0,0
BRDA:504,31,1,0
BRDA:516,32,0,0
BRDA:516,32,1,0
BRDA:532,33,0,0
BRDA:532,33,1,0
BRDA:544,34,0,0
BRDA:544,34,1,0
BRDA:557,35,0,0
BRDA:557,35,1,0
BRDA:580,36,0,0
BRDA:580,36,1,0
BRDA:599,37,0,0
BRF:81
BRH:0
end_of_record
TN:
SF:app/frontend/static/js/components/prompt-composer.js
FN:6,promptComposer
FN:26,(anonymous_1)
FN:27,(anonymous_2)
FN:31,(anonymous_3)
FN:37,(anonymous_4)
FN:38,(anonymous_5)
FN:42,(anonymous_6)
FN:62,(anonymous_7)
FN:68,(anonymous_8)
FN:71,(anonymous_9)
FN:77,(anonymous_10)
FN:84,(anonymous_11)
FN:100,(anonymous_12)
FN:106,(anonymous_13)
FN:117,(anonymous_14)
FN:118,(anonymous_15)
FN:122,(anonymous_16)
FN:128,(anonymous_17)
FN:136,(anonymous_18)
FN:146,(anonymous_19)
FN:152,(anonymous_20)
FN:159,(anonymous_21)
FN:164,(anonymous_22)
FN:171,(anonymous_23)
FN:175,(anonymous_24)
FN:182,(anonymous_25)
FN:186,(anonymous_26)
FN:206,(anonymous_27)
FN:218,(anonymous_28)
FN:228,(anonymous_29)
FN:252,(anonymous_30)
FN:270,(anonymous_31)
FN:281,(anonymous_32)
FN:290,(anonymous_33)
FN:341,(anonymous_34)
FN:342,(anonymous_35)
FN:345,(anonymous_36)
FN:354,(anonymous_37)
FN:357,(anonymous_38)
FN:367,(anonymous_39)
FN:371,(anonymous_40)
FNF:41
FNH:0
FNDA:0,promptComposer
FNDA:0,(anonymous_1)
FNDA:0,(anonymous_2)
FNDA:0,(anonymous_3)
FNDA:0,(anonymous_4)
FNDA:0,(anonymous_5)
FNDA:0,(anonymous_6)
FNDA:0,(anonymous_7)
FNDA:0,(anonymous_8)
FNDA:0,(anonymous_9)
FNDA:0,(anonymous_10)
FNDA:0,(anonymous_11)
FNDA:0,(anonymous_12)
FNDA:0,(anonymous_13)
FNDA:0,(anonymous_14)
FNDA:0,(anonymous_15)
FNDA:0,(anonymous_16)
FNDA:0,(anonymous_17)
FNDA:0,(anonymous_18)
FNDA:0,(anonymous_19)
FNDA:0,(anonymous_20)
FNDA:0,(anonymous_21)
FNDA:0,(anonymous_22)
FNDA:0,(anonymous_23)
FNDA:0,(anonymous_24)
FNDA:0,(anonymous_25)
FNDA:0,(anonymous_26)
FNDA:0,(anonymous_27)
FNDA:0,(anonymous_28)
FNDA:0,(anonymous_29)
FNDA:0,(anonymous_30)
FNDA:0,(anonymous_31)
FNDA:0,(anonymous_32)
FNDA:0,(anonymous_33)
FNDA:0,(anonymous_34)
FNDA:0,(anonymous_35)
FNDA:0,(anonymous_36)
FNDA:0,(anonymous_37)
FNDA:0,(anonymous_38)
FNDA:0,(anonymous_39)
FNDA:0,(anonymous_40)
DA:7,0
DA:27,0
DA:32,0
DA:33,0
DA:34,0
DA:37,0
DA:38,0
DA:43,0
DA:44,0
DA:45,0
DA:46,0
DA:47,0
DA:48,0
DA:50,0
DA:51,0
DA:54,0
DA:55,0
DA:57,0
DA:63,0
DA:66,0
DA:67,0
DA:68,0
DA:69,0
DA:71,0
DA:76,0
DA:77,0
DA:80,0
DA:85,0
DA:86,0
DA:87,0
DA:90,0
DA:96,0
DA:97,0
DA:101,0
DA:102,0
DA:103,0
DA:107,0
DA:109,0
DA:110,0
DA:111,0
DA:112,0
DA:113,0
DA:118,0
DA:123,0
DA:124,0
DA:125,0
DA:129,0
DA:131,0
DA:132,0
DA:137,0
DA:138,0
DA:140,0
DA:141,0
DA:142,0
DA:147,0
DA:148,0
DA:149,0
DA:153,0
DA:154,0
DA:155,0
DA:160,0
DA:162,0
DA:163,0
DA:164,0
DA:165,0
DA:167,0
DA:172,0
DA:174,0
DA:175,0
DA:176,0
DA:178,0
DA:183,0
DA:185,0
DA:186,0
DA:187,0
DA:188,0
DA:189,0
DA:191,0
DA:195,0
DA:196,0
DA:198,0
DA:202,0
DA:207,0
DA:209,0
DA:210,0
DA:211,0
DA:213,0
DA:214,0
DA:219,0
DA:220,0
DA:221,0
DA:224,0
DA:228,0
DA:237,0
DA:239,0
DA:241,0
DA:242,0
DA:243,0
DA:245,0
DA:247,0
DA:248,0
DA:253,0
DA:254,0
DA:255,0
DA:256,0
DA:257,0
DA:262,0
DA:264,0
DA:265,0
DA:268,0
DA:269,0
DA:270,0
DA:271,0
DA:272,0
DA:281,0
DA:283,0
DA:285,0
DA:286,0
DA:291,0
DA:292,0
DA:293,0
DA:296,0
DA:298,0
DA:299,0
DA:311,0
DA:319,0
DA:320,0
DA:321,0
DA:324,0
DA:325,0
DA:328,0
DA:329,0
DA:330,0
DA:333,0
DA:334,0
DA:336,0
DA:342,0
DA:343,0
DA:345,0
DA:347,0
DA:348,0
DA:350,0
DA:355,0
DA:357,0
DA:362,0
DA:363,0
DA:368,0
DA:369,0
DA:371,0
DA:372,0
LF:150
LH:0
BRDA:27,0,0,0
BRDA:27,0,1,0
BRDA:46,1,0,0
BRDA:46,1,1,0
BRDA:66,2,0,0
BRDA:66,2,1,0
BRDA:69,3,0,0
BRDA:69,3,1,0
BRDA:69,3,2,0
BRDA:69,3,3,0
BRDA:69,3,4,0
BRDA:76,4,0,0
BRDA:76,4,1,0
BRDA:85,5,0,0
BRDA:85,5,1,0
BRDA:107,6,0,0
BRDA:107,6,1,0
BRDA:109,7,0,0
BRDA:109,7,1,0
BRDA:131,8,0,0
BRDA:131,8,1,0
BRDA:131,9,0,0
BRDA:131,9,1,0
BRDA:141,10,0,0
BRDA:141,10,1,0
BRDA:160,11,0,0
BRDA:160,11,1,0
BRDA:163,12,0,0
BRDA:163,12,1,0
BRDA:172,13,0,0
BRDA:172,13,1,0
BRDA:185,14,0,0
BRDA:185,14,1,0
BRDA:188,15,0,0
BRDA:188,15,1,0
BRDA:195,16,0,0
BRDA:195,16,1,0
BRDA:207,17,0,0
BRDA:207,17,1,0
BRDA:219,18,0,0
BRDA:219,18,1,0
BRDA:237,19,0,0
BRDA:237,19,1,0
BRDA:241,20,0,0
BRDA:241,20,1,0
BRDA:254,21,0,0
BRDA:254,21,1,0
BRDA:255,22,0,0
BRDA:255,22,1,0
BRDA:264,23,0,0
BRDA:264,23,1,0
BRDA:265,24,0,0
BRDA:265,24,1,0
BRDA:271,25,0,0
BRDA:271,25,1,0
BRDA:291,26,0,0
BRDA:291,26,1,0
BRDA:301,27,0,0
BRDA:301,27,1,0
BRDA:319,28,0,0
BRDA:319,28,1,0
BRDA:324,29,0,0
BRDA:324,29,1,0
BRDA:341,30,0,0
BRDA:347,31,0,0
BRDA:347,31,1,0
BRDA:355,32,0,0
BRDA:355,32,1,0
BRDA:367,33,0,0
BRF:69
BRH:0
end_of_record
