TN:
SF:app/frontend/static/js/alpine-config-refactored.js
FNF:0
FNH:0
LF:0
LH:0
BRF:0
BRH:0
end_of_record
TN:
SF:app/frontend/static/js/alpine-config.js
FN:11,getCommonStub
FN:12,(anonymous_1)
FN:110,(anonymous_2)
FN:110,(anonymous_3)
FN:123,(anonymous_4)
FN:124,(anonymous_5)
FN:125,(anonymous_6)
FN:131,registerLazyComponent
FN:132,(anonymous_8)
FN:134,tryInit
FN:142,createLazy
FN:145,(anonymous_11)
FN:152,(anonymous_12)
FN:161,ensureAlpine
FN:165,(anonymous_14)
FN:172,(anonymous_15)
FN:175,(anonymous_16)
FN:185,(anonymous_17)
FN:189,(anonymous_18)
FN:200,(anonymous_19)
FN:206,(anonymous_20)
FN:218,(anonymous_21)
FN:220,(anonymous_22)
FN:233,(anonymous_23)
FN:239,(anonymous_24)
FN:257,(anonymous_25)
FN:260,(anonymous_26)
FN:266,(anonymous_27)
FN:268,(anonymous_28)
FN:272,(anonymous_29)
FN:277,(anonymous_30)
FN:288,(anonymous_31)
FN:289,(anonymous_32)
FN:296,(anonymous_33)
FN:297,(anonymous_34)
FN:306,(anonymous_35)
FN:337,(anonymous_36)
FN:344,(anonymous_37)
FN:363,(anonymous_38)
FN:365,(anonymous_39)
FN:369,(anonymous_40)
FN:379,(anonymous_41)
FN:381,(anonymous_42)
FN:384,(anonymous_43)
FN:391,(anonymous_44)
FN:393,(anonymous_45)
FN:394,(anonymous_46)
FN:395,(anonymous_47)
FN:396,(anonymous_48)
FN:400,(anonymous_49)
FN:403,(anonymous_50)
FN:405,(anonymous_51)
FN:412,(anonymous_52)
FN:413,(anonymous_53)
FN:414,(anonymous_54)
FN:416,(anonymous_55)
FN:427,(anonymous_56)
FN:438,(anonymous_57)
FN:444,(anonymous_58)
FN:453,(anonymous_59)
FN:457,(anonymous_60)
FN:464,(anonymous_61)
FN:468,(anonymous_62)
FN:475,(anonymous_63)
FN:479,(anonymous_64)
FN:486,(anonymous_65)
FN:497,(anonymous_66)
FN:498,(anonymous_67)
FN:499,(anonymous_68)
FN:501,(anonymous_69)
FN:501,(anonymous_70)
FN:503,(anonymous_71)
FN:506,(anonymous_72)
FN:511,(anonymous_73)
FN:525,(anonymous_74)
FN:533,(anonymous_75)
FN:538,(anonymous_76)
FN:552,(anonymous_77)
FN:563,(anonymous_78)
FNF:79
FNH:0
FNDA:0,getCommonStub
FNDA:0,(anonymous_1)
FNDA:0,(anonymous_2)
FNDA:0,(anonymous_3)
FNDA:0,(anonymous_4)
FNDA:0,(anonymous_5)
FNDA:0,(anonymous_6)
FNDA:0,registerLazyComponent
FNDA:0,(anonymous_8)
FNDA:0,tryInit
FNDA:0,createLazy
FNDA:0,(anonymous_11)
FNDA:0,(anonymous_12)
FNDA:0,ensureAlpine
FNDA:0,(anonymous_14)
FNDA:0,(anonymous_15)
FNDA:0,(anonymous_16)
FNDA:0,(anonymous_17)
FNDA:0,(anonymous_18)
FNDA:0,(anonymous_19)
FNDA:0,(anonymous_20)
FNDA:0,(anonymous_21)
FNDA:0,(anonymous_22)
FNDA:0,(anonymous_23)
FNDA:0,(anonymous_24)
FNDA:0,(anonymous_25)
FNDA:0,(anonymous_26)
FNDA:0,(anonymous_27)
FNDA:0,(anonymous_28)
FNDA:0,(anonymous_29)
FNDA:0,(anonymous_30)
FNDA:0,(anonymous_31)
FNDA:0,(anonymous_32)
FNDA:0,(anonymous_33)
FNDA:0,(anonymous_34)
FNDA:0,(anonymous_35)
FNDA:0,(anonymous_36)
FNDA:0,(anonymous_37)
FNDA:0,(anonymous_38)
FNDA:0,(anonymous_39)
FNDA:0,(anonymous_40)
FNDA:0,(anonymous_41)
FNDA:0,(anonymous_42)
FNDA:0,(anonymous_43)
FNDA:0,(anonymous_44)
FNDA:0,(anonymous_45)
FNDA:0,(anonymous_46)
FNDA:0,(anonymous_47)
FNDA:0,(anonymous_48)
FNDA:0,(anonymous_49)
FNDA:0,(anonymous_50)
FNDA:0,(anonymous_51)
FNDA:0,(anonymous_52)
FNDA:0,(anonymous_53)
FNDA:0,(anonymous_54)
FNDA:0,(anonymous_55)
FNDA:0,(anonymous_56)
FNDA:0,(anonymous_57)
FNDA:0,(anonymous_58)
FNDA:0,(anonymous_59)
FNDA:0,(anonymous_60)
FNDA:0,(anonymous_61)
FNDA:0,(anonymous_62)
FNDA:0,(anonymous_63)
FNDA:0,(anonymous_64)
FNDA:0,(anonymous_65)
FNDA:0,(anonymous_66)
FNDA:0,(anonymous_67)
FNDA:0,(anonymous_68)
FNDA:0,(anonymous_69)
FNDA:0,(anonymous_70)
FNDA:0,(anonymous_71)
FNDA:0,(anonymous_72)
FNDA:0,(anonymous_73)
FNDA:0,(anonymous_74)
FNDA:0,(anonymous_75)
FNDA:0,(anonymous_76)
FNDA:0,(anonymous_77)
FNDA:0,(anonymous_78)
DA:5,0
DA:12,0
DA:15,0
DA:16,0
DA:17,0
DA:18,0
DA:21,0
DA:22,0
DA:23,0
DA:24,0
DA:25,0
DA:28,0
DA:29,0
DA:30,0
DA:33,0
DA:34,0
DA:35,0
DA:36,0
DA:39,0
DA:40,0
DA:41,0
DA:42,0
DA:45,0
DA:47,0
DA:48,0
DA:49,0
DA:50,0
DA:51,0
DA:54,0
DA:62,0
DA:63,0
DA:64,0
DA:67,0
DA:68,0
DA:69,0
DA:70,0
DA:71,0
DA:74,0
DA:80,0
DA:81,0
DA:82,0
DA:83,0
DA:84,0
DA:85,0
DA:86,0
DA:87,0
DA:88,0
DA:89,0
DA:92,0
DA:93,0
DA:94,0
DA:95,0
DA:96,0
DA:97,0
DA:100,0
DA:101,0
DA:102,0
DA:105,0
DA:110,0
DA:112,0
DA:121,0
DA:122,0
DA:123,0
DA:124,0
DA:125,0
DA:132,0
DA:133,0
DA:135,0
DA:136,0
DA:142,0
DA:143,0
DA:144,0
DA:146,0
DA:147,0
DA:148,0
DA:152,0
DA:162,0
DA:163,0
DA:165,0
DA:166,0
DA:172,0
DA:173,0
DA:175,0
DA:186,0
DA:190,0
DA:191,0
DA:192,0
DA:193,0
DA:196,0
DA:201,0
DA:207,0
DA:218,0
DA:220,0
DA:235,0
DA:240,0
DA:241,0
DA:242,0
DA:243,0
DA:244,0
DA:245,0
DA:246,0
DA:247,0
DA:252,0
DA:257,0
DA:261,0
DA:262,0
DA:263,0
DA:268,0
DA:269,0
DA:272,0
DA:273,0
DA:278,0
DA:279,0
DA:280,0
DA:281,0
DA:284,0
DA:289,0
DA:290,0
DA:291,0
DA:292,0
DA:297,0
DA:298,0
DA:299,0
DA:300,0
DA:306,0
DA:338,0
DA:339,0
DA:340,0
DA:341,0
DA:345,0
DA:346,0
DA:347,0
DA:348,0
DA:349,0
DA:350,0
DA:351,0
DA:352,0
DA:353,0
DA:354,0
DA:356,0
DA:357,0
DA:359,0
DA:363,0
DA:366,0
DA:367,0
DA:368,0
DA:369,0
DA:371,0
DA:372,0
DA:373,0
DA:374,0
DA:375,0
DA:376,0
DA:377,0
DA:379,0
DA:381,0
DA:382,0
DA:383,0
DA:384,0
DA:386,0
DA:387,0
DA:388,0
DA:392,0
DA:393,0
DA:394,0
DA:395,0
DA:396,0
DA:401,0
DA:402,0
DA:403,0
DA:404,0
DA:405,0
DA:406,0
DA:408,0
DA:412,0
DA:413,0
DA:414,0
DA:417,0
DA:418,0
DA:419,0
DA:420,0
DA:422,0
DA:423,0
DA:428,0
DA:429,0
DA:430,0
DA:431,0
DA:433,0
DA:434,0
DA:439,0
DA:440,0
DA:441,0
DA:445,0
DA:446,0
DA:448,0
DA:449,0
DA:454,0
DA:455,0
DA:456,0
DA:457,0
DA:459,0
DA:460,0
DA:465,0
DA:466,0
DA:467,0
DA:468,0
DA:470,0
DA:471,0
DA:476,0
DA:477,0
DA:478,0
DA:479,0
DA:481,0
DA:482,0
DA:487,0
DA:488,0
DA:489,0
DA:490,0
DA:492,0
DA:493,0
DA:497,0
DA:498,0
DA:499,0
DA:501,0
DA:504,0
DA:505,0
DA:506,0
DA:511,0
DA:512,0
DA:513,0
DA:514,0
DA:515,0
DA:516,0
DA:517,0
DA:523,0
DA:526,0
DA:527,0
DA:528,0
DA:529,0
DA:534,0
DA:539,0
DA:540,0
DA:541,0
DA:542,0
DA:543,0
DA:546,0
DA:547,0
DA:553,0
DA:554,0
DA:555,0
DA:556,0
DA:557,0
DA:558,0
DA:563,0
DA:564,0
DA:565,0
DA:566,0
DA:567,0
DA:568,0
DA:571,0
DA:573,0
LF:261
LH:0
BRDA:5,0,0,0
BRDA:5,0,1,0
BRDA:121,1,0,0
BRDA:121,1,1,0
BRDA:123,2,0,0
BRDA:123,2,1,0
BRDA:123,3,0,0
BRDA:123,3,1,0
BRDA:123,3,2,0
BRDA:124,4,0,0
BRDA:124,4,1,0
BRDA:124,5,0,0
BRDA:124,5,1,0
BRDA:124,5,2,0
BRDA:125,6,0,0
BRDA:125,6,1,0
BRDA:125,7,0,0
BRDA:125,7,1,0
BRDA:125,7,2,0
BRDA:135,8,0,0
BRDA:135,8,1,0
BRDA:135,9,0,0
BRDA:135,9,1,0
BRDA:147,10,0,0
BRDA:147,10,1,0
BRDA:147,11,0,0
BRDA:147,11,1,0
BRDA:148,12,0,0
BRDA:148,12,1,0
BRDA:162,13,0,0
BRDA:162,13,1,0
BRDA:163,14,0,0
BRDA:163,14,1,0
BRDA:163,14,2,0
BRDA:166,15,0,0
BRDA:166,15,1,0
BRDA:166,15,2,0
BRDA:191,16,0,0
BRDA:191,16,1,0
BRDA:192,17,0,0
BRDA:192,17,1,0
BRDA:196,18,0,0
BRDA:196,18,1,0
BRDA:196,18,2,0
BRDA:240,19,0,0
BRDA:240,19,1,0
BRDA:244,20,0,0
BRDA:244,20,1,0
BRDA:246,21,0,0
BRDA:246,21,1,0
BRDA:247,22,0,0
BRDA:247,22,1,0
BRDA:280,23,0,0
BRDA:280,23,1,0
BRDA:284,24,0,0
BRDA:284,24,1,0
BRDA:284,24,2,0
BRDA:290,25,0,0
BRDA:290,25,1,0
BRDA:299,26,0,0
BRDA:299,26,1,0
BRDA:300,27,0,0
BRDA:300,27,1,0
BRDA:300,28,0,0
BRDA:300,28,1,0
BRDA:341,29,0,0
BRDA:341,29,1,0
BRDA:349,30,0,0
BRDA:349,30,1,0
BRDA:351,31,0,0
BRDA:351,31,1,0
BRDA:356,32,0,0
BRDA:356,32,1,0
BRDA:356,32,2,0
BRDA:363,33,0,0
BRDA:363,33,1,0
BRDA:363,34,0,0
BRDA:363,34,1,0
BRDA:367,35,0,0
BRDA:367,35,1,0
BRDA:369,36,0,0
BRDA:369,36,1,0
BRDA:369,36,2,0
BRDA:371,37,0,0
BRDA:371,37,1,0
BRDA:374,38,0,0
BRDA:374,38,1,0
BRDA:374,38,2,0
BRDA:381,39,0,0
BRDA:381,39,1,0
BRDA:381,40,0,0
BRDA:381,40,1,0
BRDA:382,41,0,0
BRDA:382,41,1,0
BRDA:384,42,0,0
BRDA:384,42,1,0
BRDA:392,43,0,0
BRDA:392,43,1,0
BRDA:392,43,2,0
BRDA:392,43,3,0
BRDA:396,44,0,0
BRDA:396,44,1,0
BRDA:396,45,0,0
BRDA:396,45,1,0
BRDA:402,46,0,0
BRDA:402,46,1,0
BRDA:403,47,0,0
BRDA:403,47,1,0
BRDA:419,48,0,0
BRDA:419,48,1,0
BRDA:422,49,0,0
BRDA:422,49,1,0
BRDA:422,49,2,0
BRDA:430,50,0,0
BRDA:430,50,1,0
BRDA:431,51,0,0
BRDA:431,51,1,0
BRDA:433,52,0,0
BRDA:433,52,1,0
BRDA:433,52,2,0
BRDA:439,53,0,0
BRDA:439,53,1,0
BRDA:439,54,0,0
BRDA:439,54,1,0
BRDA:448,55,0,0
BRDA:448,55,1,0
BRDA:448,55,2,0
BRDA:454,56,0,0
BRDA:454,56,1,0
BRDA:457,57,0,0
BRDA:457,57,1,0
BRDA:459,58,0,0
BRDA:459,58,1,0
BRDA:459,58,2,0
BRDA:465,59,0,0
BRDA:465,59,1,0
BRDA:465,60,0,0
BRDA:465,60,1,0
BRDA:468,61,0,0
BRDA:468,61,1,0
BRDA:470,62,0,0
BRDA:470,62,1,0
BRDA:470,62,2,0
BRDA:476,63,0,0
BRDA:476,63,1,0
BRDA:479,64,0,0
BRDA:479,64,1,0
BRDA:479,65,0,0
BRDA:479,65,1,0
BRDA:481,66,0,0
BRDA:481,66,1,0
BRDA:481,66,2,0
BRDA:487,67,0,0
BRDA:487,67,1,0
BRDA:489,68,0,0
BRDA:489,68,1,0
BRDA:490,69,0,0
BRDA:490,69,1,0
BRDA:492,70,0,0
BRDA:492,70,1,0
BRDA:492,70,2,0
BRDA:498,71,0,0
BRDA:498,71,1,0
BRDA:498,72,0,0
BRDA:498,72,1,0
BRDA:498,73,0,0
BRDA:498,73,1,0
BRDA:499,74,0,0
BRDA:499,74,1,0
BRDA:501,75,0,0
BRDA:504,76,0,0
BRDA:504,76,1,0
BRDA:504,77,0,0
BRDA:504,77,1,0
BRDA:504,78,0,0
BRDA:504,78,1,0
BRDA:505,79,0,0
BRDA:505,79,1,0
BRDA:505,80,0,0
BRDA:505,80,1,0
BRDA:506,81,0,0
BRDA:506,81,1,0
BRDA:506,82,0,0
BRDA:506,82,1,0
BRDA:506,82,2,0
BRDA:512,83,0,0
BRDA:512,83,1,0
BRDA:515,84,0,0
BRDA:515,84,1,0
BRDA:516,85,0,0
BRDA:516,85,1,0
BRDA:517,86,0,0
BRDA:517,86,1,0
BRDA:517,87,0,0
BRDA:517,87,1,0
BRDA:527,88,0,0
BRDA:527,88,1,0
BRDA:542,89,0,0
BRDA:542,89,1,0
BRDA:543,90,0,0
BRDA:543,90,1,0
BRDA:543,91,0,0
BRDA:543,91,1,0
BRDA:546,92,0,0
BRDA:546,92,1,0
BRDA:546,92,2,0
BRDA:547,93,0,0
BRDA:547,93,1,0
BRDA:547,94,0,0
BRDA:547,94,1,0
BRDA:547,95,0,0
BRDA:547,95,1,0
BRDA:566,96,0,0
BRDA:566,96,1,0
BRDA:567,97,0,0
BRDA:567,97,1,0
BRDA:567,98,0,0
BRDA:567,98,1,0
BRDA:571,99,0,0
BRDA:571,99,1,0
BRDA:571,99,2,0
BRDA:573,100,0,0
BRDA:573,100,1,0
BRDA:573,100,2,0
BRF:224
BRH:0
end_of_record
TN:
SF:app/frontend/static/js/common.js
FN:16,(anonymous_0)
FN:26,(anonymous_1)
FN:61,(anonymous_2)
FN:82,(anonymous_3)
FN:91,(anonymous_4)
FN:106,(anonymous_5)
FN:114,(anonymous_6)
FN:125,(anonymous_7)
FN:143,(anonymous_8)
FN:167,(anonymous_9)
FN:172,(anonymous_10)
FN:173,(anonymous_11)
FN:201,(anonymous_12)
FN:203,executedFunction
FN:204,(anonymous_14)
FN:218,(anonymous_15)
FN:231,(anonymous_16)
FN:239,(anonymous_17)
FN:241,(anonymous_18)
FN:250,(anonymous_19)
FN:265,(anonymous_20)
FNF:21
FNH:0
FNDA:0,(anonymous_0)
FNDA:0,(anonymous_1)
FNDA:0,(anonymous_2)
FNDA:0,(anonymous_3)
FNDA:0,(anonymous_4)
FNDA:0,(anonymous_5)
FNDA:0,(anonymous_6)
FNDA:0,(anonymous_7)
FNDA:0,(anonymous_8)
FNDA:0,(anonymous_9)
FNDA:0,(anonymous_10)
FNDA:0,(anonymous_11)
FNDA:0,(anonymous_12)
FNDA:0,executedFunction
FNDA:0,(anonymous_14)
FNDA:0,(anonymous_15)
FNDA:0,(anonymous_16)
FNDA:0,(anonymous_17)
FNDA:0,(anonymous_18)
FNDA:0,(anonymous_19)
FNDA:0,(anonymous_20)
DA:11,0
DA:17,0
DA:27,0
DA:28,0
DA:29,0
DA:36,0
DA:38,0
DA:41,0
DA:42,0
DA:44,0
DA:45,0
DA:46,0
DA:49,0
DA:50,0
DA:51,0
DA:62,0
DA:63,0
DA:64,0
DA:65,0
DA:68,0
DA:69,0
DA:70,0
DA:75,0
DA:84,0
DA:93,0
DA:100,0
DA:107,0
DA:115,0
DA:116,0
DA:117,0
DA:126,0
DA:127,0
DA:128,0
DA:129,0
DA:131,0
DA:132,0
DA:135,0
DA:144,0
DA:145,0
DA:146,0
DA:147,0
DA:149,0
DA:150,0
DA:152,0
DA:160,0
DA:168,0
DA:170,0
DA:171,0
DA:172,0
DA:173,0
DA:174,0
DA:179,0
DA:180,0
DA:181,0
DA:182,0
DA:183,0
DA:184,0
DA:188,0
DA:189,0
DA:190,0
DA:192,0
DA:203,0
DA:204,0
DA:205,0
DA:206,0
DA:208,0
DA:209,0
DA:219,0
DA:220,0
DA:221,0
DA:222,0
DA:223,0
DA:232,0
DA:239,0
DA:241,0
DA:242,0
DA:243,0
DA:244,0
DA:245,0
DA:247,0
DA:250,0
DA:251,0
DA:252,0
DA:253,0
DA:254,0
DA:258,0
DA:259,0
DA:261,0
DA:265,0
DA:267,0
DA:268,0
DA:269,0
DA:270,0
DA:271,0
DA:280,0
DA:281,0
DA:282,0
LF:97
LH:0
BRDA:28,0,0,0
BRDA:28,0,1,0
BRDA:29,1,0,0
BRDA:29,1,1,0
BRDA:36,2,0,0
BRDA:36,2,1,0
BRDA:44,3,0,0
BRDA:44,3,1,0
BRDA:44,3,2,0
BRDA:49,4,0,0
BRDA:49,4,1,0
BRDA:49,4,2,0
BRDA:61,5,0,0
BRDA:63,6,0,0
BRDA:63,6,1,0
BRDA:68,7,0,0
BRDA:68,7,1,0
BRDA:69,8,0,0
BRDA:69,8,1,0
BRDA:93,9,0,0
BRDA:93,9,1,0
BRDA:93,9,2,0
BRDA:106,10,0,0
BRDA:116,11,0,0
BRDA:116,11,1,0
BRDA:116,12,0,0
BRDA:116,12,1,0
BRDA:127,13,0,0
BRDA:127,13,1,0
BRDA:127,14,0,0
BRDA:127,14,1,0
BRDA:127,14,2,0
BRDA:127,14,3,0
BRDA:128,15,0,0
BRDA:128,15,1,0
BRDA:128,15,2,0
BRDA:132,16,0,0
BRDA:132,16,1,0
BRDA:135,17,0,0
BRDA:135,17,1,0
BRDA:135,17,2,0
BRDA:145,18,0,0
BRDA:145,18,1,0
BRDA:145,19,0,0
BRDA:145,19,1,0
BRDA:145,19,2,0
BRDA:145,19,3,0
BRDA:146,20,0,0
BRDA:146,20,1,0
BRDA:146,20,2,0
BRDA:150,21,0,0
BRDA:150,21,1,0
BRDA:152,22,0,0
BRDA:152,22,1,0
BRDA:152,22,2,0
BRDA:170,23,0,0
BRDA:170,23,1,0
BRDA:180,24,0,0
BRDA:180,24,1,0
BRDA:219,25,0,0
BRDA:219,25,1,0
BRDA:243,26,0,0
BRDA:243,26,1,0
BRDA:243,27,0,0
BRDA:243,27,1,0
BRDA:244,28,0,0
BRDA:244,28,1,0
BRDA:244,29,0,0
BRDA:244,29,1,0
BRDA:244,29,2,0
BRDA:247,30,0,0
BRDA:247,30,1,0
BRDA:247,30,2,0
BRDA:252,31,0,0
BRDA:252,31,1,0
BRDA:252,32,0,0
BRDA:252,32,1,0
BRDA:253,33,0,0
BRDA:253,33,1,0
BRDA:253,34,0,0
BRDA:253,34,1,0
BRDA:253,34,2,0
BRDA:258,35,0,0
BRDA:258,35,1,0
BRDA:258,36,0,0
BRDA:258,36,1,0
BRDA:258,36,2,0
BRDA:261,37,0,0
BRDA:261,37,1,0
BRDA:261,37,2,0
BRDA:267,38,0,0
BRDA:267,38,1,0
BRDA:267,39,0,0
BRDA:267,39,1,0
BRDA:267,39,2,0
BRDA:270,40,0,0
BRDA:270,40,1,0
BRF:97
BRH:0
end_of_record
TN:
SF:app/frontend/static/js/component-loader.js
FN:17,(anonymous_0)
FN:36,(anonymous_1)
FN:37,(anonymous_2)
FN:39,(anonymous_3)
FN:53,(anonymous_4)
FN:56,(anonymous_5)
FN:61,(anonymous_6)
FN:66,(anonymous_7)
FN:75,(anonymous_8)
FN:80,(anonymous_9)
FN:85,(anonymous_10)
FN:94,(anonymous_11)
FN:98,(anonymous_12)
FN:101,(anonymous_13)
FN:102,(anonymous_14)
FN:106,(anonymous_15)
FN:110,(anonymous_16)
FN:118,(anonymous_17)
FN:145,(anonymous_18)
FN:146,(anonymous_19)
FN:147,(anonymous_20)
FN:148,(anonymous_21)
FN:149,(anonymous_22)
FN:150,(anonymous_23)
FN:154,(anonymous_24)
FN:155,(anonymous_25)
FN:156,(anonymous_26)
FN:167,(anonymous_27)
FN:170,(anonymous_28)
FN:185,(anonymous_29)
FN:192,(anonymous_30)
FN:206,(anonymous_31)
FN:213,(anonymous_32)
FN:224,(anonymous_33)
FN:231,(anonymous_34)
FN:242,(anonymous_35)
FN:249,(anonymous_36)
FN:264,(anonymous_37)
FN:271,(anonymous_38)
FN:288,(anonymous_39)
FN:295,(anonymous_40)
FN:300,(anonymous_41)
FN:307,(anonymous_42)
FN:311,(anonymous_43)
FN:318,(anonymous_44)
FN:323,(anonymous_45)
FN:330,(anonymous_46)
FN:333,(anonymous_47)
FN:340,(anonymous_48)
FN:346,(anonymous_49)
FN:353,(anonymous_50)
FN:355,(anonymous_51)
FN:367,(anonymous_52)
FN:370,(anonymous_53)
FN:385,(anonymous_54)
FN:388,(anonymous_55)
FN:400,(anonymous_56)
FN:424,(anonymous_57)
FN:438,(anonymous_58)
FN:446,(anonymous_59)
FN:456,(anonymous_60)
FN:483,(anonymous_61)
FN:505,(anonymous_62)
FN:518,(anonymous_63)
FN:527,(anonymous_64)
FN:543,(anonymous_65)
FN:544,(anonymous_66)
FN:552,(anonymous_67)
FN:556,(anonymous_68)
FN:566,(anonymous_69)
FN:570,(anonymous_70)
FN:582,(anonymous_71)
FN:588,(anonymous_72)
FN:596,(anonymous_73)
FN:612,(anonymous_74)
FN:617,(anonymous_75)
FN:632,(anonymous_76)
FN:635,(anonymous_77)
FN:640,(anonymous_78)
FN:641,(anonymous_79)
FN:645,(anonymous_80)
FN:650,(anonymous_81)
FN:662,(anonymous_82)
FN:663,(anonymous_83)
FN:670,(anonymous_84)
FN:671,(anonymous_85)
FN:680,(anonymous_86)
FN:685,(anonymous_87)
FN:699,(anonymous_88)
FN:705,(anonymous_89)
FN:708,(anonymous_90)
FN:720,(anonymous_91)
FNF:92
FNH:0
FNDA:0,(anonymous_0)
FNDA:0,(anonymous_1)
FNDA:0,(anonymous_2)
FNDA:0,(anonymous_3)
FNDA:0,(anonymous_4)
FNDA:0,(anonymous_5)
FNDA:0,(anonymous_6)
FNDA:0,(anonymous_7)
FNDA:0,(anonymous_8)
FNDA:0,(anonymous_9)
FNDA:0,(anonymous_10)
FNDA:0,(anonymous_11)
FNDA:0,(anonymous_12)
FNDA:0,(anonymous_13)
FNDA:0,(anonymous_14)
FNDA:0,(anonymous_15)
FNDA:0,(anonymous_16)
FNDA:0,(anonymous_17)
FNDA:0,(anonymous_18)
FNDA:0,(anonymous_19)
FNDA:0,(anonymous_20)
FNDA:0,(anonymous_21)
FNDA:0,(anonymous_22)
FNDA:0,(anonymous_23)
FNDA:0,(anonymous_24)
FNDA:0,(anonymous_25)
FNDA:0,(anonymous_26)
FNDA:0,(anonymous_27)
FNDA:0,(anonymous_28)
FNDA:0,(anonymous_29)
FNDA:0,(anonymous_30)
FNDA:0,(anonymous_31)
FNDA:0,(anonymous_32)
FNDA:0,(anonymous_33)
FNDA:0,(anonymous_34)
FNDA:0,(anonymous_35)
FNDA:0,(anonymous_36)
FNDA:0,(anonymous_37)
FNDA:0,(anonymous_38)
FNDA:0,(anonymous_39)
FNDA:0,(anonymous_40)
FNDA:0,(anonymous_41)
FNDA:0,(anonymous_42)
FNDA:0,(anonymous_43)
FNDA:0,(anonymous_44)
FNDA:0,(anonymous_45)
FNDA:0,(anonymous_46)
FNDA:0,(anonymous_47)
FNDA:0,(anonymous_48)
FNDA:0,(anonymous_49)
FNDA:0,(anonymous_50)
FNDA:0,(anonymous_51)
FNDA:0,(anonymous_52)
FNDA:0,(anonymous_53)
FNDA:0,(anonymous_54)
FNDA:0,(anonymous_55)
FNDA:0,(anonymous_56)
FNDA:0,(anonymous_57)
FNDA:0,(anonymous_58)
FNDA:0,(anonymous_59)
FNDA:0,(anonymous_60)
FNDA:0,(anonymous_61)
FNDA:0,(anonymous_62)
FNDA:0,(anonymous_63)
FNDA:0,(anonymous_64)
FNDA:0,(anonymous_65)
FNDA:0,(anonymous_66)
FNDA:0,(anonymous_67)
FNDA:0,(anonymous_68)
FNDA:0,(anonymous_69)
FNDA:0,(anonymous_70)
FNDA:0,(anonymous_71)
FNDA:0,(anonymous_72)
FNDA:0,(anonymous_73)
FNDA:0,(anonymous_74)
FNDA:0,(anonymous_75)
FNDA:0,(anonymous_76)
FNDA:0,(anonymous_77)
FNDA:0,(anonymous_78)
FNDA:0,(anonymous_79)
FNDA:0,(anonymous_80)
FNDA:0,(anonymous_81)
FNDA:0,(anonymous_82)
FNDA:0,(anonymous_83)
FNDA:0,(anonymous_84)
FNDA:0,(anonymous_85)
FNDA:0,(anonymous_86)
FNDA:0,(anonymous_87)
FNDA:0,(anonymous_88)
FNDA:0,(anonymous_89)
FNDA:0,(anonymous_90)
FNDA:0,(anonymous_91)
DA:8,0
DA:18,0
DA:19,0
DA:21,0
DA:24,0
DA:27,0
DA:30,0
DA:32,0
DA:37,0
DA:38,0
DA:39,0
DA:41,0
DA:42,0
DA:43,0
DA:45,0
DA:46,0
DA:50,0
DA:55,0
DA:57,0
DA:58,0
DA:62,0
DA:63,0
DA:67,0
DA:68,0
DA:73,0
DA:74,0
DA:76,0
DA:77,0
DA:81,0
DA:82,0
DA:86,0
DA:87,0
DA:95,0
DA:98,0
DA:99,0
DA:101,0
DA:103,0
DA:104,0
DA:107,0
DA:108,0
DA:111,0
DA:112,0
DA:118,0
DA:119,0
DA:145,0
DA:146,0
DA:147,0
DA:148,0
DA:149,0
DA:151,0
DA:152,0
DA:154,0
DA:155,0
DA:156,0
DA:161,0
DA:167,0
DA:169,0
DA:170,0
DA:171,0
DA:185,0
DA:188,0
DA:191,0
DA:192,0
DA:193,0
DA:206,0
DA:209,0
DA:212,0
DA:213,0
DA:214,0
DA:224,0
DA:227,0
DA:230,0
DA:231,0
DA:232,0
DA:242,0
DA:245,0
DA:248,0
DA:249,0
DA:250,0
DA:264,0
DA:267,0
DA:270,0
DA:271,0
DA:272,0
DA:288,0
DA:291,0
DA:294,0
DA:295,0
DA:296,0
DA:300,0
DA:303,0
DA:306,0
DA:307,0
DA:308,0
DA:311,0
DA:314,0
DA:317,0
DA:318,0
DA:319,0
DA:323,0
DA:326,0
DA:329,0
DA:330,0
DA:331,0
DA:333,0
DA:336,0
DA:339,0
DA:340,0
DA:341,0
DA:346,0
DA:349,0
DA:353,0
DA:354,0
DA:355,0
DA:361,0
DA:363,0
DA:370,0
DA:371,0
DA:372,0
DA:373,0
DA:374,0
DA:376,0
DA:377,0
DA:381,0
DA:386,0
DA:388,0
DA:389,0
DA:390,0
DA:391,0
DA:393,0
DA:397,0
DA:401,0
DA:402,0
DA:405,0
DA:407,0
DA:416,0
DA:417,0
DA:419,0
DA:425,0
DA:426,0
DA:429,0
DA:430,0
DA:433,0
DA:439,0
DA:441,0
DA:443,0
DA:444,0
DA:446,0
DA:447,0
DA:449,0
DA:451,0
DA:453,0
DA:456,0
DA:457,0
DA:458,0
DA:463,0
DA:466,0
DA:467,0
DA:470,0
DA:473,0
DA:478,0
DA:484,0
DA:486,0
DA:488,0
DA:489,0
DA:492,0
DA:495,0
DA:497,0
DA:500,0
DA:506,0
DA:507,0
DA:510,0
DA:511,0
DA:512,0
DA:516,0
DA:517,0
DA:518,0
DA:519,0
DA:520,0
DA:521,0
DA:525,0
DA:526,0
DA:527,0
DA:528,0
DA:529,0
DA:530,0
DA:534,0
DA:535,0
DA:537,0
DA:538,0
DA:544,0
DA:545,0
DA:549,0
DA:553,0
DA:556,0
DA:567,0
DA:571,0
DA:572,0
DA:573,0
DA:574,0
DA:575,0
DA:578,0
DA:583,0
DA:589,0
DA:596,0
DA:613,0
DA:614,0
DA:618,0
DA:619,0
DA:620,0
DA:621,0
DA:622,0
DA:623,0
DA:626,0
DA:632,0
DA:636,0
DA:637,0
DA:641,0
DA:642,0
DA:645,0
DA:646,0
DA:651,0
DA:652,0
DA:653,0
DA:654,0
DA:655,0
DA:658,0
DA:663,0
DA:664,0
DA:665,0
DA:666,0
DA:671,0
DA:672,0
DA:676,0
DA:681,0
DA:683,0
DA:685,0
DA:686,0
DA:687,0
DA:688,0
DA:690,0
DA:700,0
DA:701,0
DA:702,0
DA:705,0
DA:706,0
DA:707,0
DA:708,0
DA:709,0
DA:710,0
DA:713,0
DA:714,0
DA:715,0
DA:718,0
DA:720,0
DA:721,0
DA:722,0
DA:724,0
DA:730,0
DA:732,0
LF:260
LH:0
BRDA:18,0,0,0
BRDA:18,0,1,0
BRDA:41,1,0,0
BRDA:41,1,1,0
BRDA:57,2,0,0
BRDA:57,2,1,0
BRDA:57,3,0,0
BRDA:57,3,1,0
BRDA:62,4,0,0
BRDA:62,4,1,0
BRDA:62,5,0,0
BRDA:62,5,1,0
BRDA:67,6,0,0
BRDA:67,6,1,0
BRDA:67,7,0,0
BRDA:67,7,1,0
BRDA:76,8,0,0
BRDA:76,8,1,0
BRDA:76,9,0,0
BRDA:76,9,1,0
BRDA:81,10,0,0
BRDA:81,10,1,0
BRDA:81,11,0,0
BRDA:81,11,1,0
BRDA:86,12,0,0
BRDA:86,12,1,0
BRDA:86,13,0,0
BRDA:86,13,1,0
BRDA:169,14,0,0
BRDA:169,14,1,0
BRDA:191,15,0,0
BRDA:191,15,1,0
BRDA:212,16,0,0
BRDA:212,16,1,0
BRDA:230,17,0,0
BRDA:230,17,1,0
BRDA:248,18,0,0
BRDA:248,18,1,0
BRDA:270,19,0,0
BRDA:270,19,1,0
BRDA:294,20,0,0
BRDA:294,20,1,0
BRDA:306,21,0,0
BRDA:306,21,1,0
BRDA:317,22,0,0
BRDA:317,22,1,0
BRDA:329,23,0,0
BRDA:329,23,1,0
BRDA:339,24,0,0
BRDA:339,24,1,0
BRDA:371,25,0,0
BRDA:371,25,1,0
BRDA:416,26,0,0
BRDA:416,26,1,0
BRDA:429,27,0,0
BRDA:429,27,1,0
BRDA:429,28,0,0
BRDA:429,28,1,0
BRDA:443,29,0,0
BRDA:443,29,1,0
BRDA:451,30,0,0
BRDA:451,30,1,0
BRDA:457,31,0,0
BRDA:457,31,1,0
BRDA:457,32,0,0
BRDA:457,32,1,0
BRDA:466,33,0,0
BRDA:466,33,1,0
BRDA:486,34,0,0
BRDA:486,34,1,0
BRDA:510,35,0,0
BRDA:510,35,1,0
BRDA:510,36,0,0
BRDA:510,36,1,0
BRDA:516,37,0,0
BRDA:516,37,1,0
BRDA:519,38,0,0
BRDA:519,38,1,0
BRDA:525,39,0,0
BRDA:525,39,1,0
BRDA:528,40,0,0
BRDA:528,40,1,0
BRDA:572,41,0,0
BRDA:572,41,1,0
BRDA:573,42,0,0
BRDA:573,42,1,0
BRDA:575,43,0,0
BRDA:575,43,1,0
BRDA:619,44,0,0
BRDA:619,44,1,0
BRDA:620,45,0,0
BRDA:620,45,1,0
BRDA:622,46,0,0
BRDA:622,46,1,0
BRDA:623,47,0,0
BRDA:623,47,1,0
BRDA:652,48,0,0
BRDA:652,48,1,0
BRDA:653,49,0,0
BRDA:653,49,1,0
BRDA:655,50,0,0
BRDA:655,50,1,0
BRDA:664,51,0,0
BRDA:664,51,1,0
BRDA:700,52,0,0
BRDA:700,52,1,0
BRDA:713,53,0,0
BRDA:713,53,1,0
BRF:108
BRH:0
end_of_record
TN:
SF:app/frontend/static/js/htmx-config.js
FN:4,(anonymous_0)
FN:18,(anonymous_1)
FN:31,(anonymous_2)
FN:41,(anonymous_3)
FN:66,(anonymous_4)
FN:78,(anonymous_5)
FN:92,(anonymous_6)
FN:98,(anonymous_7)
FN:106,(anonymous_8)
FN:110,(anonymous_9)
FN:126,(anonymous_10)
FN:131,(anonymous_11)
FN:136,(anonymous_12)
FN:141,(anonymous_13)
FN:153,(anonymous_14)
FN:154,(anonymous_15)
FN:156,(anonymous_16)
FN:166,(anonymous_17)
FN:170,(anonymous_18)
FN:175,(anonymous_19)
FN:182,(anonymous_20)
FN:187,(anonymous_21)
FN:195,(anonymous_22)
FN:204,(anonymous_23)
FN:206,(anonymous_24)
FN:211,(anonymous_25)
FNF:26
FNH:0
FNDA:0,(anonymous_0)
FNDA:0,(anonymous_1)
FNDA:0,(anonymous_2)
FNDA:0,(anonymous_3)
FNDA:0,(anonymous_4)
FNDA:0,(anonymous_5)
FNDA:0,(anonymous_6)
FNDA:0,(anonymous_7)
FNDA:0,(anonymous_8)
FNDA:0,(anonymous_9)
FNDA:0,(anonymous_10)
FNDA:0,(anonymous_11)
FNDA:0,(anonymous_12)
FNDA:0,(anonymous_13)
FNDA:0,(anonymous_14)
FNDA:0,(anonymous_15)
FNDA:0,(anonymous_16)
FNDA:0,(anonymous_17)
FNDA:0,(anonymous_18)
FNDA:0,(anonymous_19)
FNDA:0,(anonymous_20)
FNDA:0,(anonymous_21)
FNDA:0,(anonymous_22)
FNDA:0,(anonymous_23)
FNDA:0,(anonymous_24)
FNDA:0,(anonymous_25)
DA:4,0
DA:6,0
DA:7,0
DA:8,0
DA:9,0
DA:10,0
DA:11,0
DA:12,0
DA:13,0
DA:14,0
DA:15,0
DA:18,0
DA:20,0
DA:21,0
DA:22,0
DA:26,0
DA:27,0
DA:31,0
DA:33,0
DA:34,0
DA:36,0
DA:41,0
DA:43,0
DA:44,0
DA:45,0
DA:47,0
DA:49,0
DA:50,0
DA:51,0
DA:52,0
DA:53,0
DA:66,0
DA:67,0
DA:68,0
DA:69,0
DA:70,0
DA:71,0
DA:72,0
DA:78,0
DA:79,0
DA:80,0
DA:81,0
DA:82,0
DA:83,0
DA:84,0
DA:91,0
DA:93,0
DA:94,0
DA:99,0
DA:100,0
DA:105,0
DA:107,0
DA:111,0
DA:112,0
DA:114,0
DA:115,0
DA:118,0
DA:124,0
DA:127,0
DA:132,0
DA:137,0
DA:142,0
DA:143,0
DA:144,0
DA:145,0
DA:147,0
DA:154,0
DA:155,0
DA:156,0
DA:157,0
DA:164,0
DA:167,0
DA:171,0
DA:176,0
DA:177,0
DA:183,0
DA:188,0
DA:189,0
DA:190,0
DA:196,0
DA:197,0
DA:198,0
DA:204,0
DA:206,0
DA:207,0
DA:211,0
DA:213,0
DA:214,0
DA:215,0
DA:216,0
DA:217,0
DA:222,0
DA:223,0
DA:224,0
DA:225,0
LF:95
LH:0
BRDA:21,0,0,0
BRDA:21,0,1,0
BRDA:26,1,0,0
BRDA:26,1,1,0
BRDA:34,2,0,0
BRDA:34,2,1,0
BRDA:34,3,0,0
BRDA:34,3,1,0
BRDA:34,3,2,0
BRDA:34,3,3,0
BRDA:36,4,0,0
BRDA:36,4,1,0
BRDA:36,4,2,0
BRDA:44,5,0,0
BRDA:44,5,1,0
BRDA:44,6,0,0
BRDA:44,6,1,0
BRDA:44,6,2,0
BRDA:45,7,0,0
BRDA:45,7,1,0
BRDA:45,7,2,0
BRDA:47,8,0,0
BRDA:47,8,1,0
BRDA:50,9,0,0
BRDA:50,9,1,0
BRDA:50,10,0,0
BRDA:50,10,1,0
BRDA:52,11,0,0
BRDA:52,11,1,0
BRDA:52,12,0,0
BRDA:52,12,1,0
BRDA:68,13,0,0
BRDA:68,13,1,0
BRDA:68,13,2,0
BRDA:68,14,0,0
BRDA:68,14,1,0
BRDA:69,15,0,0
BRDA:69,15,1,0
BRDA:69,16,0,0
BRDA:69,16,1,0
BRDA:71,17,0,0
BRDA:71,17,1,0
BRDA:71,18,0,0
BRDA:71,18,1,0
BRDA:80,19,0,0
BRDA:80,19,1,0
BRDA:80,19,2,0
BRDA:80,20,0,0
BRDA:80,20,1,0
BRDA:81,21,0,0
BRDA:81,21,1,0
BRDA:81,22,0,0
BRDA:81,22,1,0
BRDA:83,23,0,0
BRDA:83,23,1,0
BRDA:83,24,0,0
BRDA:83,24,1,0
BRDA:93,25,0,0
BRDA:93,25,1,0
BRDA:111,26,0,0
BRDA:111,26,1,0
BRDA:112,27,0,0
BRDA:112,27,1,0
BRDA:126,28,0,0
BRDA:142,29,0,0
BRDA:142,29,1,0
BRDA:153,30,0,0
BRDA:167,31,0,0
BRDA:167,31,1,0
BRDA:171,32,0,0
BRDA:171,32,1,0
BRDA:176,33,0,0
BRDA:176,33,1,0
BRDA:189,34,0,0
BRDA:189,34,1,0
BRDA:197,35,0,0
BRDA:197,35,1,0
BRDA:213,36,0,0
BRDA:213,36,1,0
BRDA:213,37,0,0
BRDA:213,37,1,0
BRDA:213,37,2,0
BRDA:216,38,0,0
BRDA:216,38,1,0
BRDA:222,39,0,0
BRDA:222,39,1,0
BRDA:224,40,0,0
BRDA:224,40,1,0
BRF:88
BRH:0
end_of_record
TN:
SF:app/frontend/static/js/main.js
FN:119,(anonymous_0)
FN:130,(anonymous_1)
FN:131,(anonymous_2)
FN:137,(anonymous_3)
FN:138,(anonymous_4)
FN:144,(anonymous_5)
FN:152,(anonymous_6)
FN:156,(anonymous_7)
FN:166,(anonymous_8)
FN:171,(anonymous_9)
FN:172,(anonymous_10)
FN:196,(anonymous_11)
FN:201,(anonymous_12)
FN:213,(anonymous_13)
FN:222,(anonymous_14)
FN:225,(anonymous_15)
FN:228,(anonymous_16)
FN:232,(anonymous_17)
FN:238,(anonymous_18)
FN:243,(anonymous_19)
FN:246,(anonymous_20)
FN:252,(anonymous_21)
FN:258,(anonymous_22)
FN:278,(anonymous_23)
FN:291,(anonymous_24)
FN:297,(anonymous_25)
FN:303,(anonymous_26)
FN:309,(anonymous_27)
FNF:28
FNH:0
FNDA:0,(anonymous_0)
FNDA:0,(anonymous_1)
FNDA:0,(anonymous_2)
FNDA:0,(anonymous_3)
FNDA:0,(anonymous_4)
FNDA:0,(anonymous_5)
FNDA:0,(anonymous_6)
FNDA:0,(anonymous_7)
FNDA:0,(anonymous_8)
FNDA:0,(anonymous_9)
FNDA:0,(anonymous_10)
FNDA:0,(anonymous_11)
FNDA:0,(anonymous_12)
FNDA:0,(anonymous_13)
FNDA:0,(anonymous_14)
FNDA:0,(anonymous_15)
FNDA:0,(anonymous_16)
FNDA:0,(anonymous_17)
FNDA:0,(anonymous_18)
FNDA:0,(anonymous_19)
FNDA:0,(anonymous_20)
FNDA:0,(anonymous_21)
FNDA:0,(anonymous_22)
FNDA:0,(anonymous_23)
FNDA:0,(anonymous_24)
FNDA:0,(anonymous_25)
FNDA:0,(anonymous_26)
FNDA:0,(anonymous_27)
DA:67,0
DA:70,0
DA:75,0
DA:76,0
DA:77,0
DA:78,0
DA:79,0
DA:80,0
DA:81,0
DA:82,0
DA:83,0
DA:84,0
DA:85,0
DA:86,0
DA:87,0
DA:88,0
DA:91,0
DA:120,0
DA:131,0
DA:132,0
DA:133,0
DA:138,0
DA:139,0
DA:140,0
DA:145,0
DA:147,0
DA:148,0
DA:153,0
DA:157,0
DA:163,0
DA:166,0
DA:167,0
DA:172,0
DA:173,0
DA:174,0
DA:180,0
DA:181,0
DA:182,0
DA:183,0
DA:184,0
DA:185,0
DA:186,0
DA:187,0
DA:188,0
DA:189,0
DA:190,0
DA:191,0
DA:192,0
DA:193,0
DA:196,0
DA:202,0
DA:203,0
DA:204,0
DA:207,0
DA:209,0
DA:214,0
DA:215,0
DA:222,0
DA:229,0
DA:230,0
DA:233,0
DA:234,0
DA:238,0
DA:247,0
DA:248,0
DA:249,0
DA:250,0
DA:253,0
DA:254,0
DA:256,0
DA:259,0
DA:260,0
DA:261,0
DA:262,0
DA:267,0
DA:270,0
DA:273,0
DA:278,0
DA:279,0
DA:280,0
DA:281,0
DA:282,0
DA:283,0
DA:284,0
DA:286,0
DA:290,0
DA:292,0
DA:296,0
DA:298,0
DA:302,0
DA:304,0
DA:308,0
DA:310,0
DA:316,0
DA:319,0
DA:321,0
DA:323,0
DA:326,0
LF:98
LH:0
BRDA:121,0,0,0
BRDA:121,0,1,0
BRDA:122,1,0,0
BRDA:122,1,1,0
BRDA:132,2,0,0
BRDA:132,2,1,0
BRDA:139,3,0,0
BRDA:139,3,1,0
BRDA:147,4,0,0
BRDA:147,4,1,0
BRDA:156,5,0,0
BRDA:173,6,0,0
BRDA:173,6,1,0
BRDA:202,7,0,0
BRDA:202,7,1,0
BRDA:207,8,0,0
BRDA:207,8,1,0
BRDA:228,9,0,0
BRDA:253,10,0,0
BRDA:253,10,1,0
BRDA:280,11,0,0
BRDA:280,11,1,0
BRDA:290,12,0,0
BRDA:290,12,1,0
BRDA:296,13,0,0
BRDA:296,13,1,0
BRDA:302,14,0,0
BRDA:302,14,1,0
BRDA:308,15,0,0
BRDA:308,15,1,0
BRDA:321,16,0,0
BRDA:321,16,1,0
BRF:32
BRH:0
end_of_record
TN:
SF:app/frontend/static/js/theme-toggle.js
FN:2,(anonymous_0)
FN:3,setTheme
FN:13,getStoredTheme
FN:17,detectPreferredTheme
FN:24,toggleTheme
FN:30,(anonymous_5)
FN:34,(anonymous_6)
FNF:7
FNH:0
FNDA:0,(anonymous_0)
FNDA:0,setTheme
FNDA:0,getStoredTheme
FNDA:0,detectPreferredTheme
FNDA:0,toggleTheme
FNDA:0,(anonymous_5)
FNDA:0,(anonymous_6)
DA:2,0
DA:4,0
DA:5,0
DA:7,0
DA:8,0
DA:9,0
DA:14,0
DA:18,0
DA:19,0
DA:21,0
DA:25,0
DA:26,0
DA:27,0
DA:30,0
DA:31,0
DA:32,0
DA:34,0
DA:35,0
DA:36,0
DA:41,0
LF:20
LH:0
BRDA:8,0,0,0
BRDA:8,0,1,0
BRDA:9,1,0,0
BRDA:9,1,1,0
BRDA:18,2,0,0
BRDA:18,2,1,0
BRDA:18,3,0,0
BRDA:18,3,1,0
BRDA:25,4,0,0
BRDA:25,4,1,0
BRDA:25,4,2,0
BRDA:26,5,0,0
BRDA:26,5,1,0
BRDA:32,6,0,0
BRDA:32,6,1,0
BRDA:35,7,0,0
BRDA:35,7,1,0
BRDA:36,8,0,0
BRDA:36,8,1,0
BRF:19
BRH:0
end_of_record
TN:
SF:app/frontend/static/js/components/generation-history-legacy.js
FN:6,createGenerationHistoryComponent
FN:48,(anonymous_1)
FN:58,(anonymous_2)
FN:59,(anonymous_3)
FN:80,(anonymous_4)
FN:87,(anonymous_5)
FN:101,(anonymous_6)
FN:106,(anonymous_7)
FN:109,(anonymous_8)
FN:116,(anonymous_9)
FN:136,(anonymous_10)
FN:139,(anonymous_11)
FN:142,(anonymous_12)
FN:145,(anonymous_13)
FN:148,(anonymous_14)
FN:151,(anonymous_15)
FN:156,(anonymous_16)
FN:160,(anonymous_17)
FN:162,(anonymous_18)
FN:171,(anonymous_19)
FN:175,(anonymous_20)
FN:179,(anonymous_21)
FN:184,(anonymous_22)
FN:189,(anonymous_23)
FN:200,(anonymous_24)
FN:215,(anonymous_25)
FN:220,(anonymous_26)
FN:228,(anonymous_27)
FN:235,(anonymous_28)
FN:244,(anonymous_29)
FN:250,(anonymous_30)
FN:263,(anonymous_31)
FN:286,(anonymous_32)
FN:302,(anonymous_33)
FN:322,(anonymous_34)
FN:334,(anonymous_35)
FN:343,(anonymous_36)
FN:354,(anonymous_37)
FN:367,(anonymous_38)
FNF:39
FNH:0
FNDA:0,createGenerationHistoryComponent
FNDA:0,(anonymous_1)
FNDA:0,(anonymous_2)
FNDA:0,(anonymous_3)
FNDA:0,(anonymous_4)
FNDA:0,(anonymous_5)
FNDA:0,(anonymous_6)
FNDA:0,(anonymous_7)
FNDA:0,(anonymous_8)
FNDA:0,(anonymous_9)
FNDA:0,(anonymous_10)
FNDA:0,(anonymous_11)
FNDA:0,(anonymous_12)
FNDA:0,(anonymous_13)
FNDA:0,(anonymous_14)
FNDA:0,(anonymous_15)
FNDA:0,(anonymous_16)
FNDA:0,(anonymous_17)
FNDA:0,(anonymous_18)
FNDA:0,(anonymous_19)
FNDA:0,(anonymous_20)
FNDA:0,(anonymous_21)
FNDA:0,(anonymous_22)
FNDA:0,(anonymous_23)
FNDA:0,(anonymous_24)
FNDA:0,(anonymous_25)
FNDA:0,(anonymous_26)
FNDA:0,(anonymous_27)
FNDA:0,(anonymous_28)
FNDA:0,(anonymous_29)
FNDA:0,(anonymous_30)
FNDA:0,(anonymous_31)
FNDA:0,(anonymous_32)
FNDA:0,(anonymous_33)
FNDA:0,(anonymous_34)
FNDA:0,(anonymous_35)
FNDA:0,(anonymous_36)
FNDA:0,(anonymous_37)
FNDA:0,(anonymous_38)
DA:8,0
DA:9,0
DA:10,0
DA:16,0
DA:17,0
DA:18,0
DA:20,0
DA:49,0
DA:50,0
DA:52,0
DA:53,0
DA:54,0
DA:59,0
DA:60,0
DA:65,0
DA:67,0
DA:68,0
DA:70,0
DA:73,0
DA:74,0
DA:76,0
DA:81,0
DA:83,0
DA:84,0
DA:89,0
DA:92,0
DA:95,0
DA:98,0
DA:102,0
DA:104,0
DA:106,0
DA:108,0
DA:109,0
DA:112,0
DA:117,0
DA:119,0
DA:120,0
DA:122,0
DA:124,0
DA:125,0
DA:127,0
DA:128,0
DA:130,0
DA:131,0
DA:133,0
DA:136,0
DA:140,0
DA:142,0
DA:143,0
DA:145,0
DA:146,0
DA:148,0
DA:149,0
DA:151,0
DA:152,0
DA:157,0
DA:159,0
DA:160,0
DA:161,0
DA:162,0
DA:163,0
DA:165,0
DA:166,0
DA:167,0
DA:172,0
DA:176,0
DA:180,0
DA:181,0
DA:185,0
DA:190,0
DA:191,0
DA:192,0
DA:193,0
DA:194,0
DA:196,0
DA:201,0
DA:202,0
DA:203,0
DA:205,0
DA:206,0
DA:208,0
DA:209,0
DA:211,0
DA:216,0
DA:218,0
DA:219,0
DA:220,0
DA:221,0
DA:222,0
DA:224,0
DA:229,0
DA:231,0
DA:233,0
DA:234,0
DA:235,0
DA:236,0
DA:237,0
DA:238,0
DA:240,0
DA:245,0
DA:247,0
DA:248,0
DA:250,0
DA:251,0
DA:252,0
DA:256,0
DA:257,0
DA:259,0
DA:264,0
DA:266,0
DA:267,0
DA:270,0
DA:271,0
DA:272,0
DA:273,0
DA:274,0
DA:275,0
DA:276,0
DA:277,0
DA:278,0
DA:280,0
DA:282,0
DA:287,0
DA:298,0
DA:299,0
DA:303,0
DA:304,0
DA:305,0
DA:306,0
DA:307,0
DA:308,0
DA:309,0
DA:310,0
DA:311,0
DA:312,0
DA:313,0
DA:315,0
DA:317,0
DA:323,0
DA:324,0
DA:325,0
DA:326,0
DA:328,0
DA:329,0
DA:330,0
DA:331,0
DA:335,0
DA:336,0
DA:337,0
DA:338,0
DA:339,0
DA:344,0
DA:345,0
DA:346,0
DA:347,0
DA:348,0
DA:350,0
DA:351,0
DA:352,0
DA:353,0
DA:354,0
DA:355,0
DA:362,0
DA:363,0
DA:364,0
DA:366,0
DA:367,0
DA:368,0
DA:369,0
LF:169
LH:0
BRDA:53,0,0,0
BRDA:53,0,1,0
BRDA:67,1,0,0
BRDA:67,1,1,0
BRDA:68,2,0,0
BRDA:68,2,1,0
BRDA:70,3,0,0
BRDA:70,3,1,0
BRDA:73,4,0,0
BRDA:73,4,1,0
BRDA:74,5,0,0
BRDA:74,5,1,0
BRDA:81,6,0,0
BRDA:81,6,1,0
BRDA:81,7,0,0
BRDA:81,7,1,0
BRDA:102,8,0,0
BRDA:102,8,1,0
BRDA:102,8,2,0
BRDA:102,8,3,0
BRDA:106,9,0,0
BRDA:106,9,1,0
BRDA:109,10,0,0
BRDA:109,10,1,0
BRDA:117,11,0,0
BRDA:117,11,1,0
BRDA:122,12,0,0
BRDA:122,12,1,0
BRDA:122,12,2,0
BRDA:122,12,3,0
BRDA:140,13,0,0
BRDA:140,13,1,0
BRDA:140,13,2,0
BRDA:140,13,3,0
BRDA:151,14,0,0
BRDA:151,14,1,0
BRDA:151,15,0,0
BRDA:151,15,1,0
BRDA:159,16,0,0
BRDA:159,16,1,0
BRDA:160,17,0,0
BRDA:160,17,1,0
BRDA:208,18,0,0
BRDA:208,18,1,0
BRDA:216,19,0,0
BRDA:216,19,1,0
BRDA:229,20,0,0
BRDA:229,20,1,0
BRDA:231,21,0,0
BRDA:231,21,1,0
BRDA:245,22,0,0
BRDA:245,22,1,0
BRDA:251,23,0,0
BRDA:251,23,1,0
BRDA:264,24,0,0
BRDA:264,24,1,0
BRDA:289,25,0,0
BRDA:289,25,1,0
BRDA:295,26,0,0
BRDA:295,26,1,0
BRDA:328,27,0,0
BRDA:328,27,1,0
BRDA:329,28,0,0
BRDA:329,28,1,0
BRDA:330,29,0,0
BRDA:330,29,1,0
BRDA:335,30,0,0
BRDA:335,30,1,0
BRDA:344,31,0,0
BRDA:344,31,1,0
BRDA:345,32,0,0
BRDA:345,32,1,0
BRDA:347,33,0,0
BRDA:347,33,1,0
BRDA:350,34,0,0
BRDA:350,34,1,0
BRDA:350,35,0,0
BRDA:350,35,1,0
BRDA:352,36,0,0
BRDA:352,36,1,0
BRDA:352,37,0,0
BRDA:352,37,1,0
BRDA:352,37,2,0
BRDA:363,38,0,0
BRDA:363,38,1,0
BRDA:368,39,0,0
BRDA:368,39,1,0
BRF:87
BRH:0
end_of_record
TN:
SF:app/frontend/static/js/components/generation-history.js
FN:9,generationHistory
FN:18,(anonymous_1)
FN:22,(anonymous_2)
FN:57,(anonymous_3)
FN:71,(anonymous_4)
FN:81,(anonymous_5)
FN:87,(anonymous_6)
FN:110,(anonymous_7)
FN:117,(anonymous_8)
FN:125,(anonymous_9)
FN:140,(anonymous_10)
FN:143,(anonymous_11)
FN:146,(anonymous_12)
FN:149,(anonymous_13)
FN:152,(anonymous_14)
FN:160,(anonymous_15)
FN:165,(anonymous_16)
FN:169,(anonymous_17)
FN:183,(anonymous_18)
FN:195,(anonymous_19)
FN:203,(anonymous_20)
FN:211,(anonymous_21)
FN:240,(anonymous_22)
FN:270,(anonymous_23)
FN:292,(anonymous_24)
FN:317,(anonymous_25)
FN:332,(anonymous_26)
FN:346,(anonymous_27)
FN:368,(anonymous_28)
FN:383,(anonymous_29)
FN:403,(anonymous_30)
FN:421,(anonymous_31)
FN:458,(anonymous_32)
FN:465,(anonymous_33)
FN:485,(anonymous_34)
FN:498,(anonymous_35)
FN:502,(anonymous_36)
FN:510,(anonymous_37)
FN:521,(anonymous_38)
FN:531,(anonymous_39)
FNF:40
FNH:0
FNDA:0,generationHistory
FNDA:0,(anonymous_1)
FNDA:0,(anonymous_2)
FNDA:0,(anonymous_3)
FNDA:0,(anonymous_4)
FNDA:0,(anonymous_5)
FNDA:0,(anonymous_6)
FNDA:0,(anonymous_7)
FNDA:0,(anonymous_8)
FNDA:0,(anonymous_9)
FNDA:0,(anonymous_10)
FNDA:0,(anonymous_11)
FNDA:0,(anonymous_12)
FNDA:0,(anonymous_13)
FNDA:0,(anonymous_14)
FNDA:0,(anonymous_15)
FNDA:0,(anonymous_16)
FNDA:0,(anonymous_17)
FNDA:0,(anonymous_18)
FNDA:0,(anonymous_19)
FNDA:0,(anonymous_20)
FNDA:0,(anonymous_21)
FNDA:0,(anonymous_22)
FNDA:0,(anonymous_23)
FNDA:0,(anonymous_24)
FNDA:0,(anonymous_25)
FNDA:0,(anonymous_26)
FNDA:0,(anonymous_27)
FNDA:0,(anonymous_28)
FNDA:0,(anonymous_29)
FNDA:0,(anonymous_30)
FNDA:0,(anonymous_31)
FNDA:0,(anonymous_32)
FNDA:0,(anonymous_33)
FNDA:0,(anonymous_34)
FNDA:0,(anonymous_35)
FNDA:0,(anonymous_36)
FNDA:0,(anonymous_37)
FNDA:0,(anonymous_38)
FNDA:0,(anonymous_39)
DA:10,0
DA:20,0
DA:23,0
DA:24,0
DA:59,0
DA:60,0
DA:61,0
DA:65,0
DA:72,0
DA:82,0
DA:85,0
DA:86,0
DA:87,0
DA:88,0
DA:94,0
DA:95,0
DA:96,0
DA:98,0
DA:100,0
DA:101,0
DA:103,0
DA:104,0
DA:106,0
DA:107,0
DA:110,0
DA:111,0
DA:116,0
DA:117,0
DA:118,0
DA:123,0
DA:124,0
DA:125,0
DA:126,0
DA:131,0
DA:133,0
DA:134,0
DA:141,0
DA:143,0
DA:144,0
DA:146,0
DA:147,0
DA:149,0
DA:150,0
DA:152,0
DA:153,0
DA:161,0
DA:163,0
DA:165,0
DA:166,0
DA:169,0
DA:172,0
DA:174,0
DA:175,0
DA:176,0
DA:184,0
DA:185,0
DA:186,0
DA:187,0
DA:188,0
DA:189,0
DA:196,0
DA:197,0
DA:204,0
DA:205,0
DA:212,0
DA:213,0
DA:221,0
DA:222,0
DA:226,0
DA:227,0
DA:229,0
DA:232,0
DA:233,0
DA:241,0
DA:242,0
DA:250,0
DA:251,0
DA:255,0
DA:256,0
DA:258,0
DA:259,0
DA:262,0
DA:263,0
DA:272,0
DA:283,0
DA:286,0
DA:293,0
DA:294,0
DA:295,0
DA:297,0
DA:298,0
DA:299,0
DA:300,0
DA:301,0
DA:302,0
DA:303,0
DA:304,0
DA:306,0
DA:309,0
DA:310,0
DA:318,0
DA:319,0
DA:322,0
DA:323,0
DA:327,0
DA:328,0
DA:332,0
DA:333,0
DA:335,0
DA:338,0
DA:339,0
DA:347,0
DA:349,0
DA:350,0
DA:351,0
DA:354,0
DA:355,0
DA:363,0
DA:364,0
DA:368,0
DA:369,0
DA:370,0
DA:372,0
DA:375,0
DA:376,0
DA:384,0
DA:386,0
DA:387,0
DA:398,0
DA:399,0
DA:403,0
DA:404,0
DA:405,0
DA:409,0
DA:410,0
DA:413,0
DA:414,0
DA:422,0
DA:424,0
DA:425,0
DA:433,0
DA:434,0
DA:437,0
DA:438,0
DA:439,0
DA:440,0
DA:441,0
DA:442,0
DA:443,0
DA:444,0
DA:445,0
DA:447,0
DA:450,0
DA:451,0
DA:459,0
DA:466,0
DA:467,0
DA:468,0
DA:469,0
DA:471,0
DA:472,0
DA:473,0
DA:474,0
DA:475,0
DA:476,0
DA:478,0
DA:486,0
DA:488,0
DA:489,0
DA:490,0
DA:492,0
DA:499,0
DA:500,0
DA:502,0
DA:503,0
DA:511,0
DA:512,0
DA:513,0
DA:514,0
DA:515,0
DA:517,0
DA:518,0
DA:519,0
DA:520,0
DA:521,0
DA:531,0
DA:532,0
DA:533,0
DA:534,0
DA:535,0
DA:536,0
DA:537,0
DA:538,0
LF:193
LH:0
BRDA:12,0,0,0
BRDA:12,0,1,0
BRDA:60,1,0,0
BRDA:60,1,1,0
BRDA:82,2,0,0
BRDA:82,2,1,0
BRDA:85,3,0,0
BRDA:85,3,1,0
BRDA:88,4,0,0
BRDA:88,4,1,0
BRDA:88,4,2,0
BRDA:94,5,0,0
BRDA:94,5,1,0
BRDA:98,6,0,0
BRDA:98,6,1,0
BRDA:98,6,2,0
BRDA:116,7,0,0
BRDA:116,7,1,0
BRDA:118,8,0,0
BRDA:118,8,1,0
BRDA:123,9,0,0
BRDA:123,9,1,0
BRDA:126,10,0,0
BRDA:126,10,1,0
BRDA:141,11,0,0
BRDA:141,11,1,0
BRDA:141,11,2,0
BRDA:141,11,3,0
BRDA:152,12,0,0
BRDA:152,12,1,0
BRDA:152,13,0,0
BRDA:152,13,1,0
BRDA:163,14,0,0
BRDA:163,14,1,0
BRDA:165,15,0,0
BRDA:165,15,1,0
BRDA:213,16,0,0
BRDA:213,16,1,0
BRDA:221,17,0,0
BRDA:221,17,1,0
BRDA:242,18,0,0
BRDA:242,18,1,0
BRDA:250,19,0,0
BRDA:250,19,1,0
BRDA:258,20,0,0
BRDA:258,20,1,0
BRDA:274,21,0,0
BRDA:274,21,1,0
BRDA:280,22,0,0
BRDA:280,22,1,0
BRDA:318,23,0,0
BRDA:318,23,1,0
BRDA:323,24,0,0
BRDA:323,24,1,0
BRDA:327,25,0,0
BRDA:327,25,1,0
BRDA:347,26,0,0
BRDA:347,26,1,0
BRDA:350,27,0,0
BRDA:350,27,1,0
BRDA:355,28,0,0
BRDA:355,28,1,0
BRDA:363,29,0,0
BRDA:363,29,1,0
BRDA:384,30,0,0
BRDA:384,30,1,0
BRDA:387,31,0,0
BRDA:387,31,1,0
BRDA:398,32,0,0
BRDA:398,32,1,0
BRDA:404,33,0,0
BRDA:404,33,1,0
BRDA:422,34,0,0
BRDA:422,34,1,0
BRDA:425,35,0,0
BRDA:425,35,1,0
BRDA:433,36,0,0
BRDA:433,36,1,0
BRDA:471,37,0,0
BRDA:471,37,1,0
BRDA:473,38,0,0
BRDA:473,38,1,0
BRDA:475,39,0,0
BRDA:475,39,1,0
BRDA:486,40,0,0
BRDA:486,40,1,0
BRDA:498,41,0,0
BRDA:511,42,0,0
BRDA:511,42,1,0
BRDA:512,43,0,0
BRDA:512,43,1,0
BRDA:514,44,0,0
BRDA:514,44,1,0
BRDA:517,45,0,0
BRDA:517,45,1,0
BRDA:517,46,0,0
BRDA:517,46,1,0
BRDA:519,47,0,0
BRDA:519,47,1,0
BRDA:519,48,0,0
BRDA:519,48,1,0
BRDA:519,48,2,0
BRDA:532,49,0,0
BRDA:532,49,1,0
BRDA:535,50,0,0
BRDA:535,50,1,0
BRDA:536,51,0,0
BRDA:536,51,1,0
BRDA:537,52,0,0
BRDA:537,52,1,0
BRDA:537,53,0,0
BRDA:537,53,1,0
BRF:112
BRH:0
end_of_record
TN:
SF:app/frontend/static/js/components/generation-studio.js
FN:6,generationStudio
FN:37,(anonymous_1)
FN:56,(anonymous_2)
FN:63,(anonymous_3)
FN:67,(anonymous_4)
FN:72,(anonymous_5)
FN:75,(anonymous_6)
FN:78,(anonymous_7)
FN:86,(anonymous_8)
FN:106,(anonymous_9)
FN:107,(anonymous_10)
FN:115,(anonymous_11)
FN:123,(anonymous_12)
FN:134,(anonymous_13)
FN:145,(anonymous_14)
FN:158,(anonymous_15)
FN:209,(anonymous_16)
FN:216,(anonymous_17)
FN:227,(anonymous_18)
FN:231,(anonymous_19)
FN:240,(anonymous_20)
FN:241,(anonymous_21)
FN:260,(anonymous_22)
FN:262,(anonymous_23)
FN:281,(anonymous_24)
FN:283,(anonymous_25)
FN:289,(anonymous_26)
FN:294,(anonymous_27)
FN:306,(anonymous_28)
FN:315,(anonymous_29)
FN:326,(anonymous_30)
FN:332,(anonymous_31)
FN:343,(anonymous_32)
FN:359,(anonymous_33)
FN:382,(anonymous_34)
FN:396,(anonymous_35)
FN:411,(anonymous_36)
FN:415,(anonymous_37)
FN:421,(anonymous_38)
FNF:39
FNH:0
FNDA:0,generationStudio
FNDA:0,(anonymous_1)
FNDA:0,(anonymous_2)
FNDA:0,(anonymous_3)
FNDA:0,(anonymous_4)
FNDA:0,(anonymous_5)
FNDA:0,(anonymous_6)
FNDA:0,(anonymous_7)
FNDA:0,(anonymous_8)
FNDA:0,(anonymous_9)
FNDA:0,(anonymous_10)
FNDA:0,(anonymous_11)
FNDA:0,(anonymous_12)
FNDA:0,(anonymous_13)
FNDA:0,(anonymous_14)
FNDA:0,(anonymous_15)
FNDA:0,(anonymous_16)
FNDA:0,(anonymous_17)
FNDA:0,(anonymous_18)
FNDA:0,(anonymous_19)
FNDA:0,(anonymous_20)
FNDA:0,(anonymous_21)
FNDA:0,(anonymous_22)
FNDA:0,(anonymous_23)
FNDA:0,(anonymous_24)
FNDA:0,(anonymous_25)
FNDA:0,(anonymous_26)
FNDA:0,(anonymous_27)
FNDA:0,(anonymous_28)
FNDA:0,(anonymous_29)
FNDA:0,(anonymous_30)
FNDA:0,(anonymous_31)
FNDA:0,(anonymous_32)
FNDA:0,(anonymous_33)
FNDA:0,(anonymous_34)
FNDA:0,(anonymous_35)
FNDA:0,(anonymous_36)
FNDA:0,(anonymous_37)
FNDA:0,(anonymous_38)
DA:7,0
DA:38,0
DA:41,0
DA:42,0
DA:43,0
DA:46,0
DA:49,0
DA:52,0
DA:57,0
DA:58,0
DA:59,0
DA:61,0
DA:63,0
DA:64,0
DA:67,0
DA:68,0
DA:69,0
DA:72,0
DA:73,0
DA:75,0
DA:78,0
DA:79,0
DA:82,0
DA:87,0
DA:89,0
DA:90,0
DA:92,0
DA:93,0
DA:95,0
DA:96,0
DA:98,0
DA:99,0
DA:101,0
DA:107,0
DA:108,0
DA:109,0
DA:111,0
DA:116,0
DA:117,0
DA:118,0
DA:124,0
DA:125,0
DA:126,0
DA:127,0
DA:130,0
DA:135,0
DA:136,0
DA:137,0
DA:138,0
DA:141,0
DA:146,0
DA:147,0
DA:148,0
DA:149,0
DA:150,0
DA:153,0
DA:159,0
DA:160,0
DA:161,0
DA:164,0
DA:166,0
DA:167,0
DA:175,0
DA:176,0
DA:178,0
DA:180,0
DA:193,0
DA:194,0
DA:197,0
DA:198,0
DA:199,0
DA:202,0
DA:203,0
DA:205,0
DA:210,0
DA:211,0
DA:215,0
DA:216,0
DA:217,0
DA:219,0
DA:222,0
DA:223,0
DA:228,0
DA:230,0
DA:231,0
DA:232,0
DA:233,0
DA:241,0
DA:242,0
DA:243,0
DA:244,0
DA:246,0
DA:247,0
DA:250,0
DA:251,0
DA:252,0
DA:253,0
DA:254,0
DA:262,0
DA:265,0
DA:278,0
DA:283,0
DA:285,0
DA:290,0
DA:291,0
DA:295,0
DA:296,0
DA:297,0
DA:298,0
DA:299,0
DA:300,0
DA:301,0
DA:303,0
DA:307,0
DA:309,0
DA:310,0
DA:314,0
DA:315,0
DA:316,0
DA:318,0
DA:321,0
DA:322,0
DA:327,0
DA:328,0
DA:334,0
DA:335,0
DA:336,0
DA:337,0
DA:339,0
DA:344,0
DA:355,0
DA:356,0
DA:360,0
DA:361,0
DA:363,0
DA:369,0
DA:370,0
DA:371,0
DA:372,0
DA:374,0
DA:376,0
DA:377,0
DA:383,0
DA:385,0
DA:386,0
DA:388,0
DA:390,0
DA:397,0
DA:398,0
DA:399,0
DA:400,0
DA:401,0
DA:402,0
DA:404,0
DA:405,0
DA:406,0
DA:412,0
DA:413,0
DA:415,0
DA:416,0
DA:422,0
DA:423,0
DA:425,0
LF:163
LH:0
BRDA:58,0,0,0
BRDA:58,0,1,0
BRDA:87,1,0,0
BRDA:87,1,1,0
BRDA:87,1,2,0
BRDA:87,1,3,0
BRDA:87,1,4,0
BRDA:108,2,0,0
BRDA:108,2,1,0
BRDA:116,3,0,0
BRDA:116,3,1,0
BRDA:125,4,0,0
BRDA:125,4,1,0
BRDA:126,5,0,0
BRDA:126,5,1,0
BRDA:136,6,0,0
BRDA:136,6,1,0
BRDA:137,7,0,0
BRDA:137,7,1,0
BRDA:147,8,0,0
BRDA:147,8,1,0
BRDA:148,9,0,0
BRDA:148,9,1,0
BRDA:149,10,0,0
BRDA:149,10,1,0
BRDA:159,11,0,0
BRDA:159,11,1,0
BRDA:167,12,0,0
BRDA:167,12,1,0
BRDA:175,13,0,0
BRDA:175,13,1,0
BRDA:178,14,0,0
BRDA:178,14,1,0
BRDA:211,15,0,0
BRDA:211,15,1,0
BRDA:215,16,0,0
BRDA:215,16,1,0
BRDA:228,17,0,0
BRDA:228,17,1,0
BRDA:230,18,0,0
BRDA:230,18,1,0
BRDA:232,19,0,0
BRDA:232,19,1,0
BRDA:242,20,0,0
BRDA:242,20,1,0
BRDA:246,21,0,0
BRDA:246,21,1,0
BRDA:246,22,0,0
BRDA:246,22,1,0
BRDA:250,23,0,0
BRDA:250,23,1,0
BRDA:250,24,0,0
BRDA:250,24,1,0
BRDA:296,25,0,0
BRDA:296,25,1,0
BRDA:307,26,0,0
BRDA:307,26,1,0
BRDA:310,27,0,0
BRDA:310,27,1,0
BRDA:314,28,0,0
BRDA:314,28,1,0
BRDA:335,29,0,0
BRDA:335,29,1,0
BRDA:361,30,0,0
BRDA:361,30,1,0
BRDA:370,31,0,0
BRDA:370,31,1,0
BRDA:385,32,0,0
BRDA:385,32,1,0
BRDA:388,33,0,0
BRDA:388,33,1,0
BRDA:397,34,0,0
BRDA:397,34,1,0
BRDA:399,35,0,0
BRDA:399,35,1,0
BRDA:411,36,0,0
BRDA:422,37,0,0
BRDA:422,37,1,0
BRF:78
BRH:0
end_of_record
TN:
SF:app/frontend/static/js/components/import-export.js
FN:1,importExport
FN:79,(anonymous_1)
FN:85,(anonymous_2)
FN:135,(anonymous_3)
FN:143,(anonymous_4)
FN:174,(anonymous_5)
FN:180,(anonymous_6)
FN:196,(anonymous_7)
FN:212,(anonymous_8)
FN:219,(anonymous_9)
FN:237,(anonymous_10)
FN:242,(anonymous_11)
FN:247,(anonymous_12)
FN:248,(anonymous_13)
FN:250,(anonymous_14)
FN:254,(anonymous_15)
FN:263,(anonymous_16)
FN:264,(anonymous_17)
FN:268,(anonymous_18)
FN:274,(anonymous_19)
FN:280,(anonymous_20)
FN:302,(anonymous_21)
FN:311,(anonymous_22)
FN:321,(anonymous_23)
FN:340,(anonymous_24)
FN:350,(anonymous_25)
FN:377,(anonymous_26)
FN:388,(anonymous_27)
FN:396,(anonymous_28)
FN:400,(anonymous_29)
FN:407,(anonymous_30)
FN:414,(anonymous_31)
FN:417,(anonymous_32)
FN:422,(anonymous_33)
FN:439,(anonymous_34)
FN:445,(anonymous_35)
FN:450,(anonymous_36)
FN:455,(anonymous_37)
FN:476,(anonymous_38)
FN:502,(anonymous_39)
FN:506,(anonymous_40)
FN:529,(anonymous_41)
FN:534,(anonymous_42)
FN:543,(anonymous_43)
FN:546,(anonymous_44)
FN:558,(anonymous_45)
FN:575,(anonymous_46)
FN:582,(anonymous_47)
FN:592,(anonymous_48)
FN:602,(anonymous_49)
FN:607,(anonymous_50)
FN:612,(anonymous_51)
FN:619,(anonymous_52)
FNF:53
FNH:0
FNDA:0,importExport
FNDA:0,(anonymous_1)
FNDA:0,(anonymous_2)
FNDA:0,(anonymous_3)
FNDA:0,(anonymous_4)
FNDA:0,(anonymous_5)
FNDA:0,(anonymous_6)
FNDA:0,(anonymous_7)
FNDA:0,(anonymous_8)
FNDA:0,(anonymous_9)
FNDA:0,(anonymous_10)
FNDA:0,(anonymous_11)
FNDA:0,(anonymous_12)
FNDA:0,(anonymous_13)
FNDA:0,(anonymous_14)
FNDA:0,(anonymous_15)
FNDA:0,(anonymous_16)
FNDA:0,(anonymous_17)
FNDA:0,(anonymous_18)
FNDA:0,(anonymous_19)
FNDA:0,(anonymous_20)
FNDA:0,(anonymous_21)
FNDA:0,(anonymous_22)
FNDA:0,(anonymous_23)
FNDA:0,(anonymous_24)
FNDA:0,(anonymous_25)
FNDA:0,(anonymous_26)
FNDA:0,(anonymous_27)
FNDA:0,(anonymous_28)
FNDA:0,(anonymous_29)
FNDA:0,(anonymous_30)
FNDA:0,(anonymous_31)
FNDA:0,(anonymous_32)
FNDA:0,(anonymous_33)
FNDA:0,(anonymous_34)
FNDA:0,(anonymous_35)
FNDA:0,(anonymous_36)
FNDA:0,(anonymous_37)
FNDA:0,(anonymous_38)
FNDA:0,(anonymous_39)
FNDA:0,(anonymous_40)
FNDA:0,(anonymous_41)
FNDA:0,(anonymous_42)
FNDA:0,(anonymous_43)
FNDA:0,(anonymous_44)
FNDA:0,(anonymous_45)
FNDA:0,(anonymous_46)
FNDA:0,(anonymous_47)
FNDA:0,(anonymous_48)
FNDA:0,(anonymous_49)
FNDA:0,(anonymous_50)
FNDA:0,(anonymous_51)
FNDA:0,(anonymous_52)
DA:2,0
DA:80,0
DA:81,0
DA:86,0
DA:87,0
DA:89,0
DA:90,0
DA:91,0
DA:92,0
DA:93,0
DA:96,0
DA:97,0
DA:98,0
DA:99,0
DA:101,0
DA:102,0
DA:106,0
DA:107,0
DA:108,0
DA:111,0
DA:112,0
DA:113,0
DA:116,0
DA:117,0
DA:118,0
DA:122,0
DA:129,0
DA:131,0
DA:132,0
DA:136,0
DA:144,0
DA:146,0
DA:147,0
DA:150,0
DA:153,0
DA:156,0
DA:157,0
DA:160,0
DA:162,0
DA:165,0
DA:166,0
DA:167,0
DA:170,0
DA:171,0
DA:175,0
DA:177,0
DA:180,0
DA:181,0
DA:191,0
DA:192,0
DA:197,0
DA:199,0
DA:200,0
DA:201,0
DA:202,0
DA:203,0
DA:204,0
DA:206,0
DA:213,0
DA:214,0
DA:215,0
DA:220,0
DA:232,0
DA:233,0
DA:238,0
DA:239,0
DA:243,0
DA:244,0
DA:248,0
DA:249,0
DA:250,0
DA:253,0
DA:254,0
DA:255,0
DA:258,0
DA:259,0
DA:264,0
DA:265,0
DA:269,0
DA:271,0
DA:274,0
DA:275,0
DA:276,0
DA:281,0
DA:282,0
DA:283,0
DA:284,0
DA:286,0
DA:287,0
DA:288,0
DA:290,0
DA:299,0
DA:303,0
DA:304,0
DA:305,0
DA:308,0
DA:311,0
DA:312,0
DA:313,0
DA:314,0
DA:316,0
DA:322,0
DA:324,0
DA:325,0
DA:326,0
DA:327,0
DA:328,0
DA:329,0
DA:331,0
DA:340,0
DA:341,0
DA:342,0
DA:343,0
DA:344,0
DA:345,0
DA:352,0
DA:378,0
DA:389,0
DA:397,0
DA:401,0
DA:402,0
DA:403,0
DA:404,0
DA:405,0
DA:407,0
DA:408,0
DA:409,0
DA:410,0
DA:415,0
DA:417,0
DA:418,0
DA:423,0
DA:424,0
DA:427,0
DA:428,0
DA:429,0
DA:430,0
DA:431,0
DA:433,0
DA:440,0
DA:441,0
DA:446,0
DA:447,0
DA:450,0
DA:451,0
DA:456,0
DA:465,0
DA:477,0
DA:478,0
DA:479,0
DA:482,0
DA:491,0
DA:503,0
DA:504,0
DA:506,0
DA:507,0
DA:508,0
DA:509,0
DA:511,0
DA:517,0
DA:518,0
DA:519,0
DA:520,0
DA:521,0
DA:522,0
DA:526,0
DA:530,0
DA:531,0
DA:535,0
DA:536,0
DA:537,0
DA:538,0
DA:544,0
DA:546,0
DA:547,0
DA:548,0
DA:549,0
DA:550,0
DA:552,0
DA:558,0
DA:559,0
DA:560,0
DA:561,0
DA:565,0
DA:566,0
DA:568,0
DA:572,0
DA:576,0
DA:577,0
DA:578,0
DA:579,0
DA:583,0
DA:585,0
DA:586,0
DA:587,0
DA:589,0
DA:593,0
DA:603,0
DA:604,0
DA:605,0
DA:607,0
DA:608,0
DA:613,0
DA:620,0
LF:204
LH:0
BRDA:89,0,0,0
BRDA:89,0,1,0
BRDA:90,1,0,0
BRDA:90,1,1,0
BRDA:91,2,0,0
BRDA:91,2,1,0
BRDA:92,3,0,0
BRDA:92,3,1,0
BRDA:96,4,0,0
BRDA:96,4,1,0
BRDA:97,5,0,0
BRDA:97,5,1,0
BRDA:106,6,0,0
BRDA:106,6,1,0
BRDA:111,7,0,0
BRDA:111,7,1,0
BRDA:116,8,0,0
BRDA:116,8,1,0
BRDA:136,9,0,0
BRDA:136,9,1,0
BRDA:136,9,2,0
BRDA:136,9,3,0
BRDA:136,9,4,0
BRDA:146,10,0,0
BRDA:146,10,1,0
BRDA:150,11,0,0
BRDA:150,11,1,0
BRDA:150,12,0,0
BRDA:150,12,1,0
BRDA:150,12,2,0
BRDA:150,12,3,0
BRDA:156,13,0,0
BRDA:156,13,1,0
BRDA:156,14,0,0
BRDA:156,14,1,0
BRDA:160,15,0,0
BRDA:160,15,1,0
BRDA:160,16,0,0
BRDA:160,16,1,0
BRDA:160,16,2,0
BRDA:165,17,0,0
BRDA:165,17,1,0
BRDA:175,18,0,0
BRDA:175,18,1,0
BRDA:197,19,0,0
BRDA:197,19,1,0
BRDA:255,20,0,0
BRDA:255,20,1,0
BRDA:258,21,0,0
BRDA:258,21,1,0
BRDA:269,22,0,0
BRDA:269,22,1,0
BRDA:295,23,0,0
BRDA:295,23,1,0
BRDA:303,24,0,0
BRDA:303,24,1,0
BRDA:313,25,0,0
BRDA:313,25,1,0
BRDA:322,26,0,0
BRDA:322,26,1,0
BRDA:423,27,0,0
BRDA:423,27,1,0
BRDA:446,28,0,0
BRDA:446,28,1,0
BRDA:477,29,0,0
BRDA:477,29,1,0
BRDA:507,30,0,0
BRDA:507,30,1,0
BRDA:507,31,0,0
BRDA:507,31,1,0
BRDA:519,32,0,0
BRDA:519,32,1,0
BRDA:535,33,0,0
BRDA:535,33,1,0
BRDA:547,34,0,0
BRDA:547,34,1,0
BRDA:560,35,0,0
BRDA:560,35,1,0
BRDA:583,36,0,0
BRDA:583,36,1,0
BRDA:602,37,0,0
BRF:81
BRH:0
end_of_record
TN:
SF:app/frontend/static/js/components/prompt-composer.js
FN:6,promptComposer
FN:26,(anonymous_1)
FN:27,(anonymous_2)
FN:31,(anonymous_3)
FN:37,(anonymous_4)
FN:38,(anonymous_5)
FN:44,(anonymous_6)
FN:64,(anonymous_7)
FN:70,(anonymous_8)
FN:73,(anonymous_9)
FN:79,(anonymous_10)
FN:86,(anonymous_11)
FN:102,(anonymous_12)
FN:108,(anonymous_13)
FN:119,(anonymous_14)
FN:120,(anonymous_15)
FN:124,(anonymous_16)
FN:130,(anonymous_17)
FN:138,(anonymous_18)
FN:148,(anonymous_19)
FN:154,(anonymous_20)
FN:161,(anonymous_21)
FN:166,(anonymous_22)
FN:173,(anonymous_23)
FN:177,(anonymous_24)
FN:184,(anonymous_25)
FN:188,(anonymous_26)
FN:208,(anonymous_27)
FN:220,(anonymous_28)
FN:230,(anonymous_29)
FN:254,(anonymous_30)
FN:272,(anonymous_31)
FN:283,(anonymous_32)
FN:292,(anonymous_33)
FN:343,(anonymous_34)
FN:344,(anonymous_35)
FN:347,(anonymous_36)
FN:356,(anonymous_37)
FN:359,(anonymous_38)
FN:369,(anonymous_39)
FN:373,(anonymous_40)
FNF:41
FNH:0
FNDA:0,promptComposer
FNDA:0,(anonymous_1)
FNDA:0,(anonymous_2)
FNDA:0,(anonymous_3)
FNDA:0,(anonymous_4)
FNDA:0,(anonymous_5)
FNDA:0,(anonymous_6)
FNDA:0,(anonymous_7)
FNDA:0,(anonymous_8)
FNDA:0,(anonymous_9)
FNDA:0,(anonymous_10)
FNDA:0,(anonymous_11)
FNDA:0,(anonymous_12)
FNDA:0,(anonymous_13)
FNDA:0,(anonymous_14)
FNDA:0,(anonymous_15)
FNDA:0,(anonymous_16)
FNDA:0,(anonymous_17)
FNDA:0,(anonymous_18)
FNDA:0,(anonymous_19)
FNDA:0,(anonymous_20)
FNDA:0,(anonymous_21)
FNDA:0,(anonymous_22)
FNDA:0,(anonymous_23)
FNDA:0,(anonymous_24)
FNDA:0,(anonymous_25)
FNDA:0,(anonymous_26)
FNDA:0,(anonymous_27)
FNDA:0,(anonymous_28)
FNDA:0,(anonymous_29)
FNDA:0,(anonymous_30)
FNDA:0,(anonymous_31)
FNDA:0,(anonymous_32)
FNDA:0,(anonymous_33)
FNDA:0,(anonymous_34)
FNDA:0,(anonymous_35)
FNDA:0,(anonymous_36)
FNDA:0,(anonymous_37)
FNDA:0,(anonymous_38)
FNDA:0,(anonymous_39)
FNDA:0,(anonymous_40)
DA:7,0
DA:27,0
DA:32,0
DA:33,0
DA:34,0
DA:37,0
DA:38,0
DA:40,0
DA:45,0
DA:46,0
DA:47,0
DA:48,0
DA:49,0
DA:50,0
DA:52,0
DA:53,0
DA:56,0
DA:57,0
DA:59,0
DA:65,0
DA:68,0
DA:69,0
DA:70,0
DA:71,0
DA:73,0
DA:78,0
DA:79,0
DA:82,0
DA:87,0
DA:88,0
DA:89,0
DA:92,0
DA:98,0
DA:99,0
DA:103,0
DA:104,0
DA:105,0
DA:109,0
DA:111,0
DA:112,0
DA:113,0
DA:114,0
DA:115,0
DA:120,0
DA:125,0
DA:126,0
DA:127,0
DA:131,0
DA:133,0
DA:134,0
DA:139,0
DA:140,0
DA:142,0
DA:143,0
DA:144,0
DA:149,0
DA:150,0
DA:151,0
DA:155,0
DA:156,0
DA:157,0
DA:162,0
DA:164,0
DA:165,0
DA:166,0
DA:167,0
DA:169,0
DA:174,0
DA:176,0
DA:177,0
DA:178,0
DA:180,0
DA:185,0
DA:187,0
DA:188,0
DA:189,0
DA:190,0
DA:191,0
DA:193,0
DA:197,0
DA:198,0
DA:200,0
DA:204,0
DA:209,0
DA:211,0
DA:212,0
DA:213,0
DA:215,0
DA:216,0
DA:221,0
DA:222,0
DA:223,0
DA:226,0
DA:230,0
DA:239,0
DA:241,0
DA:243,0
DA:244,0
DA:245,0
DA:247,0
DA:249,0
DA:250,0
DA:255,0
DA:256,0
DA:257,0
DA:258,0
DA:259,0
DA:264,0
DA:266,0
DA:267,0
DA:270,0
DA:271,0
DA:272,0
DA:273,0
DA:274,0
DA:283,0
DA:285,0
DA:287,0
DA:288,0
DA:293,0
DA:294,0
DA:295,0
DA:298,0
DA:300,0
DA:301,0
DA:313,0
DA:321,0
DA:322,0
DA:323,0
DA:326,0
DA:327,0
DA:330,0
DA:331,0
DA:332,0
DA:335,0
DA:336,0
DA:338,0
DA:344,0
DA:345,0
DA:347,0
DA:349,0
DA:350,0
DA:352,0
DA:357,0
DA:359,0
DA:364,0
DA:365,0
DA:370,0
DA:371,0
DA:373,0
DA:374,0
LF:151
LH:0
BRDA:27,0,0,0
BRDA:27,0,1,0
BRDA:47,1,0,0
BRDA:47,1,1,0
BRDA:48,2,0,0
BRDA:48,2,1,0
BRDA:68,3,0,0
BRDA:68,3,1,0
BRDA:71,4,0,0
BRDA:71,4,1,0
BRDA:71,4,2,0
BRDA:71,4,3,0
BRDA:71,4,4,0
BRDA:78,5,0,0
BRDA:78,5,1,0
BRDA:87,6,0,0
BRDA:87,6,1,0
BRDA:109,7,0,0
BRDA:109,7,1,0
BRDA:111,8,0,0
BRDA:111,8,1,0
BRDA:133,9,0,0
BRDA:133,9,1,0
BRDA:133,10,0,0
BRDA:133,10,1,0
BRDA:143,11,0,0
BRDA:143,11,1,0
BRDA:162,12,0,0
BRDA:162,12,1,0
BRDA:165,13,0,0
BRDA:165,13,1,0
BRDA:174,14,0,0
BRDA:174,14,1,0
BRDA:187,15,0,0
BRDA:187,15,1,0
BRDA:190,16,0,0
BRDA:190,16,1,0
BRDA:197,17,0,0
BRDA:197,17,1,0
BRDA:209,18,0,0
BRDA:209,18,1,0
BRDA:221,19,0,0
BRDA:221,19,1,0
BRDA:239,20,0,0
BRDA:239,20,1,0
BRDA:243,21,0,0
BRDA:243,21,1,0
BRDA:256,22,0,0
BRDA:256,22,1,0
BRDA:257,23,0,0
BRDA:257,23,1,0
BRDA:266,24,0,0
BRDA:266,24,1,0
BRDA:267,25,0,0
BRDA:267,25,1,0
BRDA:273,26,0,0
BRDA:273,26,1,0
BRDA:293,27,0,0
BRDA:293,27,1,0
BRDA:303,28,0,0
BRDA:303,28,1,0
BRDA:313,29,0,0
BRDA:313,29,1,0
BRDA:321,30,0,0
BRDA:321,30,1,0
BRDA:326,31,0,0
BRDA:326,31,1,0
BRDA:343,32,0,0
BRDA:349,33,0,0
BRDA:349,33,1,0
BRDA:357,34,0,0
BRDA:357,34,1,0
BRDA:369,35,0,0
BRF:73
BRH:0
end_of_record
TN:
SF:app/frontend/static/js/components/recommendations-component.js
FN:8,createRecommendationsComponent
FN:16,(anonymous_1)
FN:17,(anonymous_2)
FN:20,(anonymous_3)
FN:109,(anonymous_4)
FN:116,(anonymous_5)
FN:121,(anonymous_6)
FN:123,(anonymous_7)
FN:128,(anonymous_8)
FN:134,(anonymous_9)
FN:140,(anonymous_10)
FN:149,(anonymous_11)
FN:155,(anonymous_12)
FN:169,(anonymous_13)
FN:175,(anonymous_14)
FN:193,(anonymous_15)
FN:200,(anonymous_16)
FN:209,(anonymous_17)
FN:218,(anonymous_18)
FN:233,(anonymous_19)
FN:247,(anonymous_20)
FN:251,(anonymous_21)
FNF:22
FNH:0
FNDA:0,createRecommendationsComponent
FNDA:0,(anonymous_1)
FNDA:0,(anonymous_2)
FNDA:0,(anonymous_3)
FNDA:0,(anonymous_4)
FNDA:0,(anonymous_5)
FNDA:0,(anonymous_6)
FNDA:0,(anonymous_7)
FNDA:0,(anonymous_8)
FNDA:0,(anonymous_9)
FNDA:0,(anonymous_10)
FNDA:0,(anonymous_11)
FNDA:0,(anonymous_12)
FNDA:0,(anonymous_13)
FNDA:0,(anonymous_14)
FNDA:0,(anonymous_15)
FNDA:0,(anonymous_16)
FNDA:0,(anonymous_17)
FNDA:0,(anonymous_18)
FNDA:0,(anonymous_19)
FNDA:0,(anonymous_20)
FNDA:0,(anonymous_21)
DA:9,0
DA:16,0
DA:18,0
DA:21,0
DA:22,0
DA:111,0
DA:113,0
DA:118,0
DA:122,0
DA:123,0
DA:124,0
DA:129,0
DA:130,0
DA:135,0
DA:136,0
DA:141,0
DA:146,0
DA:150,0
DA:151,0
DA:152,0
DA:154,0
DA:155,0
DA:157,0
DA:162,0
DA:163,0
DA:164,0
DA:166,0
DA:167,0
DA:169,0
DA:170,0
DA:176,0
DA:177,0
DA:178,0
DA:180,0
DA:181,0
DA:186,0
DA:187,0
DA:188,0
DA:190,0
DA:191,0
DA:193,0
DA:194,0
DA:202,0
DA:203,0
DA:205,0
DA:210,0
DA:211,0
DA:213,0
DA:214,0
DA:219,0
DA:225,0
DA:226,0
DA:227,0
DA:230,0
DA:233,0
DA:234,0
DA:235,0
DA:236,0
DA:238,0
DA:240,0
DA:242,0
DA:245,0
DA:247,0
DA:248,0
DA:251,0
LF:65
LH:0
BRDA:11,0,0,0
BRDA:11,0,1,0
BRDA:16,1,0,0
BRDA:16,1,1,0
BRDA:122,2,0,0
BRDA:122,2,1,0
BRDA:129,3,0,0
BRDA:129,3,1,0
BRDA:135,4,0,0
BRDA:135,4,1,0
BRDA:159,5,0,0
BRDA:159,5,1,0
BRDA:183,6,0,0
BRDA:183,6,1,0
BRDA:202,7,0,0
BRDA:202,7,1,0
BRDA:209,8,0,0
BRDA:210,9,0,0
BRDA:210,9,1,0
BRDA:213,10,0,0
BRDA:213,10,1,0
BRDA:226,11,0,0
BRDA:226,11,1,0
BRDA:234,12,0,0
BRDA:234,12,1,0
BRDA:238,13,0,0
BRDA:238,13,1,0
BRDA:238,13,2,0
BRDA:245,14,0,0
BRDA:245,14,1,0
BRDA:247,15,0,0
BRDA:247,15,1,0
BRDA:251,16,0,0
BRDA:251,16,1,0
BRF:34
BRH:0
end_of_record
TN:
SF:app/frontend/static/js/components/dashboard/index.js
FN:10,createDashboardComponent
FN:32,(anonymous_1)
FN:38,(anonymous_2)
FN:48,(anonymous_3)
FN:74,(anonymous_4)
FN:83,(anonymous_5)
FN:93,(anonymous_6)
FNF:7
FNH:0
FNDA:0,createDashboardComponent
FNDA:0,(anonymous_1)
FNDA:0,(anonymous_2)
FNDA:0,(anonymous_3)
FNDA:0,(anonymous_4)
FNDA:0,(anonymous_5)
FNDA:0,(anonymous_6)
DA:11,0
DA:33,0
DA:34,0
DA:39,0
DA:40,0
DA:49,0
DA:51,0
DA:53,0
DA:54,0
DA:57,0
DA:58,0
DA:62,0
DA:63,0
DA:69,0
DA:75,0
DA:76,0
DA:77,0
DA:79,0
DA:84,0
DA:85,0
DA:86,0
DA:87,0
DA:88,0
DA:94,0
DA:95,0
DA:96,0
DA:97,0
DA:98,0
LF:28
LH:0
BRDA:49,0,0,0
BRDA:49,0,1,0
BRDA:57,1,0,0
BRDA:57,1,1,0
BRDA:62,2,0,0
BRDA:62,2,1,0
BRDA:75,3,0,0
BRDA:75,3,1,0
BRDA:75,4,0,0
BRDA:75,4,1,0
BRDA:76,5,0,0
BRDA:76,5,1,0
BRDA:84,6,0,0
BRDA:84,6,1,0
BRDA:84,6,2,0
BRDA:84,6,3,0
BRDA:94,7,0,0
BRDA:94,7,1,0
BRDA:94,7,2,0
BRDA:94,7,3,0
BRF:20
BRH:0
end_of_record
TN:
SF:app/frontend/static/js/components/generation-form/index.js
FN:8,createGenerationFormComponent
FN:35,(anonymous_1)
FN:41,(anonymous_2)
FN:54,(anonymous_3)
FN:59,(anonymous_4)
FN:79,(anonymous_5)
FN:144,(anonymous_6)
FN:148,(anonymous_7)
FN:153,(anonymous_8)
FN:157,(anonymous_9)
FNF:10
FNH:0
FNDA:0,createGenerationFormComponent
FNDA:0,(anonymous_1)
FNDA:0,(anonymous_2)
FNDA:0,(anonymous_3)
FNDA:0,(anonymous_4)
FNDA:0,(anonymous_5)
FNDA:0,(anonymous_6)
FNDA:0,(anonymous_7)
FNDA:0,(anonymous_8)
FNDA:0,(anonymous_9)
DA:9,0
DA:36,0
DA:37,0
DA:42,0
DA:43,0
DA:44,0
DA:45,0
DA:46,0
DA:55,0
DA:60,0
DA:62,0
DA:63,0
DA:66,0
DA:67,0
DA:70,0
DA:71,0
DA:74,0
DA:75,0
DA:80,0
DA:81,0
DA:84,0
DA:85,0
DA:87,0
DA:89,0
DA:92,0
DA:99,0
DA:102,0
DA:105,0
DA:113,0
DA:114,0
DA:117,0
DA:123,0
DA:126,0
DA:131,0
DA:132,0
DA:136,0
DA:139,0
DA:145,0
DA:149,0
DA:154,0
DA:158,0
LF:41
LH:0
BRDA:44,0,0,0
BRDA:44,0,1,0
BRDA:62,1,0,0
BRDA:62,1,1,0
BRDA:66,2,0,0
BRDA:66,2,1,0
BRDA:66,3,0,0
BRDA:66,3,1,0
BRDA:70,4,0,0
BRDA:70,4,1,0
BRDA:70,5,0,0
BRDA:70,5,1,0
BRDA:80,6,0,0
BRDA:80,6,1,0
BRDA:80,7,0,0
BRDA:80,7,1,0
BRDA:105,8,0,0
BRDA:105,8,1,0
BRDA:113,9,0,0
BRDA:113,9,1,0
BRDA:131,10,0,0
BRDA:131,10,1,0
BRDA:154,11,0,0
BRDA:154,11,1,0
BRF:24
BRH:0
end_of_record
TN:
SF:app/frontend/static/js/components/generation-history/data.js
FN:14,(anonymous_0)
FN:34,(anonymous_1)
FN:49,(anonymous_2)
FN:71,(anonymous_3)
FN:93,(anonymous_4)
FN:115,(anonymous_5)
FN:140,(anonymous_6)
FN:173,(anonymous_7)
FN:188,(anonymous_8)
FN:199,(anonymous_9)
FN:201,(anonymous_10)
FN:204,(anonymous_11)
FN:205,(anonymous_12)
FN:218,(anonymous_13)
FN:235,(anonymous_14)
FN:255,(anonymous_15)
FN:267,(anonymous_16)
FN:279,(anonymous_17)
FN:304,(anonymous_18)
FN:306,(anonymous_19)
FN:318,(anonymous_20)
FN:331,(anonymous_21)
FNF:22
FNH:0
FNDA:0,(anonymous_0)
FNDA:0,(anonymous_1)
FNDA:0,(anonymous_2)
FNDA:0,(anonymous_3)
FNDA:0,(anonymous_4)
FNDA:0,(anonymous_5)
FNDA:0,(anonymous_6)
FNDA:0,(anonymous_7)
FNDA:0,(anonymous_8)
FNDA:0,(anonymous_9)
FNDA:0,(anonymous_10)
FNDA:0,(anonymous_11)
FNDA:0,(anonymous_12)
FNDA:0,(anonymous_13)
FNDA:0,(anonymous_14)
FNDA:0,(anonymous_15)
FNDA:0,(anonymous_16)
FNDA:0,(anonymous_17)
FNDA:0,(anonymous_18)
FNDA:0,(anonymous_19)
FNDA:0,(anonymous_20)
FNDA:0,(anonymous_21)
DA:10,0
DA:15,0
DA:16,0
DA:17,0
DA:19,0
DA:20,0
DA:27,0
DA:35,0
DA:36,0
DA:37,0
DA:39,0
DA:42,0
DA:50,0
DA:51,0
DA:59,0
DA:61,0
DA:64,0
DA:72,0
DA:73,0
DA:81,0
DA:83,0
DA:86,0
DA:94,0
DA:95,0
DA:103,0
DA:105,0
DA:108,0
DA:116,0
DA:117,0
DA:128,0
DA:130,0
DA:133,0
DA:141,0
DA:142,0
DA:150,0
DA:153,0
DA:154,0
DA:155,0
DA:156,0
DA:157,0
DA:158,0
DA:159,0
DA:160,0
DA:161,0
DA:163,0
DA:166,0
DA:174,0
DA:175,0
DA:176,0
DA:178,0
DA:181,0
DA:189,0
DA:190,0
DA:198,0
DA:199,0
DA:200,0
DA:201,0
DA:204,0
DA:205,0
DA:207,0
DA:219,0
DA:220,0
DA:221,0
DA:223,0
DA:225,0
DA:228,0
DA:236,0
DA:237,0
DA:238,0
DA:240,0
DA:244,0
DA:256,0
DA:257,0
DA:258,0
DA:260,0
DA:268,0
DA:269,0
DA:270,0
DA:272,0
DA:280,0
DA:281,0
DA:282,0
DA:284,0
DA:285,0
DA:286,0
DA:287,0
DA:288,0
DA:289,0
DA:290,0
DA:291,0
DA:292,0
DA:294,0
DA:297,0
DA:305,0
DA:306,0
DA:308,0
DA:309,0
DA:312,0
DA:319,0
DA:332,0
DA:334,0
DA:335,0
DA:336,0
DA:338,0
DA:343,0
DA:344,0
DA:345,0
DA:346,0
LF:108
LH:0
BRDA:14,0,0,0
BRDA:14,1,0,0
BRDA:16,2,0,0
BRDA:16,2,1,0
BRDA:17,3,0,0
BRDA:17,3,1,0
BRDA:21,4,0,0
BRDA:21,4,1,0
BRDA:22,5,0,0
BRDA:22,5,1,0
BRDA:23,6,0,0
BRDA:23,6,1,0
BRDA:36,7,0,0
BRDA:36,7,1,0
BRDA:37,8,0,0
BRDA:37,8,1,0
BRDA:51,9,0,0
BRDA:51,9,1,0
BRDA:59,10,0,0
BRDA:59,10,1,0
BRDA:73,11,0,0
BRDA:73,11,1,0
BRDA:81,12,0,0
BRDA:81,12,1,0
BRDA:95,13,0,0
BRDA:95,13,1,0
BRDA:103,14,0,0
BRDA:103,14,1,0
BRDA:117,15,0,0
BRDA:117,15,1,0
BRDA:128,16,0,0
BRDA:128,16,1,0
BRDA:140,17,0,0
BRDA:142,18,0,0
BRDA:142,18,1,0
BRDA:150,19,0,0
BRDA:150,19,1,0
BRDA:175,20,0,0
BRDA:175,20,1,0
BRDA:176,21,0,0
BRDA:176,21,1,0
BRDA:189,22,0,0
BRDA:189,22,1,0
BRDA:189,23,0,0
BRDA:189,23,1,0
BRDA:200,24,0,0
BRDA:200,24,1,0
BRDA:205,25,0,0
BRDA:205,25,1,0
BRDA:221,26,0,0
BRDA:221,26,1,0
BRDA:223,27,0,0
BRDA:223,27,1,0
BRDA:237,28,0,0
BRDA:237,28,1,0
BRDA:238,29,0,0
BRDA:238,29,1,0
BRDA:270,30,0,0
BRDA:270,30,1,0
BRDA:282,31,0,0
BRDA:282,31,1,0
BRDA:308,32,0,0
BRDA:308,32,1,0
BRDA:322,33,0,0
BRDA:322,33,1,0
BRDA:323,34,0,0
BRDA:323,34,1,0
BRDA:332,35,0,0
BRDA:332,35,1,0
BRDA:343,36,0,0
BRDA:343,36,1,0
BRDA:343,37,0,0
BRDA:343,37,1,0
BRDA:345,38,0,0
BRDA:345,38,1,0
BRF:75
BRH:0
end_of_record
TN:
SF:app/frontend/static/js/components/generation-history/filters.js
FN:14,(anonymous_0)
FN:50,(anonymous_1)
FN:53,(anonymous_2)
FN:66,(anonymous_3)
FN:74,(anonymous_4)
FN:87,(anonymous_5)
FN:108,(anonymous_6)
FN:117,(anonymous_7)
FN:118,(anonymous_8)
FN:127,(anonymous_9)
FN:132,(anonymous_10)
FN:140,(anonymous_11)
FN:145,(anonymous_12)
FN:150,(anonymous_13)
FN:155,(anonymous_14)
FN:160,(anonymous_15)
FN:165,(anonymous_16)
FN:170,(anonymous_17)
FN:175,(anonymous_18)
FN:182,(anonymous_19)
FN:196,(anonymous_20)
FN:212,(anonymous_21)
FN:225,(anonymous_22)
FN:230,(anonymous_23)
FN:236,(anonymous_24)
FN:244,(anonymous_25)
FN:251,(anonymous_26)
FN:265,(anonymous_27)
FN:296,(anonymous_28)
FN:325,(anonymous_29)
FN:339,(anonymous_30)
FN:344,(anonymous_31)
FN:355,(anonymous_32)
FN:363,(anonymous_33)
FN:377,(anonymous_34)
FNF:35
FNH:0
FNDA:0,(anonymous_0)
FNDA:0,(anonymous_1)
FNDA:0,(anonymous_2)
FNDA:0,(anonymous_3)
FNDA:0,(anonymous_4)
FNDA:0,(anonymous_5)
FNDA:0,(anonymous_6)
FNDA:0,(anonymous_7)
FNDA:0,(anonymous_8)
FNDA:0,(anonymous_9)
FNDA:0,(anonymous_10)
FNDA:0,(anonymous_11)
FNDA:0,(anonymous_12)
FNDA:0,(anonymous_13)
FNDA:0,(anonymous_14)
FNDA:0,(anonymous_15)
FNDA:0,(anonymous_16)
FNDA:0,(anonymous_17)
FNDA:0,(anonymous_18)
FNDA:0,(anonymous_19)
FNDA:0,(anonymous_20)
FNDA:0,(anonymous_21)
FNDA:0,(anonymous_22)
FNDA:0,(anonymous_23)
FNDA:0,(anonymous_24)
FNDA:0,(anonymous_25)
FNDA:0,(anonymous_26)
FNDA:0,(anonymous_27)
FNDA:0,(anonymous_28)
FNDA:0,(anonymous_29)
FNDA:0,(anonymous_30)
FNDA:0,(anonymous_31)
FNDA:0,(anonymous_32)
FNDA:0,(anonymous_33)
FNDA:0,(anonymous_34)
DA:10,0
DA:15,0
DA:17,0
DA:20,0
DA:21,0
DA:25,0
DA:26,0
DA:30,0
DA:31,0
DA:35,0
DA:36,0
DA:40,0
DA:41,0
DA:44,0
DA:51,0
DA:53,0
DA:55,0
DA:56,0
DA:60,0
DA:61,0
DA:65,0
DA:66,0
DA:67,0
DA:69,0
DA:73,0
DA:74,0
DA:75,0
DA:77,0
DA:80,0
DA:88,0
DA:89,0
DA:91,0
DA:93,0
DA:94,0
DA:96,0
DA:97,0
DA:99,0
DA:100,0
DA:102,0
DA:103,0
DA:105,0
DA:108,0
DA:109,0
DA:110,0
DA:118,0
DA:119,0
DA:120,0
DA:128,0
DA:130,0
DA:132,0
DA:133,0
DA:141,0
DA:143,0
DA:145,0
DA:146,0
DA:150,0
DA:151,0
DA:155,0
DA:156,0
DA:160,0
DA:161,0
DA:165,0
DA:166,0
DA:170,0
DA:171,0
DA:175,0
DA:176,0
DA:177,0
DA:178,0
DA:182,0
DA:183,0
DA:184,0
DA:185,0
DA:189,0
DA:197,0
DA:213,0
DA:226,0
DA:228,0
DA:230,0
DA:231,0
DA:232,0
DA:236,0
DA:237,0
DA:238,0
DA:239,0
DA:242,0
DA:244,0
DA:252,0
DA:266,0
DA:268,0
DA:269,0
DA:272,0
DA:273,0
DA:276,0
DA:277,0
DA:280,0
DA:281,0
DA:282,0
DA:283,0
DA:286,0
DA:287,0
DA:290,0
DA:297,0
DA:299,0
DA:300,0
DA:303,0
DA:304,0
DA:307,0
DA:308,0
DA:311,0
DA:312,0
DA:315,0
DA:316,0
DA:319,0
DA:326,0
DA:328,0
DA:329,0
DA:332,0
DA:333,0
DA:334,0
DA:335,0
DA:339,0
DA:340,0
DA:341,0
DA:344,0
DA:345,0
DA:346,0
DA:349,0
DA:356,0
DA:358,0
DA:359,0
DA:362,0
DA:363,0
DA:364,0
DA:365,0
DA:369,0
DA:370,0
DA:373,0
DA:374,0
DA:377,0
DA:378,0
DA:379,0
DA:382,0
DA:391,0
DA:392,0
DA:393,0
DA:394,0
LF:147
LH:0
BRDA:15,0,0,0
BRDA:15,0,1,0
BRDA:15,1,0,0
BRDA:15,1,1,0
BRDA:20,2,0,0
BRDA:20,2,1,0
BRDA:20,3,0,0
BRDA:20,3,1,0
BRDA:25,4,0,0
BRDA:25,4,1,0
BRDA:25,5,0,0
BRDA:25,5,1,0
BRDA:30,6,0,0
BRDA:30,6,1,0
BRDA:30,7,0,0
BRDA:30,7,1,0
BRDA:35,8,0,0
BRDA:35,8,1,0
BRDA:35,9,0,0
BRDA:35,9,1,0
BRDA:40,10,0,0
BRDA:40,10,1,0
BRDA:55,11,0,0
BRDA:55,11,1,0
BRDA:55,12,0,0
BRDA:55,12,1,0
BRDA:60,13,0,0
BRDA:60,13,1,0
BRDA:60,14,0,0
BRDA:60,14,1,0
BRDA:65,15,0,0
BRDA:65,15,1,0
BRDA:65,16,0,0
BRDA:65,16,1,0
BRDA:67,17,0,0
BRDA:67,17,1,0
BRDA:69,18,0,0
BRDA:69,18,1,0
BRDA:73,19,0,0
BRDA:73,19,1,0
BRDA:73,20,0,0
BRDA:73,20,1,0
BRDA:73,20,2,0
BRDA:77,21,0,0
BRDA:77,21,1,0
BRDA:91,22,0,0
BRDA:91,22,1,0
BRDA:91,22,2,0
BRDA:91,22,3,0
BRDA:91,22,4,0
BRDA:119,23,0,0
BRDA:119,23,1,0
BRDA:128,24,0,0
BRDA:128,24,1,0
BRDA:133,25,0,0
BRDA:133,25,1,0
BRDA:143,26,0,0
BRDA:143,26,1,0
BRDA:143,26,2,0
BRDA:143,26,3,0
BRDA:143,26,4,0
BRDA:143,26,5,0
BRDA:143,26,6,0
BRDA:143,26,7,0
BRDA:143,26,8,0
BRDA:156,27,0,0
BRDA:156,27,1,0
BRDA:156,28,0,0
BRDA:156,28,1,0
BRDA:161,29,0,0
BRDA:161,29,1,0
BRDA:161,30,0,0
BRDA:161,30,1,0
BRDA:166,31,0,0
BRDA:166,31,1,0
BRDA:166,32,0,0
BRDA:166,32,1,0
BRDA:171,33,0,0
BRDA:171,33,1,0
BRDA:171,34,0,0
BRDA:171,34,1,0
BRDA:176,35,0,0
BRDA:176,35,1,0
BRDA:176,36,0,0
BRDA:176,36,1,0
BRDA:177,37,0,0
BRDA:177,37,1,0
BRDA:177,38,0,0
BRDA:177,38,1,0
BRDA:183,39,0,0
BRDA:183,39,1,0
BRDA:184,40,0,0
BRDA:184,40,1,0
BRDA:226,41,0,0
BRDA:226,41,1,0
BRDA:226,42,0,0
BRDA:226,42,1,0
BRDA:231,43,0,0
BRDA:231,43,1,0
BRDA:231,44,0,0
BRDA:231,44,1,0
BRDA:268,45,0,0
BRDA:268,45,1,0
BRDA:268,46,0,0
BRDA:268,46,1,0
BRDA:272,47,0,0
BRDA:272,47,1,0
BRDA:272,48,0,0
BRDA:272,48,1,0
BRDA:276,49,0,0
BRDA:276,49,1,0
BRDA:276,50,0,0
BRDA:276,50,1,0
BRDA:280,51,0,0
BRDA:280,51,1,0
BRDA:280,52,0,0
BRDA:280,52,1,0
BRDA:286,53,0,0
BRDA:286,53,1,0
BRDA:299,54,0,0
BRDA:299,54,1,0
BRDA:303,55,0,0
BRDA:303,55,1,0
BRDA:307,56,0,0
BRDA:307,56,1,0
BRDA:311,57,0,0
BRDA:311,57,1,0
BRDA:311,58,0,0
BRDA:311,58,1,0
BRDA:315,59,0,0
BRDA:315,59,1,0
BRDA:328,60,0,0
BRDA:328,60,1,0
BRDA:328,61,0,0
BRDA:328,61,1,0
BRDA:328,61,2,0
BRDA:332,62,0,0
BRDA:332,62,1,0
BRDA:332,63,0,0
BRDA:332,63,1,0
BRDA:334,64,0,0
BRDA:334,64,1,0
BRDA:340,65,0,0
BRDA:340,65,1,0
BRDA:340,66,0,0
BRDA:340,66,1,0
BRDA:345,67,0,0
BRDA:345,67,1,0
BRDA:345,68,0,0
BRDA:345,68,1,0
BRDA:358,69,0,0
BRDA:358,69,1,0
BRDA:358,70,0,0
BRDA:358,70,1,0
BRDA:362,71,0,0
BRDA:362,71,1,0
BRDA:362,72,0,0
BRDA:362,72,1,0
BRDA:364,73,0,0
BRDA:364,73,1,0
BRDA:369,74,0,0
BRDA:369,74,1,0
BRDA:369,75,0,0
BRDA:369,75,1,0
BRDA:373,76,0,0
BRDA:373,76,1,0
BRDA:373,77,0,0
BRDA:373,77,1,0
BRDA:378,78,0,0
BRDA:378,78,1,0
BRDA:391,79,0,0
BRDA:391,79,1,0
BRDA:391,80,0,0
BRDA:391,80,1,0
BRDA:393,81,0,0
BRDA:393,81,1,0
BRF:176
BRH:0
end_of_record
TN:
SF:app/frontend/static/js/components/generation-history/index.js
FN:11,generationHistory
FN:20,(anonymous_1)
FN:30,(anonymous_2)
FN:60,(anonymous_3)
FN:84,(anonymous_4)
FN:92,(anonymous_5)
FN:110,(anonymous_6)
FN:117,(anonymous_7)
FN:124,(anonymous_8)
FN:131,(anonymous_9)
FN:139,(anonymous_10)
FN:157,(anonymous_11)
FN:179,(anonymous_12)
FN:201,(anonymous_13)
FN:207,(anonymous_14)
FN:221,(anonymous_15)
FN:233,(anonymous_16)
FN:252,(anonymous_17)
FN:258,(anonymous_18)
FN:265,(anonymous_19)
FN:272,(anonymous_20)
FN:288,(anonymous_21)
FN:294,(anonymous_22)
FN:300,(anonymous_23)
FN:307,(anonymous_24)
FN:317,(anonymous_25)
FN:323,(anonymous_26)
FN:335,(anonymous_27)
FN:341,(anonymous_28)
FN:347,(anonymous_29)
FN:354,(anonymous_30)
FN:360,(anonymous_31)
FN:364,(anonymous_32)
FN:370,(anonymous_33)
FN:376,(anonymous_34)
FN:381,(anonymous_35)
FN:382,(anonymous_36)
FN:383,(anonymous_37)
FN:384,(anonymous_38)
FN:385,(anonymous_39)
FN:386,(anonymous_40)
FN:390,(anonymous_41)
FN:391,(anonymous_42)
FN:395,(anonymous_43)
FN:403,(anonymous_44)
FN:405,(anonymous_45)
FN:413,(anonymous_46)
FN:435,createGenerationHistoryComponent
FNF:48
FNH:0
FNDA:0,generationHistory
FNDA:0,(anonymous_1)
FNDA:0,(anonymous_2)
FNDA:0,(anonymous_3)
FNDA:0,(anonymous_4)
FNDA:0,(anonymous_5)
FNDA:0,(anonymous_6)
FNDA:0,(anonymous_7)
FNDA:0,(anonymous_8)
FNDA:0,(anonymous_9)
FNDA:0,(anonymous_10)
FNDA:0,(anonymous_11)
FNDA:0,(anonymous_12)
FNDA:0,(anonymous_13)
FNDA:0,(anonymous_14)
FNDA:0,(anonymous_15)
FNDA:0,(anonymous_16)
FNDA:0,(anonymous_17)
FNDA:0,(anonymous_18)
FNDA:0,(anonymous_19)
FNDA:0,(anonymous_20)
FNDA:0,(anonymous_21)
FNDA:0,(anonymous_22)
FNDA:0,(anonymous_23)
FNDA:0,(anonymous_24)
FNDA:0,(anonymous_25)
FNDA:0,(anonymous_26)
FNDA:0,(anonymous_27)
FNDA:0,(anonymous_28)
FNDA:0,(anonymous_29)
FNDA:0,(anonymous_30)
FNDA:0,(anonymous_31)
FNDA:0,(anonymous_32)
FNDA:0,(anonymous_33)
FNDA:0,(anonymous_34)
FNDA:0,(anonymous_35)
FNDA:0,(anonymous_36)
FNDA:0,(anonymous_37)
FNDA:0,(anonymous_38)
FNDA:0,(anonymous_39)
FNDA:0,(anonymous_40)
FNDA:0,(anonymous_41)
FNDA:0,(anonymous_42)
FNDA:0,(anonymous_43)
FNDA:0,(anonymous_44)
FNDA:0,(anonymous_45)
FNDA:0,(anonymous_46)
FNDA:0,createGenerationHistoryComponent
DA:13,0
DA:15,0
DA:21,0
DA:22,0
DA:23,0
DA:24,0
DA:26,0
DA:31,0
DA:32,0
DA:33,0
DA:36,0
DA:38,0
DA:39,0
DA:42,0
DA:43,0
DA:44,0
DA:48,0
DA:51,0
DA:54,0
DA:56,0
DA:61,0
DA:63,0
DA:65,0
DA:66,0
DA:67,0
DA:69,0
DA:70,0
DA:71,0
DA:74,0
DA:75,0
DA:78,0
DA:80,0
DA:85,0
DA:86,0
DA:87,0
DA:88,0
DA:93,0
DA:95,0
DA:103,0
DA:105,0
DA:106,0
DA:111,0
DA:112,0
DA:113,0
DA:118,0
DA:119,0
DA:120,0
DA:125,0
DA:126,0
DA:127,0
DA:132,0
DA:133,0
DA:134,0
DA:140,0
DA:142,0
DA:143,0
DA:145,0
DA:146,0
DA:149,0
DA:150,0
DA:153,0
DA:158,0
DA:160,0
DA:161,0
DA:162,0
DA:164,0
DA:165,0
DA:170,0
DA:171,0
DA:172,0
DA:175,0
DA:180,0
DA:182,0
DA:184,0
DA:185,0
DA:187,0
DA:188,0
DA:189,0
DA:192,0
DA:193,0
DA:194,0
DA:197,0
DA:202,0
DA:204,0
DA:205,0
DA:207,0
DA:208,0
DA:209,0
DA:213,0
DA:214,0
DA:217,0
DA:222,0
DA:224,0
DA:225,0
DA:226,0
DA:229,0
DA:234,0
DA:245,0
DA:246,0
DA:247,0
DA:253,0
DA:254,0
DA:259,0
DA:260,0
DA:261,0
DA:266,0
DA:267,0
DA:268,0
DA:273,0
DA:275,0
DA:280,0
DA:281,0
DA:282,0
DA:283,0
DA:289,0
DA:290,0
DA:295,0
DA:296,0
DA:301,0
DA:302,0
DA:308,0
DA:310,0
DA:312,0
DA:313,0
DA:318,0
DA:324,0
DA:336,0
DA:342,0
DA:348,0
DA:355,0
DA:356,0
DA:361,0
DA:362,0
DA:364,0
DA:365,0
DA:371,0
DA:372,0
DA:377,0
DA:380,0
DA:381,0
DA:382,0
DA:383,0
DA:384,0
DA:385,0
DA:387,0
DA:388,0
DA:390,0
DA:391,0
DA:395,0
DA:396,0
DA:400,0
DA:405,0
DA:406,0
DA:407,0
DA:415,0
DA:416,0
DA:417,0
DA:420,0
DA:421,0
DA:428,0
DA:429,0
DA:430,0
DA:431,0
DA:436,0
DA:443,0
DA:444,0
LF:166
LH:0
BRDA:13,0,0,0
BRDA:13,0,1,0
BRDA:31,1,0,0
BRDA:31,1,1,0
BRDA:42,2,0,0
BRDA:42,2,1,0
BRDA:61,3,0,0
BRDA:61,3,1,0
BRDA:61,4,0,0
BRDA:61,4,1,0
BRDA:69,5,0,0
BRDA:69,5,1,0
BRDA:93,6,0,0
BRDA:93,6,1,0
BRDA:105,7,0,0
BRDA:105,7,1,0
BRDA:111,8,0,0
BRDA:111,8,1,0
BRDA:118,9,0,0
BRDA:118,9,1,0
BRDA:125,10,0,0
BRDA:125,10,1,0
BRDA:132,11,0,0
BRDA:132,11,1,0
BRDA:140,12,0,0
BRDA:140,12,1,0
BRDA:145,13,0,0
BRDA:145,13,1,0
BRDA:158,14,0,0
BRDA:158,14,1,0
BRDA:164,15,0,0
BRDA:164,15,1,0
BRDA:171,16,0,0
BRDA:171,16,1,0
BRDA:180,17,0,0
BRDA:180,17,1,0
BRDA:182,18,0,0
BRDA:182,18,1,0
BRDA:187,19,0,0
BRDA:187,19,1,0
BRDA:202,20,0,0
BRDA:202,20,1,0
BRDA:208,21,0,0
BRDA:208,21,1,0
BRDA:222,22,0,0
BRDA:222,22,1,0
BRDA:236,23,0,0
BRDA:236,23,1,0
BRDA:242,24,0,0
BRDA:242,24,1,0
BRDA:245,25,0,0
BRDA:245,25,1,0
BRDA:253,26,0,0
BRDA:253,26,1,0
BRDA:259,27,0,0
BRDA:259,27,1,0
BRDA:266,28,0,0
BRDA:266,28,1,0
BRDA:273,29,0,0
BRDA:273,29,1,0
BRDA:273,30,0,0
BRDA:273,30,1,0
BRDA:280,31,0,0
BRDA:280,31,1,0
BRDA:280,32,0,0
BRDA:280,32,1,0
BRDA:282,33,0,0
BRDA:282,33,1,0
BRDA:282,34,0,0
BRDA:282,34,1,0
BRDA:289,35,0,0
BRDA:289,35,1,0
BRDA:295,36,0,0
BRDA:295,36,1,0
BRDA:301,37,0,0
BRDA:301,37,1,0
BRDA:308,38,0,0
BRDA:308,38,1,0
BRDA:312,39,0,0
BRDA:312,39,1,0
BRDA:318,40,0,0
BRDA:318,40,1,0
BRDA:324,41,0,0
BRDA:324,41,1,0
BRDA:336,42,0,0
BRDA:336,42,1,0
BRDA:342,43,0,0
BRDA:342,43,1,0
BRDA:348,44,0,0
BRDA:348,44,1,0
BRDA:355,45,0,0
BRDA:355,45,1,0
BRDA:360,46,0,0
BRDA:361,47,0,0
BRDA:361,47,1,0
BRDA:371,48,0,0
BRDA:371,48,1,0
BRDA:377,49,0,0
BRDA:377,49,1,0
BRDA:388,50,0,0
BRDA:388,50,1,0
BRDA:406,51,0,0
BRDA:406,51,1,0
BRDA:415,52,0,0
BRDA:415,52,1,0
BRDA:416,53,0,0
BRDA:416,53,1,0
BRDA:417,54,0,0
BRDA:417,54,1,0
BRDA:420,55,0,0
BRDA:420,55,1,0
BRDA:428,56,0,0
BRDA:428,56,1,0
BRDA:430,57,0,0
BRDA:430,57,1,0
BRDA:443,58,0,0
BRDA:443,58,1,0
BRDA:443,59,0,0
BRDA:443,59,1,0
BRF:119
BRH:0
end_of_record
TN:
SF:app/frontend/static/js/components/generation-history/state.js
FN:11,createGenerationHistoryState
FN:56,(anonymous_1)
FN:64,(anonymous_2)
FN:72,(anonymous_3)
FN:80,(anonymous_4)
FN:81,(anonymous_5)
FN:86,(anonymous_6)
FN:97,(anonymous_7)
FN:98,(anonymous_8)
FN:99,(anonymous_9)
FN:106,(anonymous_10)
FN:114,(anonymous_11)
FN:123,(anonymous_12)
FN:132,(anonymous_13)
FN:140,(anonymous_14)
FN:148,(anonymous_15)
FN:156,(anonymous_16)
FN:157,(anonymous_17)
FN:168,(anonymous_18)
FN:176,(anonymous_19)
FN:184,(anonymous_20)
FN:197,(anonymous_21)
FN:205,(anonymous_22)
FN:206,(anonymous_23)
FN:213,(anonymous_24)
FN:221,(anonymous_25)
FN:231,(anonymous_26)
FN:239,(anonymous_27)
FN:250,(anonymous_28)
FN:262,(anonymous_29)
FN:263,(anonymous_30)
FNF:31
FNH:0
FNDA:0,createGenerationHistoryState
FNDA:0,(anonymous_1)
FNDA:0,(anonymous_2)
FNDA:0,(anonymous_3)
FNDA:0,(anonymous_4)
FNDA:0,(anonymous_5)
FNDA:0,(anonymous_6)
FNDA:0,(anonymous_7)
FNDA:0,(anonymous_8)
FNDA:0,(anonymous_9)
FNDA:0,(anonymous_10)
FNDA:0,(anonymous_11)
FNDA:0,(anonymous_12)
FNDA:0,(anonymous_13)
FNDA:0,(anonymous_14)
FNDA:0,(anonymous_15)
FNDA:0,(anonymous_16)
FNDA:0,(anonymous_17)
FNDA:0,(anonymous_18)
FNDA:0,(anonymous_19)
FNDA:0,(anonymous_20)
FNDA:0,(anonymous_21)
FNDA:0,(anonymous_22)
FNDA:0,(anonymous_23)
FNDA:0,(anonymous_24)
FNDA:0,(anonymous_25)
FNDA:0,(anonymous_26)
FNDA:0,(anonymous_27)
FNDA:0,(anonymous_28)
FNDA:0,(anonymous_29)
FNDA:0,(anonymous_30)
DA:12,0
DA:52,0
DA:57,0
DA:58,0
DA:65,0
DA:66,0
DA:73,0
DA:74,0
DA:81,0
DA:82,0
DA:83,0
DA:86,0
DA:87,0
DA:88,0
DA:91,0
DA:98,0
DA:99,0
DA:100,0
DA:107,0
DA:108,0
DA:115,0
DA:116,0
DA:117,0
DA:124,0
DA:125,0
DA:126,0
DA:133,0
DA:134,0
DA:141,0
DA:142,0
DA:149,0
DA:150,0
DA:157,0
DA:158,0
DA:159,0
DA:162,0
DA:169,0
DA:170,0
DA:177,0
DA:178,0
DA:185,0
DA:186,0
DA:187,0
DA:189,0
DA:191,0
DA:198,0
DA:199,0
DA:206,0
DA:207,0
DA:214,0
DA:215,0
DA:222,0
DA:223,0
DA:224,0
DA:225,0
DA:232,0
DA:233,0
DA:240,0
DA:241,0
DA:242,0
DA:244,0
DA:251,0
DA:252,0
DA:253,0
DA:254,0
DA:255,0
DA:256,0
DA:263,0
DA:264,0
DA:265,0
DA:266,0
DA:268,0
DA:272,0
DA:277,0
DA:278,0
DA:279,0
DA:280,0
DA:281,0
LF:78
LH:0
BRDA:82,0,0,0
BRDA:82,0,1,0
BRDA:87,1,0,0
BRDA:87,1,1,0
BRDA:115,2,0,0
BRDA:115,2,1,0
BRDA:116,3,0,0
BRDA:116,3,1,0
BRDA:158,4,0,0
BRDA:158,4,1,0
BRDA:186,5,0,0
BRDA:186,5,1,0
BRDA:221,6,0,0
BRDA:241,7,0,0
BRDA:241,7,1,0
BRDA:241,8,0,0
BRDA:241,8,1,0
BRDA:264,9,0,0
BRDA:264,9,1,0
BRDA:265,10,0,0
BRDA:265,10,1,0
BRDA:265,11,0,0
BRDA:265,11,1,0
BRDA:265,11,2,0
BRDA:277,12,0,0
BRDA:277,12,1,0
BRDA:277,13,0,0
BRDA:277,13,1,0
BRDA:279,14,0,0
BRDA:279,14,1,0
BRF:30
BRH:0
end_of_record
TN:
SF:app/frontend/static/js/components/generation-history/ui.js
FN:14,(anonymous_0)
FN:84,(anonymous_1)
FN:85,(anonymous_2)
FN:97,(anonymous_3)
FN:105,(anonymous_4)
FN:106,(anonymous_5)
FN:121,(anonymous_6)
FN:136,(anonymous_7)
FN:139,(anonymous_8)
FN:148,(anonymous_9)
FN:157,(anonymous_10)
FN:165,(anonymous_11)
FN:174,(anonymous_12)
FN:197,(anonymous_13)
FN:218,(anonymous_14)
FN:231,(anonymous_15)
FN:244,(anonymous_16)
FN:257,(anonymous_17)
FN:267,(anonymous_18)
FN:301,(anonymous_19)
FN:305,(anonymous_20)
FN:309,(anonymous_21)
FN:314,(anonymous_22)
FN:325,(anonymous_23)
FN:327,(anonymous_24)
FN:328,(anonymous_25)
FN:338,(anonymous_26)
FN:342,(anonymous_27)
FN:345,(anonymous_28)
FN:350,(anonymous_29)
FN:357,(anonymous_30)
FN:363,(anonymous_31)
FN:398,(anonymous_32)
FN:406,(anonymous_33)
FN:423,(anonymous_34)
FN:432,(anonymous_35)
FNF:36
FNH:0
FNDA:0,(anonymous_0)
FNDA:0,(anonymous_1)
FNDA:0,(anonymous_2)
FNDA:0,(anonymous_3)
FNDA:0,(anonymous_4)
FNDA:0,(anonymous_5)
FNDA:0,(anonymous_6)
FNDA:0,(anonymous_7)
FNDA:0,(anonymous_8)
FNDA:0,(anonymous_9)
FNDA:0,(anonymous_10)
FNDA:0,(anonymous_11)
FNDA:0,(anonymous_12)
FNDA:0,(anonymous_13)
FNDA:0,(anonymous_14)
FNDA:0,(anonymous_15)
FNDA:0,(anonymous_16)
FNDA:0,(anonymous_17)
FNDA:0,(anonymous_18)
FNDA:0,(anonymous_19)
FNDA:0,(anonymous_20)
FNDA:0,(anonymous_21)
FNDA:0,(anonymous_22)
FNDA:0,(anonymous_23)
FNDA:0,(anonymous_24)
FNDA:0,(anonymous_25)
FNDA:0,(anonymous_26)
FNDA:0,(anonymous_27)
FNDA:0,(anonymous_28)
FNDA:0,(anonymous_29)
FNDA:0,(anonymous_30)
FNDA:0,(anonymous_31)
FNDA:0,(anonymous_32)
FNDA:0,(anonymous_33)
FNDA:0,(anonymous_34)
FNDA:0,(anonymous_35)
DA:10,0
DA:15,0
DA:17,0
DA:18,0
DA:19,0
DA:20,0
DA:21,0
DA:22,0
DA:24,0
DA:27,0
DA:28,0
DA:29,0
DA:31,0
DA:34,0
DA:35,0
DA:36,0
DA:37,0
DA:39,0
DA:42,0
DA:43,0
DA:44,0
DA:45,0
DA:47,0
DA:50,0
DA:51,0
DA:52,0
DA:54,0
DA:57,0
DA:58,0
DA:59,0
DA:61,0
DA:64,0
DA:65,0
DA:66,0
DA:68,0
DA:71,0
DA:72,0
DA:73,0
DA:75,0
DA:78,0
DA:85,0
DA:87,0
DA:88,0
DA:91,0
DA:94,0
DA:97,0
DA:98,0
DA:106,0
DA:108,0
DA:122,0
DA:123,0
DA:124,0
DA:126,0
DA:137,0
DA:139,0
DA:140,0
DA:142,0
DA:143,0
DA:144,0
DA:146,0
DA:147,0
DA:148,0
DA:149,0
DA:154,0
DA:157,0
DA:158,0
DA:166,0
DA:168,0
DA:169,0
DA:171,0
DA:172,0
DA:174,0
DA:175,0
DA:177,0
DA:178,0
DA:179,0
DA:180,0
DA:183,0
DA:184,0
DA:185,0
DA:192,0
DA:194,0
DA:197,0
DA:198,0
DA:200,0
DA:201,0
DA:203,0
DA:204,0
DA:205,0
DA:206,0
DA:208,0
DA:209,0
DA:210,0
DA:211,0
DA:214,0
DA:215,0
DA:216,0
DA:218,0
DA:219,0
DA:220,0
DA:221,0
DA:222,0
DA:227,0
DA:228,0
DA:231,0
DA:232,0
DA:233,0
DA:234,0
DA:235,0
DA:239,0
DA:240,0
DA:241,0
DA:244,0
DA:245,0
DA:246,0
DA:247,0
DA:248,0
DA:249,0
DA:258,0
DA:268,0
DA:270,0
DA:277,0
DA:279,0
DA:288,0
DA:302,0
DA:303,0
DA:305,0
DA:306,0
DA:307,0
DA:309,0
DA:310,0
DA:311,0
DA:312,0
DA:314,0
DA:315,0
DA:316,0
DA:326,0
DA:327,0
DA:328,0
DA:329,0
DA:330,0
DA:331,0
DA:332,0
DA:333,0
DA:338,0
DA:339,0
DA:342,0
DA:345,0
DA:346,0
DA:347,0
DA:350,0
DA:358,0
DA:359,0
DA:361,0
DA:363,0
DA:364,0
DA:365,0
DA:367,0
DA:370,0
DA:371,0
DA:372,0
DA:373,0
DA:377,0
DA:378,0
DA:379,0
DA:380,0
DA:383,0
DA:384,0
DA:385,0
DA:386,0
DA:389,0
DA:390,0
DA:391,0
DA:392,0
DA:396,0
DA:398,0
DA:399,0
DA:407,0
DA:409,0
DA:410,0
DA:417,0
DA:424,0
DA:432,0
DA:448,0
DA:449,0
DA:450,0
DA:451,0
LF:187
LH:0
BRDA:14,0,0,0
BRDA:15,1,0,0
BRDA:15,1,1,0
BRDA:15,1,2,0
BRDA:15,1,3,0
BRDA:15,1,4,0
BRDA:15,1,5,0
BRDA:15,1,6,0
BRDA:15,1,7,0
BRDA:17,2,0,0
BRDA:17,2,1,0
BRDA:18,3,0,0
BRDA:18,3,1,0
BRDA:20,4,0,0
BRDA:20,4,1,0
BRDA:21,5,0,0
BRDA:21,5,1,0
BRDA:27,6,0,0
BRDA:27,6,1,0
BRDA:28,7,0,0
BRDA:28,7,1,0
BRDA:34,8,0,0
BRDA:34,8,1,0
BRDA:34,9,0,0
BRDA:34,9,1,0
BRDA:36,10,0,0
BRDA:36,10,1,0
BRDA:42,11,0,0
BRDA:42,11,1,0
BRDA:42,12,0,0
BRDA:42,12,1,0
BRDA:44,13,0,0
BRDA:44,13,1,0
BRDA:50,14,0,0
BRDA:50,14,1,0
BRDA:50,15,0,0
BRDA:50,15,1,0
BRDA:51,16,0,0
BRDA:51,16,1,0
BRDA:57,17,0,0
BRDA:57,17,1,0
BRDA:57,18,0,0
BRDA:57,18,1,0
BRDA:58,19,0,0
BRDA:58,19,1,0
BRDA:64,20,0,0
BRDA:64,20,1,0
BRDA:64,21,0,0
BRDA:64,21,1,0
BRDA:65,22,0,0
BRDA:65,22,1,0
BRDA:71,23,0,0
BRDA:71,23,1,0
BRDA:71,24,0,0
BRDA:71,24,1,0
BRDA:72,25,0,0
BRDA:72,25,1,0
BRDA:87,26,0,0
BRDA:87,26,1,0
BRDA:87,27,0,0
BRDA:87,27,1,0
BRDA:113,28,0,0
BRDA:113,28,1,0
BRDA:114,29,0,0
BRDA:114,29,1,0
BRDA:121,30,0,0
BRDA:121,31,0,0
BRDA:136,32,0,0
BRDA:140,33,0,0
BRDA:140,33,1,0
BRDA:142,34,0,0
BRDA:142,34,1,0
BRDA:146,35,0,0
BRDA:146,35,1,0
BRDA:172,36,0,0
BRDA:172,36,1,0
BRDA:175,37,0,0
BRDA:175,37,1,0
BRDA:180,38,0,0
BRDA:180,38,1,0
BRDA:198,39,0,0
BRDA:198,39,1,0
BRDA:198,40,0,0
BRDA:198,40,1,0
BRDA:220,41,0,0
BRDA:220,41,1,0
BRDA:222,42,0,0
BRDA:222,42,1,0
BRDA:233,43,0,0
BRDA:233,43,1,0
BRDA:248,44,0,0
BRDA:248,44,1,0
BRDA:258,45,0,0
BRDA:258,45,1,0
BRDA:258,45,2,0
BRDA:258,45,3,0
BRDA:268,46,0,0
BRDA:268,46,1,0
BRDA:277,47,0,0
BRDA:277,47,1,0
BRDA:301,48,0,0
BRDA:303,49,0,0
BRDA:303,49,1,0
BRDA:325,50,0,0
BRDA:326,51,0,0
BRDA:326,51,1,0
BRDA:329,52,0,0
BRDA:329,52,1,0
BRDA:359,53,0,0
BRDA:359,53,1,0
BRDA:365,54,0,0
BRDA:365,54,1,0
BRDA:367,55,0,0
BRDA:367,55,1,0
BRDA:367,55,2,0
BRDA:367,55,3,0
BRDA:367,55,4,0
BRDA:367,55,5,0
BRDA:406,56,0,0
BRDA:427,57,0,0
BRDA:427,57,1,0
BRDA:428,58,0,0
BRDA:428,58,1,0
BRDA:429,59,0,0
BRDA:429,59,1,0
BRDA:434,60,0,0
BRDA:434,60,1,0
BRDA:435,61,0,0
BRDA:435,61,1,0
BRDA:436,62,0,0
BRDA:436,62,1,0
BRDA:441,63,0,0
BRDA:441,63,1,0
BRDA:448,64,0,0
BRDA:448,64,1,0
BRDA:448,65,0,0
BRDA:448,65,1,0
BRDA:450,66,0,0
BRDA:450,66,1,0
BRF:139
BRH:0
end_of_record
TN:
SF:app/frontend/static/js/components/generation-studio/api.js
FN:24,(anonymous_0)
FN:51,(anonymous_1)
FN:84,(anonymous_2)
FN:94,(anonymous_3)
FN:95,(anonymous_4)
FN:101,(anonymous_5)
FN:133,(anonymous_6)
FN:140,(anonymous_7)
FN:174,(anonymous_8)
FN:181,(anonymous_9)
FN:216,(anonymous_10)
FN:249,(anonymous_11)
FN:286,(anonymous_12)
FN:297,(anonymous_13)
FN:308,(anonymous_14)
FN:319,(anonymous_15)
FN:330,(anonymous_16)
FN:341,(anonymous_17)
FN:352,(anonymous_18)
FN:380,(anonymous_19)
FN:405,(anonymous_20)
FN:412,(anonymous_21)
FN:435,(anonymous_22)
FN:462,(anonymous_23)
FN:491,(anonymous_24)
FN:520,(anonymous_25)
FN:549,(anonymous_26)
FNF:27
FNH:9
FNDA:1,(anonymous_0)
FNDA:0,(anonymous_1)
FNDA:0,(anonymous_2)
FNDA:0,(anonymous_3)
FNDA:0,(anonymous_4)
FNDA:1,(anonymous_5)
FNDA:0,(anonymous_6)
FNDA:0,(anonymous_7)
FNDA:0,(anonymous_8)
FNDA:0,(anonymous_9)
FNDA:0,(anonymous_10)
FNDA:1,(anonymous_11)
FNDA:2,(anonymous_12)
FNDA:1,(anonymous_13)
FNDA:1,(anonymous_14)
FNDA:1,(anonymous_15)
FNDA:1,(anonymous_16)
FNDA:1,(anonymous_17)
[...]
BRDA:65,8,0,0
BRDA:65,8,1,0
BRDA:65,9,0,0
BRDA:65,9,1,0
BRDA:65,9,2,0
BRDA:70,10,0,0
BRDA:70,10,1,0
BRDA:70,11,0,0
BRDA:70,11,1,0
BRDA:70,11,2,0
BRDA:79,12,0,0
BRDA:79,12,1,0
BRDA:91,13,0,0
BRDA:91,13,1,0
BRDA:92,14,0,0
BRDA:92,14,1,0
BRDA:92,15,0,0
BRDA:92,15,1,0
BRDA:97,16,0,0
BRDA:97,16,1,0
BRDA:97,17,0,0
BRDA:97,17,1,0
BRDA:111,18,0,0
BRDA:111,18,1,0
BRDA:114,19,0,0
BRDA:114,19,1,0
BRDA:114,20,0,0
BRDA:114,20,1,0
BRDA:130,21,0,0
BRDA:130,21,1,0
BRDA:130,22,0,0
BRDA:130,22,1,0
BRDA:140,23,0,0
BRDA:140,23,1,0
BRDA:140,24,0,0
BRDA:140,24,1,0
BRDA:149,25,0,0
BRDA:149,25,1,0
BRDA:149,26,0,0
BRDA:149,26,1,0
BRDA:154,27,0,0
BRDA:154,27,1,0
BRDA:154,28,0,0
BRDA:154,28,1,0
BRDA:175,29,0,0
BRDA:175,29,1,0
BRDA:185,30,0,0
BRDA:185,30,1,0
BRDA:186,31,0,0
BRDA:186,31,1,0
BRDA:186,32,0,0
BRDA:186,32,1,0
BRDA:194,33,0,0
BRDA:194,33,1,0
BRDA:194,34,0,0
BRDA:194,34,1,0
BRDA:196,35,0,0
BRDA:196,35,1,0
BRDA:196,36,0,0
BRDA:196,36,1,0
BRDA:201,37,0,0
BRDA:201,37,1,0
BRDA:201,38,0,0
BRDA:201,38,1,0
BRDA:214,39,0,0
BRDA:214,39,1,0
BRDA:227,40,0,0
BRDA:227,40,1,0
BRDA:227,41,0,0
BRDA:227,41,1,0
BRDA:230,42,0,0
BRDA:230,42,1,0
BRDA:230,43,0,0
BRDA:230,43,1,0
BRDA:235,44,0,0
BRDA:235,44,1,0
BRDA:235,45,0,0
BRDA:235,45,1,0
BRDA:266,46,0,0
BRDA:266,46,1,0
BRDA:275,47,0,0
BRDA:275,47,1,0
BRDA:286,48,0,0
BRDA:286,48,1,0
BRDA:286,49,0,0
BRDA:286,49,1,0
BRDA:293,50,0,0
BRDA:293,50,1,0
BRDA:293,51,0,0
BRDA:293,51,1,0
BRDA:346,52,0,0
BRDA:346,52,1,0
BRDA:346,53,0,0
BRDA:346,53,1,0
BRDA:348,54,0,0
BRDA:348,54,1,0
BRF:113
BRH:0
end_of_record
TN:
SF:app/frontend/static/js/core/component-loader/logger.js
FN:12,(anonymous_0)
FN:29,(anonymous_1)
FN:41,(anonymous_2)
FN:52,(anonymous_3)
FN:72,(anonymous_4)
FN:88,(anonymous_5)
FN:106,(anonymous_6)
FN:124,(anonymous_7)
FN:143,(anonymous_8)
FN:145,(anonymous_9)
FN:146,(anonymous_10)
FN:147,(anonymous_11)
FN:148,(anonymous_12)
FN:157,(anonymous_13)
FN:161,(anonymous_14)
FN:174,(anonymous_15)
FN:185,(anonymous_16)
FN:213,(anonymous_17)
FN:228,(anonymous_18)
FN:249,createLogger
FN:261,(anonymous_20)
FN:262,(anonymous_21)
FN:263,(anonymous_22)
FN:264,(anonymous_23)
FN:265,(anonymous_24)
FN:266,(anonymous_25)
FN:266,(anonymous_26)
FN:266,(anonymous_27)
FN:266,(anonymous_28)
FN:266,(anonymous_29)
FN:267,(anonymous_30)
FN:267,(anonymous_31)
FN:268,(anonymous_32)
FN:269,(anonymous_33)
FN:270,(anonymous_34)
FN:271,(anonymous_35)
FN:283,(anonymous_36)
FN:284,(anonymous_37)
FN:285,(anonymous_38)
FN:286,(anonymous_39)
FN:287,(anonymous_40)
FN:288,(anonymous_41)
FN:289,(anonymous_42)
FN:290,(anonymous_43)
FN:291,(anonymous_44)
FN:297,(anonymous_45)
FN:298,(anonymous_46)
FN:299,(anonymous_47)
FNF:48
FNH:0
FNDA:0,(anonymous_0)
FNDA:0,(anonymous_1)
FNDA:0,(anonymous_2)
FNDA:0,(anonymous_3)
FNDA:0,(anonymous_4)
FNDA:0,(anonymous_5)
FNDA:0,(anonymous_6)
FNDA:0,(anonymous_7)
FNDA:0,(anonymous_8)
FNDA:0,(anonymous_9)
FNDA:0,(anonymous_10)
FNDA:0,(anonymous_11)
FNDA:0,(anonymous_12)
FNDA:0,(anonymous_13)
FNDA:0,(anonymous_14)
FNDA:0,(anonymous_15)
FNDA:0,(anonymous_16)
FNDA:0,(anonymous_17)
FNDA:0,(anonymous_18)
FNDA:0,createLogger
FNDA:0,(anonymous_20)
FNDA:0,(anonymous_21)
FNDA:0,(anonymous_22)
FNDA:0,(anonymous_23)
FNDA:0,(anonymous_24)
FNDA:0,(anonymous_25)
FNDA:0,(anonymous_26)
FNDA:0,(anonymous_27)
FNDA:0,(anonymous_28)
FNDA:0,(anonymous_29)
FNDA:0,(anonymous_30)
FNDA:0,(anonymous_31)
FNDA:0,(anonymous_32)
FNDA:0,(anonymous_33)
FNDA:0,(anonymous_34)
FNDA:0,(anonymous_35)
FNDA:0,(anonymous_36)
FNDA:0,(anonymous_37)
FNDA:0,(anonymous_38)
FNDA:0,(anonymous_39)
FNDA:0,(anonymous_40)
FNDA:0,(anonymous_41)
FNDA:0,(anonymous_42)
FNDA:0,(anonymous_43)
FNDA:0,(anonymous_44)
FNDA:0,(anonymous_45)
FNDA:0,(anonymous_46)
FNDA:0,(anonymous_47)
DA:13,0
DA:14,0
DA:15,0
DA:16,0
DA:17,0
DA:30,0
DA:31,0
DA:32,0
DA:33,0
DA:42,0
DA:43,0
DA:53,0
DA:55,0
DA:56,0
DA:59,0
DA:60,0
DA:63,0
DA:65,0
DA:73,0
DA:75,0
DA:78,0
DA:79,0
DA:89,0
DA:91,0
DA:94,0
DA:95,0
DA:96,0
DA:97,0
DA:107,0
DA:109,0
DA:112,0
DA:113,0
DA:114,0
DA:115,0
DA:125,0
DA:127,0
DA:130,0
DA:131,0
DA:132,0
DA:133,0
DA:144,0
DA:145,0
DA:146,0
DA:147,0
DA:148,0
DA:158,0
DA:159,0
DA:161,0
DA:162,0
DA:163,0
DA:164,0
DA:165,0
DA:175,0
DA:177,0
DA:186,0
DA:187,0
DA:188,0
DA:192,0
DA:193,0
DA:194,0
DA:195,0
DA:197,0
DA:198,0
DA:202,0
DA:203,0
DA:204,0
DA:214,0
DA:216,0
DA:217,0
DA:219,0
DA:229,0
DA:231,0
DA:232,0
DA:233,0
DA:234,0
DA:235,0
DA:236,0
DA:239,0
DA:252,0
DA:256,0
DA:257,0
DA:260,0
DA:266,0
DA:267,0
DA:269,0
DA:277,0
DA:280,0
DA:282,0
DA:283,0
DA:284,0
DA:285,0
DA:286,0
DA:287,0
DA:288,0
DA:289,0
DA:290,0
DA:291,0
DA:295,0
DA:296,0
DA:297,0
DA:298,0
DA:299,0
DA:304,0
DA:305,0
DA:310,0
DA:311,0
DA:312,0
DA:313,0
DA:314,0
DA:315,0
LF:110
LH:0
BRDA:30,0,0,0
BRDA:30,0,1,0
BRDA:31,1,0,0
BRDA:31,1,1,0
BRDA:32,2,0,0
BRDA:32,2,1,0
BRDA:33,3,0,0
BRDA:33,3,1,0
BRDA:42,4,0,0
BRDA:42,4,1,0
BRDA:55,5,0,0
BRDA:55,5,1,0
BRDA:59,6,0,0
BRDA:59,6,1,0
BRDA:73,7,0,0
BRDA:73,7,1,0
BRDA:78,8,0,0
BRDA:78,8,1,0
BRDA:78,9,0,0
BRDA:78,9,1,0
BRDA:89,10,0,0
BRDA:89,10,1,0
BRDA:94,11,0,0
BRDA:94,11,1,0
BRDA:94,12,0,0
BRDA:94,12,1,0
BRDA:96,13,0,0
BRDA:96,13,1,0
BRDA:96,14,0,0
BRDA:96,14,1,0
BRDA:107,15,0,0
BRDA:107,15,1,0
BRDA:112,16,0,0
BRDA:112,16,1,0
BRDA:112,17,0,0
BRDA:112,17,1,0
BRDA:114,18,0,0
BRDA:114,18,1,0
BRDA:114,19,0,0
BRDA:114,19,1,0
BRDA:125,20,0,0
BRDA:125,20,1,0
BRDA:130,21,0,0
BRDA:130,21,1,0
BRDA:130,22,0,0
BRDA:130,22,1,0
BRDA:132,23,0,0
BRDA:132,23,1,0
BRDA:132,24,0,0
BRDA:132,24,1,0
BRDA:175,25,0,0
BRDA:175,25,1,0
BRDA:186,26,0,0
BRDA:186,26,1,0
BRDA:192,27,0,0
BRDA:192,27,1,0
BRDA:192,28,0,0
BRDA:192,28,1,0
BRDA:197,29,0,0
BRDA:197,29,1,0
BRDA:214,30,0,0
BRDA:214,30,1,0
BRDA:216,31,0,0
BRDA:216,31,1,0
BRDA:216,32,0,0
BRDA:216,32,1,0
BRDA:229,33,0,0
BRDA:229,33,1,0
BRDA:231,34,0,0
BRDA:231,34,1,0
BRDA:231,35,0,0
BRDA:231,35,1,0
BRDA:235,36,0,0
BRDA:235,36,1,0
BRDA:252,37,0,0
BRDA:252,37,1,0
BRDA:252,37,2,0
BRDA:256,38,0,0
BRDA:256,38,1,0
BRDA:280,39,0,0
BRDA:280,39,1,0
BRDA:295,40,0,0
BRDA:295,40,1,0
BRDA:304,41,0,0
BRDA:304,41,1,0
BRDA:310,42,0,0
BRDA:310,42,1,0
BRDA:310,43,0,0
BRDA:310,43,1,0
BRDA:312,44,0,0
BRDA:312,44,1,0
BRF:91
BRH:0
end_of_record
TN:
SF:app/frontend/static/js/core/component-loader/registry.js
FN:12,(anonymous_0)
FN:21,(anonymous_1)
FN:28,(anonymous_2)
FN:32,(anonymous_3)
FN:41,(anonymous_4)
FN:58,(anonymous_5)
FN:95,(anonymous_6)
FN:96,(anonymous_7)
FN:105,(anonymous_8)
FN:124,(anonymous_9)
FN:131,(anonymous_10)
FN:132,(anonymous_11)
FN:143,(anonymous_12)
FN:156,(anonymous_13)
FN:164,(anonymous_14)
FN:171,(anonymous_15)
FN:186,(anonymous_16)
FN:204,(anonymous_17)
FN:213,(anonymous_18)
FN:226,(anonymous_19)
FN:231,(anonymous_20)
FN:232,(anonymous_21)
FN:243,(anonymous_22)
FN:257,(anonymous_23)
FN:258,(anonymous_24)
FN:266,(anonymous_25)
FN:277,(anonymous_26)
FNF:27
FNH:0
FNDA:0,(anonymous_0)
FNDA:0,(anonymous_1)
FNDA:0,(anonymous_2)
FNDA:0,(anonymous_3)
FNDA:0,(anonymous_4)
FNDA:0,(anonymous_5)
FNDA:0,(anonymous_6)
FNDA:0,(anonymous_7)
FNDA:0,(anonymous_8)
FNDA:0,(anonymous_9)
FNDA:0,(anonymous_10)
FNDA:0,(anonymous_11)
FNDA:0,(anonymous_12)
FNDA:0,(anonymous_13)
FNDA:0,(anonymous_14)
FNDA:0,(anonymous_15)
FNDA:0,(anonymous_16)
FNDA:0,(anonymous_17)
FNDA:0,(anonymous_18)
FNDA:0,(anonymous_19)
FNDA:0,(anonymous_20)
FNDA:0,(anonymous_21)
FNDA:0,(anonymous_22)
FNDA:0,(anonymous_23)
FNDA:0,(anonymous_24)
FNDA:0,(anonymous_25)
FNDA:0,(anonymous_26)
DA:13,0
DA:14,0
DA:15,0
DA:22,0
DA:29,0
DA:30,0
DA:32,0
DA:33,0
DA:42,0
DA:44,0
DA:45,0
DA:49,0
DA:59,0
DA:61,0
DA:62,0
DA:65,0
DA:67,0
DA:68,0
DA:69,0
DA:71,0
DA:72,0
DA:76,0
DA:77,0
DA:81,0
DA:84,0
DA:85,0
DA:96,0
DA:97,0
DA:106,0
DA:107,0
DA:110,0
DA:111,0
DA:114,0
DA:115,0
DA:125,0
DA:132,0
DA:133,0
DA:135,0
DA:144,0
DA:145,0
DA:148,0
DA:157,0
DA:165,0
DA:172,0
DA:173,0
DA:180,0
DA:187,0
DA:188,0
DA:189,0
DA:190,0
DA:191,0
DA:193,0
DA:194,0
DA:205,0
DA:215,0
DA:217,0
DA:218,0
DA:227,0
DA:228,0
DA:231,0
DA:232,0
DA:233,0
DA:235,0
DA:244,0
DA:245,0
DA:247,0
DA:258,0
DA:259,0
DA:260,0
DA:262,0
DA:263,0
DA:266,0
DA:278,0
DA:279,0
DA:284,0
DA:287,0
DA:290,0
DA:291,0
DA:292,0
DA:293,0
DA:294,0
DA:295,0
LF:82
LH:0
BRDA:29,0,0,0
BRDA:29,0,1,0
BRDA:44,1,0,0
BRDA:44,1,1,0
BRDA:44,2,0,0
BRDA:44,2,1,0
BRDA:58,3,0,0
BRDA:59,4,0,0
BRDA:59,4,1,0
BRDA:67,5,0,0
BRDA:67,5,1,0
BRDA:67,6,0,0
BRDA:67,6,1,0
BRDA:71,7,0,0
BRDA:71,7,1,0
BRDA:71,8,0,0
BRDA:71,8,1,0
BRDA:76,9,0,0
BRDA:76,9,1,0
BRDA:84,10,0,0
BRDA:84,10,1,0
BRDA:84,11,0,0
BRDA:84,11,1,0
BRDA:95,12,0,0
BRDA:110,13,0,0
BRDA:110,13,1,0
BRDA:114,14,0,0
BRDA:114,14,1,0
BRDA:114,15,0,0
BRDA:114,15,1,0
BRDA:144,16,0,0
BRDA:144,16,1,0
BRDA:187,17,0,0
BRDA:187,17,1,0
BRDA:189,18,0,0
BRDA:189,18,1,0
BRDA:189,19,0,0
BRDA:189,19,1,0
BRDA:193,20,0,0
BRDA:193,20,1,0
BRDA:193,21,0,0
BRDA:193,21,1,0
BRDA:217,22,0,0
BRDA:217,22,1,0
BRDA:217,23,0,0
BRDA:217,23,1,0
BRDA:227,24,0,0
BRDA:227,24,1,0
BRDA:232,25,0,0
BRDA:232,25,1,0
BRDA:244,26,0,0
BRDA:244,26,1,0
BRDA:262,27,0,0
BRDA:262,27,1,0
BRDA:262,28,0,0
BRDA:262,28,1,0
BRDA:266,29,0,0
BRDA:266,29,1,0
BRDA:277,30,0,0
BRDA:290,31,0,0
BRDA:290,31,1,0
BRDA:290,32,0,0
BRDA:290,32,1,0
BRDA:292,33,0,0
BRDA:292,33,1,0
BRF:65
BRH:0
end_of_record
TN:
SF:app/frontend/static/js/core/component-loader/stubs/index.js
FN:13,createMobileNavStub
FN:14,(anonymous_1)
FN:17,(anonymous_2)
FN:22,(anonymous_3)
FN:28,(anonymous_4)
FN:34,(anonymous_5)
FN:48,createRecommendationsStub
FN:49,(anonymous_7)
FN:78,(anonymous_8)
FN:94,createLoraGalleryStub
FN:95,(anonymous_10)
FN:116,(anonymous_11)
FN:132,createGenerationStudioStub
FN:133,(anonymous_13)
FN:156,(anonymous_14)
FN:172,createSystemAdminStub
FN:173,(anonymous_16)
FN:202,(anonymous_17)
FN:219,createBasicStub
FN:220,(anonymous_19)
FN:224,(anonymous_20)
FN:240,createAllStubs
FN:257,(anonymous_22)
FN:269,getStub
FN:279,registerStub
FNF:25
FNH:0
FNDA:0,createMobileNavStub
FNDA:0,(anonymous_1)
FNDA:0,(anonymous_2)
FNDA:0,(anonymous_3)
FNDA:0,(anonymous_4)
FNDA:0,(anonymous_5)
FNDA:0,createRecommendationsStub
FNDA:0,(anonymous_7)
FNDA:0,(anonymous_8)
FNDA:0,createLoraGalleryStub
FNDA:0,(anonymous_10)
FNDA:0,(anonymous_11)
FNDA:0,createGenerationStudioStub
FNDA:0,(anonymous_13)
FNDA:0,(anonymous_14)
FNDA:0,createSystemAdminStub
FNDA:0,(anonymous_16)
FNDA:0,(anonymous_17)
FNDA:0,createBasicStub
FNDA:0,(anonymous_19)
FNDA:0,(anonymous_20)
FNDA:0,createAllStubs
FNDA:0,(anonymous_22)
FNDA:0,getStub
FNDA:0,registerStub
DA:14,0
DA:15,0
DA:18,0
DA:19,0
DA:23,0
DA:24,0
DA:25,0
DA:29,0
DA:30,0
DA:31,0
DA:35,0
DA:36,0
DA:37,0
DA:49,0
DA:50,0
DA:52,0
DA:79,0
DA:80,0
DA:95,0
DA:96,0
DA:98,0
DA:117,0
DA:118,0
DA:133,0
DA:134,0
DA:136,0
DA:157,0
DA:158,0
DA:173,0
DA:174,0
DA:176,0
DA:203,0
DA:204,0
DA:220,0
DA:221,0
DA:223,0
DA:225,0
DA:226,0
DA:241,0
DA:251,0
DA:257,0
DA:258,0
DA:261,0
DA:270,0
DA:271,0
DA:280,0
DA:281,0
DA:286,0
DA:287,0
DA:298,0
DA:299,0
LF:51
LH:0
BRDA:18,0,0,0
BRDA:18,0,1,0
BRDA:18,1,0,0
BRDA:18,1,1,0
BRDA:24,2,0,0
BRDA:24,2,1,0
BRDA:24,3,0,0
BRDA:24,3,1,0
BRDA:30,4,0,0
BRDA:30,4,1,0
BRDA:30,5,0,0
BRDA:30,5,1,0
BRDA:36,6,0,0
BRDA:36,6,1,0
BRDA:36,7,0,0
BRDA:36,7,1,0
BRDA:50,8,0,0
BRDA:50,8,1,0
BRDA:79,9,0,0
BRDA:79,9,1,0
BRDA:79,10,0,0
BRDA:79,10,1,0
BRDA:96,11,0,0
BRDA:96,11,1,0
BRDA:117,12,0,0
BRDA:117,12,1,0
BRDA:117,13,0,0
BRDA:117,13,1,0
BRDA:134,14,0,0
BRDA:134,14,1,0
BRDA:157,15,0,0
BRDA:157,15,1,0
BRDA:157,16,0,0
BRDA:157,16,1,0
BRDA:174,17,0,0
BRDA:174,17,1,0
BRDA:203,18,0,0
BRDA:203,18,1,0
BRDA:203,19,0,0
BRDA:203,19,1,0
BRDA:221,20,0,0
BRDA:221,20,1,0
BRDA:225,21,0,0
BRDA:225,21,1,0
BRDA:225,22,0,0
BRDA:225,22,1,0
BRDA:271,23,0,0
BRDA:271,23,1,0
BRDA:280,24,0,0
BRDA:280,24,1,0
BRDA:280,25,0,0
BRDA:280,25,1,0
BRDA:286,26,0,0
BRDA:286,26,1,0
BRDA:286,27,0,0
BRDA:286,27,1,0
BRDA:298,28,0,0
BRDA:298,28,1,0
BRF:58
BRH:0
end_of_record
TN:
SF:app/frontend/static/js/utils/api.js
FN:14,fetchData
FN:48,postData
FN:63,putData
FN:77,deleteData
FN:91,uploadFile
FN:92,(anonymous_5)
FN:96,(anonymous_6)
FN:104,(anonymous_7)
FN:117,(anonymous_8)
FNF:9
FNH:0
FNDA:0,fetchData
FNDA:0,postData
FNDA:0,putData
FNDA:0,deleteData
FNDA:0,uploadFile
FNDA:0,(anonymous_5)
FNDA:0,(anonymous_6)
FNDA:0,(anonymous_7)
FNDA:0,(anonymous_8)
DA:15,0
DA:16,0
DA:23,0
DA:25,0
DA:26,0
DA:29,0
DA:30,0
DA:31,0
DA:33,0
DA:36,0
DA:37,0
DA:49,0
DA:64,0
DA:78,0
DA:92,0
DA:93,0
DA:95,0
DA:96,0
DA:97,0
DA:98,0
DA:99,0
DA:104,0
DA:105,0
DA:106,0
DA:107,0
DA:108,0
DA:110,0
DA:113,0
DA:117,0
DA:118,0
DA:121,0
DA:122,0
LF:32
LH:0
BRDA:14,0,0,0
BRDA:25,1,0,0
BRDA:25,1,1,0
BRDA:30,2,0,0
BRDA:30,2,1,0
BRDA:30,3,0,0
BRDA:30,3,1,0
BRDA:48,4,0,0
BRDA:63,5,0,0
BRDA:77,6,0,0
BRDA:91,7,0,0
BRDA:95,8,0,0
BRDA:95,8,1,0
BRDA:97,9,0,0
BRDA:97,9,1,0
BRDA:105,10,0,0
BRDA:105,10,1,0
BRDA:105,11,0,0
BRDA:105,11,1,0
BRF:19
BRH:0
end_of_record
TN:
SF:app/frontend/static/js/utils/async.js
FN:13,delay
FN:14,(anonymous_1)
FN:24,debounce
FN:27,executedFunction
FN:28,(anonymous_4)
FN:47,throttle
FN:50,executedFunction
FN:54,(anonymous_7)
FN:66,retryWithBackoff
FN:91,withTimeout
FN:92,(anonymous_10)
FN:93,(anonymous_11)
FN:106,processBatches
FN:124,simulateProgress
FN:136,(anonymous_14)
FN:163,(anonymous_15)
FNF:16
FNH:0
FNDA:0,delay
FNDA:0,(anonymous_1)
FNDA:0,debounce
FNDA:0,executedFunction
FNDA:0,(anonymous_4)
FNDA:0,throttle
FNDA:0,executedFunction
FNDA:0,(anonymous_7)
FNDA:0,retryWithBackoff
FNDA:0,withTimeout
FNDA:0,(anonymous_10)
FNDA:0,(anonymous_11)
FNDA:0,processBatches
FNDA:0,simulateProgress
FNDA:0,(anonymous_14)
FNDA:0,(anonymous_15)
DA:14,0
DA:27,0
DA:28,0
DA:29,0
DA:30,0
DA:33,0
DA:34,0
DA:35,0
DA:37,0
DA:50,0
DA:51,0
DA:52,0
DA:53,0
DA:54,0
DA:69,0
DA:70,0
DA:71,0
DA:73,0
DA:75,0
DA:76,0
DA:79,0
DA:80,0
DA:92,0
DA:93,0
DA:96,0
DA:107,0
DA:109,0
DA:110,0
DA:111,0
DA:112,0
DA:115,0
DA:131,0
DA:133,0
DA:134,0
DA:136,0
DA:137,0
DA:138,0
DA:141,0
DA:142,0
DA:143,0
DA:144,0
DA:148,0
DA:149,0
DA:152,0
DA:154,0
DA:157,0
DA:158,0
DA:163,0
LF:48
LH:0
BRDA:24,0,0,0
BRDA:30,1,0,0
BRDA:30,1,1,0
BRDA:33,2,0,0
BRDA:33,2,1,0
BRDA:37,3,0,0
BRDA:37,3,1,0
BRDA:51,4,0,0
BRDA:51,4,1,0
BRDA:66,5,0,0
BRDA:66,6,0,0
BRDA:75,7,0,0
BRDA:75,7,1,0
BRDA:106,8,0,0
BRDA:124,9,0,0
BRDA:126,10,0,0
BRDA:127,11,0,0
BRDA:128,12,0,0
BRDA:129,13,0,0
BRDA:130,14,0,0
BRDA:142,15,0,0
BRDA:142,15,1,0
BRDA:157,16,0,0
BRDA:157,16,1,0
BRDA:157,17,0,0
BRDA:157,17,1,0
BRF:26
BRH:0
end_of_record
TN:
SF:app/frontend/static/js/utils/browser.js
FN:12,generateUUID
FN:13,(anonymous_1)
FN:25,copyToClipboard
FN:55,downloadFile
FN:72,(anonymous_4)
FN:82,validateFile
FN:123,supportsFeature
FN:163,getBrowserInfo
FN:192,isMobile
FN:200,getDevicePixelRatio
FN:208,prefersDarkMode
FN:216,prefersReducedMotion
FNF:12
FNH:0
FNDA:0,generateUUID
FNDA:0,(anonymous_1)
FNDA:0,copyToClipboard
FNDA:0,downloadFile
FNDA:0,(anonymous_4)
FNDA:0,validateFile
FNDA:0,supportsFeature
FNDA:0,getBrowserInfo
FNDA:0,isMobile
FNDA:0,getDevicePixelRatio
FNDA:0,prefersDarkMode
FNDA:0,prefersReducedMotion
DA:13,0
DA:14,0
DA:15,0
DA:16,0
DA:26,0
DA:27,0
DA:28,0
DA:29,0
DA:32,0
DA:33,0
DA:34,0
DA:35,0
DA:36,0
DA:37,0
DA:38,0
DA:39,0
DA:41,0
DA:42,0
DA:43,0
DA:46,0
DA:56,0
DA:58,0
DA:59,0
DA:61,0
DA:64,0
DA:65,0
DA:66,0
DA:67,0
DA:68,0
DA:71,0
DA:72,0
DA:87,0
DA:89,0
DA:95,0
DA:96,0
DA:97,0
DA:101,0
DA:102,0
DA:103,0
DA:107,0
DA:108,0
DA:109,0
DA:110,0
DA:111,0
DA:115,0
DA:124,0
DA:126,0
DA:127,0
DA:128,0
DA:130,0
DA:134,0
DA:137,0
DA:140,0
DA:143,0
DA:146,0
DA:149,0
DA:152,0
DA:155,0
DA:164,0
DA:165,0
DA:171,0
DA:172,0
DA:173,0
DA:174,0
DA:175,0
DA:176,0
DA:177,0
DA:178,0
DA:179,0
DA:180,0
DA:181,0
DA:182,0
DA:185,0
DA:193,0
DA:201,0
DA:209,0
DA:217,0
LF:77
LH:0
BRDA:15,0,0,0
BRDA:15,0,1,0
BRDA:27,1,0,0
BRDA:27,1,1,0
BRDA:27,2,0,0
BRDA:27,2,1,0
BRDA:58,3,0,0
BRDA:58,3,1,0
BRDA:71,4,0,0
BRDA:71,4,1,0
BRDA:82,5,0,0
BRDA:84,6,0,0
BRDA:85,7,0,0
BRDA:86,8,0,0
BRDA:95,9,0,0
BRDA:95,9,1,0
BRDA:101,10,0,0
BRDA:101,10,1,0
BRDA:101,11,0,0
BRDA:101,11,1,0
BRDA:107,12,0,0
BRDA:107,12,1,0
BRDA:109,13,0,0
BRDA:109,13,1,0
BRDA:124,14,0,0
BRDA:124,14,1,0
BRDA:124,14,2,0
BRDA:124,14,3,0
BRDA:124,14,4,0
BRDA:124,14,5,0
BRDA:124,14,6,0
BRDA:124,14,7,0
BRDA:124,14,8,0
BRDA:128,15,0,0
BRDA:128,15,1,0
BRDA:171,16,0,0
BRDA:171,16,1,0
BRDA:173,17,0,0
BRDA:173,17,1,0
BRDA:174,18,0,0
BRDA:174,18,1,0
BRDA:176,19,0,0
BRDA:176,19,1,0
BRDA:177,20,0,0
BRDA:177,20,1,0
BRDA:177,21,0,0
BRDA:177,21,1,0
BRDA:179,22,0,0
BRDA:179,22,1,0
BRDA:180,23,0,0
BRDA:180,23,1,0
BRDA:182,24,0,0
BRDA:182,24,1,0
BRDA:201,25,0,0
BRDA:201,25,1,0
BRDA:209,26,0,0
BRDA:209,26,1,0
BRDA:217,27,0,0
BRDA:217,27,1,0
BRF:59
BRH:0
end_of_record
TN:
SF:app/frontend/static/js/utils/dom.js
FN:12,showElement
FN:24,hideElement
FN:36,toggleElement
FN:52,isElementVisible
FN:66,scrollToElement
FN:82,addClass
FN:94,removeClass
FN:107,toggleClass
FN:121,getDataAttribute
FN:135,setDataAttribute
FNF:10
FNH:0
FNDA:0,showElement
FNDA:0,hideElement
FNDA:0,toggleElement
FNDA:0,isElementVisible
FNDA:0,scrollToElement
FNDA:0,addClass
FNDA:0,removeClass
FNDA:0,toggleClass
FNDA:0,getDataAttribute
FNDA:0,setDataAttribute
DA:13,0
DA:14,0
DA:15,0
DA:16,0
DA:25,0
DA:26,0
DA:27,0
DA:28,0
DA:37,0
DA:38,0
DA:39,0
DA:40,0
DA:42,0
DA:53,0
DA:54,0
DA:56,0
DA:67,0
DA:68,0
DA:69,0
DA:83,0
DA:84,0
DA:85,0
DA:95,0
DA:96,0
DA:97,0
DA:108,0
DA:109,0
DA:110,0
DA:112,0
DA:122,0
DA:123,0
DA:124,0
DA:126,0
DA:136,0
DA:137,0
DA:138,0
LF:36
LH:0
BRDA:13,0,0,0
BRDA:13,0,1,0
BRDA:14,1,0,0
BRDA:14,1,1,0
BRDA:25,2,0,0
BRDA:25,2,1,0
BRDA:26,3,0,0
BRDA:26,3,1,0
BRDA:37,4,0,0
BRDA:37,4,1,0
BRDA:38,5,0,0
BRDA:38,5,1,0
BRDA:39,6,0,0
BRDA:39,6,1,0
BRDA:53,7,0,0
BRDA:53,7,1,0
BRDA:54,8,0,0
BRDA:54,8,1,0
BRDA:56,9,0,0
BRDA:56,9,1,0
BRDA:56,9,2,0
BRDA:66,10,0,0
BRDA:67,11,0,0
BRDA:67,11,1,0
BRDA:68,12,0,0
BRDA:68,12,1,0
BRDA:83,13,0,0
BRDA:83,13,1,0
BRDA:84,14,0,0
BRDA:84,14,1,0
BRDA:95,15,0,0
BRDA:95,15,1,0
BRDA:96,16,0,0
BRDA:96,16,1,0
BRDA:108,17,0,0
BRDA:108,17,1,0
BRDA:109,18,0,0
BRDA:109,18,1,0
BRDA:122,19,0,0
BRDA:122,19,1,0
BRDA:123,20,0,0
BRDA:123,20,1,0
BRDA:124,21,0,0
BRDA:124,21,1,0
BRDA:136,22,0,0
BRDA:136,22,1,0
BRDA:137,23,0,0
BRDA:137,23,1,0
BRF:48
BRH:0
end_of_record
TN:
SF:app/frontend/static/js/utils/formatters.js
FN:14,formatFileSize
FN:32,formatDuration
FN:58,formatRelativeTime
FN:89,formatNumber
FN:101,formatPercentage
FN:115,truncateText
FN:127,escapeHtml
FN:142,formatDate
FN:164,formatDateTime
FNF:9
FNH:0
FNDA:0,formatFileSize
FNDA:0,formatDuration
FNDA:0,formatRelativeTime
FNDA:0,formatNumber
FNDA:0,formatPercentage
FNDA:0,truncateText
FNDA:0,escapeHtml
FNDA:0,formatDate
FNDA:0,formatDateTime
DA:15,0
DA:16,0
DA:18,0
DA:19,0
DA:20,0
DA:22,0
DA:24,0
DA:33,0
DA:35,0
DA:36,0
DA:37,0
DA:38,0
DA:40,0
DA:41,0
DA:42,0
DA:43,0
DA:44,0
DA:45,0
DA:46,0
DA:47,0
DA:49,0
DA:59,0
DA:60,0
DA:62,0
DA:64,0
DA:65,0
DA:66,0
DA:67,0
DA:68,0
DA:70,0
DA:71,0
DA:72,0
DA:73,0
DA:74,0
DA:75,0
DA:76,0
DA:77,0
DA:79,0
DA:90,0
DA:91,0
DA:102,0
DA:104,0
DA:105,0
DA:116,0
DA:117,0
DA:119,0
DA:128,0
DA:130,0
DA:131,0
DA:132,0
DA:143,0
DA:145,0
DA:147,0
DA:154,0
DA:165,0
DA:167,0
DA:169,0
DA:178,0
LF:58
LH:0
BRDA:14,0,0,0
BRDA:15,1,0,0
BRDA:15,1,1,0
BRDA:16,2,0,0
BRDA:16,2,1,0
BRDA:16,3,0,0
BRDA:16,3,1,0
BRDA:19,4,0,0
BRDA:19,4,1,0
BRDA:33,5,0,0
BRDA:33,5,1,0
BRDA:33,6,0,0
BRDA:33,6,1,0
BRDA:40,7,0,0
BRDA:40,7,1,0
BRDA:42,8,0,0
BRDA:42,8,1,0
BRDA:44,9,0,0
BRDA:44,9,1,0
BRDA:46,10,0,0
BRDA:46,10,1,0
BRDA:62,11,0,0
BRDA:62,11,1,0
BRDA:70,12,0,0
BRDA:70,12,1,0
BRDA:71,13,0,0
BRDA:71,13,1,0
BRDA:72,14,0,0
BRDA:72,14,1,0
BRDA:73,15,0,0
BRDA:73,15,1,0
BRDA:74,16,0,0
BRDA:74,16,1,0
BRDA:75,17,0,0
BRDA:75,17,1,0
BRDA:76,18,0,0
BRDA:76,18,1,0
BRDA:77,19,0,0
BRDA:77,19,1,0
BRDA:89,20,0,0
BRDA:90,21,0,0
BRDA:90,21,1,0
BRDA:101,22,0,0
BRDA:101,23,0,0
BRDA:102,24,0,0
BRDA:102,24,1,0
BRDA:104,25,0,0
BRDA:104,25,1,0
BRDA:115,26,0,0
BRDA:116,27,0,0
BRDA:116,27,1,0
BRDA:117,28,0,0
BRDA:117,28,1,0
BRDA:128,29,0,0
BRDA:128,29,1,0
BRDA:142,30,0,0
BRDA:142,31,0,0
BRDA:145,32,0,0
BRDA:145,32,1,0
BRDA:164,33,0,0
BRDA:164,34,0,0
BRDA:167,35,0,0
BRDA:167,35,1,0
BRF:63
BRH:0
end_of_record
TN:
SF:app/frontend/static/js/utils/index-new.js
FNF:0
FNH:0
DA:73,0
LF:1
LH:0
BRF:0
BRH:0
end_of_record
TN:
SF:app/frontend/static/js/utils/index.js
FNF:0
FNH:0
DA:73,0
LF:1
LH:0
BRF:0
BRH:0
end_of_record
